<html>
<head>
<title>TestNG:  Quizzes</title>
<link href="../testng.css" rel="stylesheet" type="text/css" />
<link href="../my-testng.css" rel="stylesheet" type="text/css" />

<style type="text/css">
.log { display: none;} 
.stack-trace { display: none;} 
</style>
<script type="text/javascript">
<!--
function flip(e) {
  current = e.style.display;
  if (current == 'block') {
    e.style.display = 'none';
    return 0;
  }
  else {
    e.style.display = 'block';
    return 1;
  }
}

function toggleBox(szDivId, elem, msg1, msg2)
{
  var res = -1;  if (document.getElementById) {
    res = flip(document.getElementById(szDivId));
  }
  else if (document.all) {
    // this is the way old msie versions work
    res = flip(document.all[szDivId]);
  }
  if(elem) {
    if(res == 0) elem.innerHTML = msg1; else elem.innerHTML = msg2;
  }

}

function toggleAllBoxes() {
  if (document.getElementsByTagName) {
    d = document.getElementsByTagName('div');
    for (i = 0; i < d.length; i++) {
      if (d[i].className == 'log') {
        flip(d[i]);
      }
    }
  }
}

// -->
</script>

</head>
<body>
<h2 align='center'>Quizzes</h2><table border='1' align="center">
<tr>
<td>Tests passed/Failed/Skipped:</td><td>100/8/0</td>
</tr><tr>
<td>Started on:</td><td>Tue Nov 29 16:45:06 ART 2022</td>
</tr>
<tr><td>Total time:</td><td>548 seconds (548518 ms)</td>
</tr><tr>
<td>Included groups:</td><td></td>
</tr><tr>
<td>Excluded groups:</td><td></td>
</tr>
</table><p/>
<small><i>(Hover the method name to see the test class name)</i></small><p/>
<table width='100%' border='1' class='invocation-failed'>
<tr><td colspan='4' align='center'><b>FAILED TESTS</b></td></tr>
<tr><td><b>Test method</b></td>
<td width="30%"><b>Exception</b></td>
<td width="10%"><b>Time (seconds)</b></td>
<td><b>Instance</b></td>
</tr>
<tr>
<td title='testModules.quizzes.quizzesTypes.QuizPersonalityTests.testQuestion2Countdown()'><b>testQuestion2Countdown</b><br>Test class: testModules.quizzes.quizzesTypes.QuizPersonalityTests</td>
<td><div><pre>java.lang.AssertionError: expected [2 of 6] but found [Sponsored Ad
Sleep Innovations 4-inch Dual Layer Gel Memory Foam Enhanced Support, King, Made in the US Mattress Topper
4.5 out of 5 stars.
28622 customer reviews.]
	at org.testng.Assert.fail(Assert.java:99)
	at org.testng.Assert.failNotEquals(Assert.java:1037)
	at org.testng.Assert.assertEqualsImpl(Assert.java:140)
	at org.testng.Assert.assertEquals(Assert.java:122)
	at org.testng.Assert.assertEquals(Assert.java:629)
	at org.testng.Assert.assertEquals(Assert.java:639)
	at testModules.quizzes.quizzesTypes.QuizPersonalityTests.testQuestion2Countdown(QuizPersonalityTests.java:80)
	at sun.reflect.NativeMethodAccessorImpl.invoke0(Native Method)
	at sun.reflect.NativeMethodAccessorImpl.invoke(NativeMethodAccessorImpl.java:62)
	at sun.reflect.DelegatingMethodAccessorImpl.invoke(DelegatingMethodAccessorImpl.java:43)
	at java.lang.reflect.Method.invoke(Method.java:498)
	at org.testng.internal.MethodInvocationHelper.invokeMethod(MethodInvocationHelper.java:133)
	at org.testng.internal.TestInvoker.invokeMethod(TestInvoker.java:598)
	at org.testng.internal.TestInvoker.invokeTestMethod(TestInvoker.java:173)
	at org.testng.internal.MethodRunner.runInSequence(MethodRunner.java:46)
	at org.testng.internal.TestInvoker$MethodInvocationAgent.invoke(TestInvoker.java:824)
	at org.testng.internal.TestInvoker.invokeTestMethods(TestInvoker.java:146)
	at org.testng.internal.TestMethodWorker.invokeTestMethods(TestMethodWorker.java:146)
	at org.testng.internal.TestMethodWorker.run(TestMethodWorker.java:128)
	at java.util.ArrayList.forEach(ArrayList.java:1259)
	at org.testng.TestRunner.privateRun(TestRunner.java:794)
	at org.testng.TestRunner.run(TestRunner.java:596)
	at org.testng.SuiteRunner.runTest(SuiteRunner.java:377)
	at org.testng.SuiteRunner.runSequentially(SuiteRunner.java:371)
	at org.testng.SuiteRunner.privateRun(SuiteRunner.java:332)
	at org.testng.SuiteRunner.run(SuiteRunner.java:276)
	at org.testng.SuiteRunnerWorker.runSuite(SuiteRunnerWorker.java:53)
	at org.testng.SuiteRunnerWorker.run(SuiteRunnerWorker.java:96)
	at org.testng.TestNG.runSuitesSequentially(TestNG.java:1212)
	at org.testng.TestNG.runSuitesSequentially(TestNG.java:1207)
	at org.testng.TestNG.runSuitesLocally(TestNG.java:1134)
	at org.testng.TestNG.runSuites(TestNG.java:1063)
	at org.testng.TestNG.run(TestNG.java:1031)
	at org.apache.maven.surefire.testng.TestNGExecutor.run(TestNGExecutor.java:283)
	at org.apache.maven.surefire.testng.TestNGXmlTestSuite.execute(TestNGXmlTestSuite.java:75)
	at org.apache.maven.surefire.testng.TestNGProvider.invoke(TestNGProvider.java:120)
	at org.apache.maven.surefire.booter.ForkedBooter.invokeProviderInSameClassLoader(ForkedBooter.java:383)
	at org.apache.maven.surefire.booter.ForkedBooter.runSuitesInProcess(ForkedBooter.java:344)
	at org.apache.maven.surefire.booter.ForkedBooter.execute(ForkedBooter.java:125)
	at org.apache.maven.surefire.booter.ForkedBooter.main(ForkedBooter.java:417)
</pre></div><a href='#' onClick='toggleBox("stack-trace1367165453", this, "Click to show all stack frames", "Click to hide stack frames")'>Click to show all stack frames</a>
<div class='stack-trace' id='stack-trace1367165453'><pre>java.lang.AssertionError: expected [2 of 6] but found [Sponsored Ad
Sleep Innovations 4-inch Dual Layer Gel Memory Foam Enhanced Support, King, Made in the US Mattress Topper
4.5 out of 5 stars.
28622 customer reviews.]
	at org.testng.Assert.fail(Assert.java:99)
	at org.testng.Assert.failNotEquals(Assert.java:1037)
	at org.testng.Assert.assertEqualsImpl(Assert.java:140)
	at org.testng.Assert.assertEquals(Assert.java:122)
	at org.testng.Assert.assertEquals(Assert.java:629)
	at org.testng.Assert.assertEquals(Assert.java:639)
	at testModules.quizzes.quizzesTypes.QuizPersonalityTests.testQuestion2Countdown(QuizPersonalityTests.java:80)
	at sun.reflect.NativeMethodAccessorImpl.invoke0(Native Method)
	at sun.reflect.NativeMethodAccessorImpl.invoke(NativeMethodAccessorImpl.java:62)
	at sun.reflect.DelegatingMethodAccessorImpl.invoke(DelegatingMethodAccessorImpl.java:43)
	at java.lang.reflect.Method.invoke(Method.java:498)
	at org.testng.internal.MethodInvocationHelper.invokeMethod(MethodInvocationHelper.java:133)
	at org.testng.internal.TestInvoker.invokeMethod(TestInvoker.java:598)
	at org.testng.internal.TestInvoker.invokeTestMethod(TestInvoker.java:173)
	at org.testng.internal.MethodRunner.runInSequence(MethodRunner.java:46)
	at org.testng.internal.TestInvoker$MethodInvocationAgent.invoke(TestInvoker.java:824)
	at org.testng.internal.TestInvoker.invokeTestMethods(TestInvoker.java:146)
	at org.testng.internal.TestMethodWorker.invokeTestMethods(TestMethodWorker.java:146)
	at org.testng.internal.TestMethodWorker.run(TestMethodWorker.java:128)
	at java.util.ArrayList.forEach(ArrayList.java:1259)
	at org.testng.TestRunner.privateRun(TestRunner.java:794)
	at org.testng.TestRunner.run(TestRunner.java:596)
	at org.testng.SuiteRunner.runTest(SuiteRunner.java:377)
	at org.testng.SuiteRunner.runSequentially(SuiteRunner.java:371)
	at org.testng.SuiteRunner.privateRun(SuiteRunner.java:332)
	at org.testng.SuiteRunner.run(SuiteRunner.java:276)
	at org.testng.SuiteRunnerWorker.runSuite(SuiteRunnerWorker.java:53)
	at org.testng.SuiteRunnerWorker.run(SuiteRunnerWorker.java:96)
	at org.testng.TestNG.runSuitesSequentially(TestNG.java:1212)
	at org.testng.TestNG.runSuitesSequentially(TestNG.java:1207)
	at org.testng.TestNG.runSuitesLocally(TestNG.java:1134)
	at org.testng.TestNG.runSuites(TestNG.java:1063)
	at org.testng.TestNG.run(TestNG.java:1031)
	at org.apache.maven.surefire.testng.TestNGExecutor.run(TestNGExecutor.java:283)
	at org.apache.maven.surefire.testng.TestNGXmlTestSuite.execute(TestNGXmlTestSuite.java:75)
	at org.apache.maven.surefire.testng.TestNGProvider.invoke(TestNGProvider.java:120)
	at org.apache.maven.surefire.booter.ForkedBooter.invokeProviderInSameClassLoader(ForkedBooter.java:383)
	at org.apache.maven.surefire.booter.ForkedBooter.runSuitesInProcess(ForkedBooter.java:344)
	at org.apache.maven.surefire.booter.ForkedBooter.execute(ForkedBooter.java:125)
	at org.apache.maven.surefire.booter.ForkedBooter.main(ForkedBooter.java:417)
</pre></div></td>
<td>1</td>
<td>testModules.quizzes.quizzesTypes.QuizPersonalityTests@544fe44c</td></tr>
<tr>
<td title='testModules.quizzes.quizzesTypes.QuizPredetTests.testProgressBarFirstQ()'><b>testProgressBarFirstQ</b><br>Test class: testModules.quizzes.quizzesTypes.QuizPredetTests</td>
<td><div><pre>java.lang.AssertionError: expected [1 of 14] but found [Sponsored Ad
Sleep Innovations 4-inch Dual Layer Gel Memory Foam Enhanced Support, King, Made in the US Mattress Topper
4.5 out of 5 stars.
28622 customer reviews.]
	at org.testng.Assert.fail(Assert.java:99)
	at org.testng.Assert.failNotEquals(Assert.java:1037)
	at org.testng.Assert.assertEqualsImpl(Assert.java:140)
	at org.testng.Assert.assertEquals(Assert.java:122)
	at org.testng.Assert.assertEquals(Assert.java:629)
	at org.testng.Assert.assertEquals(Assert.java:639)
	at testModules.quizzes.quizzesTypes.QuizPredetTests.testProgressBarFirstQ(QuizPredetTests.java:67)
	at sun.reflect.NativeMethodAccessorImpl.invoke0(Native Method)
	at sun.reflect.NativeMethodAccessorImpl.invoke(NativeMethodAccessorImpl.java:62)
	at sun.reflect.DelegatingMethodAccessorImpl.invoke(DelegatingMethodAccessorImpl.java:43)
	at java.lang.reflect.Method.invoke(Method.java:498)
	at org.testng.internal.MethodInvocationHelper.invokeMethod(MethodInvocationHelper.java:133)
	at org.testng.internal.TestInvoker.invokeMethod(TestInvoker.java:598)
	at org.testng.internal.TestInvoker.invokeTestMethod(TestInvoker.java:173)
	at org.testng.internal.MethodRunner.runInSequence(MethodRunner.java:46)
	at org.testng.internal.TestInvoker$MethodInvocationAgent.invoke(TestInvoker.java:824)
	at org.testng.internal.TestInvoker.invokeTestMethods(TestInvoker.java:146)
	at org.testng.internal.TestMethodWorker.invokeTestMethods(TestMethodWorker.java:146)
	at org.testng.internal.TestMethodWorker.run(TestMethodWorker.java:128)
	at java.util.ArrayList.forEach(ArrayList.java:1259)
	at org.testng.TestRunner.privateRun(TestRunner.java:794)
	at org.testng.TestRunner.run(TestRunner.java:596)
	at org.testng.SuiteRunner.runTest(SuiteRunner.java:377)
	at org.testng.SuiteRunner.runSequentially(SuiteRunner.java:371)
	at org.testng.SuiteRunner.privateRun(SuiteRunner.java:332)
	at org.testng.SuiteRunner.run(SuiteRunner.java:276)
	at org.testng.SuiteRunnerWorker.runSuite(SuiteRunnerWorker.java:53)
	at org.testng.SuiteRunnerWorker.run(SuiteRunnerWorker.java:96)
	at org.testng.TestNG.runSuitesSequentially(TestNG.java:1212)
	at org.testng.TestNG.runSuitesSequentially(TestNG.java:1207)
	at org.testng.TestNG.runSuitesLocally(TestNG.java:1134)
	at org.testng.TestNG.runSuites(TestNG.java:1063)
	at org.testng.TestNG.run(TestNG.java:1031)
	at org.apache.maven.surefire.testng.TestNGExecutor.run(TestNGExecutor.java:283)
	at org.apache.maven.surefire.testng.TestNGXmlTestSuite.execute(TestNGXmlTestSuite.java:75)
	at org.apache.maven.surefire.testng.TestNGProvider.invoke(TestNGProvider.java:120)
	at org.apache.maven.surefire.booter.ForkedBooter.invokeProviderInSameClassLoader(ForkedBooter.java:383)
	at org.apache.maven.surefire.booter.ForkedBooter.runSuitesInProcess(ForkedBooter.java:344)
	at org.apache.maven.surefire.booter.ForkedBooter.execute(ForkedBooter.java:125)
	at org.apache.maven.surefire.booter.ForkedBooter.main(ForkedBooter.java:417)
</pre></div><a href='#' onClick='toggleBox("stack-trace479734028", this, "Click to show all stack frames", "Click to hide stack frames")'>Click to show all stack frames</a>
<div class='stack-trace' id='stack-trace479734028'><pre>java.lang.AssertionError: expected [1 of 14] but found [Sponsored Ad
Sleep Innovations 4-inch Dual Layer Gel Memory Foam Enhanced Support, King, Made in the US Mattress Topper
4.5 out of 5 stars.
28622 customer reviews.]
	at org.testng.Assert.fail(Assert.java:99)
	at org.testng.Assert.failNotEquals(Assert.java:1037)
	at org.testng.Assert.assertEqualsImpl(Assert.java:140)
	at org.testng.Assert.assertEquals(Assert.java:122)
	at org.testng.Assert.assertEquals(Assert.java:629)
	at org.testng.Assert.assertEquals(Assert.java:639)
	at testModules.quizzes.quizzesTypes.QuizPredetTests.testProgressBarFirstQ(QuizPredetTests.java:67)
	at sun.reflect.NativeMethodAccessorImpl.invoke0(Native Method)
	at sun.reflect.NativeMethodAccessorImpl.invoke(NativeMethodAccessorImpl.java:62)
	at sun.reflect.DelegatingMethodAccessorImpl.invoke(DelegatingMethodAccessorImpl.java:43)
	at java.lang.reflect.Method.invoke(Method.java:498)
	at org.testng.internal.MethodInvocationHelper.invokeMethod(MethodInvocationHelper.java:133)
	at org.testng.internal.TestInvoker.invokeMethod(TestInvoker.java:598)
	at org.testng.internal.TestInvoker.invokeTestMethod(TestInvoker.java:173)
	at org.testng.internal.MethodRunner.runInSequence(MethodRunner.java:46)
	at org.testng.internal.TestInvoker$MethodInvocationAgent.invoke(TestInvoker.java:824)
	at org.testng.internal.TestInvoker.invokeTestMethods(TestInvoker.java:146)
	at org.testng.internal.TestMethodWorker.invokeTestMethods(TestMethodWorker.java:146)
	at org.testng.internal.TestMethodWorker.run(TestMethodWorker.java:128)
	at java.util.ArrayList.forEach(ArrayList.java:1259)
	at org.testng.TestRunner.privateRun(TestRunner.java:794)
	at org.testng.TestRunner.run(TestRunner.java:596)
	at org.testng.SuiteRunner.runTest(SuiteRunner.java:377)
	at org.testng.SuiteRunner.runSequentially(SuiteRunner.java:371)
	at org.testng.SuiteRunner.privateRun(SuiteRunner.java:332)
	at org.testng.SuiteRunner.run(SuiteRunner.java:276)
	at org.testng.SuiteRunnerWorker.runSuite(SuiteRunnerWorker.java:53)
	at org.testng.SuiteRunnerWorker.run(SuiteRunnerWorker.java:96)
	at org.testng.TestNG.runSuitesSequentially(TestNG.java:1212)
	at org.testng.TestNG.runSuitesSequentially(TestNG.java:1207)
	at org.testng.TestNG.runSuitesLocally(TestNG.java:1134)
	at org.testng.TestNG.runSuites(TestNG.java:1063)
	at org.testng.TestNG.run(TestNG.java:1031)
	at org.apache.maven.surefire.testng.TestNGExecutor.run(TestNGExecutor.java:283)
	at org.apache.maven.surefire.testng.TestNGXmlTestSuite.execute(TestNGXmlTestSuite.java:75)
	at org.apache.maven.surefire.testng.TestNGProvider.invoke(TestNGProvider.java:120)
	at org.apache.maven.surefire.booter.ForkedBooter.invokeProviderInSameClassLoader(ForkedBooter.java:383)
	at org.apache.maven.surefire.booter.ForkedBooter.runSuitesInProcess(ForkedBooter.java:344)
	at org.apache.maven.surefire.booter.ForkedBooter.execute(ForkedBooter.java:125)
	at org.apache.maven.surefire.booter.ForkedBooter.main(ForkedBooter.java:417)
</pre></div></td>
<td>1</td>
<td>testModules.quizzes.quizzesTypes.QuizPredetTests@71318ec4</td></tr>
<tr>
<td title='testModules.quizzes.quizzesTypes.QuizPersonalityTests.testQuestion6Countdown()'><b>testQuestion6Countdown</b><br>Test class: testModules.quizzes.quizzesTypes.QuizPersonalityTests</td>
<td><div><pre>java.lang.AssertionError: expected [6 of 6] but found [Sponsored Ad
Sleep Innovations 4-inch Dual Layer Gel Memory Foam Enhanced Support, King, Made in the US Mattress Topper
4.5 out of 5 stars.
28622 customer reviews.]
	at org.testng.Assert.fail(Assert.java:99)
	at org.testng.Assert.failNotEquals(Assert.java:1037)
	at org.testng.Assert.assertEqualsImpl(Assert.java:140)
	at org.testng.Assert.assertEquals(Assert.java:122)
	at org.testng.Assert.assertEquals(Assert.java:629)
	at org.testng.Assert.assertEquals(Assert.java:639)
	at testModules.quizzes.quizzesTypes.QuizPersonalityTests.testQuestion6Countdown(QuizPersonalityTests.java:132)
	at sun.reflect.NativeMethodAccessorImpl.invoke0(Native Method)
	at sun.reflect.NativeMethodAccessorImpl.invoke(NativeMethodAccessorImpl.java:62)
	at sun.reflect.DelegatingMethodAccessorImpl.invoke(DelegatingMethodAccessorImpl.java:43)
	at java.lang.reflect.Method.invoke(Method.java:498)
	at org.testng.internal.MethodInvocationHelper.invokeMethod(MethodInvocationHelper.java:133)
	at org.testng.internal.TestInvoker.invokeMethod(TestInvoker.java:598)
	at org.testng.internal.TestInvoker.invokeTestMethod(TestInvoker.java:173)
	at org.testng.internal.MethodRunner.runInSequence(MethodRunner.java:46)
	at org.testng.internal.TestInvoker$MethodInvocationAgent.invoke(TestInvoker.java:824)
	at org.testng.internal.TestInvoker.invokeTestMethods(TestInvoker.java:146)
	at org.testng.internal.TestMethodWorker.invokeTestMethods(TestMethodWorker.java:146)
	at org.testng.internal.TestMethodWorker.run(TestMethodWorker.java:128)
	at java.util.ArrayList.forEach(ArrayList.java:1259)
	at org.testng.TestRunner.privateRun(TestRunner.java:794)
	at org.testng.TestRunner.run(TestRunner.java:596)
	at org.testng.SuiteRunner.runTest(SuiteRunner.java:377)
	at org.testng.SuiteRunner.runSequentially(SuiteRunner.java:371)
	at org.testng.SuiteRunner.privateRun(SuiteRunner.java:332)
	at org.testng.SuiteRunner.run(SuiteRunner.java:276)
	at org.testng.SuiteRunnerWorker.runSuite(SuiteRunnerWorker.java:53)
	at org.testng.SuiteRunnerWorker.run(SuiteRunnerWorker.java:96)
	at org.testng.TestNG.runSuitesSequentially(TestNG.java:1212)
	at org.testng.TestNG.runSuitesSequentially(TestNG.java:1207)
	at org.testng.TestNG.runSuitesLocally(TestNG.java:1134)
	at org.testng.TestNG.runSuites(TestNG.java:1063)
	at org.testng.TestNG.run(TestNG.java:1031)
	at org.apache.maven.surefire.testng.TestNGExecutor.run(TestNGExecutor.java:283)
	at org.apache.maven.surefire.testng.TestNGXmlTestSuite.execute(TestNGXmlTestSuite.java:75)
	at org.apache.maven.surefire.testng.TestNGProvider.invoke(TestNGProvider.java:120)
	at org.apache.maven.surefire.booter.ForkedBooter.invokeProviderInSameClassLoader(ForkedBooter.java:383)
	at org.apache.maven.surefire.booter.ForkedBooter.runSuitesInProcess(ForkedBooter.java:344)
	at org.apache.maven.surefire.booter.ForkedBooter.execute(ForkedBooter.java:125)
	at org.apache.maven.surefire.booter.ForkedBooter.main(ForkedBooter.java:417)
</pre></div><a href='#' onClick='toggleBox("stack-trace1458621573", this, "Click to show all stack frames", "Click to hide stack frames")'>Click to show all stack frames</a>
<div class='stack-trace' id='stack-trace1458621573'><pre>java.lang.AssertionError: expected [6 of 6] but found [Sponsored Ad
Sleep Innovations 4-inch Dual Layer Gel Memory Foam Enhanced Support, King, Made in the US Mattress Topper
4.5 out of 5 stars.
28622 customer reviews.]
	at org.testng.Assert.fail(Assert.java:99)
	at org.testng.Assert.failNotEquals(Assert.java:1037)
	at org.testng.Assert.assertEqualsImpl(Assert.java:140)
	at org.testng.Assert.assertEquals(Assert.java:122)
	at org.testng.Assert.assertEquals(Assert.java:629)
	at org.testng.Assert.assertEquals(Assert.java:639)
	at testModules.quizzes.quizzesTypes.QuizPersonalityTests.testQuestion6Countdown(QuizPersonalityTests.java:132)
	at sun.reflect.NativeMethodAccessorImpl.invoke0(Native Method)
	at sun.reflect.NativeMethodAccessorImpl.invoke(NativeMethodAccessorImpl.java:62)
	at sun.reflect.DelegatingMethodAccessorImpl.invoke(DelegatingMethodAccessorImpl.java:43)
	at java.lang.reflect.Method.invoke(Method.java:498)
	at org.testng.internal.MethodInvocationHelper.invokeMethod(MethodInvocationHelper.java:133)
	at org.testng.internal.TestInvoker.invokeMethod(TestInvoker.java:598)
	at org.testng.internal.TestInvoker.invokeTestMethod(TestInvoker.java:173)
	at org.testng.internal.MethodRunner.runInSequence(MethodRunner.java:46)
	at org.testng.internal.TestInvoker$MethodInvocationAgent.invoke(TestInvoker.java:824)
	at org.testng.internal.TestInvoker.invokeTestMethods(TestInvoker.java:146)
	at org.testng.internal.TestMethodWorker.invokeTestMethods(TestMethodWorker.java:146)
	at org.testng.internal.TestMethodWorker.run(TestMethodWorker.java:128)
	at java.util.ArrayList.forEach(ArrayList.java:1259)
	at org.testng.TestRunner.privateRun(TestRunner.java:794)
	at org.testng.TestRunner.run(TestRunner.java:596)
	at org.testng.SuiteRunner.runTest(SuiteRunner.java:377)
	at org.testng.SuiteRunner.runSequentially(SuiteRunner.java:371)
	at org.testng.SuiteRunner.privateRun(SuiteRunner.java:332)
	at org.testng.SuiteRunner.run(SuiteRunner.java:276)
	at org.testng.SuiteRunnerWorker.runSuite(SuiteRunnerWorker.java:53)
	at org.testng.SuiteRunnerWorker.run(SuiteRunnerWorker.java:96)
	at org.testng.TestNG.runSuitesSequentially(TestNG.java:1212)
	at org.testng.TestNG.runSuitesSequentially(TestNG.java:1207)
	at org.testng.TestNG.runSuitesLocally(TestNG.java:1134)
	at org.testng.TestNG.runSuites(TestNG.java:1063)
	at org.testng.TestNG.run(TestNG.java:1031)
	at org.apache.maven.surefire.testng.TestNGExecutor.run(TestNGExecutor.java:283)
	at org.apache.maven.surefire.testng.TestNGXmlTestSuite.execute(TestNGXmlTestSuite.java:75)
	at org.apache.maven.surefire.testng.TestNGProvider.invoke(TestNGProvider.java:120)
	at org.apache.maven.surefire.booter.ForkedBooter.invokeProviderInSameClassLoader(ForkedBooter.java:383)
	at org.apache.maven.surefire.booter.ForkedBooter.runSuitesInProcess(ForkedBooter.java:344)
	at org.apache.maven.surefire.booter.ForkedBooter.execute(ForkedBooter.java:125)
	at org.apache.maven.surefire.booter.ForkedBooter.main(ForkedBooter.java:417)
</pre></div></td>
<td>1</td>
<td>testModules.quizzes.quizzesTypes.QuizPersonalityTests@544fe44c</td></tr>
<tr>
<td title='testModules.quizzes.quizzesTypes.QuizPredetTests.testProgressBarSecondQ()'><b>testProgressBarSecondQ</b><br>Test class: testModules.quizzes.quizzesTypes.QuizPredetTests</td>
<td><div><pre>java.lang.AssertionError: expected [2 of 14] but found [Sponsored Ad
Sleep Innovations 4-inch Dual Layer Gel Memory Foam Enhanced Support, King, Made in the US Mattress Topper
4.5 out of 5 stars.
28622 customer reviews.]
	at org.testng.Assert.fail(Assert.java:99)
	at org.testng.Assert.failNotEquals(Assert.java:1037)
	at org.testng.Assert.assertEqualsImpl(Assert.java:140)
	at org.testng.Assert.assertEquals(Assert.java:122)
	at org.testng.Assert.assertEquals(Assert.java:629)
	at org.testng.Assert.assertEquals(Assert.java:639)
	at testModules.quizzes.quizzesTypes.QuizPredetTests.testProgressBarSecondQ(QuizPredetTests.java:111)
	at sun.reflect.NativeMethodAccessorImpl.invoke0(Native Method)
	at sun.reflect.NativeMethodAccessorImpl.invoke(NativeMethodAccessorImpl.java:62)
	at sun.reflect.DelegatingMethodAccessorImpl.invoke(DelegatingMethodAccessorImpl.java:43)
	at java.lang.reflect.Method.invoke(Method.java:498)
	at org.testng.internal.MethodInvocationHelper.invokeMethod(MethodInvocationHelper.java:133)
	at org.testng.internal.TestInvoker.invokeMethod(TestInvoker.java:598)
	at org.testng.internal.TestInvoker.invokeTestMethod(TestInvoker.java:173)
	at org.testng.internal.MethodRunner.runInSequence(MethodRunner.java:46)
	at org.testng.internal.TestInvoker$MethodInvocationAgent.invoke(TestInvoker.java:824)
	at org.testng.internal.TestInvoker.invokeTestMethods(TestInvoker.java:146)
	at org.testng.internal.TestMethodWorker.invokeTestMethods(TestMethodWorker.java:146)
	at org.testng.internal.TestMethodWorker.run(TestMethodWorker.java:128)
	at java.util.ArrayList.forEach(ArrayList.java:1259)
	at org.testng.TestRunner.privateRun(TestRunner.java:794)
	at org.testng.TestRunner.run(TestRunner.java:596)
	at org.testng.SuiteRunner.runTest(SuiteRunner.java:377)
	at org.testng.SuiteRunner.runSequentially(SuiteRunner.java:371)
	at org.testng.SuiteRunner.privateRun(SuiteRunner.java:332)
	at org.testng.SuiteRunner.run(SuiteRunner.java:276)
	at org.testng.SuiteRunnerWorker.runSuite(SuiteRunnerWorker.java:53)
	at org.testng.SuiteRunnerWorker.run(SuiteRunnerWorker.java:96)
	at org.testng.TestNG.runSuitesSequentially(TestNG.java:1212)
	at org.testng.TestNG.runSuitesSequentially(TestNG.java:1207)
	at org.testng.TestNG.runSuitesLocally(TestNG.java:1134)
	at org.testng.TestNG.runSuites(TestNG.java:1063)
	at org.testng.TestNG.run(TestNG.java:1031)
	at org.apache.maven.surefire.testng.TestNGExecutor.run(TestNGExecutor.java:283)
	at org.apache.maven.surefire.testng.TestNGXmlTestSuite.execute(TestNGXmlTestSuite.java:75)
	at org.apache.maven.surefire.testng.TestNGProvider.invoke(TestNGProvider.java:120)
	at org.apache.maven.surefire.booter.ForkedBooter.invokeProviderInSameClassLoader(ForkedBooter.java:383)
	at org.apache.maven.surefire.booter.ForkedBooter.runSuitesInProcess(ForkedBooter.java:344)
	at org.apache.maven.surefire.booter.ForkedBooter.execute(ForkedBooter.java:125)
	at org.apache.maven.surefire.booter.ForkedBooter.main(ForkedBooter.java:417)
</pre></div><a href='#' onClick='toggleBox("stack-trace247515192", this, "Click to show all stack frames", "Click to hide stack frames")'>Click to show all stack frames</a>
<div class='stack-trace' id='stack-trace247515192'><pre>java.lang.AssertionError: expected [2 of 14] but found [Sponsored Ad
Sleep Innovations 4-inch Dual Layer Gel Memory Foam Enhanced Support, King, Made in the US Mattress Topper
4.5 out of 5 stars.
28622 customer reviews.]
	at org.testng.Assert.fail(Assert.java:99)
	at org.testng.Assert.failNotEquals(Assert.java:1037)
	at org.testng.Assert.assertEqualsImpl(Assert.java:140)
	at org.testng.Assert.assertEquals(Assert.java:122)
	at org.testng.Assert.assertEquals(Assert.java:629)
	at org.testng.Assert.assertEquals(Assert.java:639)
	at testModules.quizzes.quizzesTypes.QuizPredetTests.testProgressBarSecondQ(QuizPredetTests.java:111)
	at sun.reflect.NativeMethodAccessorImpl.invoke0(Native Method)
	at sun.reflect.NativeMethodAccessorImpl.invoke(NativeMethodAccessorImpl.java:62)
	at sun.reflect.DelegatingMethodAccessorImpl.invoke(DelegatingMethodAccessorImpl.java:43)
	at java.lang.reflect.Method.invoke(Method.java:498)
	at org.testng.internal.MethodInvocationHelper.invokeMethod(MethodInvocationHelper.java:133)
	at org.testng.internal.TestInvoker.invokeMethod(TestInvoker.java:598)
	at org.testng.internal.TestInvoker.invokeTestMethod(TestInvoker.java:173)
	at org.testng.internal.MethodRunner.runInSequence(MethodRunner.java:46)
	at org.testng.internal.TestInvoker$MethodInvocationAgent.invoke(TestInvoker.java:824)
	at org.testng.internal.TestInvoker.invokeTestMethods(TestInvoker.java:146)
	at org.testng.internal.TestMethodWorker.invokeTestMethods(TestMethodWorker.java:146)
	at org.testng.internal.TestMethodWorker.run(TestMethodWorker.java:128)
	at java.util.ArrayList.forEach(ArrayList.java:1259)
	at org.testng.TestRunner.privateRun(TestRunner.java:794)
	at org.testng.TestRunner.run(TestRunner.java:596)
	at org.testng.SuiteRunner.runTest(SuiteRunner.java:377)
	at org.testng.SuiteRunner.runSequentially(SuiteRunner.java:371)
	at org.testng.SuiteRunner.privateRun(SuiteRunner.java:332)
	at org.testng.SuiteRunner.run(SuiteRunner.java:276)
	at org.testng.SuiteRunnerWorker.runSuite(SuiteRunnerWorker.java:53)
	at org.testng.SuiteRunnerWorker.run(SuiteRunnerWorker.java:96)
	at org.testng.TestNG.runSuitesSequentially(TestNG.java:1212)
	at org.testng.TestNG.runSuitesSequentially(TestNG.java:1207)
	at org.testng.TestNG.runSuitesLocally(TestNG.java:1134)
	at org.testng.TestNG.runSuites(TestNG.java:1063)
	at org.testng.TestNG.run(TestNG.java:1031)
	at org.apache.maven.surefire.testng.TestNGExecutor.run(TestNGExecutor.java:283)
	at org.apache.maven.surefire.testng.TestNGXmlTestSuite.execute(TestNGXmlTestSuite.java:75)
	at org.apache.maven.surefire.testng.TestNGProvider.invoke(TestNGProvider.java:120)
	at org.apache.maven.surefire.booter.ForkedBooter.invokeProviderInSameClassLoader(ForkedBooter.java:383)
	at org.apache.maven.surefire.booter.ForkedBooter.runSuitesInProcess(ForkedBooter.java:344)
	at org.apache.maven.surefire.booter.ForkedBooter.execute(ForkedBooter.java:125)
	at org.apache.maven.surefire.booter.ForkedBooter.main(ForkedBooter.java:417)
</pre></div></td>
<td>1</td>
<td>testModules.quizzes.quizzesTypes.QuizPredetTests@71318ec4</td></tr>
<tr>
<td title='testModules.quizzes.quizzesTypes.QuizPersonalityTests.testQuestion1Countdown()'><b>testQuestion1Countdown</b><br>Test class: testModules.quizzes.quizzesTypes.QuizPersonalityTests</td>
<td><div><pre>java.lang.AssertionError: expected [1 of 6] but found [Sponsored Ad
Sleep Innovations 4-inch Dual Layer Gel Memory Foam Enhanced Support, King, Made in the US Mattress Topper
4.5 out of 5 stars.
28622 customer reviews.]
	at org.testng.Assert.fail(Assert.java:99)
	at org.testng.Assert.failNotEquals(Assert.java:1037)
	at org.testng.Assert.assertEqualsImpl(Assert.java:140)
	at org.testng.Assert.assertEquals(Assert.java:122)
	at org.testng.Assert.assertEquals(Assert.java:629)
	at org.testng.Assert.assertEquals(Assert.java:639)
	at testModules.quizzes.quizzesTypes.QuizPersonalityTests.testQuestion1Countdown(QuizPersonalityTests.java:67)
	at sun.reflect.NativeMethodAccessorImpl.invoke0(Native Method)
	at sun.reflect.NativeMethodAccessorImpl.invoke(NativeMethodAccessorImpl.java:62)
	at sun.reflect.DelegatingMethodAccessorImpl.invoke(DelegatingMethodAccessorImpl.java:43)
	at java.lang.reflect.Method.invoke(Method.java:498)
	at org.testng.internal.MethodInvocationHelper.invokeMethod(MethodInvocationHelper.java:133)
	at org.testng.internal.TestInvoker.invokeMethod(TestInvoker.java:598)
	at org.testng.internal.TestInvoker.invokeTestMethod(TestInvoker.java:173)
	at org.testng.internal.MethodRunner.runInSequence(MethodRunner.java:46)
	at org.testng.internal.TestInvoker$MethodInvocationAgent.invoke(TestInvoker.java:824)
	at org.testng.internal.TestInvoker.invokeTestMethods(TestInvoker.java:146)
	at org.testng.internal.TestMethodWorker.invokeTestMethods(TestMethodWorker.java:146)
	at org.testng.internal.TestMethodWorker.run(TestMethodWorker.java:128)
	at java.util.ArrayList.forEach(ArrayList.java:1259)
	at org.testng.TestRunner.privateRun(TestRunner.java:794)
	at org.testng.TestRunner.run(TestRunner.java:596)
	at org.testng.SuiteRunner.runTest(SuiteRunner.java:377)
	at org.testng.SuiteRunner.runSequentially(SuiteRunner.java:371)
	at org.testng.SuiteRunner.privateRun(SuiteRunner.java:332)
	at org.testng.SuiteRunner.run(SuiteRunner.java:276)
	at org.testng.SuiteRunnerWorker.runSuite(SuiteRunnerWorker.java:53)
	at org.testng.SuiteRunnerWorker.run(SuiteRunnerWorker.java:96)
	at org.testng.TestNG.runSuitesSequentially(TestNG.java:1212)
	at org.testng.TestNG.runSuitesSequentially(TestNG.java:1207)
	at org.testng.TestNG.runSuitesLocally(TestNG.java:1134)
	at org.testng.TestNG.runSuites(TestNG.java:1063)
	at org.testng.TestNG.run(TestNG.java:1031)
	at org.apache.maven.surefire.testng.TestNGExecutor.run(TestNGExecutor.java:283)
	at org.apache.maven.surefire.testng.TestNGXmlTestSuite.execute(TestNGXmlTestSuite.java:75)
	at org.apache.maven.surefire.testng.TestNGProvider.invoke(TestNGProvider.java:120)
	at org.apache.maven.surefire.booter.ForkedBooter.invokeProviderInSameClassLoader(ForkedBooter.java:383)
	at org.apache.maven.surefire.booter.ForkedBooter.runSuitesInProcess(ForkedBooter.java:344)
	at org.apache.maven.surefire.booter.ForkedBooter.execute(ForkedBooter.java:125)
	at org.apache.maven.surefire.booter.ForkedBooter.main(ForkedBooter.java:417)
</pre></div><a href='#' onClick='toggleBox("stack-trace2035381640", this, "Click to show all stack frames", "Click to hide stack frames")'>Click to show all stack frames</a>
<div class='stack-trace' id='stack-trace2035381640'><pre>java.lang.AssertionError: expected [1 of 6] but found [Sponsored Ad
Sleep Innovations 4-inch Dual Layer Gel Memory Foam Enhanced Support, King, Made in the US Mattress Topper
4.5 out of 5 stars.
28622 customer reviews.]
	at org.testng.Assert.fail(Assert.java:99)
	at org.testng.Assert.failNotEquals(Assert.java:1037)
	at org.testng.Assert.assertEqualsImpl(Assert.java:140)
	at org.testng.Assert.assertEquals(Assert.java:122)
	at org.testng.Assert.assertEquals(Assert.java:629)
	at org.testng.Assert.assertEquals(Assert.java:639)
	at testModules.quizzes.quizzesTypes.QuizPersonalityTests.testQuestion1Countdown(QuizPersonalityTests.java:67)
	at sun.reflect.NativeMethodAccessorImpl.invoke0(Native Method)
	at sun.reflect.NativeMethodAccessorImpl.invoke(NativeMethodAccessorImpl.java:62)
	at sun.reflect.DelegatingMethodAccessorImpl.invoke(DelegatingMethodAccessorImpl.java:43)
	at java.lang.reflect.Method.invoke(Method.java:498)
	at org.testng.internal.MethodInvocationHelper.invokeMethod(MethodInvocationHelper.java:133)
	at org.testng.internal.TestInvoker.invokeMethod(TestInvoker.java:598)
	at org.testng.internal.TestInvoker.invokeTestMethod(TestInvoker.java:173)
	at org.testng.internal.MethodRunner.runInSequence(MethodRunner.java:46)
	at org.testng.internal.TestInvoker$MethodInvocationAgent.invoke(TestInvoker.java:824)
	at org.testng.internal.TestInvoker.invokeTestMethods(TestInvoker.java:146)
	at org.testng.internal.TestMethodWorker.invokeTestMethods(TestMethodWorker.java:146)
	at org.testng.internal.TestMethodWorker.run(TestMethodWorker.java:128)
	at java.util.ArrayList.forEach(ArrayList.java:1259)
	at org.testng.TestRunner.privateRun(TestRunner.java:794)
	at org.testng.TestRunner.run(TestRunner.java:596)
	at org.testng.SuiteRunner.runTest(SuiteRunner.java:377)
	at org.testng.SuiteRunner.runSequentially(SuiteRunner.java:371)
	at org.testng.SuiteRunner.privateRun(SuiteRunner.java:332)
	at org.testng.SuiteRunner.run(SuiteRunner.java:276)
	at org.testng.SuiteRunnerWorker.runSuite(SuiteRunnerWorker.java:53)
	at org.testng.SuiteRunnerWorker.run(SuiteRunnerWorker.java:96)
	at org.testng.TestNG.runSuitesSequentially(TestNG.java:1212)
	at org.testng.TestNG.runSuitesSequentially(TestNG.java:1207)
	at org.testng.TestNG.runSuitesLocally(TestNG.java:1134)
	at org.testng.TestNG.runSuites(TestNG.java:1063)
	at org.testng.TestNG.run(TestNG.java:1031)
	at org.apache.maven.surefire.testng.TestNGExecutor.run(TestNGExecutor.java:283)
	at org.apache.maven.surefire.testng.TestNGXmlTestSuite.execute(TestNGXmlTestSuite.java:75)
	at org.apache.maven.surefire.testng.TestNGProvider.invoke(TestNGProvider.java:120)
	at org.apache.maven.surefire.booter.ForkedBooter.invokeProviderInSameClassLoader(ForkedBooter.java:383)
	at org.apache.maven.surefire.booter.ForkedBooter.runSuitesInProcess(ForkedBooter.java:344)
	at org.apache.maven.surefire.booter.ForkedBooter.execute(ForkedBooter.java:125)
	at org.apache.maven.surefire.booter.ForkedBooter.main(ForkedBooter.java:417)
</pre></div></td>
<td>1</td>
<td>testModules.quizzes.quizzesTypes.QuizPersonalityTests@544fe44c</td></tr>
<tr>
<td title='testModules.quizzes.quizzesTypes.QuizPersonalityTests.testQuestion5Countdown()'><b>testQuestion5Countdown</b><br>Test class: testModules.quizzes.quizzesTypes.QuizPersonalityTests</td>
<td><div><pre>java.lang.AssertionError: expected [5 of 6] but found [Sponsored Ad
Sleep Innovations 4-inch Dual Layer Gel Memory Foam Enhanced Support, King, Made in the US Mattress Topper
4.5 out of 5 stars.
28622 customer reviews.]
	at org.testng.Assert.fail(Assert.java:99)
	at org.testng.Assert.failNotEquals(Assert.java:1037)
	at org.testng.Assert.assertEqualsImpl(Assert.java:140)
	at org.testng.Assert.assertEquals(Assert.java:122)
	at org.testng.Assert.assertEquals(Assert.java:629)
	at org.testng.Assert.assertEquals(Assert.java:639)
	at testModules.quizzes.quizzesTypes.QuizPersonalityTests.testQuestion5Countdown(QuizPersonalityTests.java:119)
	at sun.reflect.NativeMethodAccessorImpl.invoke0(Native Method)
	at sun.reflect.NativeMethodAccessorImpl.invoke(NativeMethodAccessorImpl.java:62)
	at sun.reflect.DelegatingMethodAccessorImpl.invoke(DelegatingMethodAccessorImpl.java:43)
	at java.lang.reflect.Method.invoke(Method.java:498)
	at org.testng.internal.MethodInvocationHelper.invokeMethod(MethodInvocationHelper.java:133)
	at org.testng.internal.TestInvoker.invokeMethod(TestInvoker.java:598)
	at org.testng.internal.TestInvoker.invokeTestMethod(TestInvoker.java:173)
	at org.testng.internal.MethodRunner.runInSequence(MethodRunner.java:46)
	at org.testng.internal.TestInvoker$MethodInvocationAgent.invoke(TestInvoker.java:824)
	at org.testng.internal.TestInvoker.invokeTestMethods(TestInvoker.java:146)
	at org.testng.internal.TestMethodWorker.invokeTestMethods(TestMethodWorker.java:146)
	at org.testng.internal.TestMethodWorker.run(TestMethodWorker.java:128)
	at java.util.ArrayList.forEach(ArrayList.java:1259)
	at org.testng.TestRunner.privateRun(TestRunner.java:794)
	at org.testng.TestRunner.run(TestRunner.java:596)
	at org.testng.SuiteRunner.runTest(SuiteRunner.java:377)
	at org.testng.SuiteRunner.runSequentially(SuiteRunner.java:371)
	at org.testng.SuiteRunner.privateRun(SuiteRunner.java:332)
	at org.testng.SuiteRunner.run(SuiteRunner.java:276)
	at org.testng.SuiteRunnerWorker.runSuite(SuiteRunnerWorker.java:53)
	at org.testng.SuiteRunnerWorker.run(SuiteRunnerWorker.java:96)
	at org.testng.TestNG.runSuitesSequentially(TestNG.java:1212)
	at org.testng.TestNG.runSuitesSequentially(TestNG.java:1207)
	at org.testng.TestNG.runSuitesLocally(TestNG.java:1134)
	at org.testng.TestNG.runSuites(TestNG.java:1063)
	at org.testng.TestNG.run(TestNG.java:1031)
	at org.apache.maven.surefire.testng.TestNGExecutor.run(TestNGExecutor.java:283)
	at org.apache.maven.surefire.testng.TestNGXmlTestSuite.execute(TestNGXmlTestSuite.java:75)
	at org.apache.maven.surefire.testng.TestNGProvider.invoke(TestNGProvider.java:120)
	at org.apache.maven.surefire.booter.ForkedBooter.invokeProviderInSameClassLoader(ForkedBooter.java:383)
	at org.apache.maven.surefire.booter.ForkedBooter.runSuitesInProcess(ForkedBooter.java:344)
	at org.apache.maven.surefire.booter.ForkedBooter.execute(ForkedBooter.java:125)
	at org.apache.maven.surefire.booter.ForkedBooter.main(ForkedBooter.java:417)
</pre></div><a href='#' onClick='toggleBox("stack-trace58488213", this, "Click to show all stack frames", "Click to hide stack frames")'>Click to show all stack frames</a>
<div class='stack-trace' id='stack-trace58488213'><pre>java.lang.AssertionError: expected [5 of 6] but found [Sponsored Ad
Sleep Innovations 4-inch Dual Layer Gel Memory Foam Enhanced Support, King, Made in the US Mattress Topper
4.5 out of 5 stars.
28622 customer reviews.]
	at org.testng.Assert.fail(Assert.java:99)
	at org.testng.Assert.failNotEquals(Assert.java:1037)
	at org.testng.Assert.assertEqualsImpl(Assert.java:140)
	at org.testng.Assert.assertEquals(Assert.java:122)
	at org.testng.Assert.assertEquals(Assert.java:629)
	at org.testng.Assert.assertEquals(Assert.java:639)
	at testModules.quizzes.quizzesTypes.QuizPersonalityTests.testQuestion5Countdown(QuizPersonalityTests.java:119)
	at sun.reflect.NativeMethodAccessorImpl.invoke0(Native Method)
	at sun.reflect.NativeMethodAccessorImpl.invoke(NativeMethodAccessorImpl.java:62)
	at sun.reflect.DelegatingMethodAccessorImpl.invoke(DelegatingMethodAccessorImpl.java:43)
	at java.lang.reflect.Method.invoke(Method.java:498)
	at org.testng.internal.MethodInvocationHelper.invokeMethod(MethodInvocationHelper.java:133)
	at org.testng.internal.TestInvoker.invokeMethod(TestInvoker.java:598)
	at org.testng.internal.TestInvoker.invokeTestMethod(TestInvoker.java:173)
	at org.testng.internal.MethodRunner.runInSequence(MethodRunner.java:46)
	at org.testng.internal.TestInvoker$MethodInvocationAgent.invoke(TestInvoker.java:824)
	at org.testng.internal.TestInvoker.invokeTestMethods(TestInvoker.java:146)
	at org.testng.internal.TestMethodWorker.invokeTestMethods(TestMethodWorker.java:146)
	at org.testng.internal.TestMethodWorker.run(TestMethodWorker.java:128)
	at java.util.ArrayList.forEach(ArrayList.java:1259)
	at org.testng.TestRunner.privateRun(TestRunner.java:794)
	at org.testng.TestRunner.run(TestRunner.java:596)
	at org.testng.SuiteRunner.runTest(SuiteRunner.java:377)
	at org.testng.SuiteRunner.runSequentially(SuiteRunner.java:371)
	at org.testng.SuiteRunner.privateRun(SuiteRunner.java:332)
	at org.testng.SuiteRunner.run(SuiteRunner.java:276)
	at org.testng.SuiteRunnerWorker.runSuite(SuiteRunnerWorker.java:53)
	at org.testng.SuiteRunnerWorker.run(SuiteRunnerWorker.java:96)
	at org.testng.TestNG.runSuitesSequentially(TestNG.java:1212)
	at org.testng.TestNG.runSuitesSequentially(TestNG.java:1207)
	at org.testng.TestNG.runSuitesLocally(TestNG.java:1134)
	at org.testng.TestNG.runSuites(TestNG.java:1063)
	at org.testng.TestNG.run(TestNG.java:1031)
	at org.apache.maven.surefire.testng.TestNGExecutor.run(TestNGExecutor.java:283)
	at org.apache.maven.surefire.testng.TestNGXmlTestSuite.execute(TestNGXmlTestSuite.java:75)
	at org.apache.maven.surefire.testng.TestNGProvider.invoke(TestNGProvider.java:120)
	at org.apache.maven.surefire.booter.ForkedBooter.invokeProviderInSameClassLoader(ForkedBooter.java:383)
	at org.apache.maven.surefire.booter.ForkedBooter.runSuitesInProcess(ForkedBooter.java:344)
	at org.apache.maven.surefire.booter.ForkedBooter.execute(ForkedBooter.java:125)
	at org.apache.maven.surefire.booter.ForkedBooter.main(ForkedBooter.java:417)
</pre></div></td>
<td>1</td>
<td>testModules.quizzes.quizzesTypes.QuizPersonalityTests@544fe44c</td></tr>
<tr>
<td title='testModules.quizzes.quizzesTypes.QuizPersonalityTests.testQuestion3Countdown()'><b>testQuestion3Countdown</b><br>Test class: testModules.quizzes.quizzesTypes.QuizPersonalityTests</td>
<td><div><pre>java.lang.AssertionError: expected [3 of 6] but found [Sponsored Ad
Sleep Innovations 4-inch Dual Layer Gel Memory Foam Enhanced Support, King, Made in the US Mattress Topper
4.5 out of 5 stars.
28622 customer reviews.]
	at org.testng.Assert.fail(Assert.java:99)
	at org.testng.Assert.failNotEquals(Assert.java:1037)
	at org.testng.Assert.assertEqualsImpl(Assert.java:140)
	at org.testng.Assert.assertEquals(Assert.java:122)
	at org.testng.Assert.assertEquals(Assert.java:629)
	at org.testng.Assert.assertEquals(Assert.java:639)
	at testModules.quizzes.quizzesTypes.QuizPersonalityTests.testQuestion3Countdown(QuizPersonalityTests.java:93)
	at sun.reflect.NativeMethodAccessorImpl.invoke0(Native Method)
	at sun.reflect.NativeMethodAccessorImpl.invoke(NativeMethodAccessorImpl.java:62)
	at sun.reflect.DelegatingMethodAccessorImpl.invoke(DelegatingMethodAccessorImpl.java:43)
	at java.lang.reflect.Method.invoke(Method.java:498)
	at org.testng.internal.MethodInvocationHelper.invokeMethod(MethodInvocationHelper.java:133)
	at org.testng.internal.TestInvoker.invokeMethod(TestInvoker.java:598)
	at org.testng.internal.TestInvoker.invokeTestMethod(TestInvoker.java:173)
	at org.testng.internal.MethodRunner.runInSequence(MethodRunner.java:46)
	at org.testng.internal.TestInvoker$MethodInvocationAgent.invoke(TestInvoker.java:824)
	at org.testng.internal.TestInvoker.invokeTestMethods(TestInvoker.java:146)
	at org.testng.internal.TestMethodWorker.invokeTestMethods(TestMethodWorker.java:146)
	at org.testng.internal.TestMethodWorker.run(TestMethodWorker.java:128)
	at java.util.ArrayList.forEach(ArrayList.java:1259)
	at org.testng.TestRunner.privateRun(TestRunner.java:794)
	at org.testng.TestRunner.run(TestRunner.java:596)
	at org.testng.SuiteRunner.runTest(SuiteRunner.java:377)
	at org.testng.SuiteRunner.runSequentially(SuiteRunner.java:371)
	at org.testng.SuiteRunner.privateRun(SuiteRunner.java:332)
	at org.testng.SuiteRunner.run(SuiteRunner.java:276)
	at org.testng.SuiteRunnerWorker.runSuite(SuiteRunnerWorker.java:53)
	at org.testng.SuiteRunnerWorker.run(SuiteRunnerWorker.java:96)
	at org.testng.TestNG.runSuitesSequentially(TestNG.java:1212)
	at org.testng.TestNG.runSuitesSequentially(TestNG.java:1207)
	at org.testng.TestNG.runSuitesLocally(TestNG.java:1134)
	at org.testng.TestNG.runSuites(TestNG.java:1063)
	at org.testng.TestNG.run(TestNG.java:1031)
	at org.apache.maven.surefire.testng.TestNGExecutor.run(TestNGExecutor.java:283)
	at org.apache.maven.surefire.testng.TestNGXmlTestSuite.execute(TestNGXmlTestSuite.java:75)
	at org.apache.maven.surefire.testng.TestNGProvider.invoke(TestNGProvider.java:120)
	at org.apache.maven.surefire.booter.ForkedBooter.invokeProviderInSameClassLoader(ForkedBooter.java:383)
	at org.apache.maven.surefire.booter.ForkedBooter.runSuitesInProcess(ForkedBooter.java:344)
	at org.apache.maven.surefire.booter.ForkedBooter.execute(ForkedBooter.java:125)
	at org.apache.maven.surefire.booter.ForkedBooter.main(ForkedBooter.java:417)
</pre></div><a href='#' onClick='toggleBox("stack-trace709133385", this, "Click to show all stack frames", "Click to hide stack frames")'>Click to show all stack frames</a>
<div class='stack-trace' id='stack-trace709133385'><pre>java.lang.AssertionError: expected [3 of 6] but found [Sponsored Ad
Sleep Innovations 4-inch Dual Layer Gel Memory Foam Enhanced Support, King, Made in the US Mattress Topper
4.5 out of 5 stars.
28622 customer reviews.]
	at org.testng.Assert.fail(Assert.java:99)
	at org.testng.Assert.failNotEquals(Assert.java:1037)
	at org.testng.Assert.assertEqualsImpl(Assert.java:140)
	at org.testng.Assert.assertEquals(Assert.java:122)
	at org.testng.Assert.assertEquals(Assert.java:629)
	at org.testng.Assert.assertEquals(Assert.java:639)
	at testModules.quizzes.quizzesTypes.QuizPersonalityTests.testQuestion3Countdown(QuizPersonalityTests.java:93)
	at sun.reflect.NativeMethodAccessorImpl.invoke0(Native Method)
	at sun.reflect.NativeMethodAccessorImpl.invoke(NativeMethodAccessorImpl.java:62)
	at sun.reflect.DelegatingMethodAccessorImpl.invoke(DelegatingMethodAccessorImpl.java:43)
	at java.lang.reflect.Method.invoke(Method.java:498)
	at org.testng.internal.MethodInvocationHelper.invokeMethod(MethodInvocationHelper.java:133)
	at org.testng.internal.TestInvoker.invokeMethod(TestInvoker.java:598)
	at org.testng.internal.TestInvoker.invokeTestMethod(TestInvoker.java:173)
	at org.testng.internal.MethodRunner.runInSequence(MethodRunner.java:46)
	at org.testng.internal.TestInvoker$MethodInvocationAgent.invoke(TestInvoker.java:824)
	at org.testng.internal.TestInvoker.invokeTestMethods(TestInvoker.java:146)
	at org.testng.internal.TestMethodWorker.invokeTestMethods(TestMethodWorker.java:146)
	at org.testng.internal.TestMethodWorker.run(TestMethodWorker.java:128)
	at java.util.ArrayList.forEach(ArrayList.java:1259)
	at org.testng.TestRunner.privateRun(TestRunner.java:794)
	at org.testng.TestRunner.run(TestRunner.java:596)
	at org.testng.SuiteRunner.runTest(SuiteRunner.java:377)
	at org.testng.SuiteRunner.runSequentially(SuiteRunner.java:371)
	at org.testng.SuiteRunner.privateRun(SuiteRunner.java:332)
	at org.testng.SuiteRunner.run(SuiteRunner.java:276)
	at org.testng.SuiteRunnerWorker.runSuite(SuiteRunnerWorker.java:53)
	at org.testng.SuiteRunnerWorker.run(SuiteRunnerWorker.java:96)
	at org.testng.TestNG.runSuitesSequentially(TestNG.java:1212)
	at org.testng.TestNG.runSuitesSequentially(TestNG.java:1207)
	at org.testng.TestNG.runSuitesLocally(TestNG.java:1134)
	at org.testng.TestNG.runSuites(TestNG.java:1063)
	at org.testng.TestNG.run(TestNG.java:1031)
	at org.apache.maven.surefire.testng.TestNGExecutor.run(TestNGExecutor.java:283)
	at org.apache.maven.surefire.testng.TestNGXmlTestSuite.execute(TestNGXmlTestSuite.java:75)
	at org.apache.maven.surefire.testng.TestNGProvider.invoke(TestNGProvider.java:120)
	at org.apache.maven.surefire.booter.ForkedBooter.invokeProviderInSameClassLoader(ForkedBooter.java:383)
	at org.apache.maven.surefire.booter.ForkedBooter.runSuitesInProcess(ForkedBooter.java:344)
	at org.apache.maven.surefire.booter.ForkedBooter.execute(ForkedBooter.java:125)
	at org.apache.maven.surefire.booter.ForkedBooter.main(ForkedBooter.java:417)
</pre></div></td>
<td>1</td>
<td>testModules.quizzes.quizzesTypes.QuizPersonalityTests@544fe44c</td></tr>
<tr>
<td title='testModules.quizzes.quizzesTypes.QuizPersonalityTests.testQuestion4Countdown()'><b>testQuestion4Countdown</b><br>Test class: testModules.quizzes.quizzesTypes.QuizPersonalityTests</td>
<td><div><pre>java.lang.AssertionError: expected [4 of 6] but found [Sponsored Ad
Sleep Innovations 4-inch Dual Layer Gel Memory Foam Enhanced Support, King, Made in the US Mattress Topper
4.5 out of 5 stars.
28622 customer reviews.]
	at org.testng.Assert.fail(Assert.java:99)
	at org.testng.Assert.failNotEquals(Assert.java:1037)
	at org.testng.Assert.assertEqualsImpl(Assert.java:140)
	at org.testng.Assert.assertEquals(Assert.java:122)
	at org.testng.Assert.assertEquals(Assert.java:629)
	at org.testng.Assert.assertEquals(Assert.java:639)
	at testModules.quizzes.quizzesTypes.QuizPersonalityTests.testQuestion4Countdown(QuizPersonalityTests.java:106)
	at sun.reflect.NativeMethodAccessorImpl.invoke0(Native Method)
	at sun.reflect.NativeMethodAccessorImpl.invoke(NativeMethodAccessorImpl.java:62)
	at sun.reflect.DelegatingMethodAccessorImpl.invoke(DelegatingMethodAccessorImpl.java:43)
	at java.lang.reflect.Method.invoke(Method.java:498)
	at org.testng.internal.MethodInvocationHelper.invokeMethod(MethodInvocationHelper.java:133)
	at org.testng.internal.TestInvoker.invokeMethod(TestInvoker.java:598)
	at org.testng.internal.TestInvoker.invokeTestMethod(TestInvoker.java:173)
	at org.testng.internal.MethodRunner.runInSequence(MethodRunner.java:46)
	at org.testng.internal.TestInvoker$MethodInvocationAgent.invoke(TestInvoker.java:824)
	at org.testng.internal.TestInvoker.invokeTestMethods(TestInvoker.java:146)
	at org.testng.internal.TestMethodWorker.invokeTestMethods(TestMethodWorker.java:146)
	at org.testng.internal.TestMethodWorker.run(TestMethodWorker.java:128)
	at java.util.ArrayList.forEach(ArrayList.java:1259)
	at org.testng.TestRunner.privateRun(TestRunner.java:794)
	at org.testng.TestRunner.run(TestRunner.java:596)
	at org.testng.SuiteRunner.runTest(SuiteRunner.java:377)
	at org.testng.SuiteRunner.runSequentially(SuiteRunner.java:371)
	at org.testng.SuiteRunner.privateRun(SuiteRunner.java:332)
	at org.testng.SuiteRunner.run(SuiteRunner.java:276)
	at org.testng.SuiteRunnerWorker.runSuite(SuiteRunnerWorker.java:53)
	at org.testng.SuiteRunnerWorker.run(SuiteRunnerWorker.java:96)
	at org.testng.TestNG.runSuitesSequentially(TestNG.java:1212)
	at org.testng.TestNG.runSuitesSequentially(TestNG.java:1207)
	at org.testng.TestNG.runSuitesLocally(TestNG.java:1134)
	at org.testng.TestNG.runSuites(TestNG.java:1063)
	at org.testng.TestNG.run(TestNG.java:1031)
	at org.apache.maven.surefire.testng.TestNGExecutor.run(TestNGExecutor.java:283)
	at org.apache.maven.surefire.testng.TestNGXmlTestSuite.execute(TestNGXmlTestSuite.java:75)
	at org.apache.maven.surefire.testng.TestNGProvider.invoke(TestNGProvider.java:120)
	at org.apache.maven.surefire.booter.ForkedBooter.invokeProviderInSameClassLoader(ForkedBooter.java:383)
	at org.apache.maven.surefire.booter.ForkedBooter.runSuitesInProcess(ForkedBooter.java:344)
	at org.apache.maven.surefire.booter.ForkedBooter.execute(ForkedBooter.java:125)
	at org.apache.maven.surefire.booter.ForkedBooter.main(ForkedBooter.java:417)
</pre></div><a href='#' onClick='toggleBox("stack-trace1290272762", this, "Click to show all stack frames", "Click to hide stack frames")'>Click to show all stack frames</a>
<div class='stack-trace' id='stack-trace1290272762'><pre>java.lang.AssertionError: expected [4 of 6] but found [Sponsored Ad
Sleep Innovations 4-inch Dual Layer Gel Memory Foam Enhanced Support, King, Made in the US Mattress Topper
4.5 out of 5 stars.
28622 customer reviews.]
	at org.testng.Assert.fail(Assert.java:99)
	at org.testng.Assert.failNotEquals(Assert.java:1037)
	at org.testng.Assert.assertEqualsImpl(Assert.java:140)
	at org.testng.Assert.assertEquals(Assert.java:122)
	at org.testng.Assert.assertEquals(Assert.java:629)
	at org.testng.Assert.assertEquals(Assert.java:639)
	at testModules.quizzes.quizzesTypes.QuizPersonalityTests.testQuestion4Countdown(QuizPersonalityTests.java:106)
	at sun.reflect.NativeMethodAccessorImpl.invoke0(Native Method)
	at sun.reflect.NativeMethodAccessorImpl.invoke(NativeMethodAccessorImpl.java:62)
	at sun.reflect.DelegatingMethodAccessorImpl.invoke(DelegatingMethodAccessorImpl.java:43)
	at java.lang.reflect.Method.invoke(Method.java:498)
	at org.testng.internal.MethodInvocationHelper.invokeMethod(MethodInvocationHelper.java:133)
	at org.testng.internal.TestInvoker.invokeMethod(TestInvoker.java:598)
	at org.testng.internal.TestInvoker.invokeTestMethod(TestInvoker.java:173)
	at org.testng.internal.MethodRunner.runInSequence(MethodRunner.java:46)
	at org.testng.internal.TestInvoker$MethodInvocationAgent.invoke(TestInvoker.java:824)
	at org.testng.internal.TestInvoker.invokeTestMethods(TestInvoker.java:146)
	at org.testng.internal.TestMethodWorker.invokeTestMethods(TestMethodWorker.java:146)
	at org.testng.internal.TestMethodWorker.run(TestMethodWorker.java:128)
	at java.util.ArrayList.forEach(ArrayList.java:1259)
	at org.testng.TestRunner.privateRun(TestRunner.java:794)
	at org.testng.TestRunner.run(TestRunner.java:596)
	at org.testng.SuiteRunner.runTest(SuiteRunner.java:377)
	at org.testng.SuiteRunner.runSequentially(SuiteRunner.java:371)
	at org.testng.SuiteRunner.privateRun(SuiteRunner.java:332)
	at org.testng.SuiteRunner.run(SuiteRunner.java:276)
	at org.testng.SuiteRunnerWorker.runSuite(SuiteRunnerWorker.java:53)
	at org.testng.SuiteRunnerWorker.run(SuiteRunnerWorker.java:96)
	at org.testng.TestNG.runSuitesSequentially(TestNG.java:1212)
	at org.testng.TestNG.runSuitesSequentially(TestNG.java:1207)
	at org.testng.TestNG.runSuitesLocally(TestNG.java:1134)
	at org.testng.TestNG.runSuites(TestNG.java:1063)
	at org.testng.TestNG.run(TestNG.java:1031)
	at org.apache.maven.surefire.testng.TestNGExecutor.run(TestNGExecutor.java:283)
	at org.apache.maven.surefire.testng.TestNGXmlTestSuite.execute(TestNGXmlTestSuite.java:75)
	at org.apache.maven.surefire.testng.TestNGProvider.invoke(TestNGProvider.java:120)
	at org.apache.maven.surefire.booter.ForkedBooter.invokeProviderInSameClassLoader(ForkedBooter.java:383)
	at org.apache.maven.surefire.booter.ForkedBooter.runSuitesInProcess(ForkedBooter.java:344)
	at org.apache.maven.surefire.booter.ForkedBooter.execute(ForkedBooter.java:125)
	at org.apache.maven.surefire.booter.ForkedBooter.main(ForkedBooter.java:417)
</pre></div></td>
<td>1</td>
<td>testModules.quizzes.quizzesTypes.QuizPersonalityTests@544fe44c</td></tr>
</table><p>
<table width='100%' border='1' class='invocation-passed'>
<tr><td colspan='4' align='center'><b>PASSED TESTS</b></td></tr>
<tr><td><b>Test method</b></td>
<td width="30%"><b>Exception</b></td>
<td width="10%"><b>Time (seconds)</b></td>
<td><b>Instance</b></td>
</tr>
<tr>
<td title='testModules.quizzes.quizzesTypes.QuizPredetTests.testCompletingQuiz()'><b>testCompletingQuiz</b><br>Test class: testModules.quizzes.quizzesTypes.QuizPredetTests<br>Parameters: Wanda Maximoff</td>
<td></td>
<td>3</td>
<td>testModules.quizzes.quizzesTypes.QuizPredetTests@71318ec4</td></tr>
<tr>
<td title='testModules.quizzes.quizzesTypes.QuizPollTests.testTapAnswerSecondQuestion()'><b>testTapAnswerSecondQuestion</b><br>Test class: testModules.quizzes.quizzesTypes.QuizPollTests</td>
<td></td>
<td>3</td>
<td>testModules.quizzes.quizzesTypes.QuizPollTests@31610302</td></tr>
<tr>
<td title='testModules.quizzes.quizzesTypes.QuizPollTests.testTapShareVoteButton()'><b>testTapShareVoteButton</b><br>Test class: testModules.quizzes.quizzesTypes.QuizPollTests</td>
<td></td>
<td>1</td>
<td>testModules.quizzes.quizzesTypes.QuizPollTests@31610302</td></tr>
<tr>
<td title='testModules.quizzes.quizzesTypes.QuizPredetTests.testSearchPredetQuiz()'><b>testSearchPredetQuiz</b><br>Test class: testModules.quizzes.quizzesTypes.QuizPredetTests<br>Parameters: Try To Guess The 'Avengers: Infinity War' Character By The Simple Drawing</td>
<td></td>
<td>15</td>
<td>testModules.quizzes.quizzesTypes.QuizPredetTests@71318ec4</td></tr>
<tr>
<td title='testModules.quizzes.quizzesTypes.QuizPredetTests.testSecondAnswerTextIsPresent()'><b>testSecondAnswerTextIsPresent</b><br>Test class: testModules.quizzes.quizzesTypes.QuizPredetTests</td>
<td></td>
<td>0</td>
<td>testModules.quizzes.quizzesTypes.QuizPredetTests@71318ec4</td></tr>
<tr>
<td title='testModules.quizzes.quizzesTypes.QuizPredetTests.testSubTextIsPresent()'><b>testSubTextIsPresent</b><br>Test class: testModules.quizzes.quizzesTypes.QuizPredetTests</td>
<td></td>
<td>2</td>
<td>testModules.quizzes.quizzesTypes.QuizPredetTests@71318ec4</td></tr>
<tr>
<td title='testModules.quizzes.quizzesTypes.QuizPredetTests.testCompletingQuiz()'><b>testCompletingQuiz</b><br>Test class: testModules.quizzes.quizzesTypes.QuizPredetTests<br>Parameters: Tony Stark</td>
<td></td>
<td>3</td>
<td>testModules.quizzes.quizzesTypes.QuizPredetTests@71318ec4</td></tr>
<tr>
<td title='testModules.quizzes.quizzesTypes.QuizChecklistTests.testMainImageIsPresent()'><b>testMainImageIsPresent</b><br>Test class: testModules.quizzes.quizzesTypes.QuizChecklistTests</td>
<td></td>
<td>50</td>
<td>testModules.quizzes.quizzesTypes.QuizChecklistTests@7e0b0338</td></tr>
<tr>
<td title='testModules.quizzes.quizzesTypes.QuizPredetTests.testCompletingQuiz()'><b>testCompletingQuiz</b><br>Test class: testModules.quizzes.quizzesTypes.QuizPredetTests<br>Parameters: Black Widow</td>
<td></td>
<td>3</td>
<td>testModules.quizzes.quizzesTypes.QuizPredetTests@71318ec4</td></tr>
<tr>
<td title='testModules.quizzes.quizzesTypes.QuizPredetTests.testCompletingQuiz()'><b>testCompletingQuiz</b><br>Test class: testModules.quizzes.quizzesTypes.QuizPredetTests<br>Parameters: Thanos</td>
<td></td>
<td>4</td>
<td>testModules.quizzes.quizzesTypes.QuizPredetTests@71318ec4</td></tr>
<tr>
<td title='testModules.quizzes.quizzesTypes.QuizTriviaTests.testResultsDescriptionTextIsPresent()'><b>testResultsDescriptionTextIsPresent</b><br>Test class: testModules.quizzes.quizzesTypes.QuizTriviaTests</td>
<td></td>
<td>2</td>
<td>testModules.quizzes.quizzesTypes.QuizTriviaTests@21213b92</td></tr>
<tr>
<td title='testModules.quizzes.quizzesTypes.QuizPredetTests.testCompletingQuiz()'><b>testCompletingQuiz</b><br>Test class: testModules.quizzes.quizzesTypes.QuizPredetTests<br>Parameters: Vision</td>
<td></td>
<td>3</td>
<td>testModules.quizzes.quizzesTypes.QuizPredetTests@71318ec4</td></tr>
<tr>
<td title='testModules.quizzes.quizzesTypes.QuizTriviaTests.testIntermediateAnswers()'><b>testIntermediateAnswers</b><br>Test class: testModules.quizzes.quizzesTypes.QuizTriviaTests<br>Parameters: Pen Pal</td>
<td></td>
<td>16</td>
<td>testModules.quizzes.quizzesTypes.QuizTriviaTests@21213b92</td></tr>
<tr>
<td title='testModules.quizzes.quizzesTypes.QuizPredetTests.testCompletingQuiz()'><b>testCompletingQuiz</b><br>Test class: testModules.quizzes.quizzesTypes.QuizPredetTests<br>Parameters: Vision</td>
<td></td>
<td>3</td>
<td>testModules.quizzes.quizzesTypes.QuizPredetTests@71318ec4</td></tr>
<tr>
<td title='testModules.quizzes.quizzesTypes.QuizPredetTests.testQuizTitleResultScreenIsPresent()'><b>testQuizTitleResultScreenIsPresent</b><br>Test class: testModules.quizzes.quizzesTypes.QuizPredetTests</td>
<td></td>
<td>3</td>
<td>testModules.quizzes.quizzesTypes.QuizPredetTests@71318ec4</td></tr>
<tr>
<td title='testModules.quizzes.quizzesTypes.QuizChecklistTests.testAuthorInfoIsPresent()'><b>testAuthorInfoIsPresent</b><br>Test class: testModules.quizzes.quizzesTypes.QuizChecklistTests</td>
<td></td>
<td>0</td>
<td>testModules.quizzes.quizzesTypes.QuizChecklistTests@7e0b0338</td></tr>
<tr>
<td title='testModules.quizzes.quizzesTypes.QuizTriviaTests.testIntermediateAnswers()'><b>testIntermediateAnswers</b><br>Test class: testModules.quizzes.quizzesTypes.QuizTriviaTests<br>Parameters: king </td>
<td></td>
<td>9</td>
<td>testModules.quizzes.quizzesTypes.QuizTriviaTests@21213b92</td></tr>
<tr>
<td title='testModules.quizzes.quizzesTypes.QuizTriviaTests.testIntermediateAnswers()'><b>testIntermediateAnswers</b><br>Test class: testModules.quizzes.quizzesTypes.QuizTriviaTests<br>Parameters: first class</td>
<td></td>
<td>13</td>
<td>testModules.quizzes.quizzesTypes.QuizTriviaTests@21213b92</td></tr>
<tr>
<td title='testModules.quizzes.quizzesTypes.QuizPersonalityTests.testSubTextIsPresent()'><b>testSubTextIsPresent</b><br>Test class: testModules.quizzes.quizzesTypes.QuizPersonalityTests</td>
<td></td>
<td>1</td>
<td>testModules.quizzes.quizzesTypes.QuizPersonalityTests@544fe44c</td></tr>
<tr>
<td title='testModules.quizzes.quizzesTypes.QuizTriviaTests.testIntermediateAnswers()'><b>testIntermediateAnswers</b><br>Test class: testModules.quizzes.quizzesTypes.QuizTriviaTests<br>Parameters: Bugspray</td>
<td></td>
<td>10</td>
<td>testModules.quizzes.quizzesTypes.QuizTriviaTests@21213b92</td></tr>
<tr>
<td title='testModules.quizzes.quizzesTypes.QuizTriviaTests.testProgressBar14()'><b>testProgressBar14</b><br>Test class: testModules.quizzes.quizzesTypes.QuizTriviaTests</td>
<td></td>
<td>3</td>
<td>testModules.quizzes.quizzesTypes.QuizTriviaTests@21213b92</td></tr>
<tr>
<td title='testModules.quizzes.quizzesTypes.QuizPredetTests.testSendSecondAnswer()'><b>testSendSecondAnswer</b><br>Test class: testModules.quizzes.quizzesTypes.QuizPredetTests</td>
<td></td>
<td>1</td>
<td>testModules.quizzes.quizzesTypes.QuizPredetTests@71318ec4</td></tr>
<tr>
<td title='testModules.quizzes.quizzesTypes.QuizTriviaTests.testIntermediateAnswers()'><b>testIntermediateAnswers</b><br>Test class: testModules.quizzes.quizzesTypes.QuizTriviaTests<br>Parameters: Destination</td>
<td></td>
<td>13</td>
<td>testModules.quizzes.quizzesTypes.QuizTriviaTests@21213b92</td></tr>
<tr>
<td title='testModules.quizzes.quizzesTypes.QuizPredetTests.testCompletingQuiz()'><b>testCompletingQuiz</b><br>Test class: testModules.quizzes.quizzesTypes.QuizPredetTests<br>Parameters: Loki</td>
<td></td>
<td>3</td>
<td>testModules.quizzes.quizzesTypes.QuizPredetTests@71318ec4</td></tr>
<tr>
<td title='testModules.quizzes.quizzesTypes.QuizPersonalityTests.testQuestion2()'><b>testQuestion2</b><br>Test class: testModules.quizzes.quizzesTypes.QuizPersonalityTests</td>
<td></td>
<td>1</td>
<td>testModules.quizzes.quizzesTypes.QuizPersonalityTests@544fe44c</td></tr>
<tr>
<td title='testModules.quizzes.quizzesTypes.QuizChecklistTests.testTapShowMeResults()'><b>testTapShowMeResults</b><br>Test class: testModules.quizzes.quizzesTypes.QuizChecklistTests</td>
<td></td>
<td>0</td>
<td>testModules.quizzes.quizzesTypes.QuizChecklistTests@7e0b0338</td></tr>
<tr>
<td title='testModules.quizzes.quizzesTypes.QuizChecklistTests.testQuizTitleIsPresentAtBeginning()'><b>testQuizTitleIsPresentAtBeginning</b><br>Test class: testModules.quizzes.quizzesTypes.QuizChecklistTests</td>
<td></td>
<td>0</td>
<td>testModules.quizzes.quizzesTypes.QuizChecklistTests@7e0b0338</td></tr>
<tr>
<td title='testModules.quizzes.quizzesTypes.QuizPredetTests.testNextButtonGoodAnswerIsPresent()'><b>testNextButtonGoodAnswerIsPresent</b><br>Test class: testModules.quizzes.quizzesTypes.QuizPredetTests</td>
<td></td>
<td>0</td>
<td>testModules.quizzes.quizzesTypes.QuizPredetTests@71318ec4</td></tr>
<tr>
<td title='testModules.quizzes.quizzesTypes.QuizTriviaTests.testSearchTriviaQuiz()'><b>testSearchTriviaQuiz</b><br>Test class: testModules.quizzes.quizzesTypes.QuizTriviaTests<br>Parameters: How Good Are You At Pictionary? Identify These 30-Second Drawings To Find Out</td>
<td></td>
<td>21</td>
<td>testModules.quizzes.quizzesTypes.QuizTriviaTests@21213b92</td></tr>
<tr>
<td title='testModules.quizzes.quizzesTypes.QuizTriviaTests.testFirstAnswerTextIsPresent()'><b>testFirstAnswerTextIsPresent</b><br>Test class: testModules.quizzes.quizzesTypes.QuizTriviaTests</td>
<td></td>
<td>0</td>
<td>testModules.quizzes.quizzesTypes.QuizTriviaTests@21213b92</td></tr>
<tr>
<td title='testModules.quizzes.quizzesTypes.QuizPredetTests.testWrongTextIsPresent()'><b>testWrongTextIsPresent</b><br>Test class: testModules.quizzes.quizzesTypes.QuizPredetTests</td>
<td></td>
<td>2</td>
<td>testModules.quizzes.quizzesTypes.QuizPredetTests@71318ec4</td></tr>
<tr>
<td title='testModules.quizzes.quizzesTypes.QuizPredetTests.testCompletingQuiz()'><b>testCompletingQuiz</b><br>Test class: testModules.quizzes.quizzesTypes.QuizPredetTests<br>Parameters: Thor</td>
<td></td>
<td>4</td>
<td>testModules.quizzes.quizzesTypes.QuizPredetTests@71318ec4</td></tr>
<tr>
<td title='testModules.quizzes.quizzesTypes.QuizPollTests.testAuthorInfoIsPresent()'><b>testAuthorInfoIsPresent</b><br>Test class: testModules.quizzes.quizzesTypes.QuizPollTests</td>
<td></td>
<td>0</td>
<td>testModules.quizzes.quizzesTypes.QuizPollTests@31610302</td></tr>
<tr>
<td title='testModules.quizzes.quizzesTypes.QuizTriviaTests.testImageIsPresent()'><b>testImageIsPresent</b><br>Test class: testModules.quizzes.quizzesTypes.QuizTriviaTests</td>
<td></td>
<td>2</td>
<td>testModules.quizzes.quizzesTypes.QuizTriviaTests@21213b92</td></tr>
<tr>
<td title='testModules.quizzes.quizzesTypes.QuizChecklistTests.testTapChecklistChoice()'><b>testTapChecklistChoice</b><br>Test class: testModules.quizzes.quizzesTypes.QuizChecklistTests</td>
<td></td>
<td>4</td>
<td>testModules.quizzes.quizzesTypes.QuizChecklistTests@7e0b0338</td></tr>
<tr>
<td title='testModules.quizzes.quizzesTypes.QuizTriviaTests.testSubTextIsPresent()'><b>testSubTextIsPresent</b><br>Test class: testModules.quizzes.quizzesTypes.QuizTriviaTests</td>
<td></td>
<td>0</td>
<td>testModules.quizzes.quizzesTypes.QuizTriviaTests@21213b92</td></tr>
<tr>
<td title='testModules.quizzes.quizzesTypes.QuizTriviaTests.testCorrectTextIsPresent()'><b>testCorrectTextIsPresent</b><br>Test class: testModules.quizzes.quizzesTypes.QuizTriviaTests</td>
<td></td>
<td>1</td>
<td>testModules.quizzes.quizzesTypes.QuizTriviaTests@21213b92</td></tr>
<tr>
<td title='testModules.quizzes.quizzesTypes.QuizPredetTests.testCompletingQuiz()'><b>testCompletingQuiz</b><br>Test class: testModules.quizzes.quizzesTypes.QuizPredetTests<br>Parameters: T'Challa</td>
<td></td>
<td>3</td>
<td>testModules.quizzes.quizzesTypes.QuizPredetTests@71318ec4</td></tr>
<tr>
<td title='testModules.quizzes.quizzesTypes.QuizTriviaTests.testNextButtonIsPresent()'><b>testNextButtonIsPresent</b><br>Test class: testModules.quizzes.quizzesTypes.QuizTriviaTests</td>
<td></td>
<td>0</td>
<td>testModules.quizzes.quizzesTypes.QuizTriviaTests@21213b92</td></tr>
<tr>
<td title='testModules.quizzes.quizzesTypes.QuizChecklistTests.testSubTextIsPresent()'><b>testSubTextIsPresent</b><br>Test class: testModules.quizzes.quizzesTypes.QuizChecklistTests</td>
<td></td>
<td>0</td>
<td>testModules.quizzes.quizzesTypes.QuizChecklistTests@7e0b0338</td></tr>
<tr>
<td title='testModules.quizzes.quizzesTypes.QuizTriviaTests.testIntermediateAnswers()'><b>testIntermediateAnswers</b><br>Test class: testModules.quizzes.quizzesTypes.QuizTriviaTests<br>Parameters: stadium</td>
<td></td>
<td>13</td>
<td>testModules.quizzes.quizzesTypes.QuizTriviaTests@21213b92</td></tr>
<tr>
<td title='testModules.quizzes.quizzesTypes.QuizPredetTests.testCompletingQuiz()'><b>testCompletingQuiz</b><br>Test class: testModules.quizzes.quizzesTypes.QuizPredetTests<br>Parameters: Bruce Banner</td>
<td></td>
<td>3</td>
<td>testModules.quizzes.quizzesTypes.QuizPredetTests@71318ec4</td></tr>
<tr>
<td title='testModules.quizzes.quizzesTypes.QuizPersonalityTests.testAuthorInfoIsPresent()'><b>testAuthorInfoIsPresent</b><br>Test class: testModules.quizzes.quizzesTypes.QuizPersonalityTests</td>
<td></td>
<td>0</td>
<td>testModules.quizzes.quizzesTypes.QuizPersonalityTests@544fe44c</td></tr>
<tr>
<td title='testModules.quizzes.quizzesTypes.QuizPollTests.testTapGoBackAndVote()'><b>testTapGoBackAndVote</b><br>Test class: testModules.quizzes.quizzesTypes.QuizPollTests</td>
<td></td>
<td>3</td>
<td>testModules.quizzes.quizzesTypes.QuizPollTests@31610302</td></tr>
<tr>
<td title='testModules.quizzes.quizzesTypes.QuizPollTests.testSearchPollQuiz()'><b>testSearchPollQuiz</b><br>Test class: testModules.quizzes.quizzesTypes.QuizPollTests<br>Parameters: Do You Prefer Puppies Or Food?</td>
<td></td>
<td>14</td>
<td>testModules.quizzes.quizzesTypes.QuizPollTests@31610302</td></tr>
<tr>
<td title='testModules.quizzes.quizzesTypes.QuizChecklistTests.testSearchInstantQuiz()'><b>testSearchInstantQuiz</b><br>Test class: testModules.quizzes.quizzesTypes.QuizChecklistTests<br>Parameters: How Many Of The Top 50 Most Popular Movies Of All Time Have You Seen?</td>
<td></td>
<td>15</td>
<td>testModules.quizzes.quizzesTypes.QuizChecklistTests@7e0b0338</td></tr>
<tr>
<td title='testModules.quizzes.quizzesTypes.QuizPollTests.testTapAnswerFirstQuestion()'><b>testTapAnswerFirstQuestion</b><br>Test class: testModules.quizzes.quizzesTypes.QuizPollTests</td>
<td></td>
<td>1</td>
<td>testModules.quizzes.quizzesTypes.QuizPollTests@31610302</td></tr>
<tr>
<td title='testModules.quizzes.quizzesTypes.QuizTriviaTests.testIntermediateAnswers()'><b>testIntermediateAnswers</b><br>Test class: testModules.quizzes.quizzesTypes.QuizTriviaTests<br>Parameters: Suit case</td>
<td></td>
<td>10</td>
<td>testModules.quizzes.quizzesTypes.QuizTriviaTests@21213b92</td></tr>
<tr>
<td title='testModules.quizzes.quizzesTypes.QuizPredetTests.testCompletingQuiz()'><b>testCompletingQuiz</b><br>Test class: testModules.quizzes.quizzesTypes.QuizPredetTests<br>Parameters: Tony Stark</td>
<td></td>
<td>3</td>
<td>testModules.quizzes.quizzesTypes.QuizPredetTests@71318ec4</td></tr>
<tr>
<td title='testModules.quizzes.quizzesTypes.QuizChecklistTests.testYouCheckedTextResultIsPresent()'><b>testYouCheckedTextResultIsPresent</b><br>Test class: testModules.quizzes.quizzesTypes.QuizChecklistTests</td>
<td></td>
<td>2</td>
<td>testModules.quizzes.quizzesTypes.QuizChecklistTests@7e0b0338</td></tr>
<tr>
<td title='testModules.quizzes.quizzesTypes.QuizChecklistTests.testPlayNowButton()'><b>testPlayNowButton</b><br>Test class: testModules.quizzes.quizzesTypes.QuizChecklistTests</td>
<td></td>
<td>1</td>
<td>testModules.quizzes.quizzesTypes.QuizChecklistTests@7e0b0338</td></tr>
<tr>
<td title='testModules.quizzes.quizzesTypes.QuizPredetTests.testCompletingQuiz()'><b>testCompletingQuiz</b><br>Test class: testModules.quizzes.quizzesTypes.QuizPredetTests<br>Parameters: Black Widow</td>
<td></td>
<td>3</td>
<td>testModules.quizzes.quizzesTypes.QuizPredetTests@71318ec4</td></tr>
<tr>
<td title='testModules.quizzes.quizzesTypes.QuizTriviaTests.testIntermediateAnswers()'><b>testIntermediateAnswers</b><br>Test class: testModules.quizzes.quizzesTypes.QuizTriviaTests<br>Parameters: Baguette</td>
<td></td>
<td>11</td>
<td>testModules.quizzes.quizzesTypes.QuizTriviaTests@21213b92</td></tr>
<tr>
<td title='testModules.quizzes.quizzesTypes.QuizTriviaTests.testScoreTextResultScreenIsPresent()'><b>testScoreTextResultScreenIsPresent</b><br>Test class: testModules.quizzes.quizzesTypes.QuizTriviaTests</td>
<td></td>
<td>4</td>
<td>testModules.quizzes.quizzesTypes.QuizTriviaTests@21213b92</td></tr>
<tr>
<td title='testModules.quizzes.quizzesTypes.QuizTriviaTests.testResultsTextIsPresent()'><b>testResultsTextIsPresent</b><br>Test class: testModules.quizzes.quizzesTypes.QuizTriviaTests</td>
<td></td>
<td>3</td>
<td>testModules.quizzes.quizzesTypes.QuizTriviaTests@21213b92</td></tr>
<tr>
<td title='testModules.quizzes.quizzesTypes.QuizTriviaTests.testLatestAnswerTextIsPresent()'><b>testLatestAnswerTextIsPresent</b><br>Test class: testModules.quizzes.quizzesTypes.QuizTriviaTests</td>
<td></td>
<td>3</td>
<td>testModules.quizzes.quizzesTypes.QuizTriviaTests@21213b92</td></tr>
<tr>
<td title='testModules.quizzes.quizzesTypes.QuizTriviaTests.testIntermediateAnswers()'><b>testIntermediateAnswers</b><br>Test class: testModules.quizzes.quizzesTypes.QuizTriviaTests<br>Parameters: seashell</td>
<td></td>
<td>14</td>
<td>testModules.quizzes.quizzesTypes.QuizTriviaTests@21213b92</td></tr>
<tr>
<td title='testModules.quizzes.quizzesTypes.QuizPollTests.testCategoryDateIsPresent()'><b>testCategoryDateIsPresent</b><br>Test class: testModules.quizzes.quizzesTypes.QuizPollTests</td>
<td></td>
<td>3</td>
<td>testModules.quizzes.quizzesTypes.QuizPollTests@31610302</td></tr>
<tr>
<td title='testModules.quizzes.quizzesTypes.QuizChecklistTests.testQuizTitleResultScreenIsPresent()'><b>testQuizTitleResultScreenIsPresent</b><br>Test class: testModules.quizzes.quizzesTypes.QuizChecklistTests</td>
<td></td>
<td>1</td>
<td>testModules.quizzes.quizzesTypes.QuizChecklistTests@7e0b0338</td></tr>
<tr>
<td title='testModules.quizzes.quizzesTypes.QuizPersonalityTests.testQuestion5()'><b>testQuestion5</b><br>Test class: testModules.quizzes.quizzesTypes.QuizPersonalityTests</td>
<td></td>
<td>1</td>
<td>testModules.quizzes.quizzesTypes.QuizPersonalityTests@544fe44c</td></tr>
<tr>
<td title='testModules.quizzes.quizzesTypes.QuizPredetTests.testPlayNowButton()'><b>testPlayNowButton</b><br>Test class: testModules.quizzes.quizzesTypes.QuizPredetTests</td>
<td></td>
<td>1</td>
<td>testModules.quizzes.quizzesTypes.QuizPredetTests@71318ec4</td></tr>
<tr>
<td title='testModules.quizzes.quizzesTypes.QuizChecklistTests.testResultsSubTab()'><b>testResultsSubTab</b><br>Test class: testModules.quizzes.quizzesTypes.QuizChecklistTests</td>
<td></td>
<td>10</td>
<td>testModules.quizzes.quizzesTypes.QuizChecklistTests@7e0b0338</td></tr>
<tr>
<td title='testModules.quizzes.quizzesTypes.QuizTriviaTests.testIntermediateAnswers()'><b>testIntermediateAnswers</b><br>Test class: testModules.quizzes.quizzesTypes.QuizTriviaTests<br>Parameters: Darts</td>
<td></td>
<td>13</td>
<td>testModules.quizzes.quizzesTypes.QuizTriviaTests@21213b92</td></tr>
<tr>
<td title='testModules.quizzes.quizzesTypes.QuizTriviaTests.testIntermediateAnswers()'><b>testIntermediateAnswers</b><br>Test class: testModules.quizzes.quizzesTypes.QuizTriviaTests<br>Parameters: Wedding cake</td>
<td></td>
<td>11</td>
<td>testModules.quizzes.quizzesTypes.QuizTriviaTests@21213b92</td></tr>
<tr>
<td title='testModules.quizzes.quizzesTypes.QuizPredetTests.testTapNextGoodAnswerButton()'><b>testTapNextGoodAnswerButton</b><br>Test class: testModules.quizzes.quizzesTypes.QuizPredetTests</td>
<td></td>
<td>0</td>
<td>testModules.quizzes.quizzesTypes.QuizPredetTests@71318ec4</td></tr>
<tr>
<td title='testModules.quizzes.quizzesTypes.QuizTriviaTests.testPlayWithFriendsButton()'><b>testPlayWithFriendsButton</b><br>Test class: testModules.quizzes.quizzesTypes.QuizTriviaTests</td>
<td></td>
<td>1</td>
<td>testModules.quizzes.quizzesTypes.QuizTriviaTests@21213b92</td></tr>
<tr>
<td title='testModules.quizzes.quizzesTypes.QuizTriviaTests.testTapIGiveUpButton()'><b>testTapIGiveUpButton</b><br>Test class: testModules.quizzes.quizzesTypes.QuizTriviaTests</td>
<td></td>
<td>3</td>
<td>testModules.quizzes.quizzesTypes.QuizTriviaTests@21213b92</td></tr>
<tr>
<td title='testModules.quizzes.quizzesTypes.QuizChecklistTests.testChoicesAreLoading()'><b>testChoicesAreLoading</b><br>Test class: testModules.quizzes.quizzesTypes.QuizChecklistTests</td>
<td></td>
<td>50</td>
<td>testModules.quizzes.quizzesTypes.QuizChecklistTests@7e0b0338</td></tr>
<tr>
<td title='testModules.quizzes.quizzesTypes.QuizPersonalityTests.testPlayWithFriendsButtonIsPresent()'><b>testPlayWithFriendsButtonIsPresent</b><br>Test class: testModules.quizzes.quizzesTypes.QuizPersonalityTests</td>
<td></td>
<td>0</td>
<td>testModules.quizzes.quizzesTypes.QuizPersonalityTests@544fe44c</td></tr>
<tr>
<td title='testModules.quizzes.quizzesTypes.QuizTriviaTests.testQuizTitleResultScreenIsPresent()'><b>testQuizTitleResultScreenIsPresent</b><br>Test class: testModules.quizzes.quizzesTypes.QuizTriviaTests</td>
<td></td>
<td>6</td>
<td>testModules.quizzes.quizzesTypes.QuizTriviaTests@21213b92</td></tr>
<tr>
<td title='testModules.quizzes.quizzesTypes.QuizPredetTests.testTapNextWrongAnswerButton()'><b>testTapNextWrongAnswerButton</b><br>Test class: testModules.quizzes.quizzesTypes.QuizPredetTests</td>
<td></td>
<td>1</td>
<td>testModules.quizzes.quizzesTypes.QuizPredetTests@71318ec4</td></tr>
<tr>
<td title='testModules.quizzes.quizzesTypes.QuizTriviaTests.testIntermediateAnswers()'><b>testIntermediateAnswers</b><br>Test class: testModules.quizzes.quizzesTypes.QuizTriviaTests<br>Parameters: ray</td>
<td></td>
<td>13</td>
<td>testModules.quizzes.quizzesTypes.QuizTriviaTests@21213b92</td></tr>
<tr>
<td title='testModules.quizzes.quizzesTypes.QuizPersonalityTests.testQuestion1()'><b>testQuestion1</b><br>Test class: testModules.quizzes.quizzesTypes.QuizPersonalityTests</td>
<td></td>
<td>1</td>
<td>testModules.quizzes.quizzesTypes.QuizPersonalityTests@544fe44c</td></tr>
<tr>
<td title='testModules.quizzes.quizzesTypes.QuizPersonalityTests.testDescriptionsResultScreenArePresent()'><b>testDescriptionsResultScreenArePresent</b><br>Test class: testModules.quizzes.quizzesTypes.QuizPersonalityTests</td>
<td></td>
<td>6</td>
<td>testModules.quizzes.quizzesTypes.QuizPersonalityTests@544fe44c</td></tr>
<tr>
<td title='testModules.quizzes.quizzesTypes.QuizTriviaTests.testWrongTextIsPresent()'><b>testWrongTextIsPresent</b><br>Test class: testModules.quizzes.quizzesTypes.QuizTriviaTests</td>
<td></td>
<td>4</td>
<td>testModules.quizzes.quizzesTypes.QuizTriviaTests@21213b92</td></tr>
<tr>
<td title='testModules.quizzes.quizzesTypes.QuizPredetTests.testCorrectTextIsPresent()'><b>testCorrectTextIsPresent</b><br>Test class: testModules.quizzes.quizzesTypes.QuizPredetTests</td>
<td></td>
<td>1</td>
<td>testModules.quizzes.quizzesTypes.QuizPredetTests@71318ec4</td></tr>
<tr>
<td title='testModules.quizzes.quizzesTypes.QuizTriviaTests.testSendFirstAnswer()'><b>testSendFirstAnswer</b><br>Test class: testModules.quizzes.quizzesTypes.QuizTriviaTests</td>
<td></td>
<td>6</td>
<td>testModules.quizzes.quizzesTypes.QuizTriviaTests@21213b92</td></tr>
<tr>
<td title='testModules.quizzes.quizzesTypes.QuizPredetTests.testAuthorInfoIsPresent()'><b>testAuthorInfoIsPresent</b><br>Test class: testModules.quizzes.quizzesTypes.QuizPredetTests</td>
<td></td>
<td>0</td>
<td>testModules.quizzes.quizzesTypes.QuizPredetTests@71318ec4</td></tr>
<tr>
<td title='testModules.quizzes.quizzesTypes.QuizPollTests.testQuizTitleIsPresent()'><b>testQuizTitleIsPresent</b><br>Test class: testModules.quizzes.quizzesTypes.QuizPollTests</td>
<td></td>
<td>0</td>
<td>testModules.quizzes.quizzesTypes.QuizPollTests@31610302</td></tr>
<tr>
<td title='testModules.quizzes.quizzesTypes.QuizPredetTests.testSendFirstAnswer()'><b>testSendFirstAnswer</b><br>Test class: testModules.quizzes.quizzesTypes.QuizPredetTests</td>
<td></td>
<td>1</td>
<td>testModules.quizzes.quizzesTypes.QuizPredetTests@71318ec4</td></tr>
<tr>
<td title='testModules.quizzes.quizzesTypes.QuizTriviaTests.testAuthorInfoIsPresent()'><b>testAuthorInfoIsPresent</b><br>Test class: testModules.quizzes.quizzesTypes.QuizTriviaTests</td>
<td></td>
<td>0</td>
<td>testModules.quizzes.quizzesTypes.QuizTriviaTests@21213b92</td></tr>
<tr>
<td title='testModules.quizzes.quizzesTypes.QuizPersonalityTests.testQuestion4()'><b>testQuestion4</b><br>Test class: testModules.quizzes.quizzesTypes.QuizPersonalityTests</td>
<td></td>
<td>1</td>
<td>testModules.quizzes.quizzesTypes.QuizPersonalityTests@544fe44c</td></tr>
<tr>
<td title='testModules.quizzes.quizzesTypes.QuizPollTests.testSubTextIsPresent()'><b>testSubTextIsPresent</b><br>Test class: testModules.quizzes.quizzesTypes.QuizPollTests</td>
<td></td>
<td>0</td>
<td>testModules.quizzes.quizzesTypes.QuizPollTests@31610302</td></tr>
<tr>
<td title='testModules.quizzes.quizzesTypes.QuizPollTests.testTapViewResults()'><b>testTapViewResults</b><br>Test class: testModules.quizzes.quizzesTypes.QuizPollTests</td>
<td></td>
<td>7</td>
<td>testModules.quizzes.quizzesTypes.QuizPollTests@31610302</td></tr>
<tr>
<td title='testModules.quizzes.quizzesTypes.QuizPredetTests.testFirstAnswerTextIsPresent()'><b>testFirstAnswerTextIsPresent</b><br>Test class: testModules.quizzes.quizzesTypes.QuizPredetTests</td>
<td></td>
<td>0</td>
<td>testModules.quizzes.quizzesTypes.QuizPredetTests@71318ec4</td></tr>
<tr>
<td title='testModules.quizzes.quizzesTypes.QuizPersonalityTests.testSearchInstantQuiz()'><b>testSearchInstantQuiz</b><br>Test class: testModules.quizzes.quizzesTypes.QuizPersonalityTests<br>Parameters: Pick A Bunch Of Kittens And We'll Guess Your Life Goal</td>
<td></td>
<td>14</td>
<td>testModules.quizzes.quizzesTypes.QuizPersonalityTests@544fe44c</td></tr>
<tr>
<td title='testModules.quizzes.quizzesTypes.QuizTriviaTests.testPlayNowButton()'><b>testPlayNowButton</b><br>Test class: testModules.quizzes.quizzesTypes.QuizTriviaTests</td>
<td></td>
<td>1</td>
<td>testModules.quizzes.quizzesTypes.QuizTriviaTests@21213b92</td></tr>
<tr>
<td title='testModules.quizzes.quizzesTypes.QuizPredetTests.testNextButtonWrongAnswerIsPresent()'><b>testNextButtonWrongAnswerIsPresent</b><br>Test class: testModules.quizzes.quizzesTypes.QuizPredetTests</td>
<td></td>
<td>0</td>
<td>testModules.quizzes.quizzesTypes.QuizPredetTests@71318ec4</td></tr>
<tr>
<td title='testModules.quizzes.quizzesTypes.QuizPersonalityTests.testQuizTitleResultScreenIsPresent()'><b>testQuizTitleResultScreenIsPresent</b><br>Test class: testModules.quizzes.quizzesTypes.QuizPersonalityTests</td>
<td></td>
<td>1</td>
<td>testModules.quizzes.quizzesTypes.QuizPersonalityTests@544fe44c</td></tr>
<tr>
<td title='testModules.quizzes.quizzesTypes.QuizPollTests.testTapCopyLinkAndToast()'><b>testTapCopyLinkAndToast</b><br>Test class: testModules.quizzes.quizzesTypes.QuizPollTests</td>
<td></td>
<td>2</td>
<td>testModules.quizzes.quizzesTypes.QuizPollTests@31610302</td></tr>
<tr>
<td title='testModules.quizzes.quizzesTypes.QuizPredetTests.testPlayWithFriendsButton()'><b>testPlayWithFriendsButton</b><br>Test class: testModules.quizzes.quizzesTypes.QuizPredetTests</td>
<td></td>
<td>1</td>
<td>testModules.quizzes.quizzesTypes.QuizPredetTests@71318ec4</td></tr>
<tr>
<td title='testModules.quizzes.quizzesTypes.QuizPollTests.testQuestionIsPresent()'><b>testQuestionIsPresent</b><br>Test class: testModules.quizzes.quizzesTypes.QuizPollTests</td>
<td></td>
<td>0</td>
<td>testModules.quizzes.quizzesTypes.QuizPollTests@31610302</td></tr>
<tr>
<td title='testModules.quizzes.quizzesTypes.QuizTriviaTests.testIGiveUpButtonIsPresent()'><b>testIGiveUpButtonIsPresent</b><br>Test class: testModules.quizzes.quizzesTypes.QuizTriviaTests</td>
<td></td>
<td>1</td>
<td>testModules.quizzes.quizzesTypes.QuizTriviaTests@21213b92</td></tr>
<tr>
<td title='testModules.quizzes.quizzesTypes.QuizTriviaTests.testProgressBar1()'><b>testProgressBar1</b><br>Test class: testModules.quizzes.quizzesTypes.QuizTriviaTests</td>
<td></td>
<td>1</td>
<td>testModules.quizzes.quizzesTypes.QuizTriviaTests@21213b92</td></tr>
<tr>
<td title='testModules.quizzes.quizzesTypes.QuizPersonalityTests.testQuestion3()'><b>testQuestion3</b><br>Test class: testModules.quizzes.quizzesTypes.QuizPersonalityTests</td>
<td></td>
<td>1</td>
<td>testModules.quizzes.quizzesTypes.QuizPersonalityTests@544fe44c</td></tr>
<tr>
<td title='testModules.quizzes.quizzesTypes.QuizTriviaTests.testQuizTitleIsPresentAtBeginning()'><b>testQuizTitleIsPresentAtBeginning</b><br>Test class: testModules.quizzes.quizzesTypes.QuizTriviaTests</td>
<td></td>
<td>4</td>
<td>testModules.quizzes.quizzesTypes.QuizTriviaTests@21213b92</td></tr>
<tr>
<td title='testModules.quizzes.quizzesTypes.QuizTriviaTests.testTapNextButton()'><b>testTapNextButton</b><br>Test class: testModules.quizzes.quizzesTypes.QuizTriviaTests</td>
<td></td>
<td>1</td>
<td>testModules.quizzes.quizzesTypes.QuizTriviaTests@21213b92</td></tr>
<tr>
<td title='testModules.quizzes.quizzesTypes.QuizTriviaTests.testSendLatestAnswer()'><b>testSendLatestAnswer</b><br>Test class: testModules.quizzes.quizzesTypes.QuizTriviaTests</td>
<td></td>
<td>7</td>
<td>testModules.quizzes.quizzesTypes.QuizTriviaTests@21213b92</td></tr>
<tr>
<td title='testModules.quizzes.quizzesTypes.QuizPersonalityTests.testQuestion6()'><b>testQuestion6</b><br>Test class: testModules.quizzes.quizzesTypes.QuizPersonalityTests</td>
<td></td>
<td>1</td>
<td>testModules.quizzes.quizzesTypes.QuizPersonalityTests@544fe44c</td></tr>
<tr>
<td title='testModules.quizzes.quizzesTypes.QuizPersonalityTests.testPlayNowButton()'><b>testPlayNowButton</b><br>Test class: testModules.quizzes.quizzesTypes.QuizPersonalityTests</td>
<td></td>
<td>1</td>
<td>testModules.quizzes.quizzesTypes.QuizPersonalityTests@544fe44c</td></tr>
</table><p>
</body>
</html>