<?xml version="1.0" encoding="UTF-8"?>
<!-- Generated by org.testng.reporters.JUnitXMLReporter -->
<testsuite hostname="Gabrielas-MBP.fibertel.com.ar" ignored="8" name="Quizzes" tests="108" failures="8" timestamp="2022-11-29T16:54:15 ART" time="548.518" errors="0">
  <testcase name="testSearchInstantQuiz" time="15.215" classname="testModules.quizzes.quizzesTypes.QuizChecklistTests"/>
  <testcase name="testQuizTitleIsPresentAtBeginning" time="0.0" classname="testModules.quizzes.quizzesTypes.QuizChecklistTests"/>
  <testcase name="testMainImageIsPresent" time="50.463" classname="testModules.quizzes.quizzesTypes.QuizChecklistTests"/>
  <testcase name="testSubTextIsPresent" time="0.33" classname="testModules.quizzes.quizzesTypes.QuizChecklistTests"/>
  <testcase name="testAuthorInfoIsPresent" time="0.294" classname="testModules.quizzes.quizzesTypes.QuizChecklistTests"/>
  <testcase name="testPlayNowButton" time="1.612" classname="testModules.quizzes.quizzesTypes.QuizChecklistTests"/>
  <testcase name="testChoicesAreLoading" time="50.446" classname="testModules.quizzes.quizzesTypes.QuizChecklistTests"/>
  <testcase name="testTapChecklistChoice" time="4.768" classname="testModules.quizzes.quizzesTypes.QuizChecklistTests"/>
  <testcase name="testTapShowMeResults" time="0.824" classname="testModules.quizzes.quizzesTypes.QuizChecklistTests"/>
  <testcase name="testQuizTitleResultScreenIsPresent" time="1.209" classname="testModules.quizzes.quizzesTypes.QuizChecklistTests"/>
  <testcase name="testYouCheckedTextResultIsPresent" time="2.206" classname="testModules.quizzes.quizzesTypes.QuizChecklistTests"/>
  <testcase name="testResultsSubTab" time="10.123" classname="testModules.quizzes.quizzesTypes.QuizChecklistTests"/>
  <testcase name="testSearchInstantQuiz" time="14.429" classname="testModules.quizzes.quizzesTypes.QuizPersonalityTests"/>
  <testcase name="testSubTextIsPresent" time="1.931" classname="testModules.quizzes.quizzesTypes.QuizPersonalityTests"/>
  <testcase name="testAuthorInfoIsPresent" time="0.303" classname="testModules.quizzes.quizzesTypes.QuizPersonalityTests"/>
  <testcase name="testPlayWithFriendsButtonIsPresent" time="0.769" classname="testModules.quizzes.quizzesTypes.QuizPersonalityTests"/>
  <testcase name="testPlayNowButton" time="1.173" classname="testModules.quizzes.quizzesTypes.QuizPersonalityTests"/>
  <testcase name="testQuestion1Countdown" time="1.651" classname="testModules.quizzes.quizzesTypes.QuizPersonalityTests">
    <failure type="java.lang.AssertionError" message="expected [1 of 6] but found [Sponsored Ad
Sleep Innovations 4-inch Dual Layer Gel Memory Foam Enhanced Support, King, Made in the US Mattress Topper
4.5 out of 5 stars.
28622 customer reviews.]">
      <![CDATA[java.lang.AssertionError: expected [1 of 6] but found [Sponsored Ad
Sleep Innovations 4-inch Dual Layer Gel Memory Foam Enhanced Support, King, Made in the US Mattress Topper
4.5 out of 5 stars.
28622 customer reviews.]
at org.testng.Assert.fail(Assert.java:99)
at org.testng.Assert.failNotEquals(Assert.java:1037)
at org.testng.Assert.assertEqualsImpl(Assert.java:140)
at org.testng.Assert.assertEquals(Assert.java:122)
at org.testng.Assert.assertEquals(Assert.java:629)
at org.testng.Assert.assertEquals(Assert.java:639)
at testModules.quizzes.quizzesTypes.QuizPersonalityTests.testQuestion1Countdown(QuizPersonalityTests.java:67)
at sun.reflect.NativeMethodAccessorImpl.invoke0(Native Method)
at sun.reflect.NativeMethodAccessorImpl.invoke(NativeMethodAccessorImpl.java:62)
at sun.reflect.DelegatingMethodAccessorImpl.invoke(DelegatingMethodAccessorImpl.java:43)
at java.lang.reflect.Method.invoke(Method.java:498)
at org.testng.internal.MethodInvocationHelper.invokeMethod(MethodInvocationHelper.java:133)
at org.testng.internal.TestInvoker.invokeMethod(TestInvoker.java:598)
at org.testng.internal.TestInvoker.invokeTestMethod(TestInvoker.java:173)
at org.testng.internal.MethodRunner.runInSequence(MethodRunner.java:46)
at org.testng.internal.TestInvoker$MethodInvocationAgent.invoke(TestInvoker.java:824)
at org.testng.internal.TestInvoker.invokeTestMethods(TestInvoker.java:146)
at org.testng.internal.TestMethodWorker.invokeTestMethods(TestMethodWorker.java:146)
at org.testng.internal.TestMethodWorker.run(TestMethodWorker.java:128)
at java.util.ArrayList.forEach(ArrayList.java:1259)
at org.testng.TestRunner.privateRun(TestRunner.java:794)
at org.testng.TestRunner.run(TestRunner.java:596)
at org.testng.SuiteRunner.runTest(SuiteRunner.java:377)
at org.testng.SuiteRunner.runSequentially(SuiteRunner.java:371)
at org.testng.SuiteRunner.privateRun(SuiteRunner.java:332)
at org.testng.SuiteRunner.run(SuiteRunner.java:276)
at org.testng.SuiteRunnerWorker.runSuite(SuiteRunnerWorker.java:53)
at org.testng.SuiteRunnerWorker.run(SuiteRunnerWorker.java:96)
at org.testng.TestNG.runSuitesSequentially(TestNG.java:1212)
at org.testng.TestNG.runSuitesSequentially(TestNG.java:1207)
at org.testng.TestNG.runSuitesLocally(TestNG.java:1134)
at org.testng.TestNG.runSuites(TestNG.java:1063)
at org.testng.TestNG.run(TestNG.java:1031)
at org.apache.maven.surefire.testng.TestNGExecutor.run(TestNGExecutor.java:283)
at org.apache.maven.surefire.testng.TestNGXmlTestSuite.execute(TestNGXmlTestSuite.java:75)
at org.apache.maven.surefire.testng.TestNGProvider.invoke(TestNGProvider.java:120)
at org.apache.maven.surefire.booter.ForkedBooter.invokeProviderInSameClassLoader(ForkedBooter.java:383)
at org.apache.maven.surefire.booter.ForkedBooter.runSuitesInProcess(ForkedBooter.java:344)
at org.apache.maven.surefire.booter.ForkedBooter.execute(ForkedBooter.java:125)
at org.apache.maven.surefire.booter.ForkedBooter.main(ForkedBooter.java:417)
]]>
    </failure>
  </testcase> <!-- testQuestion1Countdown -->
  <testcase name="testQuestion1" time="1.272" classname="testModules.quizzes.quizzesTypes.QuizPersonalityTests"/>
  <testcase name="testQuestion2Countdown" time="1.184" classname="testModules.quizzes.quizzesTypes.QuizPersonalityTests">
    <failure type="java.lang.AssertionError" message="expected [2 of 6] but found [Sponsored Ad
Sleep Innovations 4-inch Dual Layer Gel Memory Foam Enhanced Support, King, Made in the US Mattress Topper
4.5 out of 5 stars.
28622 customer reviews.]">
      <![CDATA[java.lang.AssertionError: expected [2 of 6] but found [Sponsored Ad
Sleep Innovations 4-inch Dual Layer Gel Memory Foam Enhanced Support, King, Made in the US Mattress Topper
4.5 out of 5 stars.
28622 customer reviews.]
at org.testng.Assert.fail(Assert.java:99)
at org.testng.Assert.failNotEquals(Assert.java:1037)
at org.testng.Assert.assertEqualsImpl(Assert.java:140)
at org.testng.Assert.assertEquals(Assert.java:122)
at org.testng.Assert.assertEquals(Assert.java:629)
at org.testng.Assert.assertEquals(Assert.java:639)
at testModules.quizzes.quizzesTypes.QuizPersonalityTests.testQuestion2Countdown(QuizPersonalityTests.java:80)
at sun.reflect.NativeMethodAccessorImpl.invoke0(Native Method)
at sun.reflect.NativeMethodAccessorImpl.invoke(NativeMethodAccessorImpl.java:62)
at sun.reflect.DelegatingMethodAccessorImpl.invoke(DelegatingMethodAccessorImpl.java:43)
at java.lang.reflect.Method.invoke(Method.java:498)
at org.testng.internal.MethodInvocationHelper.invokeMethod(MethodInvocationHelper.java:133)
at org.testng.internal.TestInvoker.invokeMethod(TestInvoker.java:598)
at org.testng.internal.TestInvoker.invokeTestMethod(TestInvoker.java:173)
at org.testng.internal.MethodRunner.runInSequence(MethodRunner.java:46)
at org.testng.internal.TestInvoker$MethodInvocationAgent.invoke(TestInvoker.java:824)
at org.testng.internal.TestInvoker.invokeTestMethods(TestInvoker.java:146)
at org.testng.internal.TestMethodWorker.invokeTestMethods(TestMethodWorker.java:146)
at org.testng.internal.TestMethodWorker.run(TestMethodWorker.java:128)
at java.util.ArrayList.forEach(ArrayList.java:1259)
at org.testng.TestRunner.privateRun(TestRunner.java:794)
at org.testng.TestRunner.run(TestRunner.java:596)
at org.testng.SuiteRunner.runTest(SuiteRunner.java:377)
at org.testng.SuiteRunner.runSequentially(SuiteRunner.java:371)
at org.testng.SuiteRunner.privateRun(SuiteRunner.java:332)
at org.testng.SuiteRunner.run(SuiteRunner.java:276)
at org.testng.SuiteRunnerWorker.runSuite(SuiteRunnerWorker.java:53)
at org.testng.SuiteRunnerWorker.run(SuiteRunnerWorker.java:96)
at org.testng.TestNG.runSuitesSequentially(TestNG.java:1212)
at org.testng.TestNG.runSuitesSequentially(TestNG.java:1207)
at org.testng.TestNG.runSuitesLocally(TestNG.java:1134)
at org.testng.TestNG.runSuites(TestNG.java:1063)
at org.testng.TestNG.run(TestNG.java:1031)
at org.apache.maven.surefire.testng.TestNGExecutor.run(TestNGExecutor.java:283)
at org.apache.maven.surefire.testng.TestNGXmlTestSuite.execute(TestNGXmlTestSuite.java:75)
at org.apache.maven.surefire.testng.TestNGProvider.invoke(TestNGProvider.java:120)
at org.apache.maven.surefire.booter.ForkedBooter.invokeProviderInSameClassLoader(ForkedBooter.java:383)
at org.apache.maven.surefire.booter.ForkedBooter.runSuitesInProcess(ForkedBooter.java:344)
at org.apache.maven.surefire.booter.ForkedBooter.execute(ForkedBooter.java:125)
at org.apache.maven.surefire.booter.ForkedBooter.main(ForkedBooter.java:417)
]]>
    </failure>
  </testcase> <!-- testQuestion2Countdown -->
  <testcase name="testQuestion2" time="1.199" classname="testModules.quizzes.quizzesTypes.QuizPersonalityTests"/>
  <testcase name="testQuestion3Countdown" time="1.301" classname="testModules.quizzes.quizzesTypes.QuizPersonalityTests">
    <failure type="java.lang.AssertionError" message="expected [3 of 6] but found [Sponsored Ad
Sleep Innovations 4-inch Dual Layer Gel Memory Foam Enhanced Support, King, Made in the US Mattress Topper
4.5 out of 5 stars.
28622 customer reviews.]">
      <![CDATA[java.lang.AssertionError: expected [3 of 6] but found [Sponsored Ad
Sleep Innovations 4-inch Dual Layer Gel Memory Foam Enhanced Support, King, Made in the US Mattress Topper
4.5 out of 5 stars.
28622 customer reviews.]
at org.testng.Assert.fail(Assert.java:99)
at org.testng.Assert.failNotEquals(Assert.java:1037)
at org.testng.Assert.assertEqualsImpl(Assert.java:140)
at org.testng.Assert.assertEquals(Assert.java:122)
at org.testng.Assert.assertEquals(Assert.java:629)
at org.testng.Assert.assertEquals(Assert.java:639)
at testModules.quizzes.quizzesTypes.QuizPersonalityTests.testQuestion3Countdown(QuizPersonalityTests.java:93)
at sun.reflect.NativeMethodAccessorImpl.invoke0(Native Method)
at sun.reflect.NativeMethodAccessorImpl.invoke(NativeMethodAccessorImpl.java:62)
at sun.reflect.DelegatingMethodAccessorImpl.invoke(DelegatingMethodAccessorImpl.java:43)
at java.lang.reflect.Method.invoke(Method.java:498)
at org.testng.internal.MethodInvocationHelper.invokeMethod(MethodInvocationHelper.java:133)
at org.testng.internal.TestInvoker.invokeMethod(TestInvoker.java:598)
at org.testng.internal.TestInvoker.invokeTestMethod(TestInvoker.java:173)
at org.testng.internal.MethodRunner.runInSequence(MethodRunner.java:46)
at org.testng.internal.TestInvoker$MethodInvocationAgent.invoke(TestInvoker.java:824)
at org.testng.internal.TestInvoker.invokeTestMethods(TestInvoker.java:146)
at org.testng.internal.TestMethodWorker.invokeTestMethods(TestMethodWorker.java:146)
at org.testng.internal.TestMethodWorker.run(TestMethodWorker.java:128)
at java.util.ArrayList.forEach(ArrayList.java:1259)
at org.testng.TestRunner.privateRun(TestRunner.java:794)
at org.testng.TestRunner.run(TestRunner.java:596)
at org.testng.SuiteRunner.runTest(SuiteRunner.java:377)
at org.testng.SuiteRunner.runSequentially(SuiteRunner.java:371)
at org.testng.SuiteRunner.privateRun(SuiteRunner.java:332)
at org.testng.SuiteRunner.run(SuiteRunner.java:276)
at org.testng.SuiteRunnerWorker.runSuite(SuiteRunnerWorker.java:53)
at org.testng.SuiteRunnerWorker.run(SuiteRunnerWorker.java:96)
at org.testng.TestNG.runSuitesSequentially(TestNG.java:1212)
at org.testng.TestNG.runSuitesSequentially(TestNG.java:1207)
at org.testng.TestNG.runSuitesLocally(TestNG.java:1134)
at org.testng.TestNG.runSuites(TestNG.java:1063)
at org.testng.TestNG.run(TestNG.java:1031)
at org.apache.maven.surefire.testng.TestNGExecutor.run(TestNGExecutor.java:283)
at org.apache.maven.surefire.testng.TestNGXmlTestSuite.execute(TestNGXmlTestSuite.java:75)
at org.apache.maven.surefire.testng.TestNGProvider.invoke(TestNGProvider.java:120)
at org.apache.maven.surefire.booter.ForkedBooter.invokeProviderInSameClassLoader(ForkedBooter.java:383)
at org.apache.maven.surefire.booter.ForkedBooter.runSuitesInProcess(ForkedBooter.java:344)
at org.apache.maven.surefire.booter.ForkedBooter.execute(ForkedBooter.java:125)
at org.apache.maven.surefire.booter.ForkedBooter.main(ForkedBooter.java:417)
]]>
    </failure>
  </testcase> <!-- testQuestion3Countdown -->
  <testcase name="testQuestion3" time="1.072" classname="testModules.quizzes.quizzesTypes.QuizPersonalityTests"/>
  <testcase name="testQuestion4Countdown" time="1.225" classname="testModules.quizzes.quizzesTypes.QuizPersonalityTests">
    <failure type="java.lang.AssertionError" message="expected [4 of 6] but found [Sponsored Ad
Sleep Innovations 4-inch Dual Layer Gel Memory Foam Enhanced Support, King, Made in the US Mattress Topper
4.5 out of 5 stars.
28622 customer reviews.]">
      <![CDATA[java.lang.AssertionError: expected [4 of 6] but found [Sponsored Ad
Sleep Innovations 4-inch Dual Layer Gel Memory Foam Enhanced Support, King, Made in the US Mattress Topper
4.5 out of 5 stars.
28622 customer reviews.]
at org.testng.Assert.fail(Assert.java:99)
at org.testng.Assert.failNotEquals(Assert.java:1037)
at org.testng.Assert.assertEqualsImpl(Assert.java:140)
at org.testng.Assert.assertEquals(Assert.java:122)
at org.testng.Assert.assertEquals(Assert.java:629)
at org.testng.Assert.assertEquals(Assert.java:639)
at testModules.quizzes.quizzesTypes.QuizPersonalityTests.testQuestion4Countdown(QuizPersonalityTests.java:106)
at sun.reflect.NativeMethodAccessorImpl.invoke0(Native Method)
at sun.reflect.NativeMethodAccessorImpl.invoke(NativeMethodAccessorImpl.java:62)
at sun.reflect.DelegatingMethodAccessorImpl.invoke(DelegatingMethodAccessorImpl.java:43)
at java.lang.reflect.Method.invoke(Method.java:498)
at org.testng.internal.MethodInvocationHelper.invokeMethod(MethodInvocationHelper.java:133)
at org.testng.internal.TestInvoker.invokeMethod(TestInvoker.java:598)
at org.testng.internal.TestInvoker.invokeTestMethod(TestInvoker.java:173)
at org.testng.internal.MethodRunner.runInSequence(MethodRunner.java:46)
at org.testng.internal.TestInvoker$MethodInvocationAgent.invoke(TestInvoker.java:824)
at org.testng.internal.TestInvoker.invokeTestMethods(TestInvoker.java:146)
at org.testng.internal.TestMethodWorker.invokeTestMethods(TestMethodWorker.java:146)
at org.testng.internal.TestMethodWorker.run(TestMethodWorker.java:128)
at java.util.ArrayList.forEach(ArrayList.java:1259)
at org.testng.TestRunner.privateRun(TestRunner.java:794)
at org.testng.TestRunner.run(TestRunner.java:596)
at org.testng.SuiteRunner.runTest(SuiteRunner.java:377)
at org.testng.SuiteRunner.runSequentially(SuiteRunner.java:371)
at org.testng.SuiteRunner.privateRun(SuiteRunner.java:332)
at org.testng.SuiteRunner.run(SuiteRunner.java:276)
at org.testng.SuiteRunnerWorker.runSuite(SuiteRunnerWorker.java:53)
at org.testng.SuiteRunnerWorker.run(SuiteRunnerWorker.java:96)
at org.testng.TestNG.runSuitesSequentially(TestNG.java:1212)
at org.testng.TestNG.runSuitesSequentially(TestNG.java:1207)
at org.testng.TestNG.runSuitesLocally(TestNG.java:1134)
at org.testng.TestNG.runSuites(TestNG.java:1063)
at org.testng.TestNG.run(TestNG.java:1031)
at org.apache.maven.surefire.testng.TestNGExecutor.run(TestNGExecutor.java:283)
at org.apache.maven.surefire.testng.TestNGXmlTestSuite.execute(TestNGXmlTestSuite.java:75)
at org.apache.maven.surefire.testng.TestNGProvider.invoke(TestNGProvider.java:120)
at org.apache.maven.surefire.booter.ForkedBooter.invokeProviderInSameClassLoader(ForkedBooter.java:383)
at org.apache.maven.surefire.booter.ForkedBooter.runSuitesInProcess(ForkedBooter.java:344)
at org.apache.maven.surefire.booter.ForkedBooter.execute(ForkedBooter.java:125)
at org.apache.maven.surefire.booter.ForkedBooter.main(ForkedBooter.java:417)
]]>
    </failure>
  </testcase> <!-- testQuestion4Countdown -->
  <testcase name="testQuestion4" time="1.105" classname="testModules.quizzes.quizzesTypes.QuizPersonalityTests"/>
  <testcase name="testQuestion5Countdown" time="1.174" classname="testModules.quizzes.quizzesTypes.QuizPersonalityTests">
    <failure type="java.lang.AssertionError" message="expected [5 of 6] but found [Sponsored Ad
Sleep Innovations 4-inch Dual Layer Gel Memory Foam Enhanced Support, King, Made in the US Mattress Topper
4.5 out of 5 stars.
28622 customer reviews.]">
      <![CDATA[java.lang.AssertionError: expected [5 of 6] but found [Sponsored Ad
Sleep Innovations 4-inch Dual Layer Gel Memory Foam Enhanced Support, King, Made in the US Mattress Topper
4.5 out of 5 stars.
28622 customer reviews.]
at org.testng.Assert.fail(Assert.java:99)
at org.testng.Assert.failNotEquals(Assert.java:1037)
at org.testng.Assert.assertEqualsImpl(Assert.java:140)
at org.testng.Assert.assertEquals(Assert.java:122)
at org.testng.Assert.assertEquals(Assert.java:629)
at org.testng.Assert.assertEquals(Assert.java:639)
at testModules.quizzes.quizzesTypes.QuizPersonalityTests.testQuestion5Countdown(QuizPersonalityTests.java:119)
at sun.reflect.NativeMethodAccessorImpl.invoke0(Native Method)
at sun.reflect.NativeMethodAccessorImpl.invoke(NativeMethodAccessorImpl.java:62)
at sun.reflect.DelegatingMethodAccessorImpl.invoke(DelegatingMethodAccessorImpl.java:43)
at java.lang.reflect.Method.invoke(Method.java:498)
at org.testng.internal.MethodInvocationHelper.invokeMethod(MethodInvocationHelper.java:133)
at org.testng.internal.TestInvoker.invokeMethod(TestInvoker.java:598)
at org.testng.internal.TestInvoker.invokeTestMethod(TestInvoker.java:173)
at org.testng.internal.MethodRunner.runInSequence(MethodRunner.java:46)
at org.testng.internal.TestInvoker$MethodInvocationAgent.invoke(TestInvoker.java:824)
at org.testng.internal.TestInvoker.invokeTestMethods(TestInvoker.java:146)
at org.testng.internal.TestMethodWorker.invokeTestMethods(TestMethodWorker.java:146)
at org.testng.internal.TestMethodWorker.run(TestMethodWorker.java:128)
at java.util.ArrayList.forEach(ArrayList.java:1259)
at org.testng.TestRunner.privateRun(TestRunner.java:794)
at org.testng.TestRunner.run(TestRunner.java:596)
at org.testng.SuiteRunner.runTest(SuiteRunner.java:377)
at org.testng.SuiteRunner.runSequentially(SuiteRunner.java:371)
at org.testng.SuiteRunner.privateRun(SuiteRunner.java:332)
at org.testng.SuiteRunner.run(SuiteRunner.java:276)
at org.testng.SuiteRunnerWorker.runSuite(SuiteRunnerWorker.java:53)
at org.testng.SuiteRunnerWorker.run(SuiteRunnerWorker.java:96)
at org.testng.TestNG.runSuitesSequentially(TestNG.java:1212)
at org.testng.TestNG.runSuitesSequentially(TestNG.java:1207)
at org.testng.TestNG.runSuitesLocally(TestNG.java:1134)
at org.testng.TestNG.runSuites(TestNG.java:1063)
at org.testng.TestNG.run(TestNG.java:1031)
at org.apache.maven.surefire.testng.TestNGExecutor.run(TestNGExecutor.java:283)
at org.apache.maven.surefire.testng.TestNGXmlTestSuite.execute(TestNGXmlTestSuite.java:75)
at org.apache.maven.surefire.testng.TestNGProvider.invoke(TestNGProvider.java:120)
at org.apache.maven.surefire.booter.ForkedBooter.invokeProviderInSameClassLoader(ForkedBooter.java:383)
at org.apache.maven.surefire.booter.ForkedBooter.runSuitesInProcess(ForkedBooter.java:344)
at org.apache.maven.surefire.booter.ForkedBooter.execute(ForkedBooter.java:125)
at org.apache.maven.surefire.booter.ForkedBooter.main(ForkedBooter.java:417)
]]>
    </failure>
  </testcase> <!-- testQuestion5Countdown -->
  <testcase name="testQuestion5" time="1.412" classname="testModules.quizzes.quizzesTypes.QuizPersonalityTests"/>
  <testcase name="testQuestion6Countdown" time="1.625" classname="testModules.quizzes.quizzesTypes.QuizPersonalityTests">
    <failure type="java.lang.AssertionError" message="expected [6 of 6] but found [Sponsored Ad
Sleep Innovations 4-inch Dual Layer Gel Memory Foam Enhanced Support, King, Made in the US Mattress Topper
4.5 out of 5 stars.
28622 customer reviews.]">
      <![CDATA[java.lang.AssertionError: expected [6 of 6] but found [Sponsored Ad
Sleep Innovations 4-inch Dual Layer Gel Memory Foam Enhanced Support, King, Made in the US Mattress Topper
4.5 out of 5 stars.
28622 customer reviews.]
at org.testng.Assert.fail(Assert.java:99)
at org.testng.Assert.failNotEquals(Assert.java:1037)
at org.testng.Assert.assertEqualsImpl(Assert.java:140)
at org.testng.Assert.assertEquals(Assert.java:122)
at org.testng.Assert.assertEquals(Assert.java:629)
at org.testng.Assert.assertEquals(Assert.java:639)
at testModules.quizzes.quizzesTypes.QuizPersonalityTests.testQuestion6Countdown(QuizPersonalityTests.java:132)
at sun.reflect.NativeMethodAccessorImpl.invoke0(Native Method)
at sun.reflect.NativeMethodAccessorImpl.invoke(NativeMethodAccessorImpl.java:62)
at sun.reflect.DelegatingMethodAccessorImpl.invoke(DelegatingMethodAccessorImpl.java:43)
at java.lang.reflect.Method.invoke(Method.java:498)
at org.testng.internal.MethodInvocationHelper.invokeMethod(MethodInvocationHelper.java:133)
at org.testng.internal.TestInvoker.invokeMethod(TestInvoker.java:598)
at org.testng.internal.TestInvoker.invokeTestMethod(TestInvoker.java:173)
at org.testng.internal.MethodRunner.runInSequence(MethodRunner.java:46)
at org.testng.internal.TestInvoker$MethodInvocationAgent.invoke(TestInvoker.java:824)
at org.testng.internal.TestInvoker.invokeTestMethods(TestInvoker.java:146)
at org.testng.internal.TestMethodWorker.invokeTestMethods(TestMethodWorker.java:146)
at org.testng.internal.TestMethodWorker.run(TestMethodWorker.java:128)
at java.util.ArrayList.forEach(ArrayList.java:1259)
at org.testng.TestRunner.privateRun(TestRunner.java:794)
at org.testng.TestRunner.run(TestRunner.java:596)
at org.testng.SuiteRunner.runTest(SuiteRunner.java:377)
at org.testng.SuiteRunner.runSequentially(SuiteRunner.java:371)
at org.testng.SuiteRunner.privateRun(SuiteRunner.java:332)
at org.testng.SuiteRunner.run(SuiteRunner.java:276)
at org.testng.SuiteRunnerWorker.runSuite(SuiteRunnerWorker.java:53)
at org.testng.SuiteRunnerWorker.run(SuiteRunnerWorker.java:96)
at org.testng.TestNG.runSuitesSequentially(TestNG.java:1212)
at org.testng.TestNG.runSuitesSequentially(TestNG.java:1207)
at org.testng.TestNG.runSuitesLocally(TestNG.java:1134)
at org.testng.TestNG.runSuites(TestNG.java:1063)
at org.testng.TestNG.run(TestNG.java:1031)
at org.apache.maven.surefire.testng.TestNGExecutor.run(TestNGExecutor.java:283)
at org.apache.maven.surefire.testng.TestNGXmlTestSuite.execute(TestNGXmlTestSuite.java:75)
at org.apache.maven.surefire.testng.TestNGProvider.invoke(TestNGProvider.java:120)
at org.apache.maven.surefire.booter.ForkedBooter.invokeProviderInSameClassLoader(ForkedBooter.java:383)
at org.apache.maven.surefire.booter.ForkedBooter.runSuitesInProcess(ForkedBooter.java:344)
at org.apache.maven.surefire.booter.ForkedBooter.execute(ForkedBooter.java:125)
at org.apache.maven.surefire.booter.ForkedBooter.main(ForkedBooter.java:417)
]]>
    </failure>
  </testcase> <!-- testQuestion6Countdown -->
  <testcase name="testQuestion6" time="1.143" classname="testModules.quizzes.quizzesTypes.QuizPersonalityTests"/>
  <testcase name="testQuizTitleResultScreenIsPresent" time="1.289" classname="testModules.quizzes.quizzesTypes.QuizPersonalityTests"/>
  <testcase name="testDescriptionsResultScreenArePresent" time="6.114" classname="testModules.quizzes.quizzesTypes.QuizPersonalityTests"/>
  <testcase name="testSearchPollQuiz" time="14.674" classname="testModules.quizzes.quizzesTypes.QuizPollTests"/>
  <testcase name="testCategoryDateIsPresent" time="3.144" classname="testModules.quizzes.quizzesTypes.QuizPollTests"/>
  <testcase name="testQuizTitleIsPresent" time="0.471" classname="testModules.quizzes.quizzesTypes.QuizPollTests"/>
  <testcase name="testSubTextIsPresent" time="0.841" classname="testModules.quizzes.quizzesTypes.QuizPollTests"/>
  <testcase name="testAuthorInfoIsPresent" time="0.734" classname="testModules.quizzes.quizzesTypes.QuizPollTests"/>
  <testcase name="testQuestionIsPresent" time="0.601" classname="testModules.quizzes.quizzesTypes.QuizPollTests"/>
  <testcase name="testTapAnswerFirstQuestion" time="1.795" classname="testModules.quizzes.quizzesTypes.QuizPollTests"/>
  <testcase name="testTapShareVoteButton" time="1.87" classname="testModules.quizzes.quizzesTypes.QuizPollTests"/>
  <testcase name="testTapCopyLinkAndToast" time="2.035" classname="testModules.quizzes.quizzesTypes.QuizPollTests"/>
  <testcase name="testTapViewResults" time="7.551" classname="testModules.quizzes.quizzesTypes.QuizPollTests"/>
  <testcase name="testTapGoBackAndVote" time="3.913" classname="testModules.quizzes.quizzesTypes.QuizPollTests"/>
  <testcase name="testTapAnswerSecondQuestion" time="3.19" classname="testModules.quizzes.quizzesTypes.QuizPollTests"/>
  <testcase name="testSearchPredetQuiz" time="15.457" classname="testModules.quizzes.quizzesTypes.QuizPredetTests"/>
  <testcase name="testSubTextIsPresent" time="2.267" classname="testModules.quizzes.quizzesTypes.QuizPredetTests"/>
  <testcase name="testAuthorInfoIsPresent" time="0.485" classname="testModules.quizzes.quizzesTypes.QuizPredetTests"/>
  <testcase name="testPlayWithFriendsButton" time="1.422" classname="testModules.quizzes.quizzesTypes.QuizPredetTests"/>
  <testcase name="testPlayNowButton" time="1.274" classname="testModules.quizzes.quizzesTypes.QuizPredetTests"/>
  <testcase name="testProgressBarFirstQ" time="1.207" classname="testModules.quizzes.quizzesTypes.QuizPredetTests">
    <failure type="java.lang.AssertionError" message="expected [1 of 14] but found [Sponsored Ad
Sleep Innovations 4-inch Dual Layer Gel Memory Foam Enhanced Support, King, Made in the US Mattress Topper
4.5 out of 5 stars.
28622 customer reviews.]">
      <![CDATA[java.lang.AssertionError: expected [1 of 14] but found [Sponsored Ad
Sleep Innovations 4-inch Dual Layer Gel Memory Foam Enhanced Support, King, Made in the US Mattress Topper
4.5 out of 5 stars.
28622 customer reviews.]
at org.testng.Assert.fail(Assert.java:99)
at org.testng.Assert.failNotEquals(Assert.java:1037)
at org.testng.Assert.assertEqualsImpl(Assert.java:140)
at org.testng.Assert.assertEquals(Assert.java:122)
at org.testng.Assert.assertEquals(Assert.java:629)
at org.testng.Assert.assertEquals(Assert.java:639)
at testModules.quizzes.quizzesTypes.QuizPredetTests.testProgressBarFirstQ(QuizPredetTests.java:67)
at sun.reflect.NativeMethodAccessorImpl.invoke0(Native Method)
at sun.reflect.NativeMethodAccessorImpl.invoke(NativeMethodAccessorImpl.java:62)
at sun.reflect.DelegatingMethodAccessorImpl.invoke(DelegatingMethodAccessorImpl.java:43)
at java.lang.reflect.Method.invoke(Method.java:498)
at org.testng.internal.MethodInvocationHelper.invokeMethod(MethodInvocationHelper.java:133)
at org.testng.internal.TestInvoker.invokeMethod(TestInvoker.java:598)
at org.testng.internal.TestInvoker.invokeTestMethod(TestInvoker.java:173)
at org.testng.internal.MethodRunner.runInSequence(MethodRunner.java:46)
at org.testng.internal.TestInvoker$MethodInvocationAgent.invoke(TestInvoker.java:824)
at org.testng.internal.TestInvoker.invokeTestMethods(TestInvoker.java:146)
at org.testng.internal.TestMethodWorker.invokeTestMethods(TestMethodWorker.java:146)
at org.testng.internal.TestMethodWorker.run(TestMethodWorker.java:128)
at java.util.ArrayList.forEach(ArrayList.java:1259)
at org.testng.TestRunner.privateRun(TestRunner.java:794)
at org.testng.TestRunner.run(TestRunner.java:596)
at org.testng.SuiteRunner.runTest(SuiteRunner.java:377)
at org.testng.SuiteRunner.runSequentially(SuiteRunner.java:371)
at org.testng.SuiteRunner.privateRun(SuiteRunner.java:332)
at org.testng.SuiteRunner.run(SuiteRunner.java:276)
at org.testng.SuiteRunnerWorker.runSuite(SuiteRunnerWorker.java:53)
at org.testng.SuiteRunnerWorker.run(SuiteRunnerWorker.java:96)
at org.testng.TestNG.runSuitesSequentially(TestNG.java:1212)
at org.testng.TestNG.runSuitesSequentially(TestNG.java:1207)
at org.testng.TestNG.runSuitesLocally(TestNG.java:1134)
at org.testng.TestNG.runSuites(TestNG.java:1063)
at org.testng.TestNG.run(TestNG.java:1031)
at org.apache.maven.surefire.testng.TestNGExecutor.run(TestNGExecutor.java:283)
at org.apache.maven.surefire.testng.TestNGXmlTestSuite.execute(TestNGXmlTestSuite.java:75)
at org.apache.maven.surefire.testng.TestNGProvider.invoke(TestNGProvider.java:120)
at org.apache.maven.surefire.booter.ForkedBooter.invokeProviderInSameClassLoader(ForkedBooter.java:383)
at org.apache.maven.surefire.booter.ForkedBooter.runSuitesInProcess(ForkedBooter.java:344)
at org.apache.maven.surefire.booter.ForkedBooter.execute(ForkedBooter.java:125)
at org.apache.maven.surefire.booter.ForkedBooter.main(ForkedBooter.java:417)
]]>
    </failure>
  </testcase> <!-- testProgressBarFirstQ -->
  <testcase name="testSendFirstAnswer" time="1.15" classname="testModules.quizzes.quizzesTypes.QuizPredetTests"/>
  <testcase name="testCorrectTextIsPresent" time="1.077" classname="testModules.quizzes.quizzesTypes.QuizPredetTests"/>
  <testcase name="testFirstAnswerTextIsPresent" time="0.502" classname="testModules.quizzes.quizzesTypes.QuizPredetTests"/>
  <testcase name="testNextButtonGoodAnswerIsPresent" time="0.485" classname="testModules.quizzes.quizzesTypes.QuizPredetTests"/>
  <testcase name="testTapNextGoodAnswerButton" time="0.995" classname="testModules.quizzes.quizzesTypes.QuizPredetTests"/>
  <testcase name="testProgressBarSecondQ" time="1.178" classname="testModules.quizzes.quizzesTypes.QuizPredetTests">
    <failure type="java.lang.AssertionError" message="expected [2 of 14] but found [Sponsored Ad
Sleep Innovations 4-inch Dual Layer Gel Memory Foam Enhanced Support, King, Made in the US Mattress Topper
4.5 out of 5 stars.
28622 customer reviews.]">
      <![CDATA[java.lang.AssertionError: expected [2 of 14] but found [Sponsored Ad
Sleep Innovations 4-inch Dual Layer Gel Memory Foam Enhanced Support, King, Made in the US Mattress Topper
4.5 out of 5 stars.
28622 customer reviews.]
at org.testng.Assert.fail(Assert.java:99)
at org.testng.Assert.failNotEquals(Assert.java:1037)
at org.testng.Assert.assertEqualsImpl(Assert.java:140)
at org.testng.Assert.assertEquals(Assert.java:122)
at org.testng.Assert.assertEquals(Assert.java:629)
at org.testng.Assert.assertEquals(Assert.java:639)
at testModules.quizzes.quizzesTypes.QuizPredetTests.testProgressBarSecondQ(QuizPredetTests.java:111)
at sun.reflect.NativeMethodAccessorImpl.invoke0(Native Method)
at sun.reflect.NativeMethodAccessorImpl.invoke(NativeMethodAccessorImpl.java:62)
at sun.reflect.DelegatingMethodAccessorImpl.invoke(DelegatingMethodAccessorImpl.java:43)
at java.lang.reflect.Method.invoke(Method.java:498)
at org.testng.internal.MethodInvocationHelper.invokeMethod(MethodInvocationHelper.java:133)
at org.testng.internal.TestInvoker.invokeMethod(TestInvoker.java:598)
at org.testng.internal.TestInvoker.invokeTestMethod(TestInvoker.java:173)
at org.testng.internal.MethodRunner.runInSequence(MethodRunner.java:46)
at org.testng.internal.TestInvoker$MethodInvocationAgent.invoke(TestInvoker.java:824)
at org.testng.internal.TestInvoker.invokeTestMethods(TestInvoker.java:146)
at org.testng.internal.TestMethodWorker.invokeTestMethods(TestMethodWorker.java:146)
at org.testng.internal.TestMethodWorker.run(TestMethodWorker.java:128)
at java.util.ArrayList.forEach(ArrayList.java:1259)
at org.testng.TestRunner.privateRun(TestRunner.java:794)
at org.testng.TestRunner.run(TestRunner.java:596)
at org.testng.SuiteRunner.runTest(SuiteRunner.java:377)
at org.testng.SuiteRunner.runSequentially(SuiteRunner.java:371)
at org.testng.SuiteRunner.privateRun(SuiteRunner.java:332)
at org.testng.SuiteRunner.run(SuiteRunner.java:276)
at org.testng.SuiteRunnerWorker.runSuite(SuiteRunnerWorker.java:53)
at org.testng.SuiteRunnerWorker.run(SuiteRunnerWorker.java:96)
at org.testng.TestNG.runSuitesSequentially(TestNG.java:1212)
at org.testng.TestNG.runSuitesSequentially(TestNG.java:1207)
at org.testng.TestNG.runSuitesLocally(TestNG.java:1134)
at org.testng.TestNG.runSuites(TestNG.java:1063)
at org.testng.TestNG.run(TestNG.java:1031)
at org.apache.maven.surefire.testng.TestNGExecutor.run(TestNGExecutor.java:283)
at org.apache.maven.surefire.testng.TestNGXmlTestSuite.execute(TestNGXmlTestSuite.java:75)
at org.apache.maven.surefire.testng.TestNGProvider.invoke(TestNGProvider.java:120)
at org.apache.maven.surefire.booter.ForkedBooter.invokeProviderInSameClassLoader(ForkedBooter.java:383)
at org.apache.maven.surefire.booter.ForkedBooter.runSuitesInProcess(ForkedBooter.java:344)
at org.apache.maven.surefire.booter.ForkedBooter.execute(ForkedBooter.java:125)
at org.apache.maven.surefire.booter.ForkedBooter.main(ForkedBooter.java:417)
]]>
    </failure>
  </testcase> <!-- testProgressBarSecondQ -->
  <testcase name="testSendSecondAnswer" time="1.159" classname="testModules.quizzes.quizzesTypes.QuizPredetTests"/>
  <testcase name="testWrongTextIsPresent" time="2.461" classname="testModules.quizzes.quizzesTypes.QuizPredetTests"/>
  <testcase name="testSecondAnswerTextIsPresent" time="0.599" classname="testModules.quizzes.quizzesTypes.QuizPredetTests"/>
  <testcase name="testNextButtonWrongAnswerIsPresent" time="0.587" classname="testModules.quizzes.quizzesTypes.QuizPredetTests"/>
  <testcase name="testTapNextWrongAnswerButton" time="1.062" classname="testModules.quizzes.quizzesTypes.QuizPredetTests"/>
  <testcase name="testCompletingQuiz" time="3.048" classname="testModules.quizzes.quizzesTypes.QuizPredetTests"/>
  <testcase name="testCompletingQuiz" time="3.0" classname="testModules.quizzes.quizzesTypes.QuizPredetTests"/>
  <testcase name="testCompletingQuiz" time="3.154" classname="testModules.quizzes.quizzesTypes.QuizPredetTests"/>
  <testcase name="testCompletingQuiz" time="3.894" classname="testModules.quizzes.quizzesTypes.QuizPredetTests"/>
  <testcase name="testCompletingQuiz" time="3.015" classname="testModules.quizzes.quizzesTypes.QuizPredetTests"/>
  <testcase name="testCompletingQuiz" time="3.052" classname="testModules.quizzes.quizzesTypes.QuizPredetTests"/>
  <testcase name="testCompletingQuiz" time="4.082" classname="testModules.quizzes.quizzesTypes.QuizPredetTests"/>
  <testcase name="testCompletingQuiz" time="3.083" classname="testModules.quizzes.quizzesTypes.QuizPredetTests"/>
  <testcase name="testCompletingQuiz" time="3.233" classname="testModules.quizzes.quizzesTypes.QuizPredetTests"/>
  <testcase name="testCompletingQuiz" time="3.351" classname="testModules.quizzes.quizzesTypes.QuizPredetTests"/>
  <testcase name="testCompletingQuiz" time="4.401" classname="testModules.quizzes.quizzesTypes.QuizPredetTests"/>
  <testcase name="testCompletingQuiz" time="3.95" classname="testModules.quizzes.quizzesTypes.QuizPredetTests"/>
  <testcase name="testQuizTitleResultScreenIsPresent" time="3.743" classname="testModules.quizzes.quizzesTypes.QuizPredetTests"/>
  <testcase name="testSearchTriviaQuiz" time="21.642" classname="testModules.quizzes.quizzesTypes.QuizTriviaTests"/>
  <testcase name="testQuizTitleIsPresentAtBeginning" time="4.864" classname="testModules.quizzes.quizzesTypes.QuizTriviaTests"/>
  <testcase name="testImageIsPresent" time="2.457" classname="testModules.quizzes.quizzesTypes.QuizTriviaTests"/>
  <testcase name="testSubTextIsPresent" time="0.753" classname="testModules.quizzes.quizzesTypes.QuizTriviaTests"/>
  <testcase name="testAuthorInfoIsPresent" time="0.737" classname="testModules.quizzes.quizzesTypes.QuizTriviaTests"/>
  <testcase name="testPlayWithFriendsButton" time="1.603" classname="testModules.quizzes.quizzesTypes.QuizTriviaTests"/>
  <testcase name="testPlayNowButton" time="1.978" classname="testModules.quizzes.quizzesTypes.QuizTriviaTests"/>
  <testcase name="testProgressBar1" time="1.538" classname="testModules.quizzes.quizzesTypes.QuizTriviaTests"/>
  <testcase name="testSendFirstAnswer" time="6.034" classname="testModules.quizzes.quizzesTypes.QuizTriviaTests"/>
  <testcase name="testCorrectTextIsPresent" time="1.735" classname="testModules.quizzes.quizzesTypes.QuizTriviaTests"/>
  <testcase name="testFirstAnswerTextIsPresent" time="0.702" classname="testModules.quizzes.quizzesTypes.QuizTriviaTests"/>
  <testcase name="testNextButtonIsPresent" time="0.706" classname="testModules.quizzes.quizzesTypes.QuizTriviaTests"/>
  <testcase name="testTapNextButton" time="1.312" classname="testModules.quizzes.quizzesTypes.QuizTriviaTests"/>
  <testcase name="testIntermediateAnswers" time="9.816" classname="testModules.quizzes.quizzesTypes.QuizTriviaTests"/>
  <testcase name="testIntermediateAnswers" time="10.365" classname="testModules.quizzes.quizzesTypes.QuizTriviaTests"/>
  <testcase name="testIntermediateAnswers" time="10.209" classname="testModules.quizzes.quizzesTypes.QuizTriviaTests"/>
  <testcase name="testIntermediateAnswers" time="11.159" classname="testModules.quizzes.quizzesTypes.QuizTriviaTests"/>
  <testcase name="testIntermediateAnswers" time="11.914" classname="testModules.quizzes.quizzesTypes.QuizTriviaTests"/>
  <testcase name="testIntermediateAnswers" time="13.018" classname="testModules.quizzes.quizzesTypes.QuizTriviaTests"/>
  <testcase name="testIntermediateAnswers" time="13.643" classname="testModules.quizzes.quizzesTypes.QuizTriviaTests"/>
  <testcase name="testIntermediateAnswers" time="13.141" classname="testModules.quizzes.quizzesTypes.QuizTriviaTests"/>
  <testcase name="testIntermediateAnswers" time="13.164" classname="testModules.quizzes.quizzesTypes.QuizTriviaTests"/>
  <testcase name="testIntermediateAnswers" time="13.661" classname="testModules.quizzes.quizzesTypes.QuizTriviaTests"/>
  <testcase name="testIntermediateAnswers" time="14.906" classname="testModules.quizzes.quizzesTypes.QuizTriviaTests"/>
  <testcase name="testIntermediateAnswers" time="16.623" classname="testModules.quizzes.quizzesTypes.QuizTriviaTests"/>
  <testcase name="testProgressBar14" time="3.816" classname="testModules.quizzes.quizzesTypes.QuizTriviaTests"/>
  <testcase name="testSendLatestAnswer" time="7.892" classname="testModules.quizzes.quizzesTypes.QuizTriviaTests"/>
  <testcase name="testIGiveUpButtonIsPresent" time="1.739" classname="testModules.quizzes.quizzesTypes.QuizTriviaTests"/>
  <testcase name="testTapIGiveUpButton" time="3.485" classname="testModules.quizzes.quizzesTypes.QuizTriviaTests"/>
  <testcase name="testWrongTextIsPresent" time="4.31" classname="testModules.quizzes.quizzesTypes.QuizTriviaTests"/>
  <testcase name="testLatestAnswerTextIsPresent" time="3.991" classname="testModules.quizzes.quizzesTypes.QuizTriviaTests"/>
  <testcase name="testQuizTitleResultScreenIsPresent" time="6.114" classname="testModules.quizzes.quizzesTypes.QuizTriviaTests"/>
  <testcase name="testScoreTextResultScreenIsPresent" time="4.878" classname="testModules.quizzes.quizzesTypes.QuizTriviaTests"/>
  <testcase name="testResultsTextIsPresent" time="3.317" classname="testModules.quizzes.quizzesTypes.QuizTriviaTests"/>
  <testcase name="testResultsDescriptionTextIsPresent" time="2.905" classname="testModules.quizzes.quizzesTypes.QuizTriviaTests"/>
  <testcase name="@AfterSuite tearDown" time="0.0" classname="config.InitTest">
    <ignored/>
  </testcase> <!-- @AfterSuite tearDown -->
  <testcase name="@AfterSuite tearDown" time="0.0" classname="config.InitTest">
    <ignored/>
  </testcase> <!-- @AfterSuite tearDown -->
  <testcase name="@AfterSuite tearDown" time="0.0" classname="config.InitTest">
    <ignored/>
  </testcase> <!-- @AfterSuite tearDown -->
  <testcase name="@AfterSuite tearDown" time="0.0" classname="config.InitTest">
    <ignored/>
  </testcase> <!-- @AfterSuite tearDown -->
  <testcase name="@BeforeSuite setUpTest" time="0.0" classname="config.InitTest">
    <ignored/>
  </testcase> <!-- @BeforeSuite setUpTest -->
  <testcase name="@BeforeSuite setUpTest" time="0.0" classname="config.InitTest">
    <ignored/>
  </testcase> <!-- @BeforeSuite setUpTest -->
  <testcase name="@BeforeSuite setUpTest" time="0.0" classname="config.InitTest">
    <ignored/>
  </testcase> <!-- @BeforeSuite setUpTest -->
  <testcase name="@BeforeSuite setUpTest" time="0.0" classname="config.InitTest">
    <ignored/>
  </testcase> <!-- @BeforeSuite setUpTest -->
</testsuite> <!-- Quizzes -->
