<?xml version="1.0" encoding="UTF-8"?>
<!-- Generated by org.testng.reporters.JUnitXMLReporter -->
<testsuite ignored="0" hostname="Gabrielas-MacBook-Pro.local" failures="0" tests="37" name="iPhone16" time="103.395" errors="0" timestamp="2025-03-04T23:12:49 ART">
  <testcase classname="testModules.editions.AustraliaEditionTests" name="@BeforeClass signInOnFstLaunch" time="6.516">
    <failure type="org.openqa.selenium.NoSuchElementException" message="An element could not be located on the page using the given search parameters.
For documentation on this error, please visit: https://www.selenium.dev/documentation/webdriver/troubleshooting/errors#no-such-element-exception
Build info: version: &amp;apos;4.13.0&amp;apos;, revision: &amp;apos;ba948ece5b*&amp;apos;
System info: os.name: &amp;apos;Mac OS X&amp;apos;, os.arch: &amp;apos;x86_64&amp;apos;, os.version: &amp;apos;14.7.4&amp;apos;, java.version: &amp;apos;11.0.21&amp;apos;
Driver info: io.appium.java_client.ios.IOSDriver
Command: [7ae35e50-7e26-4ae3-9aeb-2f79142d29dc, findElement {using=accessibility id, value=Continue as guest}]
Capabilities {appium:app: /Users/gabrielaconde/Librar..., appium:autoAcceptAlerts: true, appium:autoGrantPermissions: true, appium:automationName: XCuiTest, appium:databaseEnabled: false, appium:deviceName: iPhone 16 Pro, appium:fullReset: false, appium:javascriptEnabled: true, appium:locale: US, appium:locationContextEnabled: false, appium:networkConnectionEnabled: false, appium:noReset: true, appium:platformVersion: 18.0, appium:region: US, appium:showXcodeLog: true, appium:takesScreenshot: true, appium:udid: 2579C626-F206-4E6C-B03A-AB4..., appium:webStorageEnabled: false, platformName: IOS}
Session ID: 7ae35e50-7e26-4ae3-9aeb-2f79142d29dc">
      <![CDATA[org.openqa.selenium.NoSuchElementException: An element could not be located on the page using the given search parameters.
For documentation on this error, please visit: https://www.selenium.dev/documentation/webdriver/troubleshooting/errors#no-such-element-exception
Build info: version: '4.13.0', revision: 'ba948ece5b*'
System info: os.name: 'Mac OS X', os.arch: 'x86_64', os.version: '14.7.4', java.version: '11.0.21'
Driver info: io.appium.java_client.ios.IOSDriver
Command: [7ae35e50-7e26-4ae3-9aeb-2f79142d29dc, findElement {using=accessibility id, value=Continue as guest}]
Capabilities {appium:app: /Users/gabrielaconde/Librar..., appium:autoAcceptAlerts: true, appium:autoGrantPermissions: true, appium:automationName: XCuiTest, appium:databaseEnabled: false, appium:deviceName: iPhone 16 Pro, appium:fullReset: false, appium:javascriptEnabled: true, appium:locale: US, appium:locationContextEnabled: false, appium:networkConnectionEnabled: false, appium:noReset: true, appium:platformVersion: 18.0, appium:region: US, appium:showXcodeLog: true, appium:takesScreenshot: true, appium:udid: 2579C626-F206-4E6C-B03A-AB4..., appium:webStorageEnabled: false, platformName: IOS}
Session ID: 7ae35e50-7e26-4ae3-9aeb-2f79142d29dc
at java.base/jdk.internal.reflect.NativeConstructorAccessorImpl.newInstance0(Native Method)
at java.base/jdk.internal.reflect.NativeConstructorAccessorImpl.newInstance(NativeConstructorAccessorImpl.java:62)
at java.base/jdk.internal.reflect.DelegatingConstructorAccessorImpl.newInstance(DelegatingConstructorAccessorImpl.java:45)
at java.base/java.lang.reflect.Constructor.newInstance(Constructor.java:490)
at org.openqa.selenium.remote.codec.w3c.W3CHttpResponseCodec.createException(W3CHttpResponseCodec.java:200)
at org.openqa.selenium.remote.codec.w3c.W3CHttpResponseCodec.decode(W3CHttpResponseCodec.java:133)
at org.openqa.selenium.remote.codec.w3c.W3CHttpResponseCodec.decode(W3CHttpResponseCodec.java:52)
at org.openqa.selenium.remote.HttpCommandExecutor.execute(HttpCommandExecutor.java:191)
at io.appium.java_client.remote.AppiumCommandExecutor.execute(AppiumCommandExecutor.java:250)
at org.openqa.selenium.remote.RemoteWebDriver.execute(RemoteWebDriver.java:602)
at org.openqa.selenium.remote.ElementLocation$ElementFinder$2.findElement(ElementLocation.java:165)
at org.openqa.selenium.remote.ElementLocation.findElement(ElementLocation.java:59)
at org.openqa.selenium.remote.RemoteWebDriver.findElement(RemoteWebDriver.java:359)
at org.openqa.selenium.remote.RemoteWebDriver.findElement(RemoteWebDriver.java:353)
at config.pages.CommonPage.tapOnGuestSignIn(CommonPage.java:338)
at testModules.editions.AustraliaEditionTests.signInOnFstLaunch(AustraliaEditionTests.java:20)
at java.base/jdk.internal.reflect.NativeMethodAccessorImpl.invoke0(Native Method)
at java.base/jdk.internal.reflect.NativeMethodAccessorImpl.invoke(NativeMethodAccessorImpl.java:62)
at java.base/jdk.internal.reflect.DelegatingMethodAccessorImpl.invoke(DelegatingMethodAccessorImpl.java:43)
at java.base/java.lang.reflect.Method.invoke(Method.java:566)
at org.testng.internal.invokers.MethodInvocationHelper.invokeMethod(MethodInvocationHelper.java:135)
at org.testng.internal.invokers.MethodInvocationHelper.invokeMethodConsideringTimeout(MethodInvocationHelper.java:65)
at org.testng.internal.invokers.ConfigInvoker.invokeConfigurationMethod(ConfigInvoker.java:381)
at org.testng.internal.invokers.ConfigInvoker.invokeConfigurations(ConfigInvoker.java:319)
at org.testng.internal.invokers.TestMethodWorker.invokeBeforeClassMethods(TestMethodWorker.java:178)
at org.testng.internal.invokers.TestMethodWorker.run(TestMethodWorker.java:122)
at java.base/java.util.ArrayList.forEach(ArrayList.java:1541)
at org.testng.TestRunner.privateRun(TestRunner.java:808)
at org.testng.TestRunner.run(TestRunner.java:603)
at org.testng.SuiteRunner.runTest(SuiteRunner.java:429)
at org.testng.SuiteRunner.runSequentially(SuiteRunner.java:423)
at org.testng.SuiteRunner.privateRun(SuiteRunner.java:383)
at org.testng.SuiteRunner.run(SuiteRunner.java:326)
at org.testng.SuiteRunnerWorker.runSuite(SuiteRunnerWorker.java:52)
at org.testng.SuiteRunnerWorker.run(SuiteRunnerWorker.java:95)
at org.testng.TestNG.runSuitesSequentially(TestNG.java:1249)
at org.testng.TestNG.runSuitesSequentially(TestNG.java:1244)
at org.testng.TestNG.runSuitesLocally(TestNG.java:1169)
at org.testng.TestNG.runSuites(TestNG.java:1092)
at org.testng.TestNG.run(TestNG.java:1060)
at org.apache.maven.surefire.testng.TestNGExecutor.run(TestNGExecutor.java:283)
at org.apache.maven.surefire.testng.TestNGXmlTestSuite.execute(TestNGXmlTestSuite.java:75)
at org.apache.maven.surefire.testng.TestNGProvider.invoke(TestNGProvider.java:120)
at org.apache.maven.surefire.booter.ForkedBooter.invokeProviderInSameClassLoader(ForkedBooter.java:383)
at org.apache.maven.surefire.booter.ForkedBooter.runSuitesInProcess(ForkedBooter.java:344)
at org.apache.maven.surefire.booter.ForkedBooter.execute(ForkedBooter.java:125)
at org.apache.maven.surefire.booter.ForkedBooter.main(ForkedBooter.java:417)
]]>
    </failure>
  </testcase> <!-- @BeforeClass signInOnFstLaunch -->
  <testcase classname="basePackage.Base" name="@AfterClass tearSuite" time="0.0">
    <skipped/>
  </testcase> <!-- @AfterClass tearSuite -->
  <testcase classname="testModules.editions.AustraliaEditionTests" name="testAustraliaEditionIsPresent" time="0.0">
    <skipped/>
  </testcase> <!-- testAustraliaEditionIsPresent -->
  <testcase classname="testModules.editions.AustraliaEditionTests" name="testLatestSubTab" time="0.0">
    <skipped/>
  </testcase> <!-- testLatestSubTab -->
  <testcase classname="testModules.editions.AustraliaEditionTests" name="testTrendingSubTab" time="0.0">
    <skipped/>
  </testcase> <!-- testTrendingSubTab -->
  <testcase classname="testModules.editions.AustraliaEditionTests" name="testFunnyTweetsSubTab" time="0.0">
    <skipped/>
  </testcase> <!-- testFunnyTweetsSubTab -->
  <testcase classname="testModules.editions.AustraliaEditionTests" name="testGamesSubTab" time="0.0">
    <skipped/>
  </testcase> <!-- testGamesSubTab -->
  <testcase classname="testModules.editions.AustraliaEditionTests" name="testLatestsSubTab" time="0.0">
    <skipped/>
  </testcase> <!-- testLatestsSubTab -->
  <testcase classname="testModules.editions.AustraliaEditionTests" name="testRandomSubTab" time="0.0">
    <skipped/>
  </testcase> <!-- testRandomSubTab -->
  <testcase classname="testModules.editions.AustraliaEditionTests" name="testGossipSubTab" time="0.0">
    <skipped/>
  </testcase> <!-- testGossipSubTab -->
  <testcase classname="testModules.editions.AustraliaEditionTests" name="testGayStuffpSubTab" time="0.0">
    <skipped/>
  </testcase> <!-- testGayStuffpSubTab -->
  <testcase classname="testModules.editions.AustraliaEditionTests" name="tapOnMore1" time="0.0">
    <skipped/>
  </testcase> <!-- tapOnMore1 -->
  <testcase classname="testModules.editions.AustraliaEditionTests" name="testEntertainmentSubTab" time="0.0">
    <skipped/>
  </testcase> <!-- testEntertainmentSubTab -->
  <testcase classname="testModules.editions.AustraliaEditionTests" name="testAnimalsSubTab" time="0.0">
    <skipped/>
  </testcase> <!-- testAnimalsSubTab -->
  <testcase classname="testModules.editions.AustraliaEditionTests" name="testBooksSubTab" time="0.0">
    <skipped/>
  </testcase> <!-- testBooksSubTab -->
  <testcase classname="testModules.editions.AustraliaEditionTests" name="testFoodSubTab" time="0.0">
    <skipped/>
  </testcase> <!-- testFoodSubTab -->
  <testcase classname="testModules.editions.AustraliaEditionTests" name="testCommunitySubTab" time="0.001">
    <skipped/>
  </testcase> <!-- testCommunitySubTab -->
  <testcase classname="testModules.editions.AustraliaEditionTests" name="testMusicSubTab" time="0.0">
    <skipped/>
  </testcase> <!-- testMusicSubTab -->
  <testcase classname="testModules.editions.AustraliaEditionTests" name="testNiftySubTab" time="0.0">
    <skipped/>
  </testcase> <!-- testNiftySubTab -->
  <testcase classname="testModules.editions.AustraliaEditionTests" name="testParentsSubTab" time="0.0">
    <skipped/>
  </testcase> <!-- testParentsSubTab -->
  <testcase classname="testModules.editions.AustraliaEditionTests" name="testRewindSubTab" time="0.0">
    <skipped/>
  </testcase> <!-- testRewindSubTab -->
  <testcase classname="testModules.editions.AustraliaEditionTests" name="testStyleSubTab" time="0.0">
    <skipped/>
  </testcase> <!-- testStyleSubTab -->
  <testcase classname="testModules.editions.AustraliaEditionTests" name="testTravelHomeSubTab" time="0.0">
    <skipped/>
  </testcase> <!-- testTravelHomeSubTab -->
  <testcase classname="testModules.editions.AustraliaEditionTests" name="testTravelSubTab" time="0.0">
    <skipped/>
  </testcase> <!-- testTravelSubTab -->
  <testcase classname="testModules.editions.AustraliaEditionTests" name="testGoingNewsTab" time="0.001">
    <skipped/>
  </testcase> <!-- testGoingNewsTab -->
  <testcase classname="testModules.editions.AustraliaEditionTests" name="testGoingToQuizzesTab" time="0.0">
    <skipped/>
  </testcase> <!-- testGoingToQuizzesTab -->
  <testcase classname="testModules.editions.AustraliaEditionTests" name="testTapOnTrendingCategory" time="0.0">
    <skipped/>
  </testcase> <!-- testTapOnTrendingCategory -->
  <testcase classname="testModules.editions.AustraliaEditionTests" name="testTapOnTriviaCategory" time="0.0">
    <skipped/>
  </testcase> <!-- testTapOnTriviaCategory -->
  <testcase classname="testModules.editions.AustraliaEditionTests" name="testCanWeGuess" time="0.0">
    <skipped/>
  </testcase> <!-- testCanWeGuess -->
  <testcase classname="testModules.editions.AustraliaEditionTests" name="testOnMore" time="0.0">
    <skipped/>
  </testcase> <!-- testOnMore -->
  <testcase classname="testModules.editions.AustraliaEditionTests" name="testTapOnTaylorSwift" time="0.0">
    <skipped/>
  </testcase> <!-- testTapOnTaylorSwift -->
  <testcase classname="testModules.editions.AustraliaEditionTests" name="testTapOnMarvel" time="0.0">
    <skipped/>
  </testcase> <!-- testTapOnMarvel -->
  <testcase classname="testModules.editions.AustraliaEditionTests" name="testTapOnZodiac" time="0.0">
    <skipped/>
  </testcase> <!-- testTapOnZodiac -->
  <testcase classname="testModules.editions.AustraliaEditionTests" name="testTapOnHarryPotter" time="0.0">
    <skipped/>
  </testcase> <!-- testTapOnHarryPotter -->
  <testcase classname="testModules.editions.AustraliaEditionTests" name="testTapOnAnime" time="0.001">
    <skipped/>
  </testcase> <!-- testTapOnAnime -->
  <testcase classname="testModules.editions.AustraliaEditionTests" name="testTapOnKPop" time="0.0">
    <skipped/>
  </testcase> <!-- testTapOnKPop -->
  <testcase classname="testModules.editions.AustraliaEditionTests" name="testTapOnGeography" time="0.0">
    <skipped/>
  </testcase> <!-- testTapOnGeography -->
  <testcase classname="testModules.editions.AustraliaEditionTests" name="testTapOnChecklist" time="0.0">
    <skipped/>
  </testcase> <!-- testTapOnChecklist -->
  <testcase classname="testModules.editions.AustraliaEditionTests" name="tapGamesTab" time="0.0">
    <skipped/>
  </testcase> <!-- tapGamesTab -->
</testsuite> <!-- iPhone16 -->
