<?xml version="1.0" encoding="UTF-8"?>
<!-- Generated by org.testng.reporters.JUnitXMLReporter -->
<testsuite ignored="0" hostname="Gabrielas-MBP.fibertel.com.ar" failures="1" tests="64" name="iPhone15 Plus" time="494.13" errors="0" timestamp="2024-10-31T09:50:40 ART">
  <testcase classname="testModules.editions.AllEditionsLambda" name="testAustraliaEditionIsPresent" time="6.593"/>
  <testcase classname="testModules.editions.AllEditionsLambda" name="testGoingNewsTab" time="4.502"/>
  <testcase classname="testModules.editions.AllEditionsLambda" name="testGoingToQuizzesTab" time="4.609"/>
  <testcase classname="testModules.editions.AllEditionsLambda" name="testTapOnTrendingCategory" time="8.754"/>
  <testcase classname="testModules.editions.AllEditionsLambda" name="testTapOnTriviaCategory" time="8.857"/>
  <testcase classname="testModules.editions.AllEditionsLambda" name="testCanWeGuess" time="10.129"/>
  <testcase classname="testModules.editions.AllEditionsLambda" name="testTapPolls" time="9.062"/>
  <testcase classname="testModules.editions.AllEditionsLambda" name="testOnMore" time="4.534"/>
  <testcase classname="testModules.editions.AllEditionsLambda" name="testTapOnTaylorSwift" time="8.924"/>
  <testcase classname="testModules.editions.AllEditionsLambda" name="testTapOnMarvel" time="8.76"/>
  <testcase classname="testModules.editions.AllEditionsLambda" name="testTapOnZodiac" time="8.605"/>
  <testcase classname="testModules.editions.AllEditionsLambda" name="testTapOnHarryPotter" time="9.006"/>
  <testcase classname="testModules.editions.AllEditionsLambda" name="testTapOnAnime" time="8.663"/>
  <testcase classname="testModules.editions.AllEditionsLambda" name="testTapOnKPop" time="8.705"/>
  <testcase classname="testModules.editions.AllEditionsLambda" name="testTapOnGeography" time="7.036"/>
  <testcase classname="testModules.editions.AllEditionsLambda" name="testTapOnChecklist" time="24.991"/>
  <testcase classname="testModules.editions.AllEditionsLambda" name="tapGamesTab" time="2.735"/>
  <testcase classname="testModules.editions.AllEditionsLambda" name="testCanadaEditionIsPresent" time="8.606"/>
  <testcase classname="testModules.editions.AllEditionsLambda" name="testGoingNewsTabOnCanada" time="2.245"/>
  <testcase classname="testModules.editions.AllEditionsLambda" name="testGoingToQuizzesTabOnCanada" time="4.96"/>
  <testcase classname="testModules.editions.AllEditionsLambda" name="testTapOnTrendingCategoryOnCanada" time="8.883"/>
  <testcase classname="testModules.editions.AllEditionsLambda" name="testTapOnShowdownOnCanada" time="9.141"/>
  <testcase classname="testModules.editions.AllEditionsLambda" name="testTapOnTriviaCategoryOnCanada" time="11.13"/>
  <testcase classname="testModules.editions.AllEditionsLambda" name="testTapOnCanWeGuessCategory" time="8.869"/>
  <testcase classname="testModules.editions.AllEditionsLambda" name="testTapPollsOnCanada" time="12.045"/>
  <testcase classname="testModules.editions.AllEditionsLambda" name="testOnMoreOnCanada" time="5.117"/>
  <testcase classname="testModules.editions.AllEditionsLambda" name="testTapOnTaylorSwiftOnCanada" time="8.871"/>
  <testcase classname="testModules.editions.AllEditionsLambda" name="testTapOnMarvelOnCanada" time="8.622"/>
  <testcase classname="testModules.editions.AllEditionsLambda" name="testTapOnZodiacOnCanada" time="9.099"/>
  <testcase classname="testModules.editions.AllEditionsLambda" name="testTapOnHarryPotterOnCanada" time="9.521"/>
  <testcase classname="testModules.editions.AllEditionsLambda" name="testTapOnAnimeOnCanada" time="8.733"/>
  <testcase classname="testModules.editions.AllEditionsLambda" name="testTapOnKPopOnCanada" time="8.545"/>
  <testcase classname="testModules.editions.AllEditionsLambda" name="testTapOnGeographyOnCanada" time="8.864"/>
  <testcase classname="testModules.editions.AllEditionsLambda" name="testTapOnChecklistOnCanada" time="8.591"/>
  <testcase classname="testModules.editions.AllEditionsLambda" name="tapGamesTabOnCanada" time="2.641"/>
  <testcase classname="testModules.editions.AllEditionsLambda" name="testIndiaEditionIsPresent" time="6.309"/>
  <testcase classname="testModules.editions.AllEditionsLambda" name="testGoingNewsTabOnIndia" time="1.672"/>
  <testcase classname="testModules.editions.AllEditionsLambda" name="testGoingToQuizzesTabOnJapan" time="4.329">
    <failure type="java.lang.AssertionError" message="expected [true] but found [false]">
      <![CDATA[java.lang.AssertionError: expected [true] but found [false]
at org.testng.Assert.fail(Assert.java:110)
at org.testng.Assert.failNotEquals(Assert.java:1413)
at org.testng.Assert.assertTrue(Assert.java:56)
at org.testng.Assert.assertTrue(Assert.java:66)
at testModules.editions.AllEditionsLambda.testGoingToQuizzesTabOnJapan(AllEditionsLambda.java:750)
at java.base/jdk.internal.reflect.DirectMethodHandleAccessor.invoke(DirectMethodHandleAccessor.java:103)
at java.base/java.lang.reflect.Method.invoke(Method.java:580)
at org.testng.internal.invokers.MethodInvocationHelper.invokeMethod(MethodInvocationHelper.java:135)
at org.testng.internal.invokers.TestInvoker.invokeMethod(TestInvoker.java:673)
at org.testng.internal.invokers.TestInvoker.invokeTestMethod(TestInvoker.java:220)
at org.testng.internal.invokers.MethodRunner.runInSequence(MethodRunner.java:50)
at org.testng.internal.invokers.TestInvoker$MethodInvocationAgent.invoke(TestInvoker.java:945)
at org.testng.internal.invokers.TestInvoker.invokeTestMethods(TestInvoker.java:193)
at org.testng.internal.invokers.TestMethodWorker.invokeTestMethods(TestMethodWorker.java:146)
at org.testng.internal.invokers.TestMethodWorker.run(TestMethodWorker.java:128)
at java.base/java.util.ArrayList.forEach(ArrayList.java:1596)
at org.testng.TestRunner.privateRun(TestRunner.java:808)
at org.testng.TestRunner.run(TestRunner.java:603)
at org.testng.SuiteRunner.runTest(SuiteRunner.java:429)
at org.testng.SuiteRunner.access$000(SuiteRunner.java:32)
at org.testng.SuiteRunner$SuiteWorker.run(SuiteRunner.java:467)
at org.testng.internal.thread.ThreadUtil.lambda$execute$0(ThreadUtil.java:58)
at java.base/java.util.concurrent.FutureTask.run(FutureTask.java:317)
at java.base/java.util.concurrent.ThreadPoolExecutor.runWorker(ThreadPoolExecutor.java:1144)
at java.base/java.util.concurrent.ThreadPoolExecutor$Worker.run(ThreadPoolExecutor.java:642)
at java.base/java.lang.Thread.run(Thread.java:1583)
]]>
    </failure>
  </testcase> <!-- testGoingToQuizzesTabOnJapan -->
  <testcase classname="testModules.editions.AllEditionsLambda" name="testGoingToQuizzesTabOnIndia" time="1.349"/>
  <testcase classname="testModules.editions.AllEditionsLambda" name="testTapOnTrendingCategoryOnIndia" time="4.735"/>
  <testcase classname="testModules.editions.AllEditionsLambda" name="tapGamesTabOnIndia" time="2.56"/>
  <testcase classname="testModules.editions.AllEditionsLambda" name="testUKEditionIsPresent" time="7.788"/>
  <testcase classname="testModules.editions.AllEditionsLambda" name="testGoingNewsTabOnUK" time="1.289"/>
  <testcase classname="testModules.editions.AllEditionsLambda" name="testGoingToQuizzesTabOnUK" time="1.155"/>
  <testcase classname="testModules.editions.AllEditionsLambda" name="testTapOnTrendingCategoryOnUK" time="4.73"/>
  <testcase classname="testModules.editions.AllEditionsLambda" name="testTapOnAIQuizzesOnUK" time="4.708"/>
  <testcase classname="testModules.editions.AllEditionsLambda" name="testTapOnTriviaCategoryOnUK" time="5.252"/>
  <testcase classname="testModules.editions.AllEditionsLambda" name="testTapCanWeGuessOnUK" time="5.771"/>
  <testcase classname="testModules.editions.AllEditionsLambda" name="testTapPollsOnUK" time="4.92"/>
  <testcase classname="testModules.editions.AllEditionsLambda" name="testOnMoreOnUK" time="5.583"/>
  <testcase classname="testModules.editions.AllEditionsLambda" name="testTapOnTaylorSwiftOnUK" time="7.614"/>
  <testcase classname="testModules.editions.AllEditionsLambda" name="testTapOnMarvelOnUK" time="6.532"/>
  <testcase classname="testModules.editions.AllEditionsLambda" name="testTapOnZodiacOnUK" time="6.652"/>
  <testcase classname="testModules.editions.AllEditionsLambda" name="testTapOnHarryPotterOnUK" time="8.47"/>
  <testcase classname="testModules.editions.AllEditionsLambda" name="testTapOnAnimeOnUK" time="6.716"/>
  <testcase classname="testModules.editions.AllEditionsLambda" name="testTapOnKPopOnUK" time="6.633"/>
  <testcase classname="testModules.editions.AllEditionsLambda" name="testTapOnGeographyOnUK" time="8.116"/>
  <testcase classname="testModules.editions.AllEditionsLambda" name="testTapOnChecklistOnUK" time="7.122"/>
  <testcase classname="testModules.editions.AllEditionsLambda" name="tapGamesTabOnUk" time="4.641"/>
  <testcase classname="testModules.editions.AllEditionsLambda" name="testLatamEditionIsPresent" time="9.398"/>
  <testcase classname="testModules.editions.AllEditionsLambda" name="testLoUltimoSubTab" time="0.0"/>
  <testcase classname="testModules.editions.AllEditionsLambda" name="testTendenciasSubTab" time="6.693"/>
  <testcase classname="testModules.editions.AllEditionsLambda" name="testJapanEditionIsPresent" time="9.847"/>
  <testcase classname="testModules.editions.AllEditionsLambda" name="testShoppingTab" time="4.44"/>
</testsuite> <!-- iPhone15 Plus -->
