<?xml version="1.0" encoding="UTF-8"?>
<!-- Generated by org.testng.reporters.JUnitXMLReporter -->
<testsuite hostname="Gabrielas-MBP.fibertel.com.ar" ignored="8" name="Home" tests="68" failures="2" timestamp="2023-08-09T10:17:19 ART" time="665.328" errors="0">
  <testcase name="testAllowButton" time="17.316" classname="testModules.home.HomeLatestNewNavTests"/>
  <testcase name="enableVisualFeedExp" time="36.642" classname="testModules.home.HomeLatestNewNavTests"/>
  <testcase name="validateGamesTab" time="7.469" classname="testModules.home.HomeLatestNewNavTests"/>
  <testcase name="verifyBuzzFeedLogo" time="2.307" classname="testModules.home.HomeLatestNewNavTests"/>
  <testcase name="tapSplash" time="3.174" classname="testModules.home.HomeLatestNewNavTests"/>
  <testcase name="tapFirstBpage" time="9.511" classname="testModules.home.HomeLatestNewNavTests"/>
  <testcase name="tapItemsShoppingPackage" time="4.091" classname="testModules.home.HomeLatestNewNavTests"/>
  <testcase name="validateTrendingVideos" time="4.795" classname="testModules.home.HomeLatestNewNavTests"/>
  <testcase name="openTrendingModal" time="41.061" classname="testModules.home.HomeLatestNewNavTests"/>
  <testcase name="tapOnRecentlyViewed" time="8.978" classname="testModules.home.HomeLatestNewNavTests"/>
  <testcase name="tapOnTrending" time="2.863" classname="testModules.home.HomeLatestNewNavTests"/>
  <testcase name="tapOnAIQuizzes" time="3.082" classname="testModules.home.HomeLatestNewNavTests"/>
  <testcase name="tapOnVideos" time="2.787" classname="testModules.home.HomeLatestNewNavTests"/>
  <testcase name="tapOnShows" time="2.885" classname="testModules.home.HomeLatestNewNavTests"/>
  <testcase name="tapOnMore1" time="1.105" classname="testModules.home.HomeLatestNewNavTests"/>
  <testcase name="tapOnEntertainment" time="6.116" classname="testModules.home.HomeLatestNewNavTests"/>
  <testcase name="tapOnTVAndMovies" time="8.281" classname="testModules.home.HomeLatestNewNavTests"/>
  <testcase name="tapOnAnimals" time="5.948" classname="testModules.home.HomeLatestNewNavTests"/>
  <testcase name="tapOnBooks" time="6.34" classname="testModules.home.HomeLatestNewNavTests"/>
  <testcase name="tapOnCelebrity" time="5.812" classname="testModules.home.HomeLatestNewNavTests"/>
  <testcase name="tapOnComunity" time="6.132" classname="testModules.home.HomeLatestNewNavTests"/>
  <testcase name="tapOnFood" time="7.209" classname="testModules.home.HomeLatestNewNavTests"/>
  <testcase name="tapOnLGBTQ" time="6.468" classname="testModules.home.HomeLatestNewNavTests"/>
  <testcase name="tapOnMusic" time="9.234" classname="testModules.home.HomeLatestNewNavTests"/>
  <testcase name="tapOnNifty" time="6.534" classname="testModules.home.HomeLatestNewNavTests"/>
  <testcase name="tapOnParents" time="7.144" classname="testModules.home.HomeLatestNewNavTests"/>
  <testcase name="tapOnRewind" time="6.837" classname="testModules.home.HomeLatestNewNavTests"/>
  <testcase name="tapOnStyle" time="7.865" classname="testModules.home.HomeLatestNewNavTests"/>
  <testcase name="tapOnTravel" time="9.808" classname="testModules.home.HomeLatestNewNavTests"/>
  <testcase name="moveToNewsTab" time="0.908" classname="testModules.home.HomeLatestNewNavTests"/>
  <testcase name="tapNewsSplash" time="3.893" classname="testModules.home.HomeLatestNewNavTests"/>
  <testcase name="tapFstNewsCell" time="3.851" classname="testModules.home.HomeLatestNewNavTests"/>
  <testcase name="tapGamesTab" time="2.762" classname="testModules.home.HomeLatestNewNavTests"/>
  <testcase name="testFail" time="0.001" classname="testModules.home.HomeLatestNewNavTests">
    <failure type="java.lang.AssertionError" message="expected [true] but found [false]">
      <![CDATA[java.lang.AssertionError: expected [true] but found [false]
at org.testng.Assert.fail(Assert.java:99)
at org.testng.Assert.failNotEquals(Assert.java:1037)
at org.testng.Assert.assertTrue(Assert.java:45)
at org.testng.Assert.assertTrue(Assert.java:55)
at testModules.home.HomeLatestNewNavTests.testFail(HomeLatestNewNavTests.java:503)
at sun.reflect.NativeMethodAccessorImpl.invoke0(Native Method)
at sun.reflect.NativeMethodAccessorImpl.invoke(NativeMethodAccessorImpl.java:62)
at sun.reflect.DelegatingMethodAccessorImpl.invoke(DelegatingMethodAccessorImpl.java:43)
at java.lang.reflect.Method.invoke(Method.java:498)
at org.testng.internal.MethodInvocationHelper.invokeMethod(MethodInvocationHelper.java:133)
at org.testng.internal.TestInvoker.invokeMethod(TestInvoker.java:598)
at org.testng.internal.TestInvoker.invokeTestMethod(TestInvoker.java:173)
at org.testng.internal.MethodRunner.runInSequence(MethodRunner.java:46)
at org.testng.internal.TestInvoker$MethodInvocationAgent.invoke(TestInvoker.java:824)
at org.testng.internal.TestInvoker.invokeTestMethods(TestInvoker.java:146)
at org.testng.internal.TestMethodWorker.invokeTestMethods(TestMethodWorker.java:146)
at org.testng.internal.TestMethodWorker.run(TestMethodWorker.java:128)
at java.util.ArrayList.forEach(ArrayList.java:1259)
at org.testng.TestRunner.privateRun(TestRunner.java:794)
at org.testng.TestRunner.run(TestRunner.java:596)
at org.testng.SuiteRunner.runTest(SuiteRunner.java:377)
at org.testng.SuiteRunner.runSequentially(SuiteRunner.java:371)
at org.testng.SuiteRunner.privateRun(SuiteRunner.java:332)
at org.testng.SuiteRunner.run(SuiteRunner.java:276)
at org.testng.SuiteRunnerWorker.runSuite(SuiteRunnerWorker.java:53)
at org.testng.SuiteRunnerWorker.run(SuiteRunnerWorker.java:96)
at org.testng.TestNG.runSuitesSequentially(TestNG.java:1212)
at org.testng.TestNG.runSuitesSequentially(TestNG.java:1207)
at org.testng.TestNG.runSuitesLocally(TestNG.java:1134)
at org.testng.TestNG.runSuites(TestNG.java:1063)
at org.testng.TestNG.run(TestNG.java:1031)
at org.apache.maven.surefire.testng.TestNGExecutor.run(TestNGExecutor.java:283)
at org.apache.maven.surefire.testng.TestNGXmlTestSuite.execute(TestNGXmlTestSuite.java:75)
at org.apache.maven.surefire.testng.TestNGProvider.invoke(TestNGProvider.java:120)
at org.apache.maven.surefire.booter.ForkedBooter.invokeProviderInSameClassLoader(ForkedBooter.java:383)
at org.apache.maven.surefire.booter.ForkedBooter.runSuitesInProcess(ForkedBooter.java:344)
at org.apache.maven.surefire.booter.ForkedBooter.execute(ForkedBooter.java:125)
at org.apache.maven.surefire.booter.ForkedBooter.main(ForkedBooter.java:417)
]]>
    </failure>
  </testcase> <!-- testFail -->
  <testcase name="validateCommentsButton" time="20.224" classname="testModules.home.HomeTrendingVisualFeed"/>
  <testcase name="validateBookmarksButton" time="41.059" classname="testModules.home.HomeTrendingVisualFeed"/>
  <testcase name="validateShareButton" time="8.996" classname="testModules.home.HomeTrendingVisualFeed"/>
  <testcase name="validateViewsButton" time="7.987" classname="testModules.home.HomeTrendingVisualFeed"/>
  <testcase name="validateAuthorButton" time="6.724" classname="testModules.home.HomeTrendingVisualFeed"/>
  <testcase name="scrollDownOnVisualFeed" time="75.93" classname="testModules.home.HomeTrendingVisualFeed"/>
  <testcase name="isContinueReadingLblDisplayed" time="2.683" classname="testModules.home.HomeTrendingVisualFeed"/>
  <testcase name="tapOnLifeBtn" time="5.706" classname="testModules.home.HomeTrendingVisualFeed"/>
  <testcase name="tapOnVideosBtn" time="5.535" classname="testModules.home.HomeTrendingVisualFeed"/>
  <testcase name="tapOnCelebrityBtn" time="5.582" classname="testModules.home.HomeTrendingVisualFeed"/>
  <testcase name="tapOnAnimalsBtn" time="5.693" classname="testModules.home.HomeTrendingVisualFeed"/>
  <testcase name="tapOnFoodBtn" time="5.617" classname="testModules.home.HomeTrendingVisualFeed"/>
  <testcase name="tapOnMusicBtn" time="5.754" classname="testModules.home.HomeTrendingVisualFeed">
    <failure type="org.openqa.selenium.NoSuchElementException" message="An element could not be located on the page using the given search parameters.
For documentation on this error, please visit: https://www.seleniumhq.org/exceptions/no_such_element.html
Build info: version: &amp;apos;3.141.59&amp;apos;, revision: &amp;apos;e82be7d358&amp;apos;, time: &amp;apos;2018-11-14T08:17:03&amp;apos;
System info: host: &amp;apos;Gabrielas-MBP.fibertel.com.ar&amp;apos;, ip: &amp;apos;fe80:0:0:0:d:69e7:b03e:6e5%en0&amp;apos;, os.name: &amp;apos;Mac OS X&amp;apos;, os.arch: &amp;apos;x86_64&amp;apos;, os.version: &amp;apos;13.3.1&amp;apos;, java.version: &amp;apos;1.8.0_322&amp;apos;
Driver info: io.appium.java_client.ios.IOSDriver
Capabilities {app: /Users/gabrielaconde/Librar..., automationName: XCUITest, browserName: , databaseEnabled: false, deviceName: iPhone 14 Pro, fullReset: false, javascriptEnabled: true, locationContextEnabled: false, networkConnectionEnabled: false, noReset: true, platform: MAC, platformName: iOS, platformVersion: 16.4, shouldTerminateApp: true, takesScreenshot: true, udid: 06E2C02A-F2BA-45A6-8B24-98D..., webStorageEnabled: false}
Session ID: b63a9e85-d9a2-4702-9b4b-9c528a6f484b
*** Element info: {Using=accessibility id, value=Home}">
      <![CDATA[org.openqa.selenium.NoSuchElementException: An element could not be located on the page using the given search parameters.
For documentation on this error, please visit: https://www.seleniumhq.org/exceptions/no_such_element.html
Build info: version: '3.141.59', revision: 'e82be7d358', time: '2018-11-14T08:17:03'
System info: host: 'Gabrielas-MBP.fibertel.com.ar', ip: 'fe80:0:0:0:d:69e7:b03e:6e5%en0', os.name: 'Mac OS X', os.arch: 'x86_64', os.version: '13.3.1', java.version: '1.8.0_322'
Driver info: io.appium.java_client.ios.IOSDriver
Capabilities {app: /Users/gabrielaconde/Librar..., automationName: XCUITest, browserName: , databaseEnabled: false, deviceName: iPhone 14 Pro, fullReset: false, javascriptEnabled: true, locationContextEnabled: false, networkConnectionEnabled: false, noReset: true, platform: MAC, platformName: iOS, platformVersion: 16.4, shouldTerminateApp: true, takesScreenshot: true, udid: 06E2C02A-F2BA-45A6-8B24-98D..., webStorageEnabled: false}
Session ID: b63a9e85-d9a2-4702-9b4b-9c528a6f484b
*** Element info: {Using=accessibility id, value=Home}
at sun.reflect.GeneratedConstructorAccessor12.newInstance(Unknown Source)
at sun.reflect.DelegatingConstructorAccessorImpl.newInstance(DelegatingConstructorAccessorImpl.java:45)
at java.lang.reflect.Constructor.newInstance(Constructor.java:423)
at org.openqa.selenium.remote.http.W3CHttpResponseCodec.createException(W3CHttpResponseCodec.java:187)
at org.openqa.selenium.remote.http.W3CHttpResponseCodec.decode(W3CHttpResponseCodec.java:122)
at org.openqa.selenium.remote.http.W3CHttpResponseCodec.decode(W3CHttpResponseCodec.java:49)
at org.openqa.selenium.remote.HttpCommandExecutor.execute(HttpCommandExecutor.java:158)
at io.appium.java_client.remote.AppiumCommandExecutor.execute(AppiumCommandExecutor.java:239)
at org.openqa.selenium.remote.RemoteWebDriver.execute(RemoteWebDriver.java:552)
at io.appium.java_client.DefaultGenericMobileDriver.execute(DefaultGenericMobileDriver.java:42)
at io.appium.java_client.AppiumDriver.execute(AppiumDriver.java:1)
at io.appium.java_client.ios.IOSDriver.execute(IOSDriver.java:1)
at org.openqa.selenium.remote.RemoteWebDriver.findElement(RemoteWebDriver.java:323)
at io.appium.java_client.DefaultGenericMobileDriver.findElement(DefaultGenericMobileDriver.java:62)
at io.appium.java_client.AppiumDriver.findElement(AppiumDriver.java:1)
at io.appium.java_client.ios.IOSDriver.findElement(IOSDriver.java:1)
at io.appium.java_client.FindsByAccessibilityId.findElementByAccessibilityId(FindsByAccessibilityId.java:37)
at io.appium.java_client.MobileBy$ByAccessibilityId.findElement(MobileBy.java:342)
at org.openqa.selenium.remote.RemoteWebDriver.findElement(RemoteWebDriver.java:315)
at io.appium.java_client.DefaultGenericMobileDriver.findElement(DefaultGenericMobileDriver.java:58)
at io.appium.java_client.AppiumDriver.findElement(AppiumDriver.java:1)
at io.appium.java_client.ios.IOSDriver.findElement(IOSDriver.java:1)
at config.pages.home.HomeLatestPage.backHome(HomeLatestPage.java:245)
at testModules.home.HomeTrendingVisualFeed.tapOnMusicBtn(HomeTrendingVisualFeed.java:136)
at sun.reflect.NativeMethodAccessorImpl.invoke0(Native Method)
at sun.reflect.NativeMethodAccessorImpl.invoke(NativeMethodAccessorImpl.java:62)
at sun.reflect.DelegatingMethodAccessorImpl.invoke(DelegatingMethodAccessorImpl.java:43)
at java.lang.reflect.Method.invoke(Method.java:498)
at org.testng.internal.MethodInvocationHelper.invokeMethod(MethodInvocationHelper.java:133)
at org.testng.internal.TestInvoker.invokeMethod(TestInvoker.java:598)
at org.testng.internal.TestInvoker.invokeTestMethod(TestInvoker.java:173)
at org.testng.internal.MethodRunner.runInSequence(MethodRunner.java:46)
at org.testng.internal.TestInvoker$MethodInvocationAgent.invoke(TestInvoker.java:824)
at org.testng.internal.TestInvoker.invokeTestMethods(TestInvoker.java:146)
at org.testng.internal.TestMethodWorker.invokeTestMethods(TestMethodWorker.java:146)
at org.testng.internal.TestMethodWorker.run(TestMethodWorker.java:128)
at java.util.ArrayList.forEach(ArrayList.java:1259)
at org.testng.TestRunner.privateRun(TestRunner.java:794)
at org.testng.TestRunner.run(TestRunner.java:596)
at org.testng.SuiteRunner.runTest(SuiteRunner.java:377)
at org.testng.SuiteRunner.runSequentially(SuiteRunner.java:371)
at org.testng.SuiteRunner.privateRun(SuiteRunner.java:332)
at org.testng.SuiteRunner.run(SuiteRunner.java:276)
at org.testng.SuiteRunnerWorker.runSuite(SuiteRunnerWorker.java:53)
at org.testng.SuiteRunnerWorker.run(SuiteRunnerWorker.java:96)
at org.testng.TestNG.runSuitesSequentially(TestNG.java:1212)
at org.testng.TestNG.runSuitesSequentially(TestNG.java:1207)
at org.testng.TestNG.runSuitesLocally(TestNG.java:1134)
at org.testng.TestNG.runSuites(TestNG.java:1063)
at org.testng.TestNG.run(TestNG.java:1031)
at org.apache.maven.surefire.testng.TestNGExecutor.run(TestNGExecutor.java:283)
at org.apache.maven.surefire.testng.TestNGXmlTestSuite.execute(TestNGXmlTestSuite.java:75)
at org.apache.maven.surefire.testng.TestNGProvider.invoke(TestNGProvider.java:120)
at org.apache.maven.surefire.booter.ForkedBooter.invokeProviderInSameClassLoader(ForkedBooter.java:383)
at org.apache.maven.surefire.booter.ForkedBooter.runSuitesInProcess(ForkedBooter.java:344)
at org.apache.maven.surefire.booter.ForkedBooter.execute(ForkedBooter.java:125)
at org.apache.maven.surefire.booter.ForkedBooter.main(ForkedBooter.java:417)
]]>
    </failure>
  </testcase> <!-- tapOnMusicBtn -->
  <testcase name="isGamesLblDisplayed" time="10.856" classname="testModules.home.GamesFeed"/>
  <testcase name="arePyramidSchemeElementsDisplayed" time="0.969" classname="testModules.home.GamesFeed"/>
  <testcase name="validateTappingOnPyramidScheme" time="2.489" classname="testModules.home.GamesFeed"/>
  <testcase name="validateTappingOnQuizParty" time="2.559" classname="testModules.home.GamesFeed"/>
  <testcase name="validateTappingOnTrivia" time="2.932" classname="testModules.home.GamesFeed"/>
  <testcase name="validateTappingOnWhoDis" time="3.058" classname="testModules.home.GamesFeed"/>
  <testcase name="validateTappingOnNepogochi" time="6.327" classname="testModules.home.GamesFeed"/>
  <testcase name="tapShows" time="105.775" classname="testModules.home.ShowsSubTabTests"/>
  <testcase name="tapQuizzesTab" time="0.859" classname="testModules.quizzes.QuizzesLatestTests"/>
  <testcase name="verifyQuizzesHeaderIsPresent" time="0.468" classname="testModules.quizzes.QuizzesLatestTests"/>
  <testcase name="tapSplash" time="3.547" classname="testModules.quizzes.QuizzesLatestTests"/>
  <testcase name="tapFirstCell" time="3.572" classname="testModules.quizzes.QuizzesLatestTests"/>
  <testcase name="tapOnAIQuizzes" time="3.217" classname="testModules.quizzes.QuizzesLatestTests"/>
  <testcase name="tapOnTrending" time="7.448" classname="testModules.quizzes.QuizzesLatestTests"/>
  <testcase name="tapOnTrivia" time="6.422" classname="testModules.quizzes.QuizzesLatestTests"/>
  <testcase name="tapOnCanWeGuess" time="6.794" classname="testModules.quizzes.QuizzesLatestTests"/>
  <testcase name="tapOnFood" time="7.311" classname="testModules.quizzes.QuizzesLatestTests"/>
  <testcase name="tapOnMore" time="1.105" classname="testModules.quizzes.QuizzesLatestTests"/>
  <testcase name="tapOnDisney" time="6.146" classname="testModules.quizzes.QuizzesLatestTests"/>
  <testcase name="tapOnWhoAreYou" time="5.731" classname="testModules.quizzes.QuizzesLatestTests"/>
  <testcase name="tapOnLove" time="8.577" classname="testModules.quizzes.QuizzesLatestTests"/>
  <testcase name="@AfterSuite tearDown" time="0.0" classname="config.InitTest">
    <ignored/>
  </testcase> <!-- @AfterSuite tearDown -->
  <testcase name="@AfterSuite tearDown" time="0.0" classname="config.InitTest">
    <ignored/>
  </testcase> <!-- @AfterSuite tearDown -->
  <testcase name="@AfterSuite tearDown" time="0.0" classname="config.InitTest">
    <ignored/>
  </testcase> <!-- @AfterSuite tearDown -->
  <testcase name="@AfterSuite tearDown" time="0.0" classname="config.InitTest">
    <ignored/>
  </testcase> <!-- @AfterSuite tearDown -->
  <testcase name="@BeforeSuite setUpTest" time="0.0" classname="config.InitTest">
    <ignored/>
  </testcase> <!-- @BeforeSuite setUpTest -->
  <testcase name="@BeforeSuite setUpTest" time="0.0" classname="config.InitTest">
    <ignored/>
  </testcase> <!-- @BeforeSuite setUpTest -->
  <testcase name="@BeforeSuite setUpTest" time="0.0" classname="config.InitTest">
    <ignored/>
  </testcase> <!-- @BeforeSuite setUpTest -->
  <testcase name="@BeforeSuite setUpTest" time="0.0" classname="config.InitTest">
    <ignored/>
  </testcase> <!-- @BeforeSuite setUpTest -->
</testsuite> <!-- Home -->
