<?xml version="1.0" encoding="UTF-8"?>
<!-- Generated by org.testng.reporters.JUnitXMLReporter -->
<testsuite ignored="0" hostname="Gabrielas-MBP.fibertel.com.ar" failures="1" tests="27" name="HomeiPhone14ProMax" time="276.145" errors="0" timestamp="2024-05-31T16:00:04 ART">
  <testcase classname="testModules.home.HomeLatestNewNavTests" name="signInOnFstLaunch" time="8.405"/>
  <testcase classname="testModules.home.HomeLatestNewNavTests" name="tapItemsShoppingPackage" time="6.137"/>
  <testcase classname="testModules.home.HomeLatestNewNavTests" name="tapCTALink" time="0.769">
    <failure type="org.openqa.selenium.NoSuchElementException" message="An element could not be located on the page using the given search parameters.
For documentation on this error, please visit: https://www.selenium.dev/documentation/webdriver/troubleshooting/errors#no-such-element-exception
Build info: version: &amp;apos;4.13.0&amp;apos;, revision: &amp;apos;ba948ece5b*&amp;apos;
System info: os.name: &amp;apos;Mac OS X&amp;apos;, os.arch: &amp;apos;x86_64&amp;apos;, os.version: &amp;apos;14.0&amp;apos;, java.version: &amp;apos;21.0.2&amp;apos;
Driver info: io.appium.java_client.ios.IOSDriver
Command: [040d679e-d296-4b81-a50f-75d68f93d650, findElement {using=accessibility id, value=See more shopping posts}]
Capabilities {appium:autoAcceptAlerts: true, appium:automationName: XCUITest, appium:bundleID: com.buzzfeed.buzzfeed-alpha, appium:bundleId: com.buzzfeed.buzzfeed-alpha, appium:databaseEnabled: false, appium:derivedDataPath: /Users/ltadmin/Documents/ap..., appium:deviceName: iPhone 14 Pro Max, appium:headless: false, appium:javascriptEnabled: true, appium:locale: US, appium:locationContextEnabled: false, appium:maxTypingFrequency: 7, appium:nativeWebScreenshot: true, appium:networkConnectionEnabled: false, appium:newCommandTimeout: 0, appium:noReset: false, appium:orientation: PORTRAIT, appium:platformVersion: 16, appium:takesScreenshot: true, appium:udid: 00008120-001024C91A8BC01E, appium:uiautomator2ServerLaunchTimeout: 60000, appium:usePrebuiltWDA: true, appium:waitForQuiescence: false, appium:wdaLocalPort: 11057, appium:wdaStartupRetries: 3, appium:webStorageEnabled: false, appium:webkitResponseTimeout: 20000, platformName: IOS}
Session ID: 040d679e-d296-4b81-a50f-75d68f93d650">
      <![CDATA[org.openqa.selenium.NoSuchElementException: An element could not be located on the page using the given search parameters.
For documentation on this error, please visit: https://www.selenium.dev/documentation/webdriver/troubleshooting/errors#no-such-element-exception
Build info: version: '4.13.0', revision: 'ba948ece5b*'
System info: os.name: 'Mac OS X', os.arch: 'x86_64', os.version: '14.0', java.version: '21.0.2'
Driver info: io.appium.java_client.ios.IOSDriver
Command: [040d679e-d296-4b81-a50f-75d68f93d650, findElement {using=accessibility id, value=See more shopping posts}]
Capabilities {appium:autoAcceptAlerts: true, appium:automationName: XCUITest, appium:bundleID: com.buzzfeed.buzzfeed-alpha, appium:bundleId: com.buzzfeed.buzzfeed-alpha, appium:databaseEnabled: false, appium:derivedDataPath: /Users/ltadmin/Documents/ap..., appium:deviceName: iPhone 14 Pro Max, appium:headless: false, appium:javascriptEnabled: true, appium:locale: US, appium:locationContextEnabled: false, appium:maxTypingFrequency: 7, appium:nativeWebScreenshot: true, appium:networkConnectionEnabled: false, appium:newCommandTimeout: 0, appium:noReset: false, appium:orientation: PORTRAIT, appium:platformVersion: 16, appium:takesScreenshot: true, appium:udid: 00008120-001024C91A8BC01E, appium:uiautomator2ServerLaunchTimeout: 60000, appium:usePrebuiltWDA: true, appium:waitForQuiescence: false, appium:wdaLocalPort: 11057, appium:wdaStartupRetries: 3, appium:webStorageEnabled: false, appium:webkitResponseTimeout: 20000, platformName: IOS}
Session ID: 040d679e-d296-4b81-a50f-75d68f93d650
at java.base/jdk.internal.reflect.DirectConstructorHandleAccessor.newInstance(DirectConstructorHandleAccessor.java:62)
at java.base/java.lang.reflect.Constructor.newInstanceWithCaller(Constructor.java:502)
at java.base/java.lang.reflect.Constructor.newInstance(Constructor.java:486)
at org.openqa.selenium.remote.codec.w3c.W3CHttpResponseCodec.createException(W3CHttpResponseCodec.java:200)
at org.openqa.selenium.remote.codec.w3c.W3CHttpResponseCodec.decode(W3CHttpResponseCodec.java:133)
at org.openqa.selenium.remote.codec.w3c.W3CHttpResponseCodec.decode(W3CHttpResponseCodec.java:52)
at org.openqa.selenium.remote.HttpCommandExecutor.execute(HttpCommandExecutor.java:191)
at io.appium.java_client.remote.AppiumCommandExecutor.execute(AppiumCommandExecutor.java:250)
at org.openqa.selenium.remote.RemoteWebDriver.execute(RemoteWebDriver.java:602)
at org.openqa.selenium.remote.ElementLocation$ElementFinder$2.findElement(ElementLocation.java:165)
at org.openqa.selenium.remote.ElementLocation.findElement(ElementLocation.java:59)
at org.openqa.selenium.remote.RemoteWebDriver.findElement(RemoteWebDriver.java:359)
at org.openqa.selenium.remote.RemoteWebDriver.findElement(RemoteWebDriver.java:353)
at config.pages.home.HomeLatestPage.tapOnCTALink(HomeLatestPage.java:237)
at testModules.home.HomeLatestNewNavTests.tapCTALink(HomeLatestNewNavTests.java:149)
at java.base/jdk.internal.reflect.DirectMethodHandleAccessor.invoke(DirectMethodHandleAccessor.java:103)
at java.base/java.lang.reflect.Method.invoke(Method.java:580)
at org.testng.internal.invokers.MethodInvocationHelper.invokeMethod(MethodInvocationHelper.java:135)
at org.testng.internal.invokers.TestInvoker.invokeMethod(TestInvoker.java:673)
at org.testng.internal.invokers.TestInvoker.invokeTestMethod(TestInvoker.java:220)
at org.testng.internal.invokers.MethodRunner.runInSequence(MethodRunner.java:50)
at org.testng.internal.invokers.TestInvoker$MethodInvocationAgent.invoke(TestInvoker.java:945)
at org.testng.internal.invokers.TestInvoker.invokeTestMethods(TestInvoker.java:193)
at org.testng.internal.invokers.TestMethodWorker.invokeTestMethods(TestMethodWorker.java:146)
at org.testng.internal.invokers.TestMethodWorker.run(TestMethodWorker.java:128)
at java.base/java.util.ArrayList.forEach(ArrayList.java:1596)
at org.testng.TestRunner.privateRun(TestRunner.java:808)
at org.testng.TestRunner.run(TestRunner.java:603)
at org.testng.SuiteRunner.runTest(SuiteRunner.java:429)
at org.testng.SuiteRunner.access$000(SuiteRunner.java:32)
at org.testng.SuiteRunner$SuiteWorker.run(SuiteRunner.java:467)
at org.testng.internal.thread.ThreadUtil.lambda$execute$0(ThreadUtil.java:58)
at java.base/java.util.concurrent.FutureTask.run(FutureTask.java:317)
at java.base/java.util.concurrent.ThreadPoolExecutor.runWorker(ThreadPoolExecutor.java:1144)
at java.base/java.util.concurrent.ThreadPoolExecutor$Worker.run(ThreadPoolExecutor.java:642)
at java.base/java.lang.Thread.run(Thread.java:1583)
]]>
    </failure>
  </testcase> <!-- tapCTALink -->
  <testcase classname="testModules.home.HomeLatestNewNavTests" name="tapOnTrending" time="8.957"/>
  <testcase classname="testModules.home.HomeLatestNewNavTests" name="tapOnFunnyTweets" time="4.823"/>
  <testcase classname="testModules.home.HomeLatestNewNavTests" name="tapOnGames" time="4.913"/>
  <testcase classname="testModules.home.HomeLatestNewNavTests" name="tapOnLatest" time="5.04"/>
  <testcase classname="testModules.home.HomeLatestNewNavTests" name="tapOnRandom" time="4.67"/>
  <testcase classname="testModules.home.HomeLatestNewNavTests" name="tapOnGossip" time="4.612"/>
  <testcase classname="testModules.home.HomeLatestNewNavTests" name="tapOnGayStuff" time="2.505"/>
  <testcase classname="testModules.home.HomeLatestNewNavTests" name="tapOnMore" time="1.369"/>
  <testcase classname="testModules.home.HomeLatestNewNavTests" name="tapOnVideos" time="6.64"/>
  <testcase classname="testModules.home.HomeLatestNewNavTests" name="tapOnEntentainment" time="4.635"/>
  <testcase classname="testModules.home.HomeLatestNewNavTests" name="tapOnTVAndMovies" time="4.612"/>
  <testcase classname="testModules.home.HomeLatestNewNavTests" name="tapOnAnimals" time="4.411"/>
  <testcase classname="testModules.home.HomeLatestNewNavTests" name="tapOnBooks" time="4.518"/>
  <testcase classname="testModules.home.HomeLatestNewNavTests" name="tapOnComunity" time="4.546"/>
  <testcase classname="testModules.home.HomeLatestNewNavTests" name="tapOnFood" time="4.898"/>
  <testcase classname="testModules.home.HomeLatestNewNavTests" name="tapOnMusic" time="4.644"/>
  <testcase classname="testModules.home.HomeLatestNewNavTests" name="tapOnNifty" time="4.799"/>
  <testcase classname="testModules.home.HomeLatestNewNavTests" name="tapOnParents" time="4.865"/>
  <testcase classname="testModules.home.HomeLatestNewNavTests" name="tapOnRewind" time="4.736"/>
  <testcase classname="testModules.home.HomeLatestNewNavTests" name="tapOnStyle" time="5.738"/>
  <testcase classname="testModules.home.HomeLatestNewNavTests" name="tapOnTravel" time="5.609"/>
  <testcase classname="testModules.home.HomeLatestNewNavTests" name="moveToNewsTab" time="3.356"/>
  <testcase classname="testModules.home.HomeLatestNewNavTests" name="tapNewsSplash" time="8.843"/>
  <testcase classname="testModules.home.HomeLatestNewNavTests" name="tapGamesTab" time="6.629"/>
</testsuite> <!-- HomeiPhone14ProMax -->
