<html>
<head>
<title>TestNG:  HomeiPhone14ProMax</title>
<link href="../testng.css" rel="stylesheet" type="text/css" />
<link href="../my-testng.css" rel="stylesheet" type="text/css" />

<style type="text/css">
.log { display: none;} 
.stack-trace { display: none;} 
</style>
<script type="text/javascript">
<!--
function flip(e) {
  current = e.style.display;
  if (current == 'block') {
    e.style.display = 'none';
    return 0;
  }
  else {
    e.style.display = 'block';
    return 1;
  }
}

function toggleBox(szDivId, elem, msg1, msg2)
{
  var res = -1;  if (document.getElementById) {
    res = flip(document.getElementById(szDivId));
  }
  else if (document.all) {
    // this is the way old msie versions work
    res = flip(document.all[szDivId]);
  }
  if(elem) {
    if(res == 0) elem.innerHTML = msg1; else elem.innerHTML = msg2;
  }

}

function toggleAllBoxes() {
  if (document.getElementsByTagName) {
    d = document.getElementsByTagName('div');
    for (i = 0; i < d.length; i++) {
      if (d[i].className == 'log') {
        flip(d[i]);
      }
    }
  }
}

// -->
</script>

</head>
<body>
<h2 align='center'>HomeiPhone14ProMax</h2><table border='1' align="center">
<tr>
<td>Tests passed/Failed/Skipped:</td><td>26/1/0</td>
</tr><tr>
<td>Started on:</td><td>Fri May 31 15:55:28 ART 2024</td>
</tr>
<tr><td>Total time:</td><td>276 seconds (276145 ms)</td>
</tr><tr>
<td>Included groups:</td><td></td>
</tr><tr>
<td>Excluded groups:</td><td></td>
</tr>
</table><p/>
<small><i>(Hover the method name to see the test class name)</i></small><p/>
<table width='100%' border='1' class='invocation-failed'>
<tr><td colspan='4' align='center'><b>FAILED TESTS</b></td></tr>
<tr><td><b>Test method</b></td>
<td width="30%"><b>Exception</b></td>
<td width="10%"><b>Time (seconds)</b></td>
<td><b>Instance</b></td>
</tr>
<tr>
<td title='testModules.home.HomeLatestNewNavTests.tapCTALink()'><b>tapCTALink</b><br>Test class: testModules.home.HomeLatestNewNavTests</td>
<td><div><pre>org.openqa.selenium.NoSuchElementException: An element could not be located on the page using the given search parameters.
For documentation on this error, please visit: https://www.selenium.dev/documentation/webdriver/troubleshooting/errors#no-such-element-exception
Build info: version: &apos;4.13.0&apos;, revision: &apos;ba948ece5b*&apos;
System info: os.name: &apos;Mac OS X&apos;, os.arch: &apos;x86_64&apos;, os.version: &apos;14.0&apos;, java.version: &apos;21.0.2&apos;
Driver info: io.appium.java_client.ios.IOSDriver
Command: [040d679e-d296-4b81-a50f-75d68f93d650, findElement {using=accessibility id, value=See more shopping posts}]
Capabilities {appium:autoAcceptAlerts: true, appium:automationName: XCUITest, appium:bundleID: com.buzzfeed.buzzfeed-alpha, appium:bundleId: com.buzzfeed.buzzfeed-alpha, appium:databaseEnabled: false, appium:derivedDataPath: /Users/ltadmin/Documents/ap..., appium:deviceName: iPhone 14 Pro Max, appium:headless: false, appium:javascriptEnabled: true, appium:locale: US, appium:locationContextEnabled: false, appium:maxTypingFrequency: 7, appium:nativeWebScreenshot: true, appium:networkConnectionEnabled: false, appium:newCommandTimeout: 0, appium:noReset: false, appium:orientation: PORTRAIT, appium:platformVersion: 16, appium:takesScreenshot: true, appium:udid: 00008120-001024C91A8BC01E, appium:uiautomator2ServerLaunchTimeout: 60000, appium:usePrebuiltWDA: true, appium:waitForQuiescence: false, appium:wdaLocalPort: 11057, appium:wdaStartupRetries: 3, appium:webStorageEnabled: false, appium:webkitResponseTimeout: 20000, platformName: IOS}
Session ID: 040d679e-d296-4b81-a50f-75d68f93d650
	at java.base/jdk.internal.reflect.DirectConstructorHandleAccessor.newInstance(DirectConstructorHandleAccessor.java:62)
	at java.base/java.lang.reflect.Constructor.newInstanceWithCaller(Constructor.java:502)
	at java.base/java.lang.reflect.Constructor.newInstance(Constructor.java:486)
	at org.openqa.selenium.remote.codec.w3c.W3CHttpResponseCodec.createException(W3CHttpResponseCodec.java:200)
	at org.openqa.selenium.remote.codec.w3c.W3CHttpResponseCodec.decode(W3CHttpResponseCodec.java:133)
	at org.openqa.selenium.remote.codec.w3c.W3CHttpResponseCodec.decode(W3CHttpResponseCodec.java:52)
	at org.openqa.selenium.remote.HttpCommandExecutor.execute(HttpCommandExecutor.java:191)
	at io.appium.java_client.remote.AppiumCommandExecutor.execute(AppiumCommandExecutor.java:250)
	at org.openqa.selenium.remote.RemoteWebDriver.execute(RemoteWebDriver.java:602)
	at org.openqa.selenium.remote.ElementLocation$ElementFinder$2.findElement(ElementLocation.java:165)
	at org.openqa.selenium.remote.ElementLocation.findElement(ElementLocation.java:59)
	at org.openqa.selenium.remote.RemoteWebDriver.findElement(RemoteWebDriver.java:359)
	at org.openqa.selenium.remote.RemoteWebDriver.findElement(RemoteWebDriver.java:353)
	at config.pages.home.HomeLatestPage.tapOnCTALink(HomeLatestPage.java:237)
	at testModules.home.HomeLatestNewNavTests.tapCTALink(HomeLatestNewNavTests.java:149)
	at java.base/jdk.internal.reflect.DirectMethodHandleAccessor.invoke(DirectMethodHandleAccessor.java:103)
	at java.base/java.lang.reflect.Method.invoke(Method.java:580)
	at org.testng.internal.invokers.MethodInvocationHelper.invokeMethod(MethodInvocationHelper.java:135)
	at org.testng.internal.invokers.TestInvoker.invokeMethod(TestInvoker.java:673)
	at org.testng.internal.invokers.TestInvoker.invokeTestMethod(TestInvoker.java:220)
	at org.testng.internal.invokers.MethodRunner.runInSequence(MethodRunner.java:50)
	at org.testng.internal.invokers.TestInvoker$MethodInvocationAgent.invoke(TestInvoker.java:945)
	at org.testng.internal.invokers.TestInvoker.invokeTestMethods(TestInvoker.java:193)
	at org.testng.internal.invokers.TestMethodWorker.invokeTestMethods(TestMethodWorker.java:146)
	at org.testng.internal.invokers.TestMethodWorker.run(TestMethodWorker.java:128)
	at java.base/java.util.ArrayList.forEach(ArrayList.java:1596)
	at org.testng.TestRunner.privateRun(TestRunner.java:808)
	at org.testng.TestRunner.run(TestRunner.java:603)
	at org.testng.SuiteRunner.runTest(SuiteRunner.java:429)
	at org.testng.SuiteRunner.access$000(SuiteRunner.java:32)
	at org.testng.SuiteRunner$SuiteWorker.run(SuiteRunner.java:467)
	at org.testng.internal.thread.ThreadUtil.lambda$execute$0(ThreadUtil.java:58)
	at java.base/java.util.concurrent.FutureTask.run(FutureTask.java:317)
	at java.base/java.util.concurrent.ThreadPoolExecutor.runWorker(ThreadPoolExecutor.java:1144)
	at java.base/java.util.concurrent.ThreadPoolExecutor$Worker.run(ThreadPoolExecutor.java:642)
	at java.base/java.lang.Thread.run(Thread.java:1583)
</pre></div><a href='#' onClick='toggleBox("stack-trace9996381", this, "Click to show all stack frames", "Click to hide stack frames")'>Click to show all stack frames</a>
<div class='stack-trace' id='stack-trace9996381'><pre>org.openqa.selenium.NoSuchElementException: An element could not be located on the page using the given search parameters.
For documentation on this error, please visit: https://www.selenium.dev/documentation/webdriver/troubleshooting/errors#no-such-element-exception
Build info: version: &apos;4.13.0&apos;, revision: &apos;ba948ece5b*&apos;
System info: os.name: &apos;Mac OS X&apos;, os.arch: &apos;x86_64&apos;, os.version: &apos;14.0&apos;, java.version: &apos;21.0.2&apos;
Driver info: io.appium.java_client.ios.IOSDriver
Command: [040d679e-d296-4b81-a50f-75d68f93d650, findElement {using=accessibility id, value=See more shopping posts}]
Capabilities {appium:autoAcceptAlerts: true, appium:automationName: XCUITest, appium:bundleID: com.buzzfeed.buzzfeed-alpha, appium:bundleId: com.buzzfeed.buzzfeed-alpha, appium:databaseEnabled: false, appium:derivedDataPath: /Users/ltadmin/Documents/ap..., appium:deviceName: iPhone 14 Pro Max, appium:headless: false, appium:javascriptEnabled: true, appium:locale: US, appium:locationContextEnabled: false, appium:maxTypingFrequency: 7, appium:nativeWebScreenshot: true, appium:networkConnectionEnabled: false, appium:newCommandTimeout: 0, appium:noReset: false, appium:orientation: PORTRAIT, appium:platformVersion: 16, appium:takesScreenshot: true, appium:udid: 00008120-001024C91A8BC01E, appium:uiautomator2ServerLaunchTimeout: 60000, appium:usePrebuiltWDA: true, appium:waitForQuiescence: false, appium:wdaLocalPort: 11057, appium:wdaStartupRetries: 3, appium:webStorageEnabled: false, appium:webkitResponseTimeout: 20000, platformName: IOS}
Session ID: 040d679e-d296-4b81-a50f-75d68f93d650
	at java.base/jdk.internal.reflect.DirectConstructorHandleAccessor.newInstance(DirectConstructorHandleAccessor.java:62)
	at java.base/java.lang.reflect.Constructor.newInstanceWithCaller(Constructor.java:502)
	at java.base/java.lang.reflect.Constructor.newInstance(Constructor.java:486)
	at org.openqa.selenium.remote.codec.w3c.W3CHttpResponseCodec.createException(W3CHttpResponseCodec.java:200)
	at org.openqa.selenium.remote.codec.w3c.W3CHttpResponseCodec.decode(W3CHttpResponseCodec.java:133)
	at org.openqa.selenium.remote.codec.w3c.W3CHttpResponseCodec.decode(W3CHttpResponseCodec.java:52)
	at org.openqa.selenium.remote.HttpCommandExecutor.execute(HttpCommandExecutor.java:191)
	at io.appium.java_client.remote.AppiumCommandExecutor.execute(AppiumCommandExecutor.java:250)
	at org.openqa.selenium.remote.RemoteWebDriver.execute(RemoteWebDriver.java:602)
	at org.openqa.selenium.remote.ElementLocation$ElementFinder$2.findElement(ElementLocation.java:165)
	at org.openqa.selenium.remote.ElementLocation.findElement(ElementLocation.java:59)
	at org.openqa.selenium.remote.RemoteWebDriver.findElement(RemoteWebDriver.java:359)
	at org.openqa.selenium.remote.RemoteWebDriver.findElement(RemoteWebDriver.java:353)
	at config.pages.home.HomeLatestPage.tapOnCTALink(HomeLatestPage.java:237)
	at testModules.home.HomeLatestNewNavTests.tapCTALink(HomeLatestNewNavTests.java:149)
	at java.base/jdk.internal.reflect.DirectMethodHandleAccessor.invoke(DirectMethodHandleAccessor.java:103)
	at java.base/java.lang.reflect.Method.invoke(Method.java:580)
	at org.testng.internal.invokers.MethodInvocationHelper.invokeMethod(MethodInvocationHelper.java:135)
	at org.testng.internal.invokers.TestInvoker.invokeMethod(TestInvoker.java:673)
	at org.testng.internal.invokers.TestInvoker.invokeTestMethod(TestInvoker.java:220)
	at org.testng.internal.invokers.MethodRunner.runInSequence(MethodRunner.java:50)
	at org.testng.internal.invokers.TestInvoker$MethodInvocationAgent.invoke(TestInvoker.java:945)
	at org.testng.internal.invokers.TestInvoker.invokeTestMethods(TestInvoker.java:193)
	at org.testng.internal.invokers.TestMethodWorker.invokeTestMethods(TestMethodWorker.java:146)
	at org.testng.internal.invokers.TestMethodWorker.run(TestMethodWorker.java:128)
	at java.base/java.util.ArrayList.forEach(ArrayList.java:1596)
	at org.testng.TestRunner.privateRun(TestRunner.java:808)
	at org.testng.TestRunner.run(TestRunner.java:603)
	at org.testng.SuiteRunner.runTest(SuiteRunner.java:429)
	at org.testng.SuiteRunner.access$000(SuiteRunner.java:32)
	at org.testng.SuiteRunner$SuiteWorker.run(SuiteRunner.java:467)
	at org.testng.internal.thread.ThreadUtil.lambda$execute$0(ThreadUtil.java:58)
	at java.base/java.util.concurrent.FutureTask.run(FutureTask.java:317)
	at java.base/java.util.concurrent.ThreadPoolExecutor.runWorker(ThreadPoolExecutor.java:1144)
	at java.base/java.util.concurrent.ThreadPoolExecutor$Worker.run(ThreadPoolExecutor.java:642)
	at java.base/java.lang.Thread.run(Thread.java:1583)
</pre></div></td>
<td>0</td>
<td>testModules.home.HomeLatestNewNavTests@21507a04</td></tr>
</table><p>
<table width='100%' border='1' class='invocation-passed'>
<tr><td colspan='4' align='center'><b>PASSED TESTS</b></td></tr>
<tr><td><b>Test method</b></td>
<td width="30%"><b>Exception</b></td>
<td width="10%"><b>Time (seconds)</b></td>
<td><b>Instance</b></td>
</tr>
<tr>
<td title='testModules.home.HomeLatestNewNavTests.tapOnParents()'><b>tapOnParents</b><br>Test class: testModules.home.HomeLatestNewNavTests</td>
<td></td>
<td>4</td>
<td>testModules.home.HomeLatestNewNavTests@21507a04</td></tr>
<tr>
<td title='testModules.home.HomeLatestNewNavTests.tapOnGayStuff()'><b>tapOnGayStuff</b><br>Test class: testModules.home.HomeLatestNewNavTests</td>
<td></td>
<td>2</td>
<td>testModules.home.HomeLatestNewNavTests@21507a04</td></tr>
<tr>
<td title='testModules.home.HomeLatestNewNavTests.tapOnEntentainment()'><b>tapOnEntentainment</b><br>Test class: testModules.home.HomeLatestNewNavTests</td>
<td></td>
<td>4</td>
<td>testModules.home.HomeLatestNewNavTests@21507a04</td></tr>
<tr>
<td title='testModules.home.HomeLatestNewNavTests.signInOnFstLaunch()'><b>signInOnFstLaunch</b><br>Test class: testModules.home.HomeLatestNewNavTests</td>
<td></td>
<td>8</td>
<td>testModules.home.HomeLatestNewNavTests@21507a04</td></tr>
<tr>
<td title='testModules.home.HomeLatestNewNavTests.tapOnMore()'><b>tapOnMore</b><br>Test class: testModules.home.HomeLatestNewNavTests</td>
<td></td>
<td>1</td>
<td>testModules.home.HomeLatestNewNavTests@21507a04</td></tr>
<tr>
<td title='testModules.home.HomeLatestNewNavTests.tapOnTravel()'><b>tapOnTravel</b><br>Test class: testModules.home.HomeLatestNewNavTests</td>
<td></td>
<td>5</td>
<td>testModules.home.HomeLatestNewNavTests@21507a04</td></tr>
<tr>
<td title='testModules.home.HomeLatestNewNavTests.tapOnTrending()'><b>tapOnTrending</b><br>Test class: testModules.home.HomeLatestNewNavTests</td>
<td></td>
<td>8</td>
<td>testModules.home.HomeLatestNewNavTests@21507a04</td></tr>
<tr>
<td title='testModules.home.HomeLatestNewNavTests.tapOnRewind()'><b>tapOnRewind</b><br>Test class: testModules.home.HomeLatestNewNavTests</td>
<td></td>
<td>4</td>
<td>testModules.home.HomeLatestNewNavTests@21507a04</td></tr>
<tr>
<td title='testModules.home.HomeLatestNewNavTests.tapOnTVAndMovies()'><b>tapOnTVAndMovies</b><br>Test class: testModules.home.HomeLatestNewNavTests</td>
<td></td>
<td>4</td>
<td>testModules.home.HomeLatestNewNavTests@21507a04</td></tr>
<tr>
<td title='testModules.home.HomeLatestNewNavTests.tapOnAnimals()'><b>tapOnAnimals</b><br>Test class: testModules.home.HomeLatestNewNavTests</td>
<td></td>
<td>4</td>
<td>testModules.home.HomeLatestNewNavTests@21507a04</td></tr>
<tr>
<td title='testModules.home.HomeLatestNewNavTests.tapOnGames()'><b>tapOnGames</b><br>Test class: testModules.home.HomeLatestNewNavTests</td>
<td></td>
<td>4</td>
<td>testModules.home.HomeLatestNewNavTests@21507a04</td></tr>
<tr>
<td title='testModules.home.HomeLatestNewNavTests.tapOnGossip()'><b>tapOnGossip</b><br>Test class: testModules.home.HomeLatestNewNavTests</td>
<td></td>
<td>4</td>
<td>testModules.home.HomeLatestNewNavTests@21507a04</td></tr>
<tr>
<td title='testModules.home.HomeLatestNewNavTests.tapOnMusic()'><b>tapOnMusic</b><br>Test class: testModules.home.HomeLatestNewNavTests</td>
<td></td>
<td>4</td>
<td>testModules.home.HomeLatestNewNavTests@21507a04</td></tr>
<tr>
<td title='testModules.home.HomeLatestNewNavTests.tapOnFunnyTweets()'><b>tapOnFunnyTweets</b><br>Test class: testModules.home.HomeLatestNewNavTests</td>
<td></td>
<td>4</td>
<td>testModules.home.HomeLatestNewNavTests@21507a04</td></tr>
<tr>
<td title='testModules.home.HomeLatestNewNavTests.tapGamesTab()'><b>tapGamesTab</b><br>Test class: testModules.home.HomeLatestNewNavTests</td>
<td></td>
<td>6</td>
<td>testModules.home.HomeLatestNewNavTests@21507a04</td></tr>
<tr>
<td title='testModules.home.HomeLatestNewNavTests.moveToNewsTab()'><b>moveToNewsTab</b><br>Test class: testModules.home.HomeLatestNewNavTests</td>
<td></td>
<td>3</td>
<td>testModules.home.HomeLatestNewNavTests@21507a04</td></tr>
<tr>
<td title='testModules.home.HomeLatestNewNavTests.tapItemsShoppingPackage()'><b>tapItemsShoppingPackage</b><br>Test class: testModules.home.HomeLatestNewNavTests</td>
<td></td>
<td>6</td>
<td>testModules.home.HomeLatestNewNavTests@21507a04</td></tr>
<tr>
<td title='testModules.home.HomeLatestNewNavTests.tapOnStyle()'><b>tapOnStyle</b><br>Test class: testModules.home.HomeLatestNewNavTests</td>
<td></td>
<td>5</td>
<td>testModules.home.HomeLatestNewNavTests@21507a04</td></tr>
<tr>
<td title='testModules.home.HomeLatestNewNavTests.tapOnNifty()'><b>tapOnNifty</b><br>Test class: testModules.home.HomeLatestNewNavTests</td>
<td></td>
<td>4</td>
<td>testModules.home.HomeLatestNewNavTests@21507a04</td></tr>
<tr>
<td title='testModules.home.HomeLatestNewNavTests.tapOnComunity()'><b>tapOnComunity</b><br>Test class: testModules.home.HomeLatestNewNavTests</td>
<td></td>
<td>4</td>
<td>testModules.home.HomeLatestNewNavTests@21507a04</td></tr>
<tr>
<td title='testModules.home.HomeLatestNewNavTests.tapOnRandom()'><b>tapOnRandom</b><br>Test class: testModules.home.HomeLatestNewNavTests</td>
<td></td>
<td>4</td>
<td>testModules.home.HomeLatestNewNavTests@21507a04</td></tr>
<tr>
<td title='testModules.home.HomeLatestNewNavTests.tapOnBooks()'><b>tapOnBooks</b><br>Test class: testModules.home.HomeLatestNewNavTests</td>
<td></td>
<td>4</td>
<td>testModules.home.HomeLatestNewNavTests@21507a04</td></tr>
<tr>
<td title='testModules.home.HomeLatestNewNavTests.tapOnFood()'><b>tapOnFood</b><br>Test class: testModules.home.HomeLatestNewNavTests</td>
<td></td>
<td>4</td>
<td>testModules.home.HomeLatestNewNavTests@21507a04</td></tr>
<tr>
<td title='testModules.home.HomeLatestNewNavTests.tapNewsSplash()'><b>tapNewsSplash</b><br>Test class: testModules.home.HomeLatestNewNavTests</td>
<td></td>
<td>8</td>
<td>testModules.home.HomeLatestNewNavTests@21507a04</td></tr>
<tr>
<td title='testModules.home.HomeLatestNewNavTests.tapOnLatest()'><b>tapOnLatest</b><br>Test class: testModules.home.HomeLatestNewNavTests</td>
<td></td>
<td>5</td>
<td>testModules.home.HomeLatestNewNavTests@21507a04</td></tr>
<tr>
<td title='testModules.home.HomeLatestNewNavTests.tapOnVideos()'><b>tapOnVideos</b><br>Test class: testModules.home.HomeLatestNewNavTests</td>
<td></td>
<td>6</td>
<td>testModules.home.HomeLatestNewNavTests@21507a04</td></tr>
</table><p>
</body>
</html>