<html>
<head>
<title>TestNG:  iPhone16 </title>
<link href="../testng.css" rel="stylesheet" type="text/css" />
<link href="../my-testng.css" rel="stylesheet" type="text/css" />

<style type="text/css">
.log { display: none;} 
.stack-trace { display: none;} 
</style>
<script type="text/javascript">
<!--
function flip(e) {
  current = e.style.display;
  if (current == 'block') {
    e.style.display = 'none';
    return 0;
  }
  else {
    e.style.display = 'block';
    return 1;
  }
}

function toggleBox(szDivId, elem, msg1, msg2)
{
  var res = -1;  if (document.getElementById) {
    res = flip(document.getElementById(szDivId));
  }
  else if (document.all) {
    // this is the way old msie versions work
    res = flip(document.all[szDivId]);
  }
  if(elem) {
    if(res == 0) elem.innerHTML = msg1; else elem.innerHTML = msg2;
  }

}

function toggleAllBoxes() {
  if (document.getElementsByTagName) {
    d = document.getElementsByTagName('div');
    for (i = 0; i < d.length; i++) {
      if (d[i].className == 'log') {
        flip(d[i]);
      }
    }
  }
}

// -->
</script>

</head>
<body>
<h2 align='center'>iPhone16 </h2><table border='1' align="center">
<tr>
<td>Tests passed/Failed/Skipped:</td><td>7/1/0</td>
</tr><tr>
<td>Started on:</td><td>Tue Mar 18 20:22:14 ART 2025</td>
</tr>
<tr><td>Total time:</td><td>369 seconds (369875 ms)</td>
</tr><tr>
<td>Included groups:</td><td></td>
</tr><tr>
<td>Excluded groups:</td><td></td>
</tr>
</table><p/>
<small><i>(Hover the method name to see the test class name)</i></small><p/>
<table width='100%' border='1' class='invocation-failed'>
<tr><td colspan='4' align='center'><b>FAILED TESTS</b></td></tr>
<tr><td><b>Test method</b></td>
<td width="30%"><b>Exception</b></td>
<td width="10%"><b>Time (seconds)</b></td>
<td><b>Instance</b></td>
</tr>
<tr>
<td title='testModules.home.NewHomeFeed.validateOnTheNewsSection()'><b>validateOnTheNewsSection</b><br>Test class: testModules.home.NewHomeFeed</td>
<td><div><pre>org.openqa.selenium.NoSuchElementException: An element could not be located on the page using the given search parameters.
For documentation on this error, please visit: https://www.selenium.dev/documentation/webdriver/troubleshooting/errors#no-such-element-exception
Build info: version: &apos;4.13.0&apos;, revision: &apos;ba948ece5b*&apos;
System info: os.name: &apos;Mac OS X&apos;, os.arch: &apos;x86_64&apos;, os.version: &apos;14.7.4&apos;, java.version: &apos;11.0.21&apos;
Driver info: io.appium.java_client.ios.IOSDriver
Command: [39b13a08-2a8f-4cfd-a142-3a727fad1ebb, findElement {using=xpath, value=//XCUIElementTypeApplication[@name=&quot;BuzzFeed üêû&quot;]/XCUIElementTypeWindow[1]/XCUIElementTypeOther/XCUIElementTypeOther/XCUIElementTypeOther/XCUIElementTypeOther/XCUIElementTypeOther/XCUIElementTypeOther/XCUIElementTypeOther/XCUIElementTypeOther/XCUIElementTypeOther/XCUIElementTypeOther/XCUIElementTypeOther/XCUIElementTypeOther/XCUIElementTypeOther/XCUIElementTypeOther/XCUIElementTypeOther/XCUIElementTypeOther/XCUIElementTypeCollectionView/XCUIElementTypeCell[2]/XCUIElementTypeOther[2]/XCUIElementTypeOther/XCUIElementTypeOther/XCUIElementTypeOther[1]}]
Capabilities {appium:autoAcceptAlerts: true, appium:automationName: XCuiTest, appium:bundleID: com.buzzfeed.buzzfeed-alpha, appium:bundleId: com.buzzfeed.buzzfeed-alpha, appium:databaseEnabled: false, appium:derivedDataPath: /Users/ltadmin/Documents/ap..., appium:deviceName: iPhone 16, appium:headless: false, appium:javascriptEnabled: true, appium:language: US, appium:locale: US, appium:locationContextEnabled: false, appium:maxTypingFrequency: 7, appium:mode: cloud, appium:nativeWebScreenshot: true, appium:networkConnectionEnabled: false, appium:newCommandTimeout: 0, appium:noReset: false, appium:orientation: PORTRAIT, appium:platformVersion: 18, appium:realDevice: true, appium:takesScreenshot: true, appium:udid: 00008140-001A6469118B001C, appium:uiautomator2ServerLaunchTimeout: 60000, appium:usePrebuiltWDA: true, appium:waitForQuiescence: false, appium:wdaLocalPort: 11109, appium:wdaRemotePort: 8100, appium:wdaStartupRetries: 3, appium:webStorageEnabled: false, appium:webkitResponseTimeout: 20000, platformName: IOS}
Session ID: 39b13a08-2a8f-4cfd-a142-3a727fad1ebb
	at java.base/jdk.internal.reflect.NativeConstructorAccessorImpl.newInstance0(Native Method)
	at java.base/jdk.internal.reflect.NativeConstructorAccessorImpl.newInstance(NativeConstructorAccessorImpl.java:62)
	at java.base/jdk.internal.reflect.DelegatingConstructorAccessorImpl.newInstance(DelegatingConstructorAccessorImpl.java:45)
	at java.base/java.lang.reflect.Constructor.newInstance(Constructor.java:490)
	at org.openqa.selenium.remote.codec.w3c.W3CHttpResponseCodec.createException(W3CHttpResponseCodec.java:200)
	at org.openqa.selenium.remote.codec.w3c.W3CHttpResponseCodec.decode(W3CHttpResponseCodec.java:133)
	at org.openqa.selenium.remote.codec.w3c.W3CHttpResponseCodec.decode(W3CHttpResponseCodec.java:52)
	at org.openqa.selenium.remote.HttpCommandExecutor.execute(HttpCommandExecutor.java:191)
	at io.appium.java_client.remote.AppiumCommandExecutor.execute(AppiumCommandExecutor.java:250)
	at org.openqa.selenium.remote.RemoteWebDriver.execute(RemoteWebDriver.java:602)
	at org.openqa.selenium.remote.ElementLocation$ElementFinder$2.findElement(ElementLocation.java:165)
	at org.openqa.selenium.remote.ElementLocation.findElement(ElementLocation.java:59)
	at org.openqa.selenium.remote.RemoteWebDriver.findElement(RemoteWebDriver.java:359)
	at org.openqa.selenium.remote.RemoteWebDriver.findElement(RemoteWebDriver.java:353)
	at config.pages.home.NewHomeFeed.tapOnInTheNewsCell(NewHomeFeed.java:147)
	at testModules.home.NewHomeFeed.validateOnTheNewsSection(NewHomeFeed.java:254)
	at java.base/jdk.internal.reflect.NativeMethodAccessorImpl.invoke0(Native Method)
	at java.base/jdk.internal.reflect.NativeMethodAccessorImpl.invoke(NativeMethodAccessorImpl.java:62)
	at java.base/jdk.internal.reflect.DelegatingMethodAccessorImpl.invoke(DelegatingMethodAccessorImpl.java:43)
	at java.base/java.lang.reflect.Method.invoke(Method.java:566)
	at org.testng.internal.invokers.MethodInvocationHelper.invokeMethod(MethodInvocationHelper.java:135)
	at org.testng.internal.invokers.TestInvoker.invokeMethod(TestInvoker.java:673)
	at org.testng.internal.invokers.TestInvoker.invokeTestMethod(TestInvoker.java:220)
	at org.testng.internal.invokers.MethodRunner.runInSequence(MethodRunner.java:50)
	at org.testng.internal.invokers.TestInvoker$MethodInvocationAgent.invoke(TestInvoker.java:945)
	at org.testng.internal.invokers.TestInvoker.invokeTestMethods(TestInvoker.java:193)
	at org.testng.internal.invokers.TestMethodWorker.invokeTestMethods(TestMethodWorker.java:146)
	at org.testng.internal.invokers.TestMethodWorker.run(TestMethodWorker.java:128)
	at java.base/java.util.ArrayList.forEach(ArrayList.java:1541)
	at org.testng.TestRunner.privateRun(TestRunner.java:808)
	at org.testng.TestRunner.run(TestRunner.java:603)
	at org.testng.SuiteRunner.runTest(SuiteRunner.java:429)
	at org.testng.SuiteRunner.access$000(SuiteRunner.java:32)
	at org.testng.SuiteRunner$SuiteWorker.run(SuiteRunner.java:467)
	at org.testng.internal.thread.ThreadUtil.lambda$execute$0(ThreadUtil.java:58)
	at java.base/java.util.concurrent.FutureTask.run(FutureTask.java:264)
	at java.base/java.util.concurrent.ThreadPoolExecutor.runWorker(ThreadPoolExecutor.java:1128)
	at java.base/java.util.concurrent.ThreadPoolExecutor$Worker.run(ThreadPoolExecutor.java:628)
	at java.base/java.lang.Thread.run(Thread.java:834)
</pre></div><a href='#' onClick='toggleBox("stack-trace1633176886", this, "Click to show all stack frames", "Click to hide stack frames")'>Click to show all stack frames</a>
<div class='stack-trace' id='stack-trace1633176886'><pre>org.openqa.selenium.NoSuchElementException: An element could not be located on the page using the given search parameters.
For documentation on this error, please visit: https://www.selenium.dev/documentation/webdriver/troubleshooting/errors#no-such-element-exception
Build info: version: &apos;4.13.0&apos;, revision: &apos;ba948ece5b*&apos;
System info: os.name: &apos;Mac OS X&apos;, os.arch: &apos;x86_64&apos;, os.version: &apos;14.7.4&apos;, java.version: &apos;11.0.21&apos;
Driver info: io.appium.java_client.ios.IOSDriver
Command: [39b13a08-2a8f-4cfd-a142-3a727fad1ebb, findElement {using=xpath, value=//XCUIElementTypeApplication[@name=&quot;BuzzFeed üêû&quot;]/XCUIElementTypeWindow[1]/XCUIElementTypeOther/XCUIElementTypeOther/XCUIElementTypeOther/XCUIElementTypeOther/XCUIElementTypeOther/XCUIElementTypeOther/XCUIElementTypeOther/XCUIElementTypeOther/XCUIElementTypeOther/XCUIElementTypeOther/XCUIElementTypeOther/XCUIElementTypeOther/XCUIElementTypeOther/XCUIElementTypeOther/XCUIElementTypeOther/XCUIElementTypeOther/XCUIElementTypeCollectionView/XCUIElementTypeCell[2]/XCUIElementTypeOther[2]/XCUIElementTypeOther/XCUIElementTypeOther/XCUIElementTypeOther[1]}]
Capabilities {appium:autoAcceptAlerts: true, appium:automationName: XCuiTest, appium:bundleID: com.buzzfeed.buzzfeed-alpha, appium:bundleId: com.buzzfeed.buzzfeed-alpha, appium:databaseEnabled: false, appium:derivedDataPath: /Users/ltadmin/Documents/ap..., appium:deviceName: iPhone 16, appium:headless: false, appium:javascriptEnabled: true, appium:language: US, appium:locale: US, appium:locationContextEnabled: false, appium:maxTypingFrequency: 7, appium:mode: cloud, appium:nativeWebScreenshot: true, appium:networkConnectionEnabled: false, appium:newCommandTimeout: 0, appium:noReset: false, appium:orientation: PORTRAIT, appium:platformVersion: 18, appium:realDevice: true, appium:takesScreenshot: true, appium:udid: 00008140-001A6469118B001C, appium:uiautomator2ServerLaunchTimeout: 60000, appium:usePrebuiltWDA: true, appium:waitForQuiescence: false, appium:wdaLocalPort: 11109, appium:wdaRemotePort: 8100, appium:wdaStartupRetries: 3, appium:webStorageEnabled: false, appium:webkitResponseTimeout: 20000, platformName: IOS}
Session ID: 39b13a08-2a8f-4cfd-a142-3a727fad1ebb
	at java.base/jdk.internal.reflect.NativeConstructorAccessorImpl.newInstance0(Native Method)
	at java.base/jdk.internal.reflect.NativeConstructorAccessorImpl.newInstance(NativeConstructorAccessorImpl.java:62)
	at java.base/jdk.internal.reflect.DelegatingConstructorAccessorImpl.newInstance(DelegatingConstructorAccessorImpl.java:45)
	at java.base/java.lang.reflect.Constructor.newInstance(Constructor.java:490)
	at org.openqa.selenium.remote.codec.w3c.W3CHttpResponseCodec.createException(W3CHttpResponseCodec.java:200)
	at org.openqa.selenium.remote.codec.w3c.W3CHttpResponseCodec.decode(W3CHttpResponseCodec.java:133)
	at org.openqa.selenium.remote.codec.w3c.W3CHttpResponseCodec.decode(W3CHttpResponseCodec.java:52)
	at org.openqa.selenium.remote.HttpCommandExecutor.execute(HttpCommandExecutor.java:191)
	at io.appium.java_client.remote.AppiumCommandExecutor.execute(AppiumCommandExecutor.java:250)
	at org.openqa.selenium.remote.RemoteWebDriver.execute(RemoteWebDriver.java:602)
	at org.openqa.selenium.remote.ElementLocation$ElementFinder$2.findElement(ElementLocation.java:165)
	at org.openqa.selenium.remote.ElementLocation.findElement(ElementLocation.java:59)
	at org.openqa.selenium.remote.RemoteWebDriver.findElement(RemoteWebDriver.java:359)
	at org.openqa.selenium.remote.RemoteWebDriver.findElement(RemoteWebDriver.java:353)
	at config.pages.home.NewHomeFeed.tapOnInTheNewsCell(NewHomeFeed.java:147)
	at testModules.home.NewHomeFeed.validateOnTheNewsSection(NewHomeFeed.java:254)
	at java.base/jdk.internal.reflect.NativeMethodAccessorImpl.invoke0(Native Method)
	at java.base/jdk.internal.reflect.NativeMethodAccessorImpl.invoke(NativeMethodAccessorImpl.java:62)
	at java.base/jdk.internal.reflect.DelegatingMethodAccessorImpl.invoke(DelegatingMethodAccessorImpl.java:43)
	at java.base/java.lang.reflect.Method.invoke(Method.java:566)
	at org.testng.internal.invokers.MethodInvocationHelper.invokeMethod(MethodInvocationHelper.java:135)
	at org.testng.internal.invokers.TestInvoker.invokeMethod(TestInvoker.java:673)
	at org.testng.internal.invokers.TestInvoker.invokeTestMethod(TestInvoker.java:220)
	at org.testng.internal.invokers.MethodRunner.runInSequence(MethodRunner.java:50)
	at org.testng.internal.invokers.TestInvoker$MethodInvocationAgent.invoke(TestInvoker.java:945)
	at org.testng.internal.invokers.TestInvoker.invokeTestMethods(TestInvoker.java:193)
	at org.testng.internal.invokers.TestMethodWorker.invokeTestMethods(TestMethodWorker.java:146)
	at org.testng.internal.invokers.TestMethodWorker.run(TestMethodWorker.java:128)
	at java.base/java.util.ArrayList.forEach(ArrayList.java:1541)
	at org.testng.TestRunner.privateRun(TestRunner.java:808)
	at org.testng.TestRunner.run(TestRunner.java:603)
	at org.testng.SuiteRunner.runTest(SuiteRunner.java:429)
	at org.testng.SuiteRunner.access$000(SuiteRunner.java:32)
	at org.testng.SuiteRunner$SuiteWorker.run(SuiteRunner.java:467)
	at org.testng.internal.thread.ThreadUtil.lambda$execute$0(ThreadUtil.java:58)
	at java.base/java.util.concurrent.FutureTask.run(FutureTask.java:264)
	at java.base/java.util.concurrent.ThreadPoolExecutor.runWorker(ThreadPoolExecutor.java:1128)
	at java.base/java.util.concurrent.ThreadPoolExecutor$Worker.run(ThreadPoolExecutor.java:628)
	at java.base/java.lang.Thread.run(Thread.java:834)
</pre></div></td>
<td>23</td>
<td>testModules.home.NewHomeFeed@47faa49c</td></tr>
</table><p>
<table width='100%' border='1' class='invocation-passed'>
<tr><td colspan='4' align='center'><b>PASSED TESTS</b></td></tr>
<tr><td><b>Test method</b></td>
<td width="30%"><b>Exception</b></td>
<td width="10%"><b>Time (seconds)</b></td>
<td><b>Instance</b></td>
</tr>
<tr>
<td title='testModules.home.NewHomeFeed.validateForYOu()'><b>validateForYOu</b><br>Test class: testModules.home.NewHomeFeed</td>
<td></td>
<td>14</td>
<td>testModules.home.NewHomeFeed@47faa49c</td></tr>
<tr>
<td title='testModules.home.NewHomeFeed.validateShoppingSection()'><b>validateShoppingSection</b><br>Test class: testModules.home.NewHomeFeed</td>
<td></td>
<td>9</td>
<td>testModules.home.NewHomeFeed@47faa49c</td></tr>
<tr>
<td title='testModules.home.NewHomeFeed.validatePyramidSchemeCell()'><b>validatePyramidSchemeCell</b><br>Test class: testModules.home.NewHomeFeed</td>
<td></td>
<td>15</td>
<td>testModules.home.NewHomeFeed@47faa49c</td></tr>
<tr>
<td title='testModules.home.NewHomeFeed.validateSeeAll()'><b>validateSeeAll</b><br>Test class: testModules.home.NewHomeFeed</td>
<td></td>
<td>8</td>
<td>testModules.home.NewHomeFeed@47faa49c</td></tr>
<tr>
<td title='testModules.home.NewHomeFeed.validateMoreButton()'><b>validateMoreButton</b><br>Test class: testModules.home.NewHomeFeed</td>
<td></td>
<td>138</td>
<td>testModules.home.NewHomeFeed@47faa49c</td></tr>
<tr>
<td title='testModules.home.NewHomeFeed.validateDailyTriviaCell()'><b>validateDailyTriviaCell</b><br>Test class: testModules.home.NewHomeFeed</td>
<td></td>
<td>31</td>
<td>testModules.home.NewHomeFeed@47faa49c</td></tr>
<tr>
<td title='testModules.home.NewHomeFeed.validateTrendingTopics()'><b>validateTrendingTopics</b><br>Test class: testModules.home.NewHomeFeed</td>
<td></td>
<td>4</td>
<td>testModules.home.NewHomeFeed@47faa49c</td></tr>
</table><p>
</body>
</html>