<?xml version="1.0" encoding="UTF-8"?>
<testng-results skipped="0" failed="3" ignored="8" total="72" passed="61">
  <reporter-output>
  </reporter-output>
  <suite name="bpageSuite" duration-ms="794399" started-at="2023-09-05T21:43:25 ART" finished-at="2023-09-05T21:56:39 ART">
    <groups>
    </groups>
    <test name="BPage" duration-ms="794399" started-at="2023-09-05T21:43:25 ART" finished-at="2023-09-05T21:56:39 ART">
      <class name="testModules.bpage.FallBpageTests4">
        <test-method status="PASS" signature="initializePages()[pri:0, instance:testModules.bpage.FallBpageTests4@37654521]" name="initializePages" is-config="true" duration-ms="453" started-at="2023-09-05T21:54:26 ART" finished-at="2023-09-05T21:54:27 ART">
          <reporter-output>
          </reporter-output>
        </test-method> <!-- initializePages -->
        <test-method status="PASS" signature="testSearchFallbackBpage(java.lang.String)[pri:1, instance:testModules.bpage.FallBpageTests4@37654521]" name="testSearchFallbackBpage" duration-ms="14181" started-at="2023-09-05T21:54:27 ART" data-provider="fallbackBpage" finished-at="2023-09-05T21:54:41 ART">
          <params>
            <param index="0">
              <value>
                <![CDATA[US Life Expectancy In 2020 Dropped By More Than It Has Since World War II]]>
              </value>
            </param>
          </params>
          <reporter-output>
          </reporter-output>
        </test-method> <!-- testSearchFallbackBpage -->
        <test-method status="PASS" signature="verifyTitleIsPresent()[pri:3, instance:testModules.bpage.FallBpageTests4@37654521]" name="verifyTitleIsPresent" duration-ms="4124" started-at="2023-09-05T21:54:41 ART" finished-at="2023-09-05T21:54:45 ART">
          <reporter-output>
          </reporter-output>
        </test-method> <!-- verifyTitleIsPresent -->
        <test-method status="PASS" signature="verifySubTitleIsPresent()[pri:4, instance:testModules.bpage.FallBpageTests4@37654521]" name="verifySubTitleIsPresent" duration-ms="604" started-at="2023-09-05T21:54:45 ART" finished-at="2023-09-05T21:54:46 ART">
          <reporter-output>
          </reporter-output>
        </test-method> <!-- verifySubTitleIsPresent -->
        <test-method status="PASS" signature="verifyAuthorInfoIsPresentOnBpage()[pri:5, instance:testModules.bpage.FallBpageTests4@37654521]" name="verifyAuthorInfoIsPresentOnBpage" duration-ms="1755" started-at="2023-09-05T21:54:46 ART" finished-at="2023-09-05T21:54:47 ART">
          <reporter-output>
          </reporter-output>
        </test-method> <!-- verifyAuthorInfoIsPresentOnBpage -->
        <test-method status="PASS" signature="verifyShareButtonIsPresent()[pri:10, instance:testModules.bpage.FallBpageTests4@37654521]" name="verifyShareButtonIsPresent" duration-ms="627" started-at="2023-09-05T21:54:47 ART" finished-at="2023-09-05T21:54:48 ART">
          <reporter-output>
          </reporter-output>
        </test-method> <!-- verifyShareButtonIsPresent -->
        <test-method status="PASS" signature="tapShareButtonOnBpage()[pri:11, instance:testModules.bpage.FallBpageTests4@37654521]" name="tapShareButtonOnBpage" duration-ms="3982" started-at="2023-09-05T21:54:48 ART" finished-at="2023-09-05T21:54:52 ART">
          <reporter-output>
          </reporter-output>
        </test-method> <!-- tapShareButtonOnBpage -->
        <test-method status="PASS" signature="verifyMoreOnThisHeaderIsPresent()[pri:14, instance:testModules.bpage.FallBpageTests4@37654521]" name="verifyMoreOnThisHeaderIsPresent" duration-ms="12776" started-at="2023-09-05T21:54:52 ART" finished-at="2023-09-05T21:55:05 ART">
          <reporter-output>
          </reporter-output>
        </test-method> <!-- verifyMoreOnThisHeaderIsPresent -->
        <test-method status="PASS" signature="verifyMoreOnThisBpageIsPresent()[pri:15, instance:testModules.bpage.FallBpageTests4@37654521]" name="verifyMoreOnThisBpageIsPresent" duration-ms="1024" started-at="2023-09-05T21:55:05 ART" finished-at="2023-09-05T21:55:06 ART">
          <reporter-output>
          </reporter-output>
        </test-method> <!-- verifyMoreOnThisBpageIsPresent -->
        <test-method status="PASS" signature="verifyMoreOnThisBpage()[pri:16, instance:testModules.bpage.FallBpageTests4@37654521]" name="verifyMoreOnThisBpage" duration-ms="10874" started-at="2023-09-05T21:55:06 ART" finished-at="2023-09-05T21:55:17 ART">
          <reporter-output>
          </reporter-output>
        </test-method> <!-- verifyMoreOnThisBpage -->
      </class> <!-- testModules.bpage.FallBpageTests4 -->
      <class name="testModules.bpage.NatBpageTests1">
        <test-method status="PASS" signature="setUpTest()[pri:0, instance:testModules.bpage.NatBpageTests1@d29f28]" name="setUpTest" is-config="true" duration-ms="21947" started-at="2023-09-05T21:43:03 ART" finished-at="2023-09-05T21:43:25 ART">
          <reporter-output>
          </reporter-output>
        </test-method> <!-- setUpTest -->
        <test-method status="PASS" signature="initializePages()[pri:0, instance:testModules.bpage.NatBpageTests1@d29f28]" name="initializePages" is-config="true" duration-ms="1211" started-at="2023-09-05T21:43:25 ART" finished-at="2023-09-05T21:43:26 ART">
          <reporter-output>
          </reporter-output>
        </test-method> <!-- initializePages -->
        <test-method status="PASS" signature="initProcess()[pri:0, instance:testModules.bpage.NatBpageTests1@d29f28]" name="initProcess" is-config="true" duration-ms="10655" started-at="2023-09-05T21:43:26 ART" finished-at="2023-09-05T21:43:37 ART">
          <reporter-output>
          </reporter-output>
        </test-method> <!-- initProcess -->
        <test-method status="PASS" signature="disableAdExp()[pri:0, instance:testModules.bpage.NatBpageTests1@d29f28]" name="disableAdExp" duration-ms="38954" started-at="2023-09-05T21:43:37 ART" finished-at="2023-09-05T21:44:16 ART">
          <reporter-output>
          </reporter-output>
        </test-method> <!-- disableAdExp -->
        <test-method status="PASS" signature="testSearchNativeBpage(java.lang.String)[pri:1, instance:testModules.bpage.NatBpageTests1@d29f28]" name="testSearchNativeBpage" duration-ms="16880" started-at="2023-09-05T21:44:16 ART" data-provider="nativeBpage" finished-at="2023-09-05T21:44:33 ART">
          <params>
            <param index="0">
              <value>
                <![CDATA[Simone Biles Won A Bronze Medal In Her Olympic Return]]>
              </value>
            </param>
          </params>
          <reporter-output>
          </reporter-output>
        </test-method> <!-- testSearchNativeBpage -->
        <test-method status="PASS" signature="verifyDataCategoryArePresent()[pri:2, instance:testModules.bpage.NatBpageTests1@d29f28]" name="verifyDataCategoryArePresent" duration-ms="558" started-at="2023-09-05T21:44:33 ART" finished-at="2023-09-05T21:44:33 ART">
          <reporter-output>
          </reporter-output>
        </test-method> <!-- verifyDataCategoryArePresent -->
        <test-method status="PASS" signature="verifyTitleIsPresent()[pri:3, instance:testModules.bpage.NatBpageTests1@d29f28]" name="verifyTitleIsPresent" duration-ms="934" started-at="2023-09-05T21:44:33 ART" finished-at="2023-09-05T21:44:34 ART">
          <reporter-output>
          </reporter-output>
        </test-method> <!-- verifyTitleIsPresent -->
        <test-method status="PASS" signature="verifySubTitleIsPresent()[pri:4, instance:testModules.bpage.NatBpageTests1@d29f28]" name="verifySubTitleIsPresent" duration-ms="218" started-at="2023-09-05T21:44:34 ART" finished-at="2023-09-05T21:44:34 ART">
          <reporter-output>
          </reporter-output>
        </test-method> <!-- verifySubTitleIsPresent -->
        <test-method status="PASS" signature="verifyAuthorInfoIsPresentOnBpage()[pri:5, instance:testModules.bpage.NatBpageTests1@d29f28]" name="verifyAuthorInfoIsPresentOnBpage" duration-ms="1203" started-at="2023-09-05T21:44:34 ART" finished-at="2023-09-05T21:44:35 ART">
          <reporter-output>
          </reporter-output>
        </test-method> <!-- verifyAuthorInfoIsPresentOnBpage -->
        <test-method status="PASS" signature="verifyImagePresentOnBpage()[pri:6, instance:testModules.bpage.NatBpageTests1@d29f28]" name="verifyImagePresentOnBpage" duration-ms="791" started-at="2023-09-05T21:44:35 ART" finished-at="2023-09-05T21:44:36 ART">
          <reporter-output>
          </reporter-output>
        </test-method> <!-- verifyImagePresentOnBpage -->
        <test-method status="PASS" signature="tapImage()[pri:7, instance:testModules.bpage.NatBpageTests1@d29f28]" name="tapImage" duration-ms="1450" started-at="2023-09-05T21:44:36 ART" finished-at="2023-09-05T21:44:38 ART">
          <reporter-output>
          </reporter-output>
        </test-method> <!-- tapImage -->
        <test-method status="PASS" signature="verifyShareButtonIsPresentOnMV()[pri:8, instance:testModules.bpage.NatBpageTests1@d29f28]" name="verifyShareButtonIsPresentOnMV" duration-ms="263" started-at="2023-09-05T21:44:38 ART" finished-at="2023-09-05T21:44:38 ART">
          <reporter-output>
          </reporter-output>
        </test-method> <!-- verifyShareButtonIsPresentOnMV -->
        <test-method status="PASS" signature="tapShareButtonOnMV()[pri:9, instance:testModules.bpage.NatBpageTests1@d29f28]" name="tapShareButtonOnMV" duration-ms="2700" started-at="2023-09-05T21:44:38 ART" finished-at="2023-09-05T21:44:41 ART">
          <reporter-output>
          </reporter-output>
        </test-method> <!-- tapShareButtonOnMV -->
        <test-method status="PASS" signature="verifyDismissMV()[pri:10, instance:testModules.bpage.NatBpageTests1@d29f28]" name="verifyDismissMV" duration-ms="1242" started-at="2023-09-05T21:44:41 ART" finished-at="2023-09-05T21:44:42 ART">
          <reporter-output>
          </reporter-output>
        </test-method> <!-- verifyDismissMV -->
        <test-method status="PASS" signature="tapInternalLink()[pri:11, instance:testModules.bpage.NatBpageTests1@d29f28]" name="tapInternalLink" duration-ms="8342" started-at="2023-09-05T21:44:42 ART" finished-at="2023-09-05T21:44:50 ART">
          <reporter-output>
          </reporter-output>
        </test-method> <!-- tapInternalLink -->
        <test-method status="PASS" signature="verifyInternalLinkLoadsFine()[pri:12, instance:testModules.bpage.NatBpageTests1@d29f28]" name="verifyInternalLinkLoadsFine" duration-ms="4512" started-at="2023-09-05T21:44:50 ART" finished-at="2023-09-05T21:44:55 ART">
          <reporter-output>
          </reporter-output>
        </test-method> <!-- verifyInternalLinkLoadsFine -->
        <test-method status="PASS" signature="verifyShareButtonIsPresent()[pri:14, instance:testModules.bpage.NatBpageTests1@d29f28]" name="verifyShareButtonIsPresent" duration-ms="413" started-at="2023-09-05T21:44:55 ART" finished-at="2023-09-05T21:44:55 ART">
          <reporter-output>
          </reporter-output>
        </test-method> <!-- verifyShareButtonIsPresent -->
        <test-method status="PASS" signature="tapShareButtonOnBpage()[pri:15, instance:testModules.bpage.NatBpageTests1@d29f28]" name="tapShareButtonOnBpage" duration-ms="6781" started-at="2023-09-05T21:44:55 ART" finished-at="2023-09-05T21:45:02 ART">
          <reporter-output>
          </reporter-output>
        </test-method> <!-- tapShareButtonOnBpage -->
        <test-method status="PASS" signature="verifyMoreOnThisHeaderIsPresent()[pri:18, instance:testModules.bpage.NatBpageTests1@d29f28]" name="verifyMoreOnThisHeaderIsPresent" duration-ms="10543" started-at="2023-09-05T21:45:02 ART" finished-at="2023-09-05T21:45:13 ART">
          <reporter-output>
          </reporter-output>
        </test-method> <!-- verifyMoreOnThisHeaderIsPresent -->
        <test-method status="PASS" signature="verifyMoreOnThisBpageIsPresent()[pri:19, instance:testModules.bpage.NatBpageTests1@d29f28]" name="verifyMoreOnThisBpageIsPresent" duration-ms="487" started-at="2023-09-05T21:45:13 ART" finished-at="2023-09-05T21:45:13 ART">
          <reporter-output>
          </reporter-output>
        </test-method> <!-- verifyMoreOnThisBpageIsPresent -->
        <test-method status="FAIL" signature="verifyMoreOnThisBpage()[pri:20, instance:testModules.bpage.NatBpageTests1@d29f28]" name="verifyMoreOnThisBpage" duration-ms="66041" started-at="2023-09-05T21:45:13 ART" finished-at="2023-09-05T21:46:19 ART">
          <exception class="org.openqa.selenium.NoSuchElementException">
            <message>
              <![CDATA[An element could not be located on the page using the given search parameters.
For documentation on this error, please visit: https://www.seleniumhq.org/exceptions/no_such_element.html
Build info: version: '3.141.59', revision: 'e82be7d358', time: '2018-11-14T08:17:03'
System info: host: 'Gabrielas-MBP.fibertel.com.ar', ip: 'fe80:0:0:0:c63:2f5c:70e7:fda1%en0', os.name: 'Mac OS X', os.arch: 'x86_64', os.version: '13.5.1', java.version: '1.8.0_322'
Driver info: io.appium.java_client.ios.IOSDriver
Capabilities {app: /Users/gabrielaconde/Librar..., automationName: XCUITest, browserName: , databaseEnabled: false, deviceName: iPhone 14 Pro, fullReset: false, javascriptEnabled: true, locationContextEnabled: false, networkConnectionEnabled: false, noReset: true, platform: MAC, platformName: iOS, platformVersion: 16.4, shouldTerminateApp: true, takesScreenshot: true, udid: 06E2C02A-F2BA-45A6-8B24-98D..., webStorageEnabled: false}
Session ID: 9685d8a9-4f8c-400b-bded-f1546933ad45
*** Element info: {Using=xpath, value=//XCUIElementTypeCollectionView[@name="buzz-collectionview"]/XCUIElementTypeCell[1]/XCUIElementTypeOther/XCUIElementTypeOther/XCUIElementTypeStaticText[2]}]]>
            </message>
            <full-stacktrace>
              <![CDATA[org.openqa.selenium.NoSuchElementException: An element could not be located on the page using the given search parameters.
For documentation on this error, please visit: https://www.seleniumhq.org/exceptions/no_such_element.html
Build info: version: '3.141.59', revision: 'e82be7d358', time: '2018-11-14T08:17:03'
System info: host: 'Gabrielas-MBP.fibertel.com.ar', ip: 'fe80:0:0:0:c63:2f5c:70e7:fda1%en0', os.name: 'Mac OS X', os.arch: 'x86_64', os.version: '13.5.1', java.version: '1.8.0_322'
Driver info: io.appium.java_client.ios.IOSDriver
Capabilities {app: /Users/gabrielaconde/Librar..., automationName: XCUITest, browserName: , databaseEnabled: false, deviceName: iPhone 14 Pro, fullReset: false, javascriptEnabled: true, locationContextEnabled: false, networkConnectionEnabled: false, noReset: true, platform: MAC, platformName: iOS, platformVersion: 16.4, shouldTerminateApp: true, takesScreenshot: true, udid: 06E2C02A-F2BA-45A6-8B24-98D..., webStorageEnabled: false}
Session ID: 9685d8a9-4f8c-400b-bded-f1546933ad45
*** Element info: {Using=xpath, value=//XCUIElementTypeCollectionView[@name="buzz-collectionview"]/XCUIElementTypeCell[1]/XCUIElementTypeOther/XCUIElementTypeOther/XCUIElementTypeStaticText[2]}
at sun.reflect.GeneratedConstructorAccessor12.newInstance(Unknown Source)
at sun.reflect.DelegatingConstructorAccessorImpl.newInstance(DelegatingConstructorAccessorImpl.java:45)
at java.lang.reflect.Constructor.newInstance(Constructor.java:423)
at org.openqa.selenium.remote.http.W3CHttpResponseCodec.createException(W3CHttpResponseCodec.java:187)
at org.openqa.selenium.remote.http.W3CHttpResponseCodec.decode(W3CHttpResponseCodec.java:122)
at org.openqa.selenium.remote.http.W3CHttpResponseCodec.decode(W3CHttpResponseCodec.java:49)
at org.openqa.selenium.remote.HttpCommandExecutor.execute(HttpCommandExecutor.java:158)
at io.appium.java_client.remote.AppiumCommandExecutor.execute(AppiumCommandExecutor.java:239)
at org.openqa.selenium.remote.RemoteWebDriver.execute(RemoteWebDriver.java:552)
at io.appium.java_client.DefaultGenericMobileDriver.execute(DefaultGenericMobileDriver.java:42)
at io.appium.java_client.AppiumDriver.execute(AppiumDriver.java:1)
at io.appium.java_client.ios.IOSDriver.execute(IOSDriver.java:1)
at org.openqa.selenium.remote.RemoteWebDriver.findElement(RemoteWebDriver.java:323)
at io.appium.java_client.DefaultGenericMobileDriver.findElement(DefaultGenericMobileDriver.java:62)
at io.appium.java_client.AppiumDriver.findElement(AppiumDriver.java:1)
at io.appium.java_client.ios.IOSDriver.findElement(IOSDriver.java:1)
at org.openqa.selenium.remote.RemoteWebDriver.findElementByXPath(RemoteWebDriver.java:428)
at io.appium.java_client.DefaultGenericMobileDriver.findElementByXPath(DefaultGenericMobileDriver.java:152)
at io.appium.java_client.AppiumDriver.findElementByXPath(AppiumDriver.java:1)
at io.appium.java_client.ios.IOSDriver.findElementByXPath(IOSDriver.java:1)
at org.openqa.selenium.By$ByXPath.findElement(By.java:353)
at org.openqa.selenium.remote.RemoteWebDriver.findElement(RemoteWebDriver.java:315)
at io.appium.java_client.DefaultGenericMobileDriver.findElement(DefaultGenericMobileDriver.java:58)
at io.appium.java_client.AppiumDriver.findElement(AppiumDriver.java:1)
at io.appium.java_client.ios.IOSDriver.findElement(IOSDriver.java:1)
at config.pages.bpage.BpagePage.bpageTitleIsPresent(BpagePage.java:93)
at testModules.bpage.NatBpageTests1.verifyMoreOnThisBpage(NatBpageTests1.java:181)
at sun.reflect.NativeMethodAccessorImpl.invoke0(Native Method)
at sun.reflect.NativeMethodAccessorImpl.invoke(NativeMethodAccessorImpl.java:62)
at sun.reflect.DelegatingMethodAccessorImpl.invoke(DelegatingMethodAccessorImpl.java:43)
at java.lang.reflect.Method.invoke(Method.java:498)
at org.testng.internal.MethodInvocationHelper.invokeMethod(MethodInvocationHelper.java:133)
at org.testng.internal.TestInvoker.invokeMethod(TestInvoker.java:598)
at org.testng.internal.TestInvoker.invokeTestMethod(TestInvoker.java:173)
at org.testng.internal.MethodRunner.runInSequence(MethodRunner.java:46)
at org.testng.internal.TestInvoker$MethodInvocationAgent.invoke(TestInvoker.java:824)
at org.testng.internal.TestInvoker.invokeTestMethods(TestInvoker.java:146)
at org.testng.internal.TestMethodWorker.invokeTestMethods(TestMethodWorker.java:146)
at org.testng.internal.TestMethodWorker.run(TestMethodWorker.java:128)
at java.util.ArrayList.forEach(ArrayList.java:1259)
at org.testng.TestRunner.privateRun(TestRunner.java:794)
at org.testng.TestRunner.run(TestRunner.java:596)
at org.testng.SuiteRunner.runTest(SuiteRunner.java:377)
at org.testng.SuiteRunner.runSequentially(SuiteRunner.java:371)
at org.testng.SuiteRunner.privateRun(SuiteRunner.java:332)
at org.testng.SuiteRunner.run(SuiteRunner.java:276)
at org.testng.SuiteRunnerWorker.runSuite(SuiteRunnerWorker.java:53)
at org.testng.SuiteRunnerWorker.run(SuiteRunnerWorker.java:96)
at org.testng.TestNG.runSuitesSequentially(TestNG.java:1212)
at org.testng.TestNG.runSuitesSequentially(TestNG.java:1207)
at org.testng.TestNG.runSuitesLocally(TestNG.java:1134)
at org.testng.TestNG.runSuites(TestNG.java:1063)
at org.testng.TestNG.run(TestNG.java:1031)
at org.apache.maven.surefire.testng.TestNGExecutor.run(TestNGExecutor.java:283)
at org.apache.maven.surefire.testng.TestNGXmlTestSuite.execute(TestNGXmlTestSuite.java:75)
at org.apache.maven.surefire.testng.TestNGProvider.invoke(TestNGProvider.java:120)
at org.apache.maven.surefire.booter.ForkedBooter.invokeProviderInSameClassLoader(ForkedBooter.java:383)
at org.apache.maven.surefire.booter.ForkedBooter.runSuitesInProcess(ForkedBooter.java:344)
at org.apache.maven.surefire.booter.ForkedBooter.execute(ForkedBooter.java:125)
at org.apache.maven.surefire.booter.ForkedBooter.main(ForkedBooter.java:417)
]]>
            </full-stacktrace>
          </exception> <!-- org.openqa.selenium.NoSuchElementException -->
          <reporter-output>
          </reporter-output>
        </test-method> <!-- verifyMoreOnThisBpage -->
        <test-method status="PASS" signature="validateRelatedContentHeader()[pri:21, instance:testModules.bpage.NatBpageTests1@d29f28]" name="validateRelatedContentHeader" duration-ms="6002" started-at="2023-09-05T21:46:19 ART" finished-at="2023-09-05T21:46:25 ART">
          <reporter-output>
          </reporter-output>
        </test-method> <!-- validateRelatedContentHeader -->
        <test-method status="PASS" signature="validateRelatedContentItemDisplays()[pri:22, instance:testModules.bpage.NatBpageTests1@d29f28]" name="validateRelatedContentItemDisplays" duration-ms="10872" started-at="2023-09-05T21:46:25 ART" finished-at="2023-09-05T21:46:36 ART">
          <reporter-output>
          </reporter-output>
        </test-method> <!-- validateRelatedContentItemDisplays -->
        <test-method status="PASS" signature="verifyMoreLikeThisBpageIsPresent()[pri:24, instance:testModules.bpage.NatBpageTests1@d29f28]" name="verifyMoreLikeThisBpageIsPresent" duration-ms="46894" started-at="2023-09-05T21:46:36 ART" finished-at="2023-09-05T21:47:23 ART">
          <reporter-output>
          </reporter-output>
        </test-method> <!-- verifyMoreLikeThisBpageIsPresent -->
        <test-method status="FAIL" signature="tapFirstMoreLikeThisBpage()[pri:25, instance:testModules.bpage.NatBpageTests1@d29f28]" name="tapFirstMoreLikeThisBpage" duration-ms="57329" started-at="2023-09-05T21:47:23 ART" finished-at="2023-09-05T21:48:20 ART">
          <exception class="org.openqa.selenium.NoSuchElementException">
            <message>
              <![CDATA[An element could not be located on the page using the given search parameters.
For documentation on this error, please visit: https://www.seleniumhq.org/exceptions/no_such_element.html
Build info: version: '3.141.59', revision: 'e82be7d358', time: '2018-11-14T08:17:03'
System info: host: 'Gabrielas-MBP.fibertel.com.ar', ip: 'fe80:0:0:0:c63:2f5c:70e7:fda1%en0', os.name: 'Mac OS X', os.arch: 'x86_64', os.version: '13.5.1', java.version: '1.8.0_322'
Driver info: io.appium.java_client.ios.IOSDriver
Capabilities {app: /Users/gabrielaconde/Librar..., automationName: XCUITest, browserName: , databaseEnabled: false, deviceName: iPhone 14 Pro, fullReset: false, javascriptEnabled: true, locationContextEnabled: false, networkConnectionEnabled: false, noReset: true, platform: MAC, platformName: iOS, platformVersion: 16.4, shouldTerminateApp: true, takesScreenshot: true, udid: 06E2C02A-F2BA-45A6-8B24-98D..., webStorageEnabled: false}
Session ID: 9685d8a9-4f8c-400b-bded-f1546933ad45
*** Element info: {Using=xpath, value=//XCUIElementTypeCollectionView[@name="buzz-collectionview"]/XCUIElementTypeCell[1]/XCUIElementTypeOther/XCUIElementTypeOther/XCUIElementTypeStaticText[2]}]]>
            </message>
            <full-stacktrace>
              <![CDATA[org.openqa.selenium.NoSuchElementException: An element could not be located on the page using the given search parameters.
For documentation on this error, please visit: https://www.seleniumhq.org/exceptions/no_such_element.html
Build info: version: '3.141.59', revision: 'e82be7d358', time: '2018-11-14T08:17:03'
System info: host: 'Gabrielas-MBP.fibertel.com.ar', ip: 'fe80:0:0:0:c63:2f5c:70e7:fda1%en0', os.name: 'Mac OS X', os.arch: 'x86_64', os.version: '13.5.1', java.version: '1.8.0_322'
Driver info: io.appium.java_client.ios.IOSDriver
Capabilities {app: /Users/gabrielaconde/Librar..., automationName: XCUITest, browserName: , databaseEnabled: false, deviceName: iPhone 14 Pro, fullReset: false, javascriptEnabled: true, locationContextEnabled: false, networkConnectionEnabled: false, noReset: true, platform: MAC, platformName: iOS, platformVersion: 16.4, shouldTerminateApp: true, takesScreenshot: true, udid: 06E2C02A-F2BA-45A6-8B24-98D..., webStorageEnabled: false}
Session ID: 9685d8a9-4f8c-400b-bded-f1546933ad45
*** Element info: {Using=xpath, value=//XCUIElementTypeCollectionView[@name="buzz-collectionview"]/XCUIElementTypeCell[1]/XCUIElementTypeOther/XCUIElementTypeOther/XCUIElementTypeStaticText[2]}
at sun.reflect.GeneratedConstructorAccessor12.newInstance(Unknown Source)
at sun.reflect.DelegatingConstructorAccessorImpl.newInstance(DelegatingConstructorAccessorImpl.java:45)
at java.lang.reflect.Constructor.newInstance(Constructor.java:423)
at org.openqa.selenium.remote.http.W3CHttpResponseCodec.createException(W3CHttpResponseCodec.java:187)
at org.openqa.selenium.remote.http.W3CHttpResponseCodec.decode(W3CHttpResponseCodec.java:122)
at org.openqa.selenium.remote.http.W3CHttpResponseCodec.decode(W3CHttpResponseCodec.java:49)
at org.openqa.selenium.remote.HttpCommandExecutor.execute(HttpCommandExecutor.java:158)
at io.appium.java_client.remote.AppiumCommandExecutor.execute(AppiumCommandExecutor.java:239)
at org.openqa.selenium.remote.RemoteWebDriver.execute(RemoteWebDriver.java:552)
at io.appium.java_client.DefaultGenericMobileDriver.execute(DefaultGenericMobileDriver.java:42)
at io.appium.java_client.AppiumDriver.execute(AppiumDriver.java:1)
at io.appium.java_client.ios.IOSDriver.execute(IOSDriver.java:1)
at org.openqa.selenium.remote.RemoteWebDriver.findElement(RemoteWebDriver.java:323)
at io.appium.java_client.DefaultGenericMobileDriver.findElement(DefaultGenericMobileDriver.java:62)
at io.appium.java_client.AppiumDriver.findElement(AppiumDriver.java:1)
at io.appium.java_client.ios.IOSDriver.findElement(IOSDriver.java:1)
at org.openqa.selenium.remote.RemoteWebDriver.findElementByXPath(RemoteWebDriver.java:428)
at io.appium.java_client.DefaultGenericMobileDriver.findElementByXPath(DefaultGenericMobileDriver.java:152)
at io.appium.java_client.AppiumDriver.findElementByXPath(AppiumDriver.java:1)
at io.appium.java_client.ios.IOSDriver.findElementByXPath(IOSDriver.java:1)
at org.openqa.selenium.By$ByXPath.findElement(By.java:353)
at org.openqa.selenium.remote.RemoteWebDriver.findElement(RemoteWebDriver.java:315)
at io.appium.java_client.DefaultGenericMobileDriver.findElement(DefaultGenericMobileDriver.java:58)
at io.appium.java_client.AppiumDriver.findElement(AppiumDriver.java:1)
at io.appium.java_client.ios.IOSDriver.findElement(IOSDriver.java:1)
at config.pages.bpage.BpagePage.bpageTitleIsPresent(BpagePage.java:93)
at testModules.bpage.NatBpageTests1.tapFirstMoreLikeThisBpage(NatBpageTests1.java:237)
at sun.reflect.NativeMethodAccessorImpl.invoke0(Native Method)
at sun.reflect.NativeMethodAccessorImpl.invoke(NativeMethodAccessorImpl.java:62)
at sun.reflect.DelegatingMethodAccessorImpl.invoke(DelegatingMethodAccessorImpl.java:43)
at java.lang.reflect.Method.invoke(Method.java:498)
at org.testng.internal.MethodInvocationHelper.invokeMethod(MethodInvocationHelper.java:133)
at org.testng.internal.TestInvoker.invokeMethod(TestInvoker.java:598)
at org.testng.internal.TestInvoker.invokeTestMethod(TestInvoker.java:173)
at org.testng.internal.MethodRunner.runInSequence(MethodRunner.java:46)
at org.testng.internal.TestInvoker$MethodInvocationAgent.invoke(TestInvoker.java:824)
at org.testng.internal.TestInvoker.invokeTestMethods(TestInvoker.java:146)
at org.testng.internal.TestMethodWorker.invokeTestMethods(TestMethodWorker.java:146)
at org.testng.internal.TestMethodWorker.run(TestMethodWorker.java:128)
at java.util.ArrayList.forEach(ArrayList.java:1259)
at org.testng.TestRunner.privateRun(TestRunner.java:794)
at org.testng.TestRunner.run(TestRunner.java:596)
at org.testng.SuiteRunner.runTest(SuiteRunner.java:377)
at org.testng.SuiteRunner.runSequentially(SuiteRunner.java:371)
at org.testng.SuiteRunner.privateRun(SuiteRunner.java:332)
at org.testng.SuiteRunner.run(SuiteRunner.java:276)
at org.testng.SuiteRunnerWorker.runSuite(SuiteRunnerWorker.java:53)
at org.testng.SuiteRunnerWorker.run(SuiteRunnerWorker.java:96)
at org.testng.TestNG.runSuitesSequentially(TestNG.java:1212)
at org.testng.TestNG.runSuitesSequentially(TestNG.java:1207)
at org.testng.TestNG.runSuitesLocally(TestNG.java:1134)
at org.testng.TestNG.runSuites(TestNG.java:1063)
at org.testng.TestNG.run(TestNG.java:1031)
at org.apache.maven.surefire.testng.TestNGExecutor.run(TestNGExecutor.java:283)
at org.apache.maven.surefire.testng.TestNGXmlTestSuite.execute(TestNGXmlTestSuite.java:75)
at org.apache.maven.surefire.testng.TestNGProvider.invoke(TestNGProvider.java:120)
at org.apache.maven.surefire.booter.ForkedBooter.invokeProviderInSameClassLoader(ForkedBooter.java:383)
at org.apache.maven.surefire.booter.ForkedBooter.runSuitesInProcess(ForkedBooter.java:344)
at org.apache.maven.surefire.booter.ForkedBooter.execute(ForkedBooter.java:125)
at org.apache.maven.surefire.booter.ForkedBooter.main(ForkedBooter.java:417)
]]>
            </full-stacktrace>
          </exception> <!-- org.openqa.selenium.NoSuchElementException -->
          <reporter-output>
          </reporter-output>
        </test-method> <!-- tapFirstMoreLikeThisBpage -->
        <test-method status="PASS" signature="verifyTrendingHeader()[pri:26, instance:testModules.bpage.NatBpageTests1@d29f28]" name="verifyTrendingHeader" duration-ms="17416" started-at="2023-09-05T21:48:20 ART" finished-at="2023-09-05T21:48:38 ART">
          <reporter-output>
          </reporter-output>
        </test-method> <!-- verifyTrendingHeader -->
        <test-method status="PASS" signature="verifyTrendingBpageIsPresent()[pri:27, instance:testModules.bpage.NatBpageTests1@d29f28]" name="verifyTrendingBpageIsPresent" duration-ms="533" started-at="2023-09-05T21:48:38 ART" finished-at="2023-09-05T21:48:38 ART">
          <reporter-output>
          </reporter-output>
        </test-method> <!-- verifyTrendingBpageIsPresent -->
        <test-method status="PASS" signature="tapTrendingBpage()[pri:28, instance:testModules.bpage.NatBpageTests1@d29f28]" name="tapTrendingBpage" duration-ms="6832" started-at="2023-09-05T21:48:38 ART" finished-at="2023-09-05T21:48:45 ART">
          <reporter-output>
          </reporter-output>
        </test-method> <!-- tapTrendingBpage -->
        <test-method status="PASS" signature="tearDown()[pri:0, instance:testModules.bpage.NatBpageTests1@d29f28]" name="tearDown" is-config="true" duration-ms="1063" started-at="2023-09-05T21:56:39 ART" finished-at="2023-09-05T21:56:40 ART">
          <reporter-output>
          </reporter-output>
        </test-method> <!-- tearDown -->
      </class> <!-- testModules.bpage.NatBpageTests1 -->
      <class name="testModules.bpage.NatBpageShoppingButtonsTests2">
        <test-method status="PASS" signature="initializePages()[pri:0, instance:testModules.bpage.NatBpageShoppingButtonsTests2@793be5ca]" name="initializePages" is-config="true" duration-ms="376" started-at="2023-09-05T21:48:45 ART" finished-at="2023-09-05T21:48:45 ART">
          <reporter-output>
          </reporter-output>
        </test-method> <!-- initializePages -->
        <test-method status="PASS" signature="testSearchFallbackBpage(java.lang.String)[pri:0, instance:testModules.bpage.NatBpageShoppingButtonsTests2@793be5ca]" name="testSearchFallbackBpage" duration-ms="16095" started-at="2023-09-05T21:48:45 ART" data-provider="amazonButtonNativeBpage" finished-at="2023-09-05T21:49:01 ART">
          <params>
            <param index="0">
              <value>
                <![CDATA[33 Trendy Pieces Your Friends Will Want To Borrow]]>
              </value>
            </param>
          </params>
          <reporter-output>
          </reporter-output>
        </test-method> <!-- testSearchFallbackBpage -->
        <test-method status="PASS" signature="testBuyFromAmazonButtonIsPresent()[pri:1, instance:testModules.bpage.NatBpageShoppingButtonsTests2@793be5ca]" name="testBuyFromAmazonButtonIsPresent" duration-ms="7729" started-at="2023-09-05T21:49:01 ART" finished-at="2023-09-05T21:49:09 ART">
          <reporter-output>
          </reporter-output>
        </test-method> <!-- testBuyFromAmazonButtonIsPresent -->
        <test-method status="PASS" signature="testBuyFromAmazonButton()[pri:2, instance:testModules.bpage.NatBpageShoppingButtonsTests2@793be5ca]" name="testBuyFromAmazonButton" duration-ms="3004" started-at="2023-09-05T21:49:09 ART" finished-at="2023-09-05T21:49:12 ART">
          <reporter-output>
          </reporter-output>
        </test-method> <!-- testBuyFromAmazonButton -->
        <test-method status="PASS" signature="testBuyNowIsPresent()[pri:3, instance:testModules.bpage.NatBpageShoppingButtonsTests2@793be5ca]" name="testBuyNowIsPresent" duration-ms="37014" started-at="2023-09-05T21:49:12 ART" finished-at="2023-09-05T21:49:49 ART">
          <reporter-output>
          </reporter-output>
        </test-method> <!-- testBuyNowIsPresent -->
        <test-method status="PASS" signature="testBuyNowButton()[pri:4, instance:testModules.bpage.NatBpageShoppingButtonsTests2@793be5ca]" name="testBuyNowButton" duration-ms="3736" started-at="2023-09-05T21:49:49 ART" finished-at="2023-09-05T21:49:53 ART">
          <reporter-output>
          </reporter-output>
        </test-method> <!-- testBuyNowButton -->
      </class> <!-- testModules.bpage.NatBpageShoppingButtonsTests2 -->
      <class name="testModules.bpage.NatBpageCommentsTests7">
        <test-method status="PASS" signature="initializePages()[pri:0, instance:testModules.bpage.NatBpageCommentsTests7@15aab8c6]" name="initializePages" is-config="true" duration-ms="419" started-at="2023-09-05T21:55:17 ART" finished-at="2023-09-05T21:55:17 ART">
          <reporter-output>
          </reporter-output>
        </test-method> <!-- initializePages -->
        <test-method status="PASS" signature="testSearchNativeBpage(java.lang.String)[pri:0, instance:testModules.bpage.NatBpageCommentsTests7@15aab8c6]" name="testSearchNativeBpage" duration-ms="19510" started-at="2023-09-05T21:55:17 ART" data-provider="nativeBPageComment" finished-at="2023-09-05T21:55:36 ART">
          <params>
            <param index="0">
              <value>
                <![CDATA[15 Things You're Gonna Want To Bring To College That No One Tells You About]]>
              </value>
            </param>
          </params>
          <reporter-output>
          </reporter-output>
        </test-method> <!-- testSearchNativeBpage -->
        <test-method status="PASS" signature="verifyCommentsBtnIsPresent()[pri:1, instance:testModules.bpage.NatBpageCommentsTests7@15aab8c6]" name="verifyCommentsBtnIsPresent" duration-ms="3910" started-at="2023-09-05T21:55:36 ART" finished-at="2023-09-05T21:55:40 ART">
          <reporter-output>
          </reporter-output>
        </test-method> <!-- verifyCommentsBtnIsPresent -->
        <test-method status="PASS" signature="addComment(java.lang.String)[pri:4, instance:testModules.bpage.NatBpageCommentsTests7@15aab8c6]" name="addComment" duration-ms="3409" started-at="2023-09-05T21:55:40 ART" data-provider="comment" finished-at="2023-09-05T21:55:44 ART">
          <params>
            <param index="0">
              <value>
                <![CDATA[It's amazing]]>
              </value>
            </param>
          </params>
          <reporter-output>
          </reporter-output>
        </test-method> <!-- addComment -->
        <test-method status="PASS" signature="verifyPostButtonIsPresent()[pri:5, instance:testModules.bpage.NatBpageCommentsTests7@15aab8c6]" name="verifyPostButtonIsPresent" duration-ms="473" started-at="2023-09-05T21:55:44 ART" finished-at="2023-09-05T21:55:44 ART">
          <reporter-output>
          </reporter-output>
        </test-method> <!-- verifyPostButtonIsPresent -->
        <test-method status="PASS" signature="tapPostButton()[pri:6, instance:testModules.bpage.NatBpageCommentsTests7@15aab8c6]" name="tapPostButton" duration-ms="1358" started-at="2023-09-05T21:55:44 ART" finished-at="2023-09-05T21:55:46 ART">
          <reporter-output>
          </reporter-output>
        </test-method> <!-- tapPostButton -->
        <test-method status="PASS" signature="testEnterEmail(java.lang.String)[pri:7, instance:testModules.bpage.NatBpageCommentsTests7@15aab8c6]" name="testEnterEmail" duration-ms="2558" started-at="2023-09-05T21:55:46 ART" data-provider="stageUser" finished-at="2023-09-05T21:55:48 ART">
          <params>
            <param index="0">
              <value>
                <![CDATA[gabmoreau@hotmail.com]]>
              </value>
            </param>
          </params>
          <reporter-output>
          </reporter-output>
        </test-method> <!-- testEnterEmail -->
        <test-method status="PASS" signature="testEnterPassword(java.lang.String)[pri:8, instance:testModules.bpage.NatBpageCommentsTests7@15aab8c6]" name="testEnterPassword" duration-ms="13058" started-at="2023-09-05T21:55:48 ART" data-provider="stagePass" finished-at="2023-09-05T21:56:01 ART">
          <params>
            <param index="0">
              <value>
                <![CDATA[almadormida12]]>
              </value>
            </param>
          </params>
          <reporter-output>
          </reporter-output>
        </test-method> <!-- testEnterPassword -->
        <test-method status="PASS" signature="verifyMostHeartSectionIsPresent()[pri:9, instance:testModules.bpage.NatBpageCommentsTests7@15aab8c6]" name="verifyMostHeartSectionIsPresent" duration-ms="2468" started-at="2023-09-05T21:56:01 ART" finished-at="2023-09-05T21:56:04 ART">
          <reporter-output>
          </reporter-output>
        </test-method> <!-- verifyMostHeartSectionIsPresent -->
        <test-method status="PASS" signature="verifyMostHeartSectionLoads()[pri:10, instance:testModules.bpage.NatBpageCommentsTests7@15aab8c6]" name="verifyMostHeartSectionLoads" duration-ms="5042" started-at="2023-09-05T21:56:04 ART" finished-at="2023-09-05T21:56:09 ART">
          <reporter-output>
          </reporter-output>
        </test-method> <!-- verifyMostHeartSectionLoads -->
        <test-method status="PASS" signature="verifyMostRecentSectionIsPresent()[pri:11, instance:testModules.bpage.NatBpageCommentsTests7@15aab8c6]" name="verifyMostRecentSectionIsPresent" duration-ms="1475" started-at="2023-09-05T21:56:09 ART" finished-at="2023-09-05T21:56:10 ART">
          <reporter-output>
          </reporter-output>
        </test-method> <!-- verifyMostRecentSectionIsPresent -->
        <test-method status="PASS" signature="verifyUserIsPresentOnMoreRecentSection()[pri:12, instance:testModules.bpage.NatBpageCommentsTests7@15aab8c6]" name="verifyUserIsPresentOnMoreRecentSection" duration-ms="4199" started-at="2023-09-05T21:56:10 ART" finished-at="2023-09-05T21:56:14 ART">
          <reporter-output>
          </reporter-output>
        </test-method> <!-- verifyUserIsPresentOnMoreRecentSection -->
        <test-method status="PASS" signature="verifyCommentIsPresent(java.lang.String)[pri:13, instance:testModules.bpage.NatBpageCommentsTests7@15aab8c6]" name="verifyCommentIsPresent" duration-ms="1139" started-at="2023-09-05T21:56:14 ART" data-provider="comment" finished-at="2023-09-05T21:56:16 ART">
          <params>
            <param index="0">
              <value>
                <![CDATA[It's amazing]]>
              </value>
            </param>
          </params>
          <reporter-output>
          </reporter-output>
        </test-method> <!-- verifyCommentIsPresent -->
        <test-method status="PASS" signature="tapLikeCommentButton()[pri:15, instance:testModules.bpage.NatBpageCommentsTests7@15aab8c6]" name="tapLikeCommentButton" duration-ms="975" started-at="2023-09-05T21:56:16 ART" finished-at="2023-09-05T21:56:17 ART">
          <reporter-output>
          </reporter-output>
        </test-method> <!-- tapLikeCommentButton -->
        <test-method status="PASS" signature="verifyReplyButtonIsPresent()[pri:17, instance:testModules.bpage.NatBpageCommentsTests7@15aab8c6]" name="verifyReplyButtonIsPresent" duration-ms="6174" started-at="2023-09-05T21:56:17 ART" finished-at="2023-09-05T21:56:23 ART">
          <reporter-output>
          </reporter-output>
        </test-method> <!-- verifyReplyButtonIsPresent -->
        <test-method status="PASS" signature="replyComment(java.lang.String)[pri:18, instance:testModules.bpage.NatBpageCommentsTests7@15aab8c6]" name="replyComment" duration-ms="4235" started-at="2023-09-05T21:56:23 ART" data-provider="replyComment" finished-at="2023-09-05T21:56:27 ART">
          <params>
            <param index="0">
              <value>
                <![CDATA[I really like it]]>
              </value>
            </param>
          </params>
          <reporter-output>
          </reporter-output>
        </test-method> <!-- replyComment -->
        <test-method status="PASS" signature="verifyReplyCommentIsPresent(java.lang.String)[pri:19, instance:testModules.bpage.NatBpageCommentsTests7@15aab8c6]" name="verifyReplyCommentIsPresent" duration-ms="12262" started-at="2023-09-05T21:56:27 ART" data-provider="replyComment" finished-at="2023-09-05T21:56:39 ART">
          <params>
            <param index="0">
              <value>
                <![CDATA[I really like it]]>
              </value>
            </param>
          </params>
          <reporter-output>
          </reporter-output>
        </test-method> <!-- verifyReplyCommentIsPresent -->
      </class> <!-- testModules.bpage.NatBpageCommentsTests7 -->
      <class name="testModules.bpage.NatBpageEmbedsTests3">
        <test-method status="PASS" signature="initializePages()[pri:0, instance:testModules.bpage.NatBpageEmbedsTests3@2df9b86]" name="initializePages" is-config="true" duration-ms="1272" started-at="2023-09-05T21:49:53 ART" finished-at="2023-09-05T21:49:54 ART">
          <reporter-output>
          </reporter-output>
        </test-method> <!-- initializePages -->
        <test-method status="PASS" signature="testSearchIGYTNativeBpage(java.lang.String)[pri:0, instance:testModules.bpage.NatBpageEmbedsTests3@2df9b86]" name="testSearchIGYTNativeBpage" duration-ms="16747" started-at="2023-09-05T21:49:54 ART" data-provider="IGYTEmbed" finished-at="2023-09-05T21:50:11 ART">
          <params>
            <param index="0">
              <value>
                <![CDATA[Whitney Port Opened Up About Her Recent Pregnancy Loss After Sharing Health Concerns Two Weeks Ago]]>
              </value>
            </param>
          </params>
          <reporter-output>
          </reporter-output>
        </test-method> <!-- testSearchIGYTNativeBpage -->
        <test-method status="PASS" signature="testIGEmbedIsPresent()[pri:2, instance:testModules.bpage.NatBpageEmbedsTests3@2df9b86]" name="testIGEmbedIsPresent" duration-ms="11008" started-at="2023-09-05T21:50:11 ART" finished-at="2023-09-05T21:50:22 ART">
          <reporter-output>
          </reporter-output>
        </test-method> <!-- testIGEmbedIsPresent -->
        <test-method status="PASS" signature="testSearchYTVideoNativeBpage(java.lang.String)[pri:4, instance:testModules.bpage.NatBpageEmbedsTests3@2df9b86]" name="testSearchYTVideoNativeBpage" duration-ms="16727" started-at="2023-09-05T21:50:22 ART" data-provider="YTVideoEmbed" finished-at="2023-09-05T21:50:39 ART">
          <params>
            <param index="0">
              <value>
                <![CDATA[Rather Than Just Hiding Extremist Videos, YouTube Will Offer Anti-Extremist Results]]>
              </value>
            </param>
          </params>
          <reporter-output>
          </reporter-output>
        </test-method> <!-- testSearchYTVideoNativeBpage -->
        <test-method status="PASS" signature="testPlayYTButtonIsPresent()[pri:5, instance:testModules.bpage.NatBpageEmbedsTests3@2df9b86]" name="testPlayYTButtonIsPresent" duration-ms="6861" started-at="2023-09-05T21:50:39 ART" finished-at="2023-09-05T21:50:46 ART">
          <reporter-output>
          </reporter-output>
        </test-method> <!-- testPlayYTButtonIsPresent -->
        <test-method status="PASS" signature="testSearchTwitterNativeBpage(java.lang.String)[pri:6, instance:testModules.bpage.NatBpageEmbedsTests3@2df9b86]" name="testSearchTwitterNativeBpage" duration-ms="17475" started-at="2023-09-05T21:50:46 ART" data-provider="twitterEmbed" finished-at="2023-09-05T21:51:03 ART">
          <params>
            <param index="0">
              <value>
                <![CDATA[Addison Rae Accused Of Being A Trump Supporter On Twitter After She Excitedly Greeted The Former President At UFC 264]]>
              </value>
            </param>
          </params>
          <reporter-output>
          </reporter-output>
        </test-method> <!-- testSearchTwitterNativeBpage -->
        <test-method status="FAIL" signature="testTWEmbedIsPresent()[pri:7, instance:testModules.bpage.NatBpageEmbedsTests3@2df9b86]" name="testTWEmbedIsPresent" duration-ms="68294" started-at="2023-09-05T21:51:03 ART" finished-at="2023-09-05T21:52:11 ART">
          <exception class="org.openqa.selenium.NoSuchElementException">
            <message>
              <![CDATA[An element could not be located on the page using the given search parameters.
For documentation on this error, please visit: https://www.seleniumhq.org/exceptions/no_such_element.html
Build info: version: '3.141.59', revision: 'e82be7d358', time: '2018-11-14T08:17:03'
System info: host: 'Gabrielas-MBP.fibertel.com.ar', ip: 'fe80:0:0:0:c63:2f5c:70e7:fda1%en0', os.name: 'Mac OS X', os.arch: 'x86_64', os.version: '13.5.1', java.version: '1.8.0_322'
Driver info: io.appium.java_client.ios.IOSDriver
Capabilities {app: /Users/gabrielaconde/Librar..., automationName: XCUITest, browserName: , databaseEnabled: false, deviceName: iPhone 14 Pro, fullReset: false, javascriptEnabled: true, locationContextEnabled: false, networkConnectionEnabled: false, noReset: true, platform: MAC, platformName: iOS, platformVersion: 16.4, shouldTerminateApp: true, takesScreenshot: true, udid: 06E2C02A-F2BA-45A6-8B24-98D..., webStorageEnabled: false}
Session ID: 9685d8a9-4f8c-400b-bded-f1546933ad45
*** Element info: {Using=xpath, value=//XCUIElementTypeOther[@name="Video Attachment"]}]]>
            </message>
            <full-stacktrace>
              <![CDATA[org.openqa.selenium.NoSuchElementException: An element could not be located on the page using the given search parameters.
For documentation on this error, please visit: https://www.seleniumhq.org/exceptions/no_such_element.html
Build info: version: '3.141.59', revision: 'e82be7d358', time: '2018-11-14T08:17:03'
System info: host: 'Gabrielas-MBP.fibertel.com.ar', ip: 'fe80:0:0:0:c63:2f5c:70e7:fda1%en0', os.name: 'Mac OS X', os.arch: 'x86_64', os.version: '13.5.1', java.version: '1.8.0_322'
Driver info: io.appium.java_client.ios.IOSDriver
Capabilities {app: /Users/gabrielaconde/Librar..., automationName: XCUITest, browserName: , databaseEnabled: false, deviceName: iPhone 14 Pro, fullReset: false, javascriptEnabled: true, locationContextEnabled: false, networkConnectionEnabled: false, noReset: true, platform: MAC, platformName: iOS, platformVersion: 16.4, shouldTerminateApp: true, takesScreenshot: true, udid: 06E2C02A-F2BA-45A6-8B24-98D..., webStorageEnabled: false}
Session ID: 9685d8a9-4f8c-400b-bded-f1546933ad45
*** Element info: {Using=xpath, value=//XCUIElementTypeOther[@name="Video Attachment"]}
at sun.reflect.GeneratedConstructorAccessor12.newInstance(Unknown Source)
at sun.reflect.DelegatingConstructorAccessorImpl.newInstance(DelegatingConstructorAccessorImpl.java:45)
at java.lang.reflect.Constructor.newInstance(Constructor.java:423)
at org.openqa.selenium.remote.http.W3CHttpResponseCodec.createException(W3CHttpResponseCodec.java:187)
at org.openqa.selenium.remote.http.W3CHttpResponseCodec.decode(W3CHttpResponseCodec.java:122)
at org.openqa.selenium.remote.http.W3CHttpResponseCodec.decode(W3CHttpResponseCodec.java:49)
at org.openqa.selenium.remote.HttpCommandExecutor.execute(HttpCommandExecutor.java:158)
at io.appium.java_client.remote.AppiumCommandExecutor.execute(AppiumCommandExecutor.java:239)
at org.openqa.selenium.remote.RemoteWebDriver.execute(RemoteWebDriver.java:552)
at io.appium.java_client.DefaultGenericMobileDriver.execute(DefaultGenericMobileDriver.java:42)
at io.appium.java_client.AppiumDriver.execute(AppiumDriver.java:1)
at io.appium.java_client.ios.IOSDriver.execute(IOSDriver.java:1)
at org.openqa.selenium.remote.RemoteWebDriver.findElement(RemoteWebDriver.java:323)
at io.appium.java_client.DefaultGenericMobileDriver.findElement(DefaultGenericMobileDriver.java:62)
at io.appium.java_client.AppiumDriver.findElement(AppiumDriver.java:1)
at io.appium.java_client.ios.IOSDriver.findElement(IOSDriver.java:1)
at org.openqa.selenium.remote.RemoteWebDriver.findElementByXPath(RemoteWebDriver.java:428)
at io.appium.java_client.DefaultGenericMobileDriver.findElementByXPath(DefaultGenericMobileDriver.java:152)
at io.appium.java_client.AppiumDriver.findElementByXPath(AppiumDriver.java:1)
at io.appium.java_client.ios.IOSDriver.findElementByXPath(IOSDriver.java:1)
at org.openqa.selenium.By$ByXPath.findElement(By.java:353)
at org.openqa.selenium.remote.RemoteWebDriver.findElement(RemoteWebDriver.java:315)
at io.appium.java_client.DefaultGenericMobileDriver.findElement(DefaultGenericMobileDriver.java:58)
at io.appium.java_client.AppiumDriver.findElement(AppiumDriver.java:1)
at io.appium.java_client.ios.IOSDriver.findElement(IOSDriver.java:1)
at config.pages.bpage.BpageEmbedsPage.twPlayButtonIsPresent(BpageEmbedsPage.java:51)
at testModules.bpage.NatBpageEmbedsTests3.testTWEmbedIsPresent(NatBpageEmbedsTests3.java:64)
at sun.reflect.NativeMethodAccessorImpl.invoke0(Native Method)
at sun.reflect.NativeMethodAccessorImpl.invoke(NativeMethodAccessorImpl.java:62)
at sun.reflect.DelegatingMethodAccessorImpl.invoke(DelegatingMethodAccessorImpl.java:43)
at java.lang.reflect.Method.invoke(Method.java:498)
at org.testng.internal.MethodInvocationHelper.invokeMethod(MethodInvocationHelper.java:133)
at org.testng.internal.TestInvoker.invokeMethod(TestInvoker.java:598)
at org.testng.internal.TestInvoker.invokeTestMethod(TestInvoker.java:173)
at org.testng.internal.MethodRunner.runInSequence(MethodRunner.java:46)
at org.testng.internal.TestInvoker$MethodInvocationAgent.invoke(TestInvoker.java:824)
at org.testng.internal.TestInvoker.invokeTestMethods(TestInvoker.java:146)
at org.testng.internal.TestMethodWorker.invokeTestMethods(TestMethodWorker.java:146)
at org.testng.internal.TestMethodWorker.run(TestMethodWorker.java:128)
at java.util.ArrayList.forEach(ArrayList.java:1259)
at org.testng.TestRunner.privateRun(TestRunner.java:794)
at org.testng.TestRunner.run(TestRunner.java:596)
at org.testng.SuiteRunner.runTest(SuiteRunner.java:377)
at org.testng.SuiteRunner.runSequentially(SuiteRunner.java:371)
at org.testng.SuiteRunner.privateRun(SuiteRunner.java:332)
at org.testng.SuiteRunner.run(SuiteRunner.java:276)
at org.testng.SuiteRunnerWorker.runSuite(SuiteRunnerWorker.java:53)
at org.testng.SuiteRunnerWorker.run(SuiteRunnerWorker.java:96)
at org.testng.TestNG.runSuitesSequentially(TestNG.java:1212)
at org.testng.TestNG.runSuitesSequentially(TestNG.java:1207)
at org.testng.TestNG.runSuitesLocally(TestNG.java:1134)
at org.testng.TestNG.runSuites(TestNG.java:1063)
at org.testng.TestNG.run(TestNG.java:1031)
at org.apache.maven.surefire.testng.TestNGExecutor.run(TestNGExecutor.java:283)
at org.apache.maven.surefire.testng.TestNGXmlTestSuite.execute(TestNGXmlTestSuite.java:75)
at org.apache.maven.surefire.testng.TestNGProvider.invoke(TestNGProvider.java:120)
at org.apache.maven.surefire.booter.ForkedBooter.invokeProviderInSameClassLoader(ForkedBooter.java:383)
at org.apache.maven.surefire.booter.ForkedBooter.runSuitesInProcess(ForkedBooter.java:344)
at org.apache.maven.surefire.booter.ForkedBooter.execute(ForkedBooter.java:125)
at org.apache.maven.surefire.booter.ForkedBooter.main(ForkedBooter.java:417)
]]>
            </full-stacktrace>
          </exception> <!-- org.openqa.selenium.NoSuchElementException -->
          <reporter-output>
          </reporter-output>
        </test-method> <!-- testTWEmbedIsPresent -->
        <test-method status="PASS" signature="testSearchIGVideoNativeBpage(java.lang.String)[pri:8, instance:testModules.bpage.NatBpageEmbedsTests3@2df9b86]" name="testSearchIGVideoNativeBpage" duration-ms="21524" started-at="2023-09-05T21:52:11 ART" data-provider="instagramVideoEmbed" finished-at="2023-09-05T21:52:33 ART">
          <params>
            <param index="0">
              <value>
                <![CDATA[Maisie Richardson-Sellers' Instagram Is Pretty Much A Stan Account For Their Girlfriend, And I'm Obsessed With It]]>
              </value>
            </param>
          </params>
          <reporter-output>
          </reporter-output>
        </test-method> <!-- testSearchIGVideoNativeBpage -->
        <test-method status="PASS" signature="testSearchTikTokVideoNativeBpage(java.lang.String)[pri:10, instance:testModules.bpage.NatBpageEmbedsTests3@2df9b86]" name="testSearchTikTokVideoNativeBpage" duration-ms="18189" started-at="2023-09-05T21:52:33 ART" data-provider="tiktokEmbed" finished-at="2023-09-05T21:52:51 ART">
          <params>
            <param index="0">
              <value>
                <![CDATA[Someone On TikTok Tricked A Bunch Of "Love Island" Fans Into Thinking They Were On The Show]]>
              </value>
            </param>
          </params>
          <reporter-output>
          </reporter-output>
        </test-method> <!-- testSearchTikTokVideoNativeBpage -->
        <test-method status="PASS" signature="testTikTokVideoIsPresent()[pri:11, instance:testModules.bpage.NatBpageEmbedsTests3@2df9b86]" name="testTikTokVideoIsPresent" duration-ms="95099" started-at="2023-09-05T21:52:51 ART" finished-at="2023-09-05T21:54:26 ART">
          <reporter-output>
          </reporter-output>
        </test-method> <!-- testTikTokVideoIsPresent -->
      </class> <!-- testModules.bpage.NatBpageEmbedsTests3 -->
    </test> <!-- BPage -->
  </suite> <!-- bpageSuite -->
  <suite name="AllSuites" duration-ms="0" started-at="2023-09-05T21:56:40 ART" finished-at="2023-09-05T21:56:40 ART">
    <groups>
    </groups>
  </suite> <!-- AllSuites -->
</testng-results>
