<html>
<head>
<title>TestNG:  BPage</title>
<link href="../testng.css" rel="stylesheet" type="text/css" />
<link href="../my-testng.css" rel="stylesheet" type="text/css" />

<style type="text/css">
.log { display: none;} 
.stack-trace { display: none;} 
</style>
<script type="text/javascript">
<!--
function flip(e) {
  current = e.style.display;
  if (current == 'block') {
    e.style.display = 'none';
    return 0;
  }
  else {
    e.style.display = 'block';
    return 1;
  }
}

function toggleBox(szDivId, elem, msg1, msg2)
{
  var res = -1;  if (document.getElementById) {
    res = flip(document.getElementById(szDivId));
  }
  else if (document.all) {
    // this is the way old msie versions work
    res = flip(document.all[szDivId]);
  }
  if(elem) {
    if(res == 0) elem.innerHTML = msg1; else elem.innerHTML = msg2;
  }

}

function toggleAllBoxes() {
  if (document.getElementsByTagName) {
    d = document.getElementsByTagName('div');
    for (i = 0; i < d.length; i++) {
      if (d[i].className == 'log') {
        flip(d[i]);
      }
    }
  }
}

// -->
</script>

</head>
<body>
<h2 align='center'>BPage</h2><table border='1' align="center">
<tr>
<td>Tests passed/Failed/Skipped:</td><td>61/3/0</td>
</tr><tr>
<td>Started on:</td><td>Tue Sep 05 21:43:25 ART 2023</td>
</tr>
<tr><td>Total time:</td><td>794 seconds (794399 ms)</td>
</tr><tr>
<td>Included groups:</td><td></td>
</tr><tr>
<td>Excluded groups:</td><td></td>
</tr>
</table><p/>
<small><i>(Hover the method name to see the test class name)</i></small><p/>
<table width='100%' border='1' class='invocation-failed'>
<tr><td colspan='4' align='center'><b>FAILED TESTS</b></td></tr>
<tr><td><b>Test method</b></td>
<td width="30%"><b>Exception</b></td>
<td width="10%"><b>Time (seconds)</b></td>
<td><b>Instance</b></td>
</tr>
<tr>
<td title='testModules.bpage.NatBpageTests1.verifyMoreOnThisBpage()'><b>verifyMoreOnThisBpage</b><br>Test class: testModules.bpage.NatBpageTests1</td>
<td><div><pre>org.openqa.selenium.NoSuchElementException: An element could not be located on the page using the given search parameters.
For documentation on this error, please visit: https://www.seleniumhq.org/exceptions/no_such_element.html
Build info: version: &apos;3.141.59&apos;, revision: &apos;e82be7d358&apos;, time: &apos;2018-11-14T08:17:03&apos;
System info: host: &apos;Gabrielas-MBP.fibertel.com.ar&apos;, ip: &apos;fe80:0:0:0:c63:2f5c:70e7:fda1%en0&apos;, os.name: &apos;Mac OS X&apos;, os.arch: &apos;x86_64&apos;, os.version: &apos;13.5.1&apos;, java.version: &apos;1.8.0_322&apos;
Driver info: io.appium.java_client.ios.IOSDriver
Capabilities {app: /Users/gabrielaconde/Librar..., automationName: XCUITest, browserName: , databaseEnabled: false, deviceName: iPhone 14 Pro, fullReset: false, javascriptEnabled: true, locationContextEnabled: false, networkConnectionEnabled: false, noReset: true, platform: MAC, platformName: iOS, platformVersion: 16.4, shouldTerminateApp: true, takesScreenshot: true, udid: 06E2C02A-F2BA-45A6-8B24-98D..., webStorageEnabled: false}
Session ID: 9685d8a9-4f8c-400b-bded-f1546933ad45
*** Element info: {Using=xpath, value=//XCUIElementTypeCollectionView[@name=&quot;buzz-collectionview&quot;]/XCUIElementTypeCell[1]/XCUIElementTypeOther/XCUIElementTypeOther/XCUIElementTypeStaticText[2]}
	at sun.reflect.GeneratedConstructorAccessor12.newInstance(Unknown Source)
	at sun.reflect.DelegatingConstructorAccessorImpl.newInstance(DelegatingConstructorAccessorImpl.java:45)
	at java.lang.reflect.Constructor.newInstance(Constructor.java:423)
	at org.openqa.selenium.remote.http.W3CHttpResponseCodec.createException(W3CHttpResponseCodec.java:187)
	at org.openqa.selenium.remote.http.W3CHttpResponseCodec.decode(W3CHttpResponseCodec.java:122)
	at org.openqa.selenium.remote.http.W3CHttpResponseCodec.decode(W3CHttpResponseCodec.java:49)
	at org.openqa.selenium.remote.HttpCommandExecutor.execute(HttpCommandExecutor.java:158)
	at io.appium.java_client.remote.AppiumCommandExecutor.execute(AppiumCommandExecutor.java:239)
	at org.openqa.selenium.remote.RemoteWebDriver.execute(RemoteWebDriver.java:552)
	at io.appium.java_client.DefaultGenericMobileDriver.execute(DefaultGenericMobileDriver.java:42)
	at io.appium.java_client.AppiumDriver.execute(AppiumDriver.java:1)
	at io.appium.java_client.ios.IOSDriver.execute(IOSDriver.java:1)
	at org.openqa.selenium.remote.RemoteWebDriver.findElement(RemoteWebDriver.java:323)
	at io.appium.java_client.DefaultGenericMobileDriver.findElement(DefaultGenericMobileDriver.java:62)
	at io.appium.java_client.AppiumDriver.findElement(AppiumDriver.java:1)
	at io.appium.java_client.ios.IOSDriver.findElement(IOSDriver.java:1)
	at org.openqa.selenium.remote.RemoteWebDriver.findElementByXPath(RemoteWebDriver.java:428)
	at io.appium.java_client.DefaultGenericMobileDriver.findElementByXPath(DefaultGenericMobileDriver.java:152)
	at io.appium.java_client.AppiumDriver.findElementByXPath(AppiumDriver.java:1)
	at io.appium.java_client.ios.IOSDriver.findElementByXPath(IOSDriver.java:1)
	at org.openqa.selenium.By$ByXPath.findElement(By.java:353)
	at org.openqa.selenium.remote.RemoteWebDriver.findElement(RemoteWebDriver.java:315)
	at io.appium.java_client.DefaultGenericMobileDriver.findElement(DefaultGenericMobileDriver.java:58)
	at io.appium.java_client.AppiumDriver.findElement(AppiumDriver.java:1)
	at io.appium.java_client.ios.IOSDriver.findElement(IOSDriver.java:1)
	at config.pages.bpage.BpagePage.bpageTitleIsPresent(BpagePage.java:93)
	at testModules.bpage.NatBpageTests1.verifyMoreOnThisBpage(NatBpageTests1.java:181)
	at sun.reflect.NativeMethodAccessorImpl.invoke0(Native Method)
	at sun.reflect.NativeMethodAccessorImpl.invoke(NativeMethodAccessorImpl.java:62)
	at sun.reflect.DelegatingMethodAccessorImpl.invoke(DelegatingMethodAccessorImpl.java:43)
	at java.lang.reflect.Method.invoke(Method.java:498)
	at org.testng.internal.MethodInvocationHelper.invokeMethod(MethodInvocationHelper.java:133)
	at org.testng.internal.TestInvoker.invokeMethod(TestInvoker.java:598)
	at org.testng.internal.TestInvoker.invokeTestMethod(TestInvoker.java:173)
	at org.testng.internal.MethodRunner.runInSequence(MethodRunner.java:46)
	at org.testng.internal.TestInvoker$MethodInvocationAgent.invoke(TestInvoker.java:824)
	at org.testng.internal.TestInvoker.invokeTestMethods(TestInvoker.java:146)
	at org.testng.internal.TestMethodWorker.invokeTestMethods(TestMethodWorker.java:146)
	at org.testng.internal.TestMethodWorker.run(TestMethodWorker.java:128)
	at java.util.ArrayList.forEach(ArrayList.java:1259)
	at org.testng.TestRunner.privateRun(TestRunner.java:794)
	at org.testng.TestRunner.run(TestRunner.java:596)
	at org.testng.SuiteRunner.runTest(SuiteRunner.java:377)
	at org.testng.SuiteRunner.runSequentially(SuiteRunner.java:371)
	at org.testng.SuiteRunner.privateRun(SuiteRunner.java:332)
	at org.testng.SuiteRunner.run(SuiteRunner.java:276)
	at org.testng.SuiteRunnerWorker.runSuite(SuiteRunnerWorker.java:53)
	at org.testng.SuiteRunnerWorker.run(SuiteRunnerWorker.java:96)
	at org.testng.TestNG.runSuitesSequentially(TestNG.java:1212)
	at org.testng.TestNG.runSuitesSequentially(TestNG.java:1207)
	at org.testng.TestNG.runSuitesLocally(TestNG.java:1134)
	at org.testng.TestNG.runSuites(TestNG.java:1063)
	at org.testng.TestNG.run(TestNG.java:1031)
	at org.apache.maven.surefire.testng.TestNGExecutor.run(TestNGExecutor.java:283)
	at org.apache.maven.surefire.testng.TestNGXmlTestSuite.execute(TestNGXmlTestSuite.java:75)
	at org.apache.maven.surefire.testng.TestNGProvider.invoke(TestNGProvider.java:120)
	at org.apache.maven.surefire.booter.ForkedBooter.invokeProviderInSameClassLoader(ForkedBooter.java:383)
	at org.apache.maven.surefire.booter.ForkedBooter.runSuitesInProcess(ForkedBooter.java:344)
	at org.apache.maven.surefire.booter.ForkedBooter.execute(ForkedBooter.java:125)
	at org.apache.maven.surefire.booter.ForkedBooter.main(ForkedBooter.java:417)
</pre></div><a href='#' onClick='toggleBox("stack-trace1128158063", this, "Click to show all stack frames", "Click to hide stack frames")'>Click to show all stack frames</a>
<div class='stack-trace' id='stack-trace1128158063'><pre>org.openqa.selenium.NoSuchElementException: An element could not be located on the page using the given search parameters.
For documentation on this error, please visit: https://www.seleniumhq.org/exceptions/no_such_element.html
Build info: version: &apos;3.141.59&apos;, revision: &apos;e82be7d358&apos;, time: &apos;2018-11-14T08:17:03&apos;
System info: host: &apos;Gabrielas-MBP.fibertel.com.ar&apos;, ip: &apos;fe80:0:0:0:c63:2f5c:70e7:fda1%en0&apos;, os.name: &apos;Mac OS X&apos;, os.arch: &apos;x86_64&apos;, os.version: &apos;13.5.1&apos;, java.version: &apos;1.8.0_322&apos;
Driver info: io.appium.java_client.ios.IOSDriver
Capabilities {app: /Users/gabrielaconde/Librar..., automationName: XCUITest, browserName: , databaseEnabled: false, deviceName: iPhone 14 Pro, fullReset: false, javascriptEnabled: true, locationContextEnabled: false, networkConnectionEnabled: false, noReset: true, platform: MAC, platformName: iOS, platformVersion: 16.4, shouldTerminateApp: true, takesScreenshot: true, udid: 06E2C02A-F2BA-45A6-8B24-98D..., webStorageEnabled: false}
Session ID: 9685d8a9-4f8c-400b-bded-f1546933ad45
*** Element info: {Using=xpath, value=//XCUIElementTypeCollectionView[@name=&quot;buzz-collectionview&quot;]/XCUIElementTypeCell[1]/XCUIElementTypeOther/XCUIElementTypeOther/XCUIElementTypeStaticText[2]}
	at sun.reflect.GeneratedConstructorAccessor12.newInstance(Unknown Source)
	at sun.reflect.DelegatingConstructorAccessorImpl.newInstance(DelegatingConstructorAccessorImpl.java:45)
	at java.lang.reflect.Constructor.newInstance(Constructor.java:423)
	at org.openqa.selenium.remote.http.W3CHttpResponseCodec.createException(W3CHttpResponseCodec.java:187)
	at org.openqa.selenium.remote.http.W3CHttpResponseCodec.decode(W3CHttpResponseCodec.java:122)
	at org.openqa.selenium.remote.http.W3CHttpResponseCodec.decode(W3CHttpResponseCodec.java:49)
	at org.openqa.selenium.remote.HttpCommandExecutor.execute(HttpCommandExecutor.java:158)
	at io.appium.java_client.remote.AppiumCommandExecutor.execute(AppiumCommandExecutor.java:239)
	at org.openqa.selenium.remote.RemoteWebDriver.execute(RemoteWebDriver.java:552)
	at io.appium.java_client.DefaultGenericMobileDriver.execute(DefaultGenericMobileDriver.java:42)
	at io.appium.java_client.AppiumDriver.execute(AppiumDriver.java:1)
	at io.appium.java_client.ios.IOSDriver.execute(IOSDriver.java:1)
	at org.openqa.selenium.remote.RemoteWebDriver.findElement(RemoteWebDriver.java:323)
	at io.appium.java_client.DefaultGenericMobileDriver.findElement(DefaultGenericMobileDriver.java:62)
	at io.appium.java_client.AppiumDriver.findElement(AppiumDriver.java:1)
	at io.appium.java_client.ios.IOSDriver.findElement(IOSDriver.java:1)
	at org.openqa.selenium.remote.RemoteWebDriver.findElementByXPath(RemoteWebDriver.java:428)
	at io.appium.java_client.DefaultGenericMobileDriver.findElementByXPath(DefaultGenericMobileDriver.java:152)
	at io.appium.java_client.AppiumDriver.findElementByXPath(AppiumDriver.java:1)
	at io.appium.java_client.ios.IOSDriver.findElementByXPath(IOSDriver.java:1)
	at org.openqa.selenium.By$ByXPath.findElement(By.java:353)
	at org.openqa.selenium.remote.RemoteWebDriver.findElement(RemoteWebDriver.java:315)
	at io.appium.java_client.DefaultGenericMobileDriver.findElement(DefaultGenericMobileDriver.java:58)
	at io.appium.java_client.AppiumDriver.findElement(AppiumDriver.java:1)
	at io.appium.java_client.ios.IOSDriver.findElement(IOSDriver.java:1)
	at config.pages.bpage.BpagePage.bpageTitleIsPresent(BpagePage.java:93)
	at testModules.bpage.NatBpageTests1.verifyMoreOnThisBpage(NatBpageTests1.java:181)
	at sun.reflect.NativeMethodAccessorImpl.invoke0(Native Method)
	at sun.reflect.NativeMethodAccessorImpl.invoke(NativeMethodAccessorImpl.java:62)
	at sun.reflect.DelegatingMethodAccessorImpl.invoke(DelegatingMethodAccessorImpl.java:43)
	at java.lang.reflect.Method.invoke(Method.java:498)
	at org.testng.internal.MethodInvocationHelper.invokeMethod(MethodInvocationHelper.java:133)
	at org.testng.internal.TestInvoker.invokeMethod(TestInvoker.java:598)
	at org.testng.internal.TestInvoker.invokeTestMethod(TestInvoker.java:173)
	at org.testng.internal.MethodRunner.runInSequence(MethodRunner.java:46)
	at org.testng.internal.TestInvoker$MethodInvocationAgent.invoke(TestInvoker.java:824)
	at org.testng.internal.TestInvoker.invokeTestMethods(TestInvoker.java:146)
	at org.testng.internal.TestMethodWorker.invokeTestMethods(TestMethodWorker.java:146)
	at org.testng.internal.TestMethodWorker.run(TestMethodWorker.java:128)
	at java.util.ArrayList.forEach(ArrayList.java:1259)
	at org.testng.TestRunner.privateRun(TestRunner.java:794)
	at org.testng.TestRunner.run(TestRunner.java:596)
	at org.testng.SuiteRunner.runTest(SuiteRunner.java:377)
	at org.testng.SuiteRunner.runSequentially(SuiteRunner.java:371)
	at org.testng.SuiteRunner.privateRun(SuiteRunner.java:332)
	at org.testng.SuiteRunner.run(SuiteRunner.java:276)
	at org.testng.SuiteRunnerWorker.runSuite(SuiteRunnerWorker.java:53)
	at org.testng.SuiteRunnerWorker.run(SuiteRunnerWorker.java:96)
	at org.testng.TestNG.runSuitesSequentially(TestNG.java:1212)
	at org.testng.TestNG.runSuitesSequentially(TestNG.java:1207)
	at org.testng.TestNG.runSuitesLocally(TestNG.java:1134)
	at org.testng.TestNG.runSuites(TestNG.java:1063)
	at org.testng.TestNG.run(TestNG.java:1031)
	at org.apache.maven.surefire.testng.TestNGExecutor.run(TestNGExecutor.java:283)
	at org.apache.maven.surefire.testng.TestNGXmlTestSuite.execute(TestNGXmlTestSuite.java:75)
	at org.apache.maven.surefire.testng.TestNGProvider.invoke(TestNGProvider.java:120)
	at org.apache.maven.surefire.booter.ForkedBooter.invokeProviderInSameClassLoader(ForkedBooter.java:383)
	at org.apache.maven.surefire.booter.ForkedBooter.runSuitesInProcess(ForkedBooter.java:344)
	at org.apache.maven.surefire.booter.ForkedBooter.execute(ForkedBooter.java:125)
	at org.apache.maven.surefire.booter.ForkedBooter.main(ForkedBooter.java:417)
</pre></div></td>
<td>66</td>
<td>testModules.bpage.NatBpageTests1@d29f28</td></tr>
<tr>
<td title='testModules.bpage.NatBpageEmbedsTests3.testTWEmbedIsPresent()'><b>testTWEmbedIsPresent</b><br>Test class: testModules.bpage.NatBpageEmbedsTests3</td>
<td><div><pre>org.openqa.selenium.NoSuchElementException: An element could not be located on the page using the given search parameters.
For documentation on this error, please visit: https://www.seleniumhq.org/exceptions/no_such_element.html
Build info: version: &apos;3.141.59&apos;, revision: &apos;e82be7d358&apos;, time: &apos;2018-11-14T08:17:03&apos;
System info: host: &apos;Gabrielas-MBP.fibertel.com.ar&apos;, ip: &apos;fe80:0:0:0:c63:2f5c:70e7:fda1%en0&apos;, os.name: &apos;Mac OS X&apos;, os.arch: &apos;x86_64&apos;, os.version: &apos;13.5.1&apos;, java.version: &apos;1.8.0_322&apos;
Driver info: io.appium.java_client.ios.IOSDriver
Capabilities {app: /Users/gabrielaconde/Librar..., automationName: XCUITest, browserName: , databaseEnabled: false, deviceName: iPhone 14 Pro, fullReset: false, javascriptEnabled: true, locationContextEnabled: false, networkConnectionEnabled: false, noReset: true, platform: MAC, platformName: iOS, platformVersion: 16.4, shouldTerminateApp: true, takesScreenshot: true, udid: 06E2C02A-F2BA-45A6-8B24-98D..., webStorageEnabled: false}
Session ID: 9685d8a9-4f8c-400b-bded-f1546933ad45
*** Element info: {Using=xpath, value=//XCUIElementTypeOther[@name=&quot;Video Attachment&quot;]}
	at sun.reflect.GeneratedConstructorAccessor12.newInstance(Unknown Source)
	at sun.reflect.DelegatingConstructorAccessorImpl.newInstance(DelegatingConstructorAccessorImpl.java:45)
	at java.lang.reflect.Constructor.newInstance(Constructor.java:423)
	at org.openqa.selenium.remote.http.W3CHttpResponseCodec.createException(W3CHttpResponseCodec.java:187)
	at org.openqa.selenium.remote.http.W3CHttpResponseCodec.decode(W3CHttpResponseCodec.java:122)
	at org.openqa.selenium.remote.http.W3CHttpResponseCodec.decode(W3CHttpResponseCodec.java:49)
	at org.openqa.selenium.remote.HttpCommandExecutor.execute(HttpCommandExecutor.java:158)
	at io.appium.java_client.remote.AppiumCommandExecutor.execute(AppiumCommandExecutor.java:239)
	at org.openqa.selenium.remote.RemoteWebDriver.execute(RemoteWebDriver.java:552)
	at io.appium.java_client.DefaultGenericMobileDriver.execute(DefaultGenericMobileDriver.java:42)
	at io.appium.java_client.AppiumDriver.execute(AppiumDriver.java:1)
	at io.appium.java_client.ios.IOSDriver.execute(IOSDriver.java:1)
	at org.openqa.selenium.remote.RemoteWebDriver.findElement(RemoteWebDriver.java:323)
	at io.appium.java_client.DefaultGenericMobileDriver.findElement(DefaultGenericMobileDriver.java:62)
	at io.appium.java_client.AppiumDriver.findElement(AppiumDriver.java:1)
	at io.appium.java_client.ios.IOSDriver.findElement(IOSDriver.java:1)
	at org.openqa.selenium.remote.RemoteWebDriver.findElementByXPath(RemoteWebDriver.java:428)
	at io.appium.java_client.DefaultGenericMobileDriver.findElementByXPath(DefaultGenericMobileDriver.java:152)
	at io.appium.java_client.AppiumDriver.findElementByXPath(AppiumDriver.java:1)
	at io.appium.java_client.ios.IOSDriver.findElementByXPath(IOSDriver.java:1)
	at org.openqa.selenium.By$ByXPath.findElement(By.java:353)
	at org.openqa.selenium.remote.RemoteWebDriver.findElement(RemoteWebDriver.java:315)
	at io.appium.java_client.DefaultGenericMobileDriver.findElement(DefaultGenericMobileDriver.java:58)
	at io.appium.java_client.AppiumDriver.findElement(AppiumDriver.java:1)
	at io.appium.java_client.ios.IOSDriver.findElement(IOSDriver.java:1)
	at config.pages.bpage.BpageEmbedsPage.twPlayButtonIsPresent(BpageEmbedsPage.java:51)
	at testModules.bpage.NatBpageEmbedsTests3.testTWEmbedIsPresent(NatBpageEmbedsTests3.java:64)
	at sun.reflect.NativeMethodAccessorImpl.invoke0(Native Method)
	at sun.reflect.NativeMethodAccessorImpl.invoke(NativeMethodAccessorImpl.java:62)
	at sun.reflect.DelegatingMethodAccessorImpl.invoke(DelegatingMethodAccessorImpl.java:43)
	at java.lang.reflect.Method.invoke(Method.java:498)
	at org.testng.internal.MethodInvocationHelper.invokeMethod(MethodInvocationHelper.java:133)
	at org.testng.internal.TestInvoker.invokeMethod(TestInvoker.java:598)
	at org.testng.internal.TestInvoker.invokeTestMethod(TestInvoker.java:173)
	at org.testng.internal.MethodRunner.runInSequence(MethodRunner.java:46)
	at org.testng.internal.TestInvoker$MethodInvocationAgent.invoke(TestInvoker.java:824)
	at org.testng.internal.TestInvoker.invokeTestMethods(TestInvoker.java:146)
	at org.testng.internal.TestMethodWorker.invokeTestMethods(TestMethodWorker.java:146)
	at org.testng.internal.TestMethodWorker.run(TestMethodWorker.java:128)
	at java.util.ArrayList.forEach(ArrayList.java:1259)
	at org.testng.TestRunner.privateRun(TestRunner.java:794)
	at org.testng.TestRunner.run(TestRunner.java:596)
	at org.testng.SuiteRunner.runTest(SuiteRunner.java:377)
	at org.testng.SuiteRunner.runSequentially(SuiteRunner.java:371)
	at org.testng.SuiteRunner.privateRun(SuiteRunner.java:332)
	at org.testng.SuiteRunner.run(SuiteRunner.java:276)
	at org.testng.SuiteRunnerWorker.runSuite(SuiteRunnerWorker.java:53)
	at org.testng.SuiteRunnerWorker.run(SuiteRunnerWorker.java:96)
	at org.testng.TestNG.runSuitesSequentially(TestNG.java:1212)
	at org.testng.TestNG.runSuitesSequentially(TestNG.java:1207)
	at org.testng.TestNG.runSuitesLocally(TestNG.java:1134)
	at org.testng.TestNG.runSuites(TestNG.java:1063)
	at org.testng.TestNG.run(TestNG.java:1031)
	at org.apache.maven.surefire.testng.TestNGExecutor.run(TestNGExecutor.java:283)
	at org.apache.maven.surefire.testng.TestNGXmlTestSuite.execute(TestNGXmlTestSuite.java:75)
	at org.apache.maven.surefire.testng.TestNGProvider.invoke(TestNGProvider.java:120)
	at org.apache.maven.surefire.booter.ForkedBooter.invokeProviderInSameClassLoader(ForkedBooter.java:383)
	at org.apache.maven.surefire.booter.ForkedBooter.runSuitesInProcess(ForkedBooter.java:344)
	at org.apache.maven.surefire.booter.ForkedBooter.execute(ForkedBooter.java:125)
	at org.apache.maven.surefire.booter.ForkedBooter.main(ForkedBooter.java:417)
</pre></div><a href='#' onClick='toggleBox("stack-trace454841229", this, "Click to show all stack frames", "Click to hide stack frames")'>Click to show all stack frames</a>
<div class='stack-trace' id='stack-trace454841229'><pre>org.openqa.selenium.NoSuchElementException: An element could not be located on the page using the given search parameters.
For documentation on this error, please visit: https://www.seleniumhq.org/exceptions/no_such_element.html
Build info: version: &apos;3.141.59&apos;, revision: &apos;e82be7d358&apos;, time: &apos;2018-11-14T08:17:03&apos;
System info: host: &apos;Gabrielas-MBP.fibertel.com.ar&apos;, ip: &apos;fe80:0:0:0:c63:2f5c:70e7:fda1%en0&apos;, os.name: &apos;Mac OS X&apos;, os.arch: &apos;x86_64&apos;, os.version: &apos;13.5.1&apos;, java.version: &apos;1.8.0_322&apos;
Driver info: io.appium.java_client.ios.IOSDriver
Capabilities {app: /Users/gabrielaconde/Librar..., automationName: XCUITest, browserName: , databaseEnabled: false, deviceName: iPhone 14 Pro, fullReset: false, javascriptEnabled: true, locationContextEnabled: false, networkConnectionEnabled: false, noReset: true, platform: MAC, platformName: iOS, platformVersion: 16.4, shouldTerminateApp: true, takesScreenshot: true, udid: 06E2C02A-F2BA-45A6-8B24-98D..., webStorageEnabled: false}
Session ID: 9685d8a9-4f8c-400b-bded-f1546933ad45
*** Element info: {Using=xpath, value=//XCUIElementTypeOther[@name=&quot;Video Attachment&quot;]}
	at sun.reflect.GeneratedConstructorAccessor12.newInstance(Unknown Source)
	at sun.reflect.DelegatingConstructorAccessorImpl.newInstance(DelegatingConstructorAccessorImpl.java:45)
	at java.lang.reflect.Constructor.newInstance(Constructor.java:423)
	at org.openqa.selenium.remote.http.W3CHttpResponseCodec.createException(W3CHttpResponseCodec.java:187)
	at org.openqa.selenium.remote.http.W3CHttpResponseCodec.decode(W3CHttpResponseCodec.java:122)
	at org.openqa.selenium.remote.http.W3CHttpResponseCodec.decode(W3CHttpResponseCodec.java:49)
	at org.openqa.selenium.remote.HttpCommandExecutor.execute(HttpCommandExecutor.java:158)
	at io.appium.java_client.remote.AppiumCommandExecutor.execute(AppiumCommandExecutor.java:239)
	at org.openqa.selenium.remote.RemoteWebDriver.execute(RemoteWebDriver.java:552)
	at io.appium.java_client.DefaultGenericMobileDriver.execute(DefaultGenericMobileDriver.java:42)
	at io.appium.java_client.AppiumDriver.execute(AppiumDriver.java:1)
	at io.appium.java_client.ios.IOSDriver.execute(IOSDriver.java:1)
	at org.openqa.selenium.remote.RemoteWebDriver.findElement(RemoteWebDriver.java:323)
	at io.appium.java_client.DefaultGenericMobileDriver.findElement(DefaultGenericMobileDriver.java:62)
	at io.appium.java_client.AppiumDriver.findElement(AppiumDriver.java:1)
	at io.appium.java_client.ios.IOSDriver.findElement(IOSDriver.java:1)
	at org.openqa.selenium.remote.RemoteWebDriver.findElementByXPath(RemoteWebDriver.java:428)
	at io.appium.java_client.DefaultGenericMobileDriver.findElementByXPath(DefaultGenericMobileDriver.java:152)
	at io.appium.java_client.AppiumDriver.findElementByXPath(AppiumDriver.java:1)
	at io.appium.java_client.ios.IOSDriver.findElementByXPath(IOSDriver.java:1)
	at org.openqa.selenium.By$ByXPath.findElement(By.java:353)
	at org.openqa.selenium.remote.RemoteWebDriver.findElement(RemoteWebDriver.java:315)
	at io.appium.java_client.DefaultGenericMobileDriver.findElement(DefaultGenericMobileDriver.java:58)
	at io.appium.java_client.AppiumDriver.findElement(AppiumDriver.java:1)
	at io.appium.java_client.ios.IOSDriver.findElement(IOSDriver.java:1)
	at config.pages.bpage.BpageEmbedsPage.twPlayButtonIsPresent(BpageEmbedsPage.java:51)
	at testModules.bpage.NatBpageEmbedsTests3.testTWEmbedIsPresent(NatBpageEmbedsTests3.java:64)
	at sun.reflect.NativeMethodAccessorImpl.invoke0(Native Method)
	at sun.reflect.NativeMethodAccessorImpl.invoke(NativeMethodAccessorImpl.java:62)
	at sun.reflect.DelegatingMethodAccessorImpl.invoke(DelegatingMethodAccessorImpl.java:43)
	at java.lang.reflect.Method.invoke(Method.java:498)
	at org.testng.internal.MethodInvocationHelper.invokeMethod(MethodInvocationHelper.java:133)
	at org.testng.internal.TestInvoker.invokeMethod(TestInvoker.java:598)
	at org.testng.internal.TestInvoker.invokeTestMethod(TestInvoker.java:173)
	at org.testng.internal.MethodRunner.runInSequence(MethodRunner.java:46)
	at org.testng.internal.TestInvoker$MethodInvocationAgent.invoke(TestInvoker.java:824)
	at org.testng.internal.TestInvoker.invokeTestMethods(TestInvoker.java:146)
	at org.testng.internal.TestMethodWorker.invokeTestMethods(TestMethodWorker.java:146)
	at org.testng.internal.TestMethodWorker.run(TestMethodWorker.java:128)
	at java.util.ArrayList.forEach(ArrayList.java:1259)
	at org.testng.TestRunner.privateRun(TestRunner.java:794)
	at org.testng.TestRunner.run(TestRunner.java:596)
	at org.testng.SuiteRunner.runTest(SuiteRunner.java:377)
	at org.testng.SuiteRunner.runSequentially(SuiteRunner.java:371)
	at org.testng.SuiteRunner.privateRun(SuiteRunner.java:332)
	at org.testng.SuiteRunner.run(SuiteRunner.java:276)
	at org.testng.SuiteRunnerWorker.runSuite(SuiteRunnerWorker.java:53)
	at org.testng.SuiteRunnerWorker.run(SuiteRunnerWorker.java:96)
	at org.testng.TestNG.runSuitesSequentially(TestNG.java:1212)
	at org.testng.TestNG.runSuitesSequentially(TestNG.java:1207)
	at org.testng.TestNG.runSuitesLocally(TestNG.java:1134)
	at org.testng.TestNG.runSuites(TestNG.java:1063)
	at org.testng.TestNG.run(TestNG.java:1031)
	at org.apache.maven.surefire.testng.TestNGExecutor.run(TestNGExecutor.java:283)
	at org.apache.maven.surefire.testng.TestNGXmlTestSuite.execute(TestNGXmlTestSuite.java:75)
	at org.apache.maven.surefire.testng.TestNGProvider.invoke(TestNGProvider.java:120)
	at org.apache.maven.surefire.booter.ForkedBooter.invokeProviderInSameClassLoader(ForkedBooter.java:383)
	at org.apache.maven.surefire.booter.ForkedBooter.runSuitesInProcess(ForkedBooter.java:344)
	at org.apache.maven.surefire.booter.ForkedBooter.execute(ForkedBooter.java:125)
	at org.apache.maven.surefire.booter.ForkedBooter.main(ForkedBooter.java:417)
</pre></div></td>
<td>68</td>
<td>testModules.bpage.NatBpageEmbedsTests3@2df9b86</td></tr>
<tr>
<td title='testModules.bpage.NatBpageTests1.tapFirstMoreLikeThisBpage()'><b>tapFirstMoreLikeThisBpage</b><br>Test class: testModules.bpage.NatBpageTests1</td>
<td><div><pre>org.openqa.selenium.NoSuchElementException: An element could not be located on the page using the given search parameters.
For documentation on this error, please visit: https://www.seleniumhq.org/exceptions/no_such_element.html
Build info: version: &apos;3.141.59&apos;, revision: &apos;e82be7d358&apos;, time: &apos;2018-11-14T08:17:03&apos;
System info: host: &apos;Gabrielas-MBP.fibertel.com.ar&apos;, ip: &apos;fe80:0:0:0:c63:2f5c:70e7:fda1%en0&apos;, os.name: &apos;Mac OS X&apos;, os.arch: &apos;x86_64&apos;, os.version: &apos;13.5.1&apos;, java.version: &apos;1.8.0_322&apos;
Driver info: io.appium.java_client.ios.IOSDriver
Capabilities {app: /Users/gabrielaconde/Librar..., automationName: XCUITest, browserName: , databaseEnabled: false, deviceName: iPhone 14 Pro, fullReset: false, javascriptEnabled: true, locationContextEnabled: false, networkConnectionEnabled: false, noReset: true, platform: MAC, platformName: iOS, platformVersion: 16.4, shouldTerminateApp: true, takesScreenshot: true, udid: 06E2C02A-F2BA-45A6-8B24-98D..., webStorageEnabled: false}
Session ID: 9685d8a9-4f8c-400b-bded-f1546933ad45
*** Element info: {Using=xpath, value=//XCUIElementTypeCollectionView[@name=&quot;buzz-collectionview&quot;]/XCUIElementTypeCell[1]/XCUIElementTypeOther/XCUIElementTypeOther/XCUIElementTypeStaticText[2]}
	at sun.reflect.GeneratedConstructorAccessor12.newInstance(Unknown Source)
	at sun.reflect.DelegatingConstructorAccessorImpl.newInstance(DelegatingConstructorAccessorImpl.java:45)
	at java.lang.reflect.Constructor.newInstance(Constructor.java:423)
	at org.openqa.selenium.remote.http.W3CHttpResponseCodec.createException(W3CHttpResponseCodec.java:187)
	at org.openqa.selenium.remote.http.W3CHttpResponseCodec.decode(W3CHttpResponseCodec.java:122)
	at org.openqa.selenium.remote.http.W3CHttpResponseCodec.decode(W3CHttpResponseCodec.java:49)
	at org.openqa.selenium.remote.HttpCommandExecutor.execute(HttpCommandExecutor.java:158)
	at io.appium.java_client.remote.AppiumCommandExecutor.execute(AppiumCommandExecutor.java:239)
	at org.openqa.selenium.remote.RemoteWebDriver.execute(RemoteWebDriver.java:552)
	at io.appium.java_client.DefaultGenericMobileDriver.execute(DefaultGenericMobileDriver.java:42)
	at io.appium.java_client.AppiumDriver.execute(AppiumDriver.java:1)
	at io.appium.java_client.ios.IOSDriver.execute(IOSDriver.java:1)
	at org.openqa.selenium.remote.RemoteWebDriver.findElement(RemoteWebDriver.java:323)
	at io.appium.java_client.DefaultGenericMobileDriver.findElement(DefaultGenericMobileDriver.java:62)
	at io.appium.java_client.AppiumDriver.findElement(AppiumDriver.java:1)
	at io.appium.java_client.ios.IOSDriver.findElement(IOSDriver.java:1)
	at org.openqa.selenium.remote.RemoteWebDriver.findElementByXPath(RemoteWebDriver.java:428)
	at io.appium.java_client.DefaultGenericMobileDriver.findElementByXPath(DefaultGenericMobileDriver.java:152)
	at io.appium.java_client.AppiumDriver.findElementByXPath(AppiumDriver.java:1)
	at io.appium.java_client.ios.IOSDriver.findElementByXPath(IOSDriver.java:1)
	at org.openqa.selenium.By$ByXPath.findElement(By.java:353)
	at org.openqa.selenium.remote.RemoteWebDriver.findElement(RemoteWebDriver.java:315)
	at io.appium.java_client.DefaultGenericMobileDriver.findElement(DefaultGenericMobileDriver.java:58)
	at io.appium.java_client.AppiumDriver.findElement(AppiumDriver.java:1)
	at io.appium.java_client.ios.IOSDriver.findElement(IOSDriver.java:1)
	at config.pages.bpage.BpagePage.bpageTitleIsPresent(BpagePage.java:93)
	at testModules.bpage.NatBpageTests1.tapFirstMoreLikeThisBpage(NatBpageTests1.java:237)
	at sun.reflect.NativeMethodAccessorImpl.invoke0(Native Method)
	at sun.reflect.NativeMethodAccessorImpl.invoke(NativeMethodAccessorImpl.java:62)
	at sun.reflect.DelegatingMethodAccessorImpl.invoke(DelegatingMethodAccessorImpl.java:43)
	at java.lang.reflect.Method.invoke(Method.java:498)
	at org.testng.internal.MethodInvocationHelper.invokeMethod(MethodInvocationHelper.java:133)
	at org.testng.internal.TestInvoker.invokeMethod(TestInvoker.java:598)
	at org.testng.internal.TestInvoker.invokeTestMethod(TestInvoker.java:173)
	at org.testng.internal.MethodRunner.runInSequence(MethodRunner.java:46)
	at org.testng.internal.TestInvoker$MethodInvocationAgent.invoke(TestInvoker.java:824)
	at org.testng.internal.TestInvoker.invokeTestMethods(TestInvoker.java:146)
	at org.testng.internal.TestMethodWorker.invokeTestMethods(TestMethodWorker.java:146)
	at org.testng.internal.TestMethodWorker.run(TestMethodWorker.java:128)
	at java.util.ArrayList.forEach(ArrayList.java:1259)
	at org.testng.TestRunner.privateRun(TestRunner.java:794)
	at org.testng.TestRunner.run(TestRunner.java:596)
	at org.testng.SuiteRunner.runTest(SuiteRunner.java:377)
	at org.testng.SuiteRunner.runSequentially(SuiteRunner.java:371)
	at org.testng.SuiteRunner.privateRun(SuiteRunner.java:332)
	at org.testng.SuiteRunner.run(SuiteRunner.java:276)
	at org.testng.SuiteRunnerWorker.runSuite(SuiteRunnerWorker.java:53)
	at org.testng.SuiteRunnerWorker.run(SuiteRunnerWorker.java:96)
	at org.testng.TestNG.runSuitesSequentially(TestNG.java:1212)
	at org.testng.TestNG.runSuitesSequentially(TestNG.java:1207)
	at org.testng.TestNG.runSuitesLocally(TestNG.java:1134)
	at org.testng.TestNG.runSuites(TestNG.java:1063)
	at org.testng.TestNG.run(TestNG.java:1031)
	at org.apache.maven.surefire.testng.TestNGExecutor.run(TestNGExecutor.java:283)
	at org.apache.maven.surefire.testng.TestNGXmlTestSuite.execute(TestNGXmlTestSuite.java:75)
	at org.apache.maven.surefire.testng.TestNGProvider.invoke(TestNGProvider.java:120)
	at org.apache.maven.surefire.booter.ForkedBooter.invokeProviderInSameClassLoader(ForkedBooter.java:383)
	at org.apache.maven.surefire.booter.ForkedBooter.runSuitesInProcess(ForkedBooter.java:344)
	at org.apache.maven.surefire.booter.ForkedBooter.execute(ForkedBooter.java:125)
	at org.apache.maven.surefire.booter.ForkedBooter.main(ForkedBooter.java:417)
</pre></div><a href='#' onClick='toggleBox("stack-trace1870541675", this, "Click to show all stack frames", "Click to hide stack frames")'>Click to show all stack frames</a>
<div class='stack-trace' id='stack-trace1870541675'><pre>org.openqa.selenium.NoSuchElementException: An element could not be located on the page using the given search parameters.
For documentation on this error, please visit: https://www.seleniumhq.org/exceptions/no_such_element.html
Build info: version: &apos;3.141.59&apos;, revision: &apos;e82be7d358&apos;, time: &apos;2018-11-14T08:17:03&apos;
System info: host: &apos;Gabrielas-MBP.fibertel.com.ar&apos;, ip: &apos;fe80:0:0:0:c63:2f5c:70e7:fda1%en0&apos;, os.name: &apos;Mac OS X&apos;, os.arch: &apos;x86_64&apos;, os.version: &apos;13.5.1&apos;, java.version: &apos;1.8.0_322&apos;
Driver info: io.appium.java_client.ios.IOSDriver
Capabilities {app: /Users/gabrielaconde/Librar..., automationName: XCUITest, browserName: , databaseEnabled: false, deviceName: iPhone 14 Pro, fullReset: false, javascriptEnabled: true, locationContextEnabled: false, networkConnectionEnabled: false, noReset: true, platform: MAC, platformName: iOS, platformVersion: 16.4, shouldTerminateApp: true, takesScreenshot: true, udid: 06E2C02A-F2BA-45A6-8B24-98D..., webStorageEnabled: false}
Session ID: 9685d8a9-4f8c-400b-bded-f1546933ad45
*** Element info: {Using=xpath, value=//XCUIElementTypeCollectionView[@name=&quot;buzz-collectionview&quot;]/XCUIElementTypeCell[1]/XCUIElementTypeOther/XCUIElementTypeOther/XCUIElementTypeStaticText[2]}
	at sun.reflect.GeneratedConstructorAccessor12.newInstance(Unknown Source)
	at sun.reflect.DelegatingConstructorAccessorImpl.newInstance(DelegatingConstructorAccessorImpl.java:45)
	at java.lang.reflect.Constructor.newInstance(Constructor.java:423)
	at org.openqa.selenium.remote.http.W3CHttpResponseCodec.createException(W3CHttpResponseCodec.java:187)
	at org.openqa.selenium.remote.http.W3CHttpResponseCodec.decode(W3CHttpResponseCodec.java:122)
	at org.openqa.selenium.remote.http.W3CHttpResponseCodec.decode(W3CHttpResponseCodec.java:49)
	at org.openqa.selenium.remote.HttpCommandExecutor.execute(HttpCommandExecutor.java:158)
	at io.appium.java_client.remote.AppiumCommandExecutor.execute(AppiumCommandExecutor.java:239)
	at org.openqa.selenium.remote.RemoteWebDriver.execute(RemoteWebDriver.java:552)
	at io.appium.java_client.DefaultGenericMobileDriver.execute(DefaultGenericMobileDriver.java:42)
	at io.appium.java_client.AppiumDriver.execute(AppiumDriver.java:1)
	at io.appium.java_client.ios.IOSDriver.execute(IOSDriver.java:1)
	at org.openqa.selenium.remote.RemoteWebDriver.findElement(RemoteWebDriver.java:323)
	at io.appium.java_client.DefaultGenericMobileDriver.findElement(DefaultGenericMobileDriver.java:62)
	at io.appium.java_client.AppiumDriver.findElement(AppiumDriver.java:1)
	at io.appium.java_client.ios.IOSDriver.findElement(IOSDriver.java:1)
	at org.openqa.selenium.remote.RemoteWebDriver.findElementByXPath(RemoteWebDriver.java:428)
	at io.appium.java_client.DefaultGenericMobileDriver.findElementByXPath(DefaultGenericMobileDriver.java:152)
	at io.appium.java_client.AppiumDriver.findElementByXPath(AppiumDriver.java:1)
	at io.appium.java_client.ios.IOSDriver.findElementByXPath(IOSDriver.java:1)
	at org.openqa.selenium.By$ByXPath.findElement(By.java:353)
	at org.openqa.selenium.remote.RemoteWebDriver.findElement(RemoteWebDriver.java:315)
	at io.appium.java_client.DefaultGenericMobileDriver.findElement(DefaultGenericMobileDriver.java:58)
	at io.appium.java_client.AppiumDriver.findElement(AppiumDriver.java:1)
	at io.appium.java_client.ios.IOSDriver.findElement(IOSDriver.java:1)
	at config.pages.bpage.BpagePage.bpageTitleIsPresent(BpagePage.java:93)
	at testModules.bpage.NatBpageTests1.tapFirstMoreLikeThisBpage(NatBpageTests1.java:237)
	at sun.reflect.NativeMethodAccessorImpl.invoke0(Native Method)
	at sun.reflect.NativeMethodAccessorImpl.invoke(NativeMethodAccessorImpl.java:62)
	at sun.reflect.DelegatingMethodAccessorImpl.invoke(DelegatingMethodAccessorImpl.java:43)
	at java.lang.reflect.Method.invoke(Method.java:498)
	at org.testng.internal.MethodInvocationHelper.invokeMethod(MethodInvocationHelper.java:133)
	at org.testng.internal.TestInvoker.invokeMethod(TestInvoker.java:598)
	at org.testng.internal.TestInvoker.invokeTestMethod(TestInvoker.java:173)
	at org.testng.internal.MethodRunner.runInSequence(MethodRunner.java:46)
	at org.testng.internal.TestInvoker$MethodInvocationAgent.invoke(TestInvoker.java:824)
	at org.testng.internal.TestInvoker.invokeTestMethods(TestInvoker.java:146)
	at org.testng.internal.TestMethodWorker.invokeTestMethods(TestMethodWorker.java:146)
	at org.testng.internal.TestMethodWorker.run(TestMethodWorker.java:128)
	at java.util.ArrayList.forEach(ArrayList.java:1259)
	at org.testng.TestRunner.privateRun(TestRunner.java:794)
	at org.testng.TestRunner.run(TestRunner.java:596)
	at org.testng.SuiteRunner.runTest(SuiteRunner.java:377)
	at org.testng.SuiteRunner.runSequentially(SuiteRunner.java:371)
	at org.testng.SuiteRunner.privateRun(SuiteRunner.java:332)
	at org.testng.SuiteRunner.run(SuiteRunner.java:276)
	at org.testng.SuiteRunnerWorker.runSuite(SuiteRunnerWorker.java:53)
	at org.testng.SuiteRunnerWorker.run(SuiteRunnerWorker.java:96)
	at org.testng.TestNG.runSuitesSequentially(TestNG.java:1212)
	at org.testng.TestNG.runSuitesSequentially(TestNG.java:1207)
	at org.testng.TestNG.runSuitesLocally(TestNG.java:1134)
	at org.testng.TestNG.runSuites(TestNG.java:1063)
	at org.testng.TestNG.run(TestNG.java:1031)
	at org.apache.maven.surefire.testng.TestNGExecutor.run(TestNGExecutor.java:283)
	at org.apache.maven.surefire.testng.TestNGXmlTestSuite.execute(TestNGXmlTestSuite.java:75)
	at org.apache.maven.surefire.testng.TestNGProvider.invoke(TestNGProvider.java:120)
	at org.apache.maven.surefire.booter.ForkedBooter.invokeProviderInSameClassLoader(ForkedBooter.java:383)
	at org.apache.maven.surefire.booter.ForkedBooter.runSuitesInProcess(ForkedBooter.java:344)
	at org.apache.maven.surefire.booter.ForkedBooter.execute(ForkedBooter.java:125)
	at org.apache.maven.surefire.booter.ForkedBooter.main(ForkedBooter.java:417)
</pre></div></td>
<td>57</td>
<td>testModules.bpage.NatBpageTests1@d29f28</td></tr>
</table><p>
<table width='100%' border='1' class='invocation-passed'>
<tr><td colspan='4' align='center'><b>PASSED TESTS</b></td></tr>
<tr><td><b>Test method</b></td>
<td width="30%"><b>Exception</b></td>
<td width="10%"><b>Time (seconds)</b></td>
<td><b>Instance</b></td>
</tr>
<tr>
<td title='testModules.bpage.NatBpageTests1.disableAdExp()'><b>disableAdExp</b><br>Test class: testModules.bpage.NatBpageTests1</td>
<td></td>
<td>38</td>
<td>testModules.bpage.NatBpageTests1@d29f28</td></tr>
<tr>
<td title='testModules.bpage.NatBpageCommentsTests7.verifyMostRecentSectionIsPresent()'><b>verifyMostRecentSectionIsPresent</b><br>Test class: testModules.bpage.NatBpageCommentsTests7</td>
<td></td>
<td>1</td>
<td>testModules.bpage.NatBpageCommentsTests7@15aab8c6</td></tr>
<tr>
<td title='testModules.bpage.NatBpageShoppingButtonsTests2.testBuyNowIsPresent()'><b>testBuyNowIsPresent</b><br>Test class: testModules.bpage.NatBpageShoppingButtonsTests2</td>
<td></td>
<td>37</td>
<td>testModules.bpage.NatBpageShoppingButtonsTests2@793be5ca</td></tr>
<tr>
<td title='testModules.bpage.NatBpageTests1.tapShareButtonOnBpage()'><b>tapShareButtonOnBpage</b><br>Test class: testModules.bpage.NatBpageTests1</td>
<td></td>
<td>6</td>
<td>testModules.bpage.NatBpageTests1@d29f28</td></tr>
<tr>
<td title='testModules.bpage.NatBpageTests1.validateRelatedContentItemDisplays()'><b>validateRelatedContentItemDisplays</b><br>Test class: testModules.bpage.NatBpageTests1</td>
<td></td>
<td>10</td>
<td>testModules.bpage.NatBpageTests1@d29f28</td></tr>
<tr>
<td title='testModules.bpage.FallBpageTests4.verifyMoreOnThisHeaderIsPresent()'><b>verifyMoreOnThisHeaderIsPresent</b><br>Test class: testModules.bpage.FallBpageTests4</td>
<td></td>
<td>12</td>
<td>testModules.bpage.FallBpageTests4@37654521</td></tr>
<tr>
<td title='testModules.bpage.NatBpageTests1.tapTrendingBpage()'><b>tapTrendingBpage</b><br>Test class: testModules.bpage.NatBpageTests1</td>
<td></td>
<td>6</td>
<td>testModules.bpage.NatBpageTests1@d29f28</td></tr>
<tr>
<td title='testModules.bpage.NatBpageEmbedsTests3.testSearchTwitterNativeBpage()'><b>testSearchTwitterNativeBpage</b><br>Test class: testModules.bpage.NatBpageEmbedsTests3<br>Parameters: Addison Rae Accused Of Being A Trump Supporter On Twitter After She Excitedly Greeted The Former President At UFC 264</td>
<td></td>
<td>17</td>
<td>testModules.bpage.NatBpageEmbedsTests3@2df9b86</td></tr>
<tr>
<td title='testModules.bpage.NatBpageCommentsTests7.addComment()'><b>addComment</b><br>Test class: testModules.bpage.NatBpageCommentsTests7<br>Parameters: It's amazing</td>
<td></td>
<td>3</td>
<td>testModules.bpage.NatBpageCommentsTests7@15aab8c6</td></tr>
<tr>
<td title='testModules.bpage.NatBpageCommentsTests7.testSearchNativeBpage()'><b>testSearchNativeBpage</b><br>Test class: testModules.bpage.NatBpageCommentsTests7<br>Parameters: 15 Things You're Gonna Want To Bring To College That No One Tells You About</td>
<td></td>
<td>19</td>
<td>testModules.bpage.NatBpageCommentsTests7@15aab8c6</td></tr>
<tr>
<td title='testModules.bpage.NatBpageCommentsTests7.verifyPostButtonIsPresent()'><b>verifyPostButtonIsPresent</b><br>Test class: testModules.bpage.NatBpageCommentsTests7</td>
<td></td>
<td>0</td>
<td>testModules.bpage.NatBpageCommentsTests7@15aab8c6</td></tr>
<tr>
<td title='testModules.bpage.NatBpageShoppingButtonsTests2.testBuyFromAmazonButton()'><b>testBuyFromAmazonButton</b><br>Test class: testModules.bpage.NatBpageShoppingButtonsTests2</td>
<td></td>
<td>3</td>
<td>testModules.bpage.NatBpageShoppingButtonsTests2@793be5ca</td></tr>
<tr>
<td title='testModules.bpage.NatBpageTests1.verifyMoreOnThisHeaderIsPresent()'><b>verifyMoreOnThisHeaderIsPresent</b><br>Test class: testModules.bpage.NatBpageTests1</td>
<td></td>
<td>10</td>
<td>testModules.bpage.NatBpageTests1@d29f28</td></tr>
<tr>
<td title='testModules.bpage.NatBpageCommentsTests7.verifyCommentIsPresent()'><b>verifyCommentIsPresent</b><br>Test class: testModules.bpage.NatBpageCommentsTests7<br>Parameters: It's amazing</td>
<td></td>
<td>1</td>
<td>testModules.bpage.NatBpageCommentsTests7@15aab8c6</td></tr>
<tr>
<td title='testModules.bpage.NatBpageTests1.verifyShareButtonIsPresentOnMV()'><b>verifyShareButtonIsPresentOnMV</b><br>Test class: testModules.bpage.NatBpageTests1</td>
<td></td>
<td>0</td>
<td>testModules.bpage.NatBpageTests1@d29f28</td></tr>
<tr>
<td title='testModules.bpage.NatBpageTests1.verifyShareButtonIsPresent()'><b>verifyShareButtonIsPresent</b><br>Test class: testModules.bpage.NatBpageTests1</td>
<td></td>
<td>0</td>
<td>testModules.bpage.NatBpageTests1@d29f28</td></tr>
<tr>
<td title='testModules.bpage.FallBpageTests4.verifySubTitleIsPresent()'><b>verifySubTitleIsPresent</b><br>Test class: testModules.bpage.FallBpageTests4</td>
<td></td>
<td>0</td>
<td>testModules.bpage.FallBpageTests4@37654521</td></tr>
<tr>
<td title='testModules.bpage.NatBpageTests1.testSearchNativeBpage()'><b>testSearchNativeBpage</b><br>Test class: testModules.bpage.NatBpageTests1<br>Parameters: Simone Biles Won A Bronze Medal In Her Olympic Return</td>
<td></td>
<td>16</td>
<td>testModules.bpage.NatBpageTests1@d29f28</td></tr>
<tr>
<td title='testModules.bpage.NatBpageTests1.verifyImagePresentOnBpage()'><b>verifyImagePresentOnBpage</b><br>Test class: testModules.bpage.NatBpageTests1</td>
<td></td>
<td>0</td>
<td>testModules.bpage.NatBpageTests1@d29f28</td></tr>
<tr>
<td title='testModules.bpage.NatBpageCommentsTests7.tapLikeCommentButton()'><b>tapLikeCommentButton</b><br>Test class: testModules.bpage.NatBpageCommentsTests7</td>
<td></td>
<td>0</td>
<td>testModules.bpage.NatBpageCommentsTests7@15aab8c6</td></tr>
<tr>
<td title='testModules.bpage.NatBpageCommentsTests7.testEnterPassword()'><b>testEnterPassword</b><br>Test class: testModules.bpage.NatBpageCommentsTests7<br>Parameters: almadormida12</td>
<td></td>
<td>13</td>
<td>testModules.bpage.NatBpageCommentsTests7@15aab8c6</td></tr>
<tr>
<td title='testModules.bpage.FallBpageTests4.verifyMoreOnThisBpageIsPresent()'><b>verifyMoreOnThisBpageIsPresent</b><br>Test class: testModules.bpage.FallBpageTests4</td>
<td></td>
<td>1</td>
<td>testModules.bpage.FallBpageTests4@37654521</td></tr>
<tr>
<td title='testModules.bpage.NatBpageEmbedsTests3.testPlayYTButtonIsPresent()'><b>testPlayYTButtonIsPresent</b><br>Test class: testModules.bpage.NatBpageEmbedsTests3</td>
<td></td>
<td>6</td>
<td>testModules.bpage.NatBpageEmbedsTests3@2df9b86</td></tr>
<tr>
<td title='testModules.bpage.NatBpageEmbedsTests3.testSearchIGVideoNativeBpage()'><b>testSearchIGVideoNativeBpage</b><br>Test class: testModules.bpage.NatBpageEmbedsTests3<br>Parameters: Maisie Richardson-Sellers' Instagram Is Pretty Much A Stan Account For Their Girlfriend, And I'm Obsessed With It</td>
<td></td>
<td>21</td>
<td>testModules.bpage.NatBpageEmbedsTests3@2df9b86</td></tr>
<tr>
<td title='testModules.bpage.NatBpageEmbedsTests3.testSearchTikTokVideoNativeBpage()'><b>testSearchTikTokVideoNativeBpage</b><br>Test class: testModules.bpage.NatBpageEmbedsTests3<br>Parameters: Someone On TikTok Tricked A Bunch Of "Love Island" Fans Into Thinking They Were On The Show</td>
<td></td>
<td>18</td>
<td>testModules.bpage.NatBpageEmbedsTests3@2df9b86</td></tr>
<tr>
<td title='testModules.bpage.FallBpageTests4.verifyShareButtonIsPresent()'><b>verifyShareButtonIsPresent</b><br>Test class: testModules.bpage.FallBpageTests4</td>
<td></td>
<td>0</td>
<td>testModules.bpage.FallBpageTests4@37654521</td></tr>
<tr>
<td title='testModules.bpage.NatBpageEmbedsTests3.testSearchYTVideoNativeBpage()'><b>testSearchYTVideoNativeBpage</b><br>Test class: testModules.bpage.NatBpageEmbedsTests3<br>Parameters: Rather Than Just Hiding Extremist Videos, YouTube Will Offer Anti-Extremist Results</td>
<td></td>
<td>16</td>
<td>testModules.bpage.NatBpageEmbedsTests3@2df9b86</td></tr>
<tr>
<td title='testModules.bpage.NatBpageTests1.verifyMoreLikeThisBpageIsPresent()'><b>verifyMoreLikeThisBpageIsPresent</b><br>Test class: testModules.bpage.NatBpageTests1</td>
<td></td>
<td>46</td>
<td>testModules.bpage.NatBpageTests1@d29f28</td></tr>
<tr>
<td title='testModules.bpage.FallBpageTests4.tapShareButtonOnBpage()'><b>tapShareButtonOnBpage</b><br>Test class: testModules.bpage.FallBpageTests4</td>
<td></td>
<td>3</td>
<td>testModules.bpage.FallBpageTests4@37654521</td></tr>
<tr>
<td title='testModules.bpage.FallBpageTests4.verifyMoreOnThisBpage()'><b>verifyMoreOnThisBpage</b><br>Test class: testModules.bpage.FallBpageTests4</td>
<td></td>
<td>10</td>
<td>testModules.bpage.FallBpageTests4@37654521</td></tr>
<tr>
<td title='testModules.bpage.NatBpageShoppingButtonsTests2.testBuyFromAmazonButtonIsPresent()'><b>testBuyFromAmazonButtonIsPresent</b><br>Test class: testModules.bpage.NatBpageShoppingButtonsTests2</td>
<td></td>
<td>7</td>
<td>testModules.bpage.NatBpageShoppingButtonsTests2@793be5ca</td></tr>
<tr>
<td title='testModules.bpage.NatBpageTests1.verifyDataCategoryArePresent()'><b>verifyDataCategoryArePresent</b><br>Test class: testModules.bpage.NatBpageTests1</td>
<td></td>
<td>0</td>
<td>testModules.bpage.NatBpageTests1@d29f28</td></tr>
<tr>
<td title='testModules.bpage.NatBpageCommentsTests7.tapPostButton()'><b>tapPostButton</b><br>Test class: testModules.bpage.NatBpageCommentsTests7</td>
<td></td>
<td>1</td>
<td>testModules.bpage.NatBpageCommentsTests7@15aab8c6</td></tr>
<tr>
<td title='testModules.bpage.NatBpageEmbedsTests3.testTikTokVideoIsPresent()'><b>testTikTokVideoIsPresent</b><br>Test class: testModules.bpage.NatBpageEmbedsTests3</td>
<td></td>
<td>95</td>
<td>testModules.bpage.NatBpageEmbedsTests3@2df9b86</td></tr>
<tr>
<td title='testModules.bpage.FallBpageTests4.testSearchFallbackBpage()'><b>testSearchFallbackBpage</b><br>Test class: testModules.bpage.FallBpageTests4<br>Parameters: US Life Expectancy In 2020 Dropped By More Than It Has Since World War II</td>
<td></td>
<td>14</td>
<td>testModules.bpage.FallBpageTests4@37654521</td></tr>
<tr>
<td title='testModules.bpage.NatBpageTests1.validateRelatedContentHeader()'><b>validateRelatedContentHeader</b><br>Test class: testModules.bpage.NatBpageTests1</td>
<td></td>
<td>6</td>
<td>testModules.bpage.NatBpageTests1@d29f28</td></tr>
<tr>
<td title='testModules.bpage.NatBpageShoppingButtonsTests2.testSearchFallbackBpage()'><b>testSearchFallbackBpage</b><br>Test class: testModules.bpage.NatBpageShoppingButtonsTests2<br>Parameters: 33 Trendy Pieces Your Friends Will Want To Borrow</td>
<td></td>
<td>16</td>
<td>testModules.bpage.NatBpageShoppingButtonsTests2@793be5ca</td></tr>
<tr>
<td title='testModules.bpage.NatBpageCommentsTests7.verifyMostHeartSectionLoads()'><b>verifyMostHeartSectionLoads</b><br>Test class: testModules.bpage.NatBpageCommentsTests7</td>
<td></td>
<td>5</td>
<td>testModules.bpage.NatBpageCommentsTests7@15aab8c6</td></tr>
<tr>
<td title='testModules.bpage.NatBpageTests1.verifyMoreOnThisBpageIsPresent()'><b>verifyMoreOnThisBpageIsPresent</b><br>Test class: testModules.bpage.NatBpageTests1</td>
<td></td>
<td>0</td>
<td>testModules.bpage.NatBpageTests1@d29f28</td></tr>
<tr>
<td title='testModules.bpage.NatBpageTests1.verifyAuthorInfoIsPresentOnBpage()'><b>verifyAuthorInfoIsPresentOnBpage</b><br>Test class: testModules.bpage.NatBpageTests1</td>
<td></td>
<td>1</td>
<td>testModules.bpage.NatBpageTests1@d29f28</td></tr>
<tr>
<td title='testModules.bpage.NatBpageCommentsTests7.verifyUserIsPresentOnMoreRecentSection()'><b>verifyUserIsPresentOnMoreRecentSection</b><br>Test class: testModules.bpage.NatBpageCommentsTests7</td>
<td></td>
<td>4</td>
<td>testModules.bpage.NatBpageCommentsTests7@15aab8c6</td></tr>
<tr>
<td title='testModules.bpage.NatBpageTests1.verifyTitleIsPresent()'><b>verifyTitleIsPresent</b><br>Test class: testModules.bpage.NatBpageTests1</td>
<td></td>
<td>0</td>
<td>testModules.bpage.NatBpageTests1@d29f28</td></tr>
<tr>
<td title='testModules.bpage.NatBpageCommentsTests7.verifyReplyCommentIsPresent()'><b>verifyReplyCommentIsPresent</b><br>Test class: testModules.bpage.NatBpageCommentsTests7<br>Parameters: I really like it</td>
<td></td>
<td>12</td>
<td>testModules.bpage.NatBpageCommentsTests7@15aab8c6</td></tr>
<tr>
<td title='testModules.bpage.NatBpageTests1.tapShareButtonOnMV()'><b>tapShareButtonOnMV</b><br>Test class: testModules.bpage.NatBpageTests1</td>
<td></td>
<td>2</td>
<td>testModules.bpage.NatBpageTests1@d29f28</td></tr>
<tr>
<td title='testModules.bpage.FallBpageTests4.verifyAuthorInfoIsPresentOnBpage()'><b>verifyAuthorInfoIsPresentOnBpage</b><br>Test class: testModules.bpage.FallBpageTests4</td>
<td></td>
<td>1</td>
<td>testModules.bpage.FallBpageTests4@37654521</td></tr>
<tr>
<td title='testModules.bpage.NatBpageTests1.verifyTrendingBpageIsPresent()'><b>verifyTrendingBpageIsPresent</b><br>Test class: testModules.bpage.NatBpageTests1</td>
<td></td>
<td>0</td>
<td>testModules.bpage.NatBpageTests1@d29f28</td></tr>
<tr>
<td title='testModules.bpage.NatBpageEmbedsTests3.testIGEmbedIsPresent()'><b>testIGEmbedIsPresent</b><br>Test class: testModules.bpage.NatBpageEmbedsTests3</td>
<td></td>
<td>11</td>
<td>testModules.bpage.NatBpageEmbedsTests3@2df9b86</td></tr>
<tr>
<td title='testModules.bpage.NatBpageTests1.tapImage()'><b>tapImage</b><br>Test class: testModules.bpage.NatBpageTests1</td>
<td></td>
<td>1</td>
<td>testModules.bpage.NatBpageTests1@d29f28</td></tr>
<tr>
<td title='testModules.bpage.NatBpageShoppingButtonsTests2.testBuyNowButton()'><b>testBuyNowButton</b><br>Test class: testModules.bpage.NatBpageShoppingButtonsTests2</td>
<td></td>
<td>3</td>
<td>testModules.bpage.NatBpageShoppingButtonsTests2@793be5ca</td></tr>
<tr>
<td title='testModules.bpage.NatBpageCommentsTests7.verifyCommentsBtnIsPresent()'><b>verifyCommentsBtnIsPresent</b><br>Test class: testModules.bpage.NatBpageCommentsTests7</td>
<td></td>
<td>3</td>
<td>testModules.bpage.NatBpageCommentsTests7@15aab8c6</td></tr>
<tr>
<td title='testModules.bpage.NatBpageCommentsTests7.testEnterEmail()'><b>testEnterEmail</b><br>Test class: testModules.bpage.NatBpageCommentsTests7<br>Parameters: gabmoreau@hotmail.com</td>
<td></td>
<td>2</td>
<td>testModules.bpage.NatBpageCommentsTests7@15aab8c6</td></tr>
<tr>
<td title='testModules.bpage.NatBpageTests1.verifyDismissMV()'><b>verifyDismissMV</b><br>Test class: testModules.bpage.NatBpageTests1</td>
<td></td>
<td>1</td>
<td>testModules.bpage.NatBpageTests1@d29f28</td></tr>
<tr>
<td title='testModules.bpage.NatBpageTests1.verifyInternalLinkLoadsFine()'><b>verifyInternalLinkLoadsFine</b><br>Test class: testModules.bpage.NatBpageTests1</td>
<td></td>
<td>4</td>
<td>testModules.bpage.NatBpageTests1@d29f28</td></tr>
<tr>
<td title='testModules.bpage.FallBpageTests4.verifyTitleIsPresent()'><b>verifyTitleIsPresent</b><br>Test class: testModules.bpage.FallBpageTests4</td>
<td></td>
<td>4</td>
<td>testModules.bpage.FallBpageTests4@37654521</td></tr>
<tr>
<td title='testModules.bpage.NatBpageEmbedsTests3.testSearchIGYTNativeBpage()'><b>testSearchIGYTNativeBpage</b><br>Test class: testModules.bpage.NatBpageEmbedsTests3<br>Parameters: Whitney Port Opened Up About Her Recent Pregnancy Loss After Sharing Health Concerns Two Weeks Ago</td>
<td></td>
<td>16</td>
<td>testModules.bpage.NatBpageEmbedsTests3@2df9b86</td></tr>
<tr>
<td title='testModules.bpage.NatBpageCommentsTests7.verifyMostHeartSectionIsPresent()'><b>verifyMostHeartSectionIsPresent</b><br>Test class: testModules.bpage.NatBpageCommentsTests7</td>
<td></td>
<td>2</td>
<td>testModules.bpage.NatBpageCommentsTests7@15aab8c6</td></tr>
<tr>
<td title='testModules.bpage.NatBpageCommentsTests7.replyComment()'><b>replyComment</b><br>Test class: testModules.bpage.NatBpageCommentsTests7<br>Parameters: I really like it</td>
<td></td>
<td>4</td>
<td>testModules.bpage.NatBpageCommentsTests7@15aab8c6</td></tr>
<tr>
<td title='testModules.bpage.NatBpageCommentsTests7.verifyReplyButtonIsPresent()'><b>verifyReplyButtonIsPresent</b><br>Test class: testModules.bpage.NatBpageCommentsTests7</td>
<td></td>
<td>6</td>
<td>testModules.bpage.NatBpageCommentsTests7@15aab8c6</td></tr>
<tr>
<td title='testModules.bpage.NatBpageTests1.verifySubTitleIsPresent()'><b>verifySubTitleIsPresent</b><br>Test class: testModules.bpage.NatBpageTests1</td>
<td></td>
<td>0</td>
<td>testModules.bpage.NatBpageTests1@d29f28</td></tr>
<tr>
<td title='testModules.bpage.NatBpageTests1.tapInternalLink()'><b>tapInternalLink</b><br>Test class: testModules.bpage.NatBpageTests1</td>
<td></td>
<td>8</td>
<td>testModules.bpage.NatBpageTests1@d29f28</td></tr>
<tr>
<td title='testModules.bpage.NatBpageTests1.verifyTrendingHeader()'><b>verifyTrendingHeader</b><br>Test class: testModules.bpage.NatBpageTests1</td>
<td></td>
<td>17</td>
<td>testModules.bpage.NatBpageTests1@d29f28</td></tr>
</table><p>
</body>
</html>