<?xml version="1.0" encoding="UTF-8"?>
<!-- Generated by org.testng.reporters.JUnitXMLReporter -->
<testsuite ignored="0" hostname="Gabrielas-MBP.fibertel.com.ar" failures="1" tests="40" name="HomeiPhone14" time="214.348" errors="0" timestamp="2024-06-13T09:04:55 ART">
  <testcase classname="testModules.editions.AustraliaEditionTests" name="testAustraliaEditionIsPresent" time="7.736"/>
  <testcase classname="testModules.editions.AustraliaEditionTests" name="testLatestSubTab" time="3.859"/>
  <testcase classname="testModules.editions.AustraliaEditionTests" name="testTrendingSubTab" time="5.399"/>
  <testcase classname="testModules.editions.AustraliaEditionTests" name="testFunnyTweetsSubTab" time="6.388"/>
  <testcase classname="testModules.editions.AustraliaEditionTests" name="testGamesSubTab" time="3.09"/>
  <testcase classname="testModules.editions.AustraliaEditionTests" name="testLatestsSubTab" time="3.832"/>
  <testcase classname="testModules.editions.AustraliaEditionTests" name="testRandomSubTab" time="11.638"/>
  <testcase classname="testModules.editions.AustraliaEditionTests" name="testGossipSubTab" time="8.404"/>
  <testcase classname="testModules.editions.AustraliaEditionTests" name="testGayStuffpSubTab" time="10.231"/>
  <testcase classname="testModules.editions.AustraliaEditionTests" name="tapOnMore1" time="1.746"/>
  <testcase classname="testModules.editions.AustraliaEditionTests" name="testRecentlyViewedSubTab" time="2.421"/>
  <testcase classname="testModules.editions.AustraliaEditionTests" name="testEntertainmentSubTab" time="8.124"/>
  <testcase classname="testModules.editions.AustraliaEditionTests" name="testAnimalsSubTab" time="4.713"/>
  <testcase classname="testModules.editions.AustraliaEditionTests" name="testBooksSubTab" time="10.773"/>
  <testcase classname="testModules.editions.AustraliaEditionTests" name="testFoodSubTab" time="4.285"/>
  <testcase classname="testModules.editions.AustraliaEditionTests" name="testCommunitySubTab" time="4.296"/>
  <testcase classname="testModules.editions.AustraliaEditionTests" name="testMusicSubTab" time="4.248"/>
  <testcase classname="testModules.editions.AustraliaEditionTests" name="testNiftySubTab" time="4.23"/>
  <testcase classname="testModules.editions.AustraliaEditionTests" name="testParentsSubTab" time="4.093"/>
  <testcase classname="testModules.editions.AustraliaEditionTests" name="testRewindSubTab" time="4.471"/>
  <testcase classname="testModules.editions.AustraliaEditionTests" name="testStyleSubTab" time="4.466"/>
  <testcase classname="testModules.editions.AustraliaEditionTests" name="testTravelHomeSubTab" time="4.083"/>
  <testcase classname="testModules.editions.AustraliaEditionTests" name="testGoingNewsTab" time="8.844"/>
  <testcase classname="testModules.editions.AustraliaEditionTests" name="testGoingShoppingTab" time="3.576"/>
  <testcase classname="testModules.editions.AustraliaEditionTests" name="testGoingToQuizzesTab" time="0.723"/>
  <testcase classname="testModules.editions.AustraliaEditionTests" name="testTapOnTrendingCategory" time="3.026"/>
  <testcase classname="testModules.editions.AustraliaEditionTests" name="testTapOnTriviaCategory" time="2.976"/>
  <testcase classname="testModules.editions.AustraliaEditionTests" name="testCanWeGuess" time="2.683"/>
  <testcase classname="testModules.editions.AustraliaEditionTests" name="testTapPolls" time="2.955"/>
  <testcase classname="testModules.editions.AustraliaEditionTests" name="testOnMore" time="1.346"/>
  <testcase classname="testModules.editions.AustraliaEditionTests" name="testTapOnTaylorSwift" time="2.574"/>
  <testcase classname="testModules.editions.AustraliaEditionTests" name="testTapOnMarvel" time="2.165"/>
  <testcase classname="testModules.editions.AustraliaEditionTests" name="testTapOnZodiac" time="2.377"/>
  <testcase classname="testModules.editions.AustraliaEditionTests" name="testTapOnHarryPotter" time="2.232"/>
  <testcase classname="testModules.editions.AustraliaEditionTests" name="testTapOnAnime" time="2.336"/>
  <testcase classname="testModules.editions.AustraliaEditionTests" name="testTapOnKPop" time="2.294"/>
  <testcase classname="testModules.editions.AustraliaEditionTests" name="testTapOnGeography" time="2.411"/>
  <testcase classname="testModules.editions.AustraliaEditionTests" name="testTapOnChecklist" time="2.277"/>
  <testcase classname="testModules.editions.AustraliaEditionTests" name="tapGamesTab" time="2.286"/>
  <testcase classname="testModules.editions.AustraliaEditionTests" name="testFail" time="0.006">
    <failure type="java.lang.AssertionError" message="expected [true] but found [false]">
      <![CDATA[java.lang.AssertionError: expected [true] but found [false]
at org.testng.Assert.fail(Assert.java:110)
at org.testng.Assert.failNotEquals(Assert.java:1413)
at org.testng.Assert.assertTrue(Assert.java:56)
at org.testng.Assert.assertTrue(Assert.java:66)
at testModules.editions.AustraliaEditionTests.testFail(AustraliaEditionTests.java:480)
at java.base/jdk.internal.reflect.DirectMethodHandleAccessor.invoke(DirectMethodHandleAccessor.java:103)
at java.base/java.lang.reflect.Method.invoke(Method.java:580)
at org.testng.internal.invokers.MethodInvocationHelper.invokeMethod(MethodInvocationHelper.java:135)
at org.testng.internal.invokers.TestInvoker.invokeMethod(TestInvoker.java:673)
at org.testng.internal.invokers.TestInvoker.invokeTestMethod(TestInvoker.java:220)
at org.testng.internal.invokers.MethodRunner.runInSequence(MethodRunner.java:50)
at org.testng.internal.invokers.TestInvoker$MethodInvocationAgent.invoke(TestInvoker.java:945)
at org.testng.internal.invokers.TestInvoker.invokeTestMethods(TestInvoker.java:193)
at org.testng.internal.invokers.TestMethodWorker.invokeTestMethods(TestMethodWorker.java:146)
at org.testng.internal.invokers.TestMethodWorker.run(TestMethodWorker.java:128)
at java.base/java.util.ArrayList.forEach(ArrayList.java:1596)
at org.testng.TestRunner.privateRun(TestRunner.java:808)
at org.testng.TestRunner.run(TestRunner.java:603)
at org.testng.SuiteRunner.runTest(SuiteRunner.java:429)
at org.testng.SuiteRunner.runSequentially(SuiteRunner.java:423)
at org.testng.SuiteRunner.privateRun(SuiteRunner.java:383)
at org.testng.SuiteRunner.run(SuiteRunner.java:326)
at org.testng.SuiteRunnerWorker.runSuite(SuiteRunnerWorker.java:52)
at org.testng.SuiteRunnerWorker.run(SuiteRunnerWorker.java:95)
at org.testng.TestNG.runSuitesSequentially(TestNG.java:1249)
at org.testng.TestNG.runSuitesSequentially(TestNG.java:1244)
at org.testng.TestNG.runSuitesLocally(TestNG.java:1169)
at org.testng.TestNG.runSuites(TestNG.java:1092)
at org.testng.TestNG.run(TestNG.java:1060)
at org.apache.maven.surefire.testng.TestNGExecutor.run(TestNGExecutor.java:283)
at org.apache.maven.surefire.testng.TestNGXmlTestSuite.execute(TestNGXmlTestSuite.java:75)
at org.apache.maven.surefire.testng.TestNGProvider.invoke(TestNGProvider.java:120)
at org.apache.maven.surefire.booter.ForkedBooter.invokeProviderInSameClassLoader(ForkedBooter.java:383)
at org.apache.maven.surefire.booter.ForkedBooter.runSuitesInProcess(ForkedBooter.java:344)
at org.apache.maven.surefire.booter.ForkedBooter.execute(ForkedBooter.java:125)
at org.apache.maven.surefire.booter.ForkedBooter.main(ForkedBooter.java:417)
]]>
    </failure>
  </testcase> <!-- testFail -->
</testsuite> <!-- HomeiPhone14 -->
