<?xml version="1.0" encoding="UTF-8"?>
<!-- Generated by org.testng.reporters.JUnitXMLReporter -->
<testsuite ignored="0" hostname="Gabrielas-MBP.fibertel.com.ar" failures="1" tests="14" name="iPhone 15" time="123.298" errors="0" timestamp="2024-10-31T10:49:15 ART">
  <testcase classname="testModules.bpage.NatBpageTests1" name="testSearchNativeBpage" time="26.9"/>
  <testcase classname="testModules.bpage.NatBpageTests1" name="verifyDataCategoryArePresent" time="0.001"/>
  <testcase classname="testModules.bpage.NatBpageTests1" name="verifyTitleIsPresent" time="0.997"/>
  <testcase classname="testModules.bpage.NatBpageTests1" name="verifySubTitleIsPresent" time="0.916"/>
  <testcase classname="testModules.bpage.NatBpageTests1" name="verifyAuthorInfoIsPresentOnBpage" time="1.885"/>
  <testcase classname="testModules.bpage.NatBpageTests1" name="verifyImagePresentOnBpage" time="0.911"/>
  <testcase classname="testModules.bpage.NatBpageTests1" name="tapImage" time="1.37"/>
  <testcase classname="testModules.bpage.NatBpageTests1" name="verifyShareButtonIsPresentOnMV" time="0.931"/>
  <testcase classname="testModules.bpage.NatBpageTests1" name="tapShareButtonOnMV" time="1.863"/>
  <testcase classname="testModules.bpage.NatBpageTests1" name="verifyDismissMV" time="7.054"/>
  <testcase classname="testModules.bpage.NatBpageTests1" name="testSearchFallbackBpage" time="16.623"/>
  <testcase classname="testModules.bpage.NatBpageTests1" name="testBuyFromAmazonButtonIsPresent" time="2.507"/>
  <testcase classname="testModules.bpage.NatBpageTests1" name="testBuyFromAmazonButton" time="4.532"/>
  <testcase classname="testModules.bpage.NatBpageTests1" name="failTest" time="0.0">
    <failure type="java.lang.AssertionError" message="expected [true] but found [false]">
      <![CDATA[java.lang.AssertionError: expected [true] but found [false]
at org.testng.Assert.fail(Assert.java:110)
at org.testng.Assert.failNotEquals(Assert.java:1413)
at org.testng.Assert.assertTrue(Assert.java:56)
at org.testng.Assert.assertTrue(Assert.java:66)
at testModules.bpage.NatBpageTests1.failTest(NatBpageTests1.java:357)
at java.base/jdk.internal.reflect.DirectMethodHandleAccessor.invoke(DirectMethodHandleAccessor.java:103)
at java.base/java.lang.reflect.Method.invoke(Method.java:580)
at org.testng.internal.invokers.MethodInvocationHelper.invokeMethod(MethodInvocationHelper.java:135)
at org.testng.internal.invokers.TestInvoker.invokeMethod(TestInvoker.java:673)
at org.testng.internal.invokers.TestInvoker.invokeTestMethod(TestInvoker.java:220)
at org.testng.internal.invokers.MethodRunner.runInSequence(MethodRunner.java:50)
at org.testng.internal.invokers.TestInvoker$MethodInvocationAgent.invoke(TestInvoker.java:945)
at org.testng.internal.invokers.TestInvoker.invokeTestMethods(TestInvoker.java:193)
at org.testng.internal.invokers.TestMethodWorker.invokeTestMethods(TestMethodWorker.java:146)
at org.testng.internal.invokers.TestMethodWorker.run(TestMethodWorker.java:128)
at java.base/java.util.ArrayList.forEach(ArrayList.java:1596)
at org.testng.TestRunner.privateRun(TestRunner.java:808)
at org.testng.TestRunner.run(TestRunner.java:603)
at org.testng.SuiteRunner.runTest(SuiteRunner.java:429)
at org.testng.SuiteRunner.access$000(SuiteRunner.java:32)
at org.testng.SuiteRunner$SuiteWorker.run(SuiteRunner.java:467)
at org.testng.internal.thread.ThreadUtil.lambda$execute$0(ThreadUtil.java:58)
at java.base/java.util.concurrent.FutureTask.run(FutureTask.java:317)
at java.base/java.util.concurrent.ThreadPoolExecutor.runWorker(ThreadPoolExecutor.java:1144)
at java.base/java.util.concurrent.ThreadPoolExecutor$Worker.run(ThreadPoolExecutor.java:642)
at java.base/java.lang.Thread.run(Thread.java:1583)
]]>
    </failure>
  </testcase> <!-- failTest -->
</testsuite> <!-- iPhone 15 -->
