<?xml version="1.0" encoding="UTF-8"?>
<!-- Generated by org.testng.reporters.JUnitReportReporter -->
<testsuite skipped="0" hostname="Gabrielas-MBP.fibertel.com.ar" name="testModules.editions.UKEditionTests2" tests="42" failures="1" timestamp="2022-11-23T13:15:03 ART" time="699.781" errors="1">
  <testcase name="testUKEditionIsPresent" time="6.730" classname="testModules.editions.UKEditionTests2"/>
  <system-out/>
  <testcase name="testLatestSubTab" time="1.747" classname="testModules.editions.UKEditionTests2"/>
  <system-out/>
  <testcase name="testTrendingSubTab" time="9.442" classname="testModules.editions.UKEditionTests2"/>
  <system-out/>
  <testcase name="testShowsSubTab" time="1.855" classname="testModules.editions.UKEditionTests2"/>
  <system-out/>
  <testcase name="testVideosSubTab" time="1.655" classname="testModules.editions.UKEditionTests2"/>
  <system-out/>
  <testcase name="testAnimalsSubTab" time="4.739" classname="testModules.editions.UKEditionTests2"/>
  <system-out/>
  <testcase name="tapOnMore1" time="0.633" classname="testModules.editions.UKEditionTests2"/>
  <system-out/>
  <testcase name="testBooksSubTab" time="23.420" classname="testModules.editions.UKEditionTests2"/>
  <system-out/>
  <testcase name="testCelebritySubTab" time="11.595" classname="testModules.editions.UKEditionTests2"/>
  <system-out/>
  <testcase name="testFoodSubTab" time="1.847" classname="testModules.editions.UKEditionTests2"/>
  <system-out/>
  <testcase name="testCommunitySubTab" time="7.305" classname="testModules.editions.UKEditionTests2"/>
  <system-out/>
  <testcase name="testHealthSubTab" time="7.246" classname="testModules.editions.UKEditionTests2"/>
  <system-out/>
  <testcase name="testMusicSubTab" time="22.500" classname="testModules.editions.UKEditionTests2"/>
  <system-out/>
  <testcase name="testNiftySubTab" time="24.994" classname="testModules.editions.UKEditionTests2"/>
  <system-out/>
  <testcase name="testParentsSubTab" time="41.955" classname="testModules.editions.UKEditionTests2"/>
  <system-out/>
  <testcase name="testRewindSubTab" time="6.352" classname="testModules.editions.UKEditionTests2"/>
  <system-out/>
  <testcase name="testStyleSubTab" time="6.944" classname="testModules.editions.UKEditionTests2"/>
  <system-out/>
  <testcase name="testTravelHomeSubTab" time="6.255" classname="testModules.editions.UKEditionTests2"/>
  <system-out/>
  <testcase name="testGoingNewsTab" time="28.758" classname="testModules.editions.UKEditionTests2"/>
  <system-out/>
  <testcase name="testHealthNewsTab" time="11.795" classname="testModules.editions.UKEditionTests2"/>
  <system-out/>
  <testcase name="testScienceTab" time="3.632" classname="testModules.editions.UKEditionTests2"/>
  <system-out/>
  <testcase name="testPoliticsTab" time="2.475" classname="testModules.editions.UKEditionTests2"/>
  <system-out/>
  <testcase name="testCultureTab" time="3.487" classname="testModules.editions.UKEditionTests2"/>
  <system-out/>
  <testcase name="testInvestigationsTab" time="9.096" classname="testModules.editions.UKEditionTests2"/>
  <system-out/>
  <testcase name="testClickOnMoreNews" time="0.776" classname="testModules.editions.UKEditionTests2"/>
  <system-out/>
  <testcase name="testTechTab" time="31.174" classname="testModules.editions.UKEditionTests2"/>
  <system-out/>
  <testcase name="testWordlTab" time="22.856" classname="testModules.editions.UKEditionTests2"/>
  <system-out/>
  <testcase name="testEntertainmentNewsTab" time="210.721" classname="testModules.editions.UKEditionTests2">
    <error type="org.openqa.selenium.NoSuchElementException" message="An element could not be located on the page using the given search parameters.
For documentation on this error, please visit: https://www.seleniumhq.org/exceptions/no_such_element.html
Build info: version: &#039;3.141.59&#039;, revision: &#039;e82be7d358&#039;, time: &#039;2018-11-14T08:17:03&#039;
System info: host: &#039;Gabrielas-MBP.fibertel.com.ar&#039;, ip: &#039;fe80:0:0:0:8b5:f798:6d0b:2daa%en0&#039;, os.name: &#039;Mac OS X&#039;, os.arch: &#039;x86_64&#039;, os.version: &#039;12.6&#039;, java.version: &#039;1.8.0_322&#039;
Driver info: io.appium.java_client.ios.IOSDriver
Capabilities {app: /Users/gabrielaconde/Librar..., automationName: XCUITest, browserName: , databaseEnabled: false, deviceName: iPhone 13, fullReset: false, javascriptEnabled: true, locationContextEnabled: false, networkConnectionEnabled: false, noReset: true, platform: MAC, platformName: iOS, shouldTerminateApp: true, takesScreenshot: true, udid: 40740B27-F146-4DD0-A734-8BC..., webStorageEnabled: false}
Session ID: c6f866ab-e91a-4ee0-9756-d045218fabe6
*** Element info: {Using=id, value=splash_cell}">
      <![CDATA[org.openqa.selenium.NoSuchElementException: An element could not be located on the page using the given search parameters.
For documentation on this error, please visit: https://www.seleniumhq.org/exceptions/no_such_element.html
Build info: version: '3.141.59', revision: 'e82be7d358', time: '2018-11-14T08:17:03'
System info: host: 'Gabrielas-MBP.fibertel.com.ar', ip: 'fe80:0:0:0:8b5:f798:6d0b:2daa%en0', os.name: 'Mac OS X', os.arch: 'x86_64', os.version: '12.6', java.version: '1.8.0_322'
Driver info: io.appium.java_client.ios.IOSDriver
Capabilities {app: /Users/gabrielaconde/Librar..., automationName: XCUITest, browserName: , databaseEnabled: false, deviceName: iPhone 13, fullReset: false, javascriptEnabled: true, locationContextEnabled: false, networkConnectionEnabled: false, noReset: true, platform: MAC, platformName: iOS, shouldTerminateApp: true, takesScreenshot: true, udid: 40740B27-F146-4DD0-A734-8BC..., webStorageEnabled: false}
Session ID: c6f866ab-e91a-4ee0-9756-d045218fabe6
*** Element info: {Using=id, value=splash_cell}
at sun.reflect.GeneratedConstructorAccessor12.newInstance(Unknown Source)
at sun.reflect.DelegatingConstructorAccessorImpl.newInstance(DelegatingConstructorAccessorImpl.java:45)
at java.lang.reflect.Constructor.newInstance(Constructor.java:423)
at org.openqa.selenium.remote.http.W3CHttpResponseCodec.createException(W3CHttpResponseCodec.java:187)
at org.openqa.selenium.remote.http.W3CHttpResponseCodec.decode(W3CHttpResponseCodec.java:122)
at org.openqa.selenium.remote.http.W3CHttpResponseCodec.decode(W3CHttpResponseCodec.java:49)
at org.openqa.selenium.remote.HttpCommandExecutor.execute(HttpCommandExecutor.java:158)
at io.appium.java_client.remote.AppiumCommandExecutor.execute(AppiumCommandExecutor.java:239)
at org.openqa.selenium.remote.RemoteWebDriver.execute(RemoteWebDriver.java:552)
at io.appium.java_client.DefaultGenericMobileDriver.execute(DefaultGenericMobileDriver.java:42)
at io.appium.java_client.AppiumDriver.execute(AppiumDriver.java:1)
at io.appium.java_client.ios.IOSDriver.execute(IOSDriver.java:1)
at org.openqa.selenium.remote.RemoteWebDriver.findElement(RemoteWebDriver.java:323)
at io.appium.java_client.DefaultGenericMobileDriver.findElement(DefaultGenericMobileDriver.java:62)
at io.appium.java_client.AppiumDriver.findElement(AppiumDriver.java:1)
at io.appium.java_client.ios.IOSDriver.findElement(IOSDriver.java:1)
at org.openqa.selenium.remote.RemoteWebDriver.findElementById(RemoteWebDriver.java:372)
at io.appium.java_client.DefaultGenericMobileDriver.findElementById(DefaultGenericMobileDriver.java:70)
at io.appium.java_client.AppiumDriver.findElementById(AppiumDriver.java:1)
at io.appium.java_client.ios.IOSDriver.findElementById(IOSDriver.java:1)
at org.openqa.selenium.By$ById.findElement(By.java:188)
at org.openqa.selenium.remote.RemoteWebDriver.findElement(RemoteWebDriver.java:315)
at io.appium.java_client.DefaultGenericMobileDriver.findElement(DefaultGenericMobileDriver.java:58)
at io.appium.java_client.AppiumDriver.findElement(AppiumDriver.java:1)
at io.appium.java_client.ios.IOSDriver.findElement(IOSDriver.java:1)
at config.pages.CommonPage.tapSplash(CommonPage.java:315)
at testModules.editions.UKEditionTests2.testEntertainmentNewsTab(UKEditionTests2.java:592)
at sun.reflect.NativeMethodAccessorImpl.invoke0(Native Method)
at sun.reflect.NativeMethodAccessorImpl.invoke(NativeMethodAccessorImpl.java:62)
at sun.reflect.DelegatingMethodAccessorImpl.invoke(DelegatingMethodAccessorImpl.java:43)
at java.lang.reflect.Method.invoke(Method.java:498)
at org.testng.internal.MethodInvocationHelper.invokeMethod(MethodInvocationHelper.java:133)
at org.testng.internal.TestInvoker.invokeMethod(TestInvoker.java:598)
at org.testng.internal.TestInvoker.invokeTestMethod(TestInvoker.java:173)
at org.testng.internal.MethodRunner.runInSequence(MethodRunner.java:46)
at org.testng.internal.TestInvoker$MethodInvocationAgent.invoke(TestInvoker.java:824)
at org.testng.internal.TestInvoker.invokeTestMethods(TestInvoker.java:146)
at org.testng.internal.TestMethodWorker.invokeTestMethods(TestMethodWorker.java:146)
at org.testng.internal.TestMethodWorker.run(TestMethodWorker.java:128)
at java.util.ArrayList.forEach(ArrayList.java:1259)
at org.testng.TestRunner.privateRun(TestRunner.java:794)
at org.testng.TestRunner.run(TestRunner.java:596)
at org.testng.SuiteRunner.runTest(SuiteRunner.java:377)
at org.testng.SuiteRunner.runSequentially(SuiteRunner.java:371)
at org.testng.SuiteRunner.privateRun(SuiteRunner.java:332)
at org.testng.SuiteRunner.run(SuiteRunner.java:276)
at org.testng.SuiteRunnerWorker.runSuite(SuiteRunnerWorker.java:53)
at org.testng.SuiteRunnerWorker.run(SuiteRunnerWorker.java:96)
at org.testng.TestNG.runSuitesSequentially(TestNG.java:1212)
at org.testng.TestNG.runSuitesSequentially(TestNG.java:1207)
at org.testng.TestNG.runSuitesLocally(TestNG.java:1134)
at org.testng.TestNG.runSuites(TestNG.java:1063)
at org.testng.TestNG.run(TestNG.java:1031)
at org.apache.maven.surefire.testng.TestNGExecutor.run(TestNGExecutor.java:283)
at org.apache.maven.surefire.testng.TestNGXmlTestSuite.execute(TestNGXmlTestSuite.java:75)
at org.apache.maven.surefire.testng.TestNGProvider.invoke(TestNGProvider.java:120)
at org.apache.maven.surefire.booter.ForkedBooter.invokeProviderInSameClassLoader(ForkedBooter.java:383)
at org.apache.maven.surefire.booter.ForkedBooter.runSuitesInProcess(ForkedBooter.java:344)
at org.apache.maven.surefire.booter.ForkedBooter.execute(ForkedBooter.java:125)
at org.apache.maven.surefire.booter.ForkedBooter.main(ForkedBooter.java:417)
]]>
    </error>
  </testcase> <!-- testEntertainmentNewsTab -->
  <system-out/>
  <testcase name="testGoingShoppingTab" time="2.263" classname="testModules.editions.UKEditionTests2"/>
  <system-out/>
  <testcase name="testTrendingShoppingSubTab" time="4.314" classname="testModules.editions.UKEditionTests2"/>
  <system-out/>
  <testcase name="testBeautySubTab" time="5.471" classname="testModules.editions.UKEditionTests2"/>
  <system-out/>
  <testcase name="testDealsSubTab" time="4.700" classname="testModules.editions.UKEditionTests2"/>
  <system-out/>
  <testcase name="testHomeSubTab" time="5.426" classname="testModules.editions.UKEditionTests2"/>
  <system-out/>
  <testcase name="testClothingSubTab" time="50.055" classname="testModules.editions.UKEditionTests2"/>
  <system-out/>
  <testcase name="testClickShoppingOnMoreNews" time="0.251" classname="testModules.editions.UKEditionTests2"/>
  <system-out/>
  <testcase name="testGiftSubTab" time="4.442" classname="testModules.editions.UKEditionTests2"/>
  <system-out/>
  <testcase name="testUnder50SubTab" time="50.082" classname="testModules.editions.UKEditionTests2"/>
  <system-out/>
  <testcase name="testSelfCareSubTab" time="4.713" classname="testModules.editions.UKEditionTests2"/>
  <system-out/>
  <testcase name="testTreatYourselfSubTab" time="52.930" classname="testModules.editions.UKEditionTests2"/>
  <system-out/>
  <testcase name="testGoingToQuizzesTab" time="2.011" classname="testModules.editions.UKEditionTests2"/>
  <system-out/>
  <testcase name="testSearchTab" time="1.139" classname="testModules.editions.UKEditionTests2"/>
  <system-out/>
  <testcase name="failedTest" time="0.000" classname="testModules.editions.UKEditionTests2">
    <failure type="java.lang.AssertionError" message="expected [true] but found [false]">
      <![CDATA[java.lang.AssertionError: expected [true] but found [false]
at org.testng.Assert.fail(Assert.java:99)
at org.testng.Assert.failNotEquals(Assert.java:1037)
at org.testng.Assert.assertTrue(Assert.java:45)
at org.testng.Assert.assertTrue(Assert.java:55)
at testModules.editions.UKEditionTests2.failedTest(UKEditionTests2.java:873)
at sun.reflect.NativeMethodAccessorImpl.invoke0(Native Method)
at sun.reflect.NativeMethodAccessorImpl.invoke(NativeMethodAccessorImpl.java:62)
at sun.reflect.DelegatingMethodAccessorImpl.invoke(DelegatingMethodAccessorImpl.java:43)
at java.lang.reflect.Method.invoke(Method.java:498)
at org.testng.internal.MethodInvocationHelper.invokeMethod(MethodInvocationHelper.java:133)
at org.testng.internal.TestInvoker.invokeMethod(TestInvoker.java:598)
at org.testng.internal.TestInvoker.invokeTestMethod(TestInvoker.java:173)
at org.testng.internal.MethodRunner.runInSequence(MethodRunner.java:46)
at org.testng.internal.TestInvoker$MethodInvocationAgent.invoke(TestInvoker.java:824)
at org.testng.internal.TestInvoker.invokeTestMethods(TestInvoker.java:146)
at org.testng.internal.TestMethodWorker.invokeTestMethods(TestMethodWorker.java:146)
at org.testng.internal.TestMethodWorker.run(TestMethodWorker.java:128)
at java.util.ArrayList.forEach(ArrayList.java:1259)
at org.testng.TestRunner.privateRun(TestRunner.java:794)
at org.testng.TestRunner.run(TestRunner.java:596)
at org.testng.SuiteRunner.runTest(SuiteRunner.java:377)
at org.testng.SuiteRunner.runSequentially(SuiteRunner.java:371)
at org.testng.SuiteRunner.privateRun(SuiteRunner.java:332)
at org.testng.SuiteRunner.run(SuiteRunner.java:276)
at org.testng.SuiteRunnerWorker.runSuite(SuiteRunnerWorker.java:53)
at org.testng.SuiteRunnerWorker.run(SuiteRunnerWorker.java:96)
at org.testng.TestNG.runSuitesSequentially(TestNG.java:1212)
at org.testng.TestNG.runSuitesSequentially(TestNG.java:1207)
at org.testng.TestNG.runSuitesLocally(TestNG.java:1134)
at org.testng.TestNG.runSuites(TestNG.java:1063)
at org.testng.TestNG.run(TestNG.java:1031)
at org.apache.maven.surefire.testng.TestNGExecutor.run(TestNGExecutor.java:283)
at org.apache.maven.surefire.testng.TestNGXmlTestSuite.execute(TestNGXmlTestSuite.java:75)
at org.apache.maven.surefire.testng.TestNGProvider.invoke(TestNGProvider.java:120)
at org.apache.maven.surefire.booter.ForkedBooter.invokeProviderInSameClassLoader(ForkedBooter.java:383)
at org.apache.maven.surefire.booter.ForkedBooter.runSuitesInProcess(ForkedBooter.java:344)
at org.apache.maven.surefire.booter.ForkedBooter.execute(ForkedBooter.java:125)
at org.apache.maven.surefire.booter.ForkedBooter.main(ForkedBooter.java:417)
]]>
    </failure>
  </testcase> <!-- failedTest -->
  <system-out/>
</testsuite> <!-- testModules.editions.UKEditionTests2 -->
