<?xml version="1.0" encoding="UTF-8"?>
<!-- Generated by org.testng.reporters.JUnitReportReporter -->
<testsuite skipped="0" hostname="Gabrielas-MBP.fibertel.com.ar" name="testModules.editions.CanadaEditionTests" tests="31" failures="1" timestamp="2023-05-02T21:36:47 ART" time="364.069" errors="1">
  <testcase name="testCanadaEditionIsPresent" time="35.016" classname="testModules.editions.CanadaEditionTests"/>
  <system-out/>
  <testcase name="testLatestSubTab" time="6.395" classname="testModules.editions.CanadaEditionTests"/>
  <system-out/>
  <testcase name="testTrendingSubTab" time="12.288" classname="testModules.editions.CanadaEditionTests"/>
  <system-out/>
  <testcase name="testRecentlyViewedSubTab" time="2.698" classname="testModules.editions.CanadaEditionTests"/>
  <system-out/>
  <testcase name="testShowsSubTab" time="36.822" classname="testModules.editions.CanadaEditionTests"/>
  <system-out/>
  <testcase name="testVideosSubTab" time="1.891" classname="testModules.editions.CanadaEditionTests"/>
  <system-out/>
  <testcase name="testAIQuizzesTab" time="12.949" classname="testModules.editions.CanadaEditionTests"/>
  <system-out/>
  <testcase name="tapOnMore1" time="0.937" classname="testModules.editions.CanadaEditionTests"/>
  <system-out/>
  <testcase name="testEntertainmentSubTab" time="10.582" classname="testModules.editions.CanadaEditionTests"/>
  <system-out/>
  <testcase name="testAnimalsSubTab" time="4.498" classname="testModules.editions.CanadaEditionTests"/>
  <system-out/>
  <testcase name="testBooksSubTab" time="9.634" classname="testModules.editions.CanadaEditionTests"/>
  <system-out/>
  <testcase name="testCelebritySubTab" time="2.486" classname="testModules.editions.CanadaEditionTests"/>
  <system-out/>
  <testcase name="testFoodSubTab" time="2.040" classname="testModules.editions.CanadaEditionTests"/>
  <system-out/>
  <testcase name="testCommunitySubTab" time="6.555" classname="testModules.editions.CanadaEditionTests"/>
  <system-out/>
  <testcase name="testMusicSubTab" time="4.882" classname="testModules.editions.CanadaEditionTests"/>
  <system-out/>
  <testcase name="testNiftySubTab" time="6.225" classname="testModules.editions.CanadaEditionTests"/>
  <system-out/>
  <testcase name="testParentsSubTab" time="6.974" classname="testModules.editions.CanadaEditionTests"/>
  <system-out/>
  <testcase name="testRewindSubTab" time="6.763" classname="testModules.editions.CanadaEditionTests"/>
  <system-out/>
  <testcase name="testStyleSubTab" time="58.501" classname="testModules.editions.CanadaEditionTests"/>
  <system-out/>
  <testcase name="testTravelHomeSubTab" time="6.722" classname="testModules.editions.CanadaEditionTests"/>
  <system-out/>
  <testcase name="testGoingShoppingTab" time="5.090" classname="testModules.editions.CanadaEditionTests"/>
  <system-out/>
  <testcase name="testTrendingShoppingSubTab" time="50.112" classname="testModules.editions.CanadaEditionTests"/>
  <system-out/>
  <testcase name="testGoingToQuizzesTab" time="5.866" classname="testModules.editions.CanadaEditionTests"/>
  <system-out/>
  <testcase name="testTapOnTrendingCategory" time="5.073" classname="testModules.editions.CanadaEditionTests"/>
  <system-out/>
  <testcase name="testTapOnResultsCategory" time="2.032" classname="testModules.editions.CanadaEditionTests"/>
  <system-out/>
  <testcase name="testTapOnAIQuizzesCategory" time="2.473" classname="testModules.editions.CanadaEditionTests"/>
  <system-out/>
  <testcase name="testTapOnTriviaCategory" time="50.058" classname="testModules.editions.CanadaEditionTests">
    <error type="org.openqa.selenium.NoSuchElementException" message="An element could not be located on the page using the given search parameters.
For documentation on this error, please visit: https://www.seleniumhq.org/exceptions/no_such_element.html
Build info: version: &#039;3.141.59&#039;, revision: &#039;e82be7d358&#039;, time: &#039;2018-11-14T08:17:03&#039;
System info: host: &#039;Gabrielas-MBP.fibertel.com.ar&#039;, ip: &#039;fe80:0:0:0:1886:8938:2eec:573c%en0&#039;, os.name: &#039;Mac OS X&#039;, os.arch: &#039;x86_64&#039;, os.version: &#039;13.1&#039;, java.version: &#039;1.8.0_322&#039;
Driver info: io.appium.java_client.ios.IOSDriver
Capabilities {app: /Users/gabrielaconde/Librar..., automationName: XCUITest, browserName: , databaseEnabled: false, deviceName: iPhone 14 Pro, fullReset: false, javascriptEnabled: true, locationContextEnabled: false, networkConnectionEnabled: false, noReset: true, platform: MAC, platformName: iOS, platformVersion: 16.2, shouldTerminateApp: true, takesScreenshot: true, udid: DACE9585-FBAC-424E-B440-C97..., webStorageEnabled: false}
Session ID: 9efcf590-adc0-46d3-8077-d1e537936217
*** Element info: {Using=accessibility id, value=Food}">
      <![CDATA[org.openqa.selenium.NoSuchElementException: An element could not be located on the page using the given search parameters.
For documentation on this error, please visit: https://www.seleniumhq.org/exceptions/no_such_element.html
Build info: version: '3.141.59', revision: 'e82be7d358', time: '2018-11-14T08:17:03'
System info: host: 'Gabrielas-MBP.fibertel.com.ar', ip: 'fe80:0:0:0:1886:8938:2eec:573c%en0', os.name: 'Mac OS X', os.arch: 'x86_64', os.version: '13.1', java.version: '1.8.0_322'
Driver info: io.appium.java_client.ios.IOSDriver
Capabilities {app: /Users/gabrielaconde/Librar..., automationName: XCUITest, browserName: , databaseEnabled: false, deviceName: iPhone 14 Pro, fullReset: false, javascriptEnabled: true, locationContextEnabled: false, networkConnectionEnabled: false, noReset: true, platform: MAC, platformName: iOS, platformVersion: 16.2, shouldTerminateApp: true, takesScreenshot: true, udid: DACE9585-FBAC-424E-B440-C97..., webStorageEnabled: false}
Session ID: 9efcf590-adc0-46d3-8077-d1e537936217
*** Element info: {Using=accessibility id, value=Food}
at sun.reflect.NativeConstructorAccessorImpl.newInstance0(Native Method)
at sun.reflect.NativeConstructorAccessorImpl.newInstance(NativeConstructorAccessorImpl.java:62)
at sun.reflect.DelegatingConstructorAccessorImpl.newInstance(DelegatingConstructorAccessorImpl.java:45)
at java.lang.reflect.Constructor.newInstance(Constructor.java:423)
at org.openqa.selenium.remote.http.W3CHttpResponseCodec.createException(W3CHttpResponseCodec.java:187)
at org.openqa.selenium.remote.http.W3CHttpResponseCodec.decode(W3CHttpResponseCodec.java:122)
at org.openqa.selenium.remote.http.W3CHttpResponseCodec.decode(W3CHttpResponseCodec.java:49)
at org.openqa.selenium.remote.HttpCommandExecutor.execute(HttpCommandExecutor.java:158)
at io.appium.java_client.remote.AppiumCommandExecutor.execute(AppiumCommandExecutor.java:239)
at org.openqa.selenium.remote.RemoteWebDriver.execute(RemoteWebDriver.java:552)
at io.appium.java_client.DefaultGenericMobileDriver.execute(DefaultGenericMobileDriver.java:42)
at io.appium.java_client.AppiumDriver.execute(AppiumDriver.java:1)
at io.appium.java_client.ios.IOSDriver.execute(IOSDriver.java:1)
at org.openqa.selenium.remote.RemoteWebDriver.findElement(RemoteWebDriver.java:323)
at io.appium.java_client.DefaultGenericMobileDriver.findElement(DefaultGenericMobileDriver.java:62)
at io.appium.java_client.AppiumDriver.findElement(AppiumDriver.java:1)
at io.appium.java_client.ios.IOSDriver.findElement(IOSDriver.java:1)
at io.appium.java_client.FindsByAccessibilityId.findElementByAccessibilityId(FindsByAccessibilityId.java:37)
at io.appium.java_client.MobileBy$ByAccessibilityId.findElement(MobileBy.java:342)
at org.openqa.selenium.remote.RemoteWebDriver.findElement(RemoteWebDriver.java:315)
at io.appium.java_client.DefaultGenericMobileDriver.findElement(DefaultGenericMobileDriver.java:58)
at io.appium.java_client.AppiumDriver.findElement(AppiumDriver.java:1)
at io.appium.java_client.ios.IOSDriver.findElement(IOSDriver.java:1)
at config.pages.quizzes.QuizzesSubTabsPage.tapOnFood(QuizzesSubTabsPage.java:33)
at testModules.editions.CanadaEditionTests.testTapOnTriviaCategory(CanadaEditionTests.java:655)
at sun.reflect.NativeMethodAccessorImpl.invoke0(Native Method)
at sun.reflect.NativeMethodAccessorImpl.invoke(NativeMethodAccessorImpl.java:62)
at sun.reflect.DelegatingMethodAccessorImpl.invoke(DelegatingMethodAccessorImpl.java:43)
at java.lang.reflect.Method.invoke(Method.java:498)
at org.testng.internal.MethodInvocationHelper.invokeMethod(MethodInvocationHelper.java:133)
at org.testng.internal.TestInvoker.invokeMethod(TestInvoker.java:598)
at org.testng.internal.TestInvoker.invokeTestMethod(TestInvoker.java:173)
at org.testng.internal.MethodRunner.runInSequence(MethodRunner.java:46)
at org.testng.internal.TestInvoker$MethodInvocationAgent.invoke(TestInvoker.java:824)
at org.testng.internal.TestInvoker.invokeTestMethods(TestInvoker.java:146)
at org.testng.internal.TestMethodWorker.invokeTestMethods(TestMethodWorker.java:146)
at org.testng.internal.TestMethodWorker.run(TestMethodWorker.java:128)
at java.util.ArrayList.forEach(ArrayList.java:1259)
at org.testng.TestRunner.privateRun(TestRunner.java:794)
at org.testng.TestRunner.run(TestRunner.java:596)
at org.testng.SuiteRunner.runTest(SuiteRunner.java:377)
at org.testng.SuiteRunner.runSequentially(SuiteRunner.java:371)
at org.testng.SuiteRunner.privateRun(SuiteRunner.java:332)
at org.testng.SuiteRunner.run(SuiteRunner.java:276)
at org.testng.SuiteRunnerWorker.runSuite(SuiteRunnerWorker.java:53)
at org.testng.SuiteRunnerWorker.run(SuiteRunnerWorker.java:96)
at org.testng.TestNG.runSuitesSequentially(TestNG.java:1212)
at org.testng.TestNG.runSuitesSequentially(TestNG.java:1207)
at org.testng.TestNG.runSuitesLocally(TestNG.java:1134)
at org.testng.TestNG.runSuites(TestNG.java:1063)
at org.testng.TestNG.run(TestNG.java:1031)
at org.apache.maven.surefire.testng.TestNGExecutor.run(TestNGExecutor.java:283)
at org.apache.maven.surefire.testng.TestNGXmlTestSuite.execute(TestNGXmlTestSuite.java:75)
at org.apache.maven.surefire.testng.TestNGProvider.invoke(TestNGProvider.java:120)
at org.apache.maven.surefire.booter.ForkedBooter.invokeProviderInSameClassLoader(ForkedBooter.java:383)
at org.apache.maven.surefire.booter.ForkedBooter.runSuitesInProcess(ForkedBooter.java:344)
at org.apache.maven.surefire.booter.ForkedBooter.execute(ForkedBooter.java:125)
at org.apache.maven.surefire.booter.ForkedBooter.main(ForkedBooter.java:417)
]]>
    </error>
  </testcase> <!-- testTapOnTriviaCategory -->
  <system-out/>
  <testcase name="testTapCanWeGuess" time="5.043" classname="testModules.editions.CanadaEditionTests"/>
  <system-out/>
  <testcase name="testTapOnMatchups" time="2.170" classname="testModules.editions.CanadaEditionTests"/>
  <system-out/>
  <testcase name="testSearchTab" time="1.293" classname="testModules.editions.CanadaEditionTests"/>
  <system-out/>
  <testcase name="testShoppingPackage" time="0.001" classname="testModules.editions.CanadaEditionTests">
    <failure type="java.lang.AssertionError" message="expected [true] but found [false]">
      <![CDATA[java.lang.AssertionError: expected [true] but found [false]
at org.testng.Assert.fail(Assert.java:99)
at org.testng.Assert.failNotEquals(Assert.java:1037)
at org.testng.Assert.assertTrue(Assert.java:45)
at org.testng.Assert.assertTrue(Assert.java:55)
at testModules.editions.CanadaEditionTests.testShoppingPackage(CanadaEditionTests.java:696)
at sun.reflect.NativeMethodAccessorImpl.invoke0(Native Method)
at sun.reflect.NativeMethodAccessorImpl.invoke(NativeMethodAccessorImpl.java:62)
at sun.reflect.DelegatingMethodAccessorImpl.invoke(DelegatingMethodAccessorImpl.java:43)
at java.lang.reflect.Method.invoke(Method.java:498)
at org.testng.internal.MethodInvocationHelper.invokeMethod(MethodInvocationHelper.java:133)
at org.testng.internal.TestInvoker.invokeMethod(TestInvoker.java:598)
at org.testng.internal.TestInvoker.invokeTestMethod(TestInvoker.java:173)
at org.testng.internal.MethodRunner.runInSequence(MethodRunner.java:46)
at org.testng.internal.TestInvoker$MethodInvocationAgent.invoke(TestInvoker.java:824)
at org.testng.internal.TestInvoker.invokeTestMethods(TestInvoker.java:146)
at org.testng.internal.TestMethodWorker.invokeTestMethods(TestMethodWorker.java:146)
at org.testng.internal.TestMethodWorker.run(TestMethodWorker.java:128)
at java.util.ArrayList.forEach(ArrayList.java:1259)
at org.testng.TestRunner.privateRun(TestRunner.java:794)
at org.testng.TestRunner.run(TestRunner.java:596)
at org.testng.SuiteRunner.runTest(SuiteRunner.java:377)
at org.testng.SuiteRunner.runSequentially(SuiteRunner.java:371)
at org.testng.SuiteRunner.privateRun(SuiteRunner.java:332)
at org.testng.SuiteRunner.run(SuiteRunner.java:276)
at org.testng.SuiteRunnerWorker.runSuite(SuiteRunnerWorker.java:53)
at org.testng.SuiteRunnerWorker.run(SuiteRunnerWorker.java:96)
at org.testng.TestNG.runSuitesSequentially(TestNG.java:1212)
at org.testng.TestNG.runSuitesSequentially(TestNG.java:1207)
at org.testng.TestNG.runSuitesLocally(TestNG.java:1134)
at org.testng.TestNG.runSuites(TestNG.java:1063)
at org.testng.TestNG.run(TestNG.java:1031)
at org.apache.maven.surefire.testng.TestNGExecutor.run(TestNGExecutor.java:283)
at org.apache.maven.surefire.testng.TestNGXmlTestSuite.execute(TestNGXmlTestSuite.java:75)
at org.apache.maven.surefire.testng.TestNGProvider.invoke(TestNGProvider.java:120)
at org.apache.maven.surefire.booter.ForkedBooter.invokeProviderInSameClassLoader(ForkedBooter.java:383)
at org.apache.maven.surefire.booter.ForkedBooter.runSuitesInProcess(ForkedBooter.java:344)
at org.apache.maven.surefire.booter.ForkedBooter.execute(ForkedBooter.java:125)
at org.apache.maven.surefire.booter.ForkedBooter.main(ForkedBooter.java:417)
]]>
    </failure>
  </testcase> <!-- testShoppingPackage -->
  <system-out/>
</testsuite> <!-- testModules.editions.CanadaEditionTests -->
