<?xml version="1.0" encoding="UTF-8"?>
<!-- Generated by org.testng.reporters.JUnitReportReporter -->
<testsuite skipped="0" hostname="Gabrielas-MBP.fibertel.com.ar" name="testModules.quizzes.quizzesTypes.QuizPredetTests" tests="30" failures="2" timestamp="2022-11-29T16:54:16 ART" time="78.373" errors="0">
  <testcase name="testSearchPredetQuiz" time="15.457" classname="testModules.quizzes.quizzesTypes.QuizPredetTests"/>
  <system-out/>
  <testcase name="testSubTextIsPresent" time="2.267" classname="testModules.quizzes.quizzesTypes.QuizPredetTests"/>
  <system-out/>
  <testcase name="testAuthorInfoIsPresent" time="0.485" classname="testModules.quizzes.quizzesTypes.QuizPredetTests"/>
  <system-out/>
  <testcase name="testPlayWithFriendsButton" time="1.422" classname="testModules.quizzes.quizzesTypes.QuizPredetTests"/>
  <system-out/>
  <testcase name="testPlayNowButton" time="1.274" classname="testModules.quizzes.quizzesTypes.QuizPredetTests"/>
  <system-out/>
  <testcase name="testProgressBarFirstQ" time="1.207" classname="testModules.quizzes.quizzesTypes.QuizPredetTests">
    <failure type="java.lang.AssertionError" message="expected [1 of 14] but found [Sponsored Ad
Sleep Innovations 4-inch Dual Layer Gel Memory Foam Enhanced Support, King, Made in the US Mattress Topper
4.5 out of 5 stars.
28622 customer reviews.]">
      <![CDATA[java.lang.AssertionError: expected [1 of 14] but found [Sponsored Ad
Sleep Innovations 4-inch Dual Layer Gel Memory Foam Enhanced Support, King, Made in the US Mattress Topper
4.5 out of 5 stars.
28622 customer reviews.]
at org.testng.Assert.fail(Assert.java:99)
at org.testng.Assert.failNotEquals(Assert.java:1037)
at org.testng.Assert.assertEqualsImpl(Assert.java:140)
at org.testng.Assert.assertEquals(Assert.java:122)
at org.testng.Assert.assertEquals(Assert.java:629)
at org.testng.Assert.assertEquals(Assert.java:639)
at testModules.quizzes.quizzesTypes.QuizPredetTests.testProgressBarFirstQ(QuizPredetTests.java:67)
at sun.reflect.NativeMethodAccessorImpl.invoke0(Native Method)
at sun.reflect.NativeMethodAccessorImpl.invoke(NativeMethodAccessorImpl.java:62)
at sun.reflect.DelegatingMethodAccessorImpl.invoke(DelegatingMethodAccessorImpl.java:43)
at java.lang.reflect.Method.invoke(Method.java:498)
at org.testng.internal.MethodInvocationHelper.invokeMethod(MethodInvocationHelper.java:133)
at org.testng.internal.TestInvoker.invokeMethod(TestInvoker.java:598)
at org.testng.internal.TestInvoker.invokeTestMethod(TestInvoker.java:173)
at org.testng.internal.MethodRunner.runInSequence(MethodRunner.java:46)
at org.testng.internal.TestInvoker$MethodInvocationAgent.invoke(TestInvoker.java:824)
at org.testng.internal.TestInvoker.invokeTestMethods(TestInvoker.java:146)
at org.testng.internal.TestMethodWorker.invokeTestMethods(TestMethodWorker.java:146)
at org.testng.internal.TestMethodWorker.run(TestMethodWorker.java:128)
at java.util.ArrayList.forEach(ArrayList.java:1259)
at org.testng.TestRunner.privateRun(TestRunner.java:794)
at org.testng.TestRunner.run(TestRunner.java:596)
at org.testng.SuiteRunner.runTest(SuiteRunner.java:377)
at org.testng.SuiteRunner.runSequentially(SuiteRunner.java:371)
at org.testng.SuiteRunner.privateRun(SuiteRunner.java:332)
at org.testng.SuiteRunner.run(SuiteRunner.java:276)
at org.testng.SuiteRunnerWorker.runSuite(SuiteRunnerWorker.java:53)
at org.testng.SuiteRunnerWorker.run(SuiteRunnerWorker.java:96)
at org.testng.TestNG.runSuitesSequentially(TestNG.java:1212)
at org.testng.TestNG.runSuitesSequentially(TestNG.java:1207)
at org.testng.TestNG.runSuitesLocally(TestNG.java:1134)
at org.testng.TestNG.runSuites(TestNG.java:1063)
at org.testng.TestNG.run(TestNG.java:1031)
at org.apache.maven.surefire.testng.TestNGExecutor.run(TestNGExecutor.java:283)
at org.apache.maven.surefire.testng.TestNGXmlTestSuite.execute(TestNGXmlTestSuite.java:75)
at org.apache.maven.surefire.testng.TestNGProvider.invoke(TestNGProvider.java:120)
at org.apache.maven.surefire.booter.ForkedBooter.invokeProviderInSameClassLoader(ForkedBooter.java:383)
at org.apache.maven.surefire.booter.ForkedBooter.runSuitesInProcess(ForkedBooter.java:344)
at org.apache.maven.surefire.booter.ForkedBooter.execute(ForkedBooter.java:125)
at org.apache.maven.surefire.booter.ForkedBooter.main(ForkedBooter.java:417)
]]>
    </failure>
  </testcase> <!-- testProgressBarFirstQ -->
  <system-out/>
  <testcase name="testSendFirstAnswer" time="1.150" classname="testModules.quizzes.quizzesTypes.QuizPredetTests"/>
  <system-out/>
  <testcase name="testCorrectTextIsPresent" time="1.077" classname="testModules.quizzes.quizzesTypes.QuizPredetTests"/>
  <system-out/>
  <testcase name="testFirstAnswerTextIsPresent" time="0.502" classname="testModules.quizzes.quizzesTypes.QuizPredetTests"/>
  <system-out/>
  <testcase name="testNextButtonGoodAnswerIsPresent" time="0.485" classname="testModules.quizzes.quizzesTypes.QuizPredetTests"/>
  <system-out/>
  <testcase name="testTapNextGoodAnswerButton" time="0.995" classname="testModules.quizzes.quizzesTypes.QuizPredetTests"/>
  <system-out/>
  <testcase name="testProgressBarSecondQ" time="1.178" classname="testModules.quizzes.quizzesTypes.QuizPredetTests">
    <failure type="java.lang.AssertionError" message="expected [2 of 14] but found [Sponsored Ad
Sleep Innovations 4-inch Dual Layer Gel Memory Foam Enhanced Support, King, Made in the US Mattress Topper
4.5 out of 5 stars.
28622 customer reviews.]">
      <![CDATA[java.lang.AssertionError: expected [2 of 14] but found [Sponsored Ad
Sleep Innovations 4-inch Dual Layer Gel Memory Foam Enhanced Support, King, Made in the US Mattress Topper
4.5 out of 5 stars.
28622 customer reviews.]
at org.testng.Assert.fail(Assert.java:99)
at org.testng.Assert.failNotEquals(Assert.java:1037)
at org.testng.Assert.assertEqualsImpl(Assert.java:140)
at org.testng.Assert.assertEquals(Assert.java:122)
at org.testng.Assert.assertEquals(Assert.java:629)
at org.testng.Assert.assertEquals(Assert.java:639)
at testModules.quizzes.quizzesTypes.QuizPredetTests.testProgressBarSecondQ(QuizPredetTests.java:111)
at sun.reflect.NativeMethodAccessorImpl.invoke0(Native Method)
at sun.reflect.NativeMethodAccessorImpl.invoke(NativeMethodAccessorImpl.java:62)
at sun.reflect.DelegatingMethodAccessorImpl.invoke(DelegatingMethodAccessorImpl.java:43)
at java.lang.reflect.Method.invoke(Method.java:498)
at org.testng.internal.MethodInvocationHelper.invokeMethod(MethodInvocationHelper.java:133)
at org.testng.internal.TestInvoker.invokeMethod(TestInvoker.java:598)
at org.testng.internal.TestInvoker.invokeTestMethod(TestInvoker.java:173)
at org.testng.internal.MethodRunner.runInSequence(MethodRunner.java:46)
at org.testng.internal.TestInvoker$MethodInvocationAgent.invoke(TestInvoker.java:824)
at org.testng.internal.TestInvoker.invokeTestMethods(TestInvoker.java:146)
at org.testng.internal.TestMethodWorker.invokeTestMethods(TestMethodWorker.java:146)
at org.testng.internal.TestMethodWorker.run(TestMethodWorker.java:128)
at java.util.ArrayList.forEach(ArrayList.java:1259)
at org.testng.TestRunner.privateRun(TestRunner.java:794)
at org.testng.TestRunner.run(TestRunner.java:596)
at org.testng.SuiteRunner.runTest(SuiteRunner.java:377)
at org.testng.SuiteRunner.runSequentially(SuiteRunner.java:371)
at org.testng.SuiteRunner.privateRun(SuiteRunner.java:332)
at org.testng.SuiteRunner.run(SuiteRunner.java:276)
at org.testng.SuiteRunnerWorker.runSuite(SuiteRunnerWorker.java:53)
at org.testng.SuiteRunnerWorker.run(SuiteRunnerWorker.java:96)
at org.testng.TestNG.runSuitesSequentially(TestNG.java:1212)
at org.testng.TestNG.runSuitesSequentially(TestNG.java:1207)
at org.testng.TestNG.runSuitesLocally(TestNG.java:1134)
at org.testng.TestNG.runSuites(TestNG.java:1063)
at org.testng.TestNG.run(TestNG.java:1031)
at org.apache.maven.surefire.testng.TestNGExecutor.run(TestNGExecutor.java:283)
at org.apache.maven.surefire.testng.TestNGXmlTestSuite.execute(TestNGXmlTestSuite.java:75)
at org.apache.maven.surefire.testng.TestNGProvider.invoke(TestNGProvider.java:120)
at org.apache.maven.surefire.booter.ForkedBooter.invokeProviderInSameClassLoader(ForkedBooter.java:383)
at org.apache.maven.surefire.booter.ForkedBooter.runSuitesInProcess(ForkedBooter.java:344)
at org.apache.maven.surefire.booter.ForkedBooter.execute(ForkedBooter.java:125)
at org.apache.maven.surefire.booter.ForkedBooter.main(ForkedBooter.java:417)
]]>
    </failure>
  </testcase> <!-- testProgressBarSecondQ -->
  <system-out/>
  <testcase name="testSendSecondAnswer" time="1.159" classname="testModules.quizzes.quizzesTypes.QuizPredetTests"/>
  <system-out/>
  <testcase name="testWrongTextIsPresent" time="2.461" classname="testModules.quizzes.quizzesTypes.QuizPredetTests"/>
  <system-out/>
  <testcase name="testSecondAnswerTextIsPresent" time="0.599" classname="testModules.quizzes.quizzesTypes.QuizPredetTests"/>
  <system-out/>
  <testcase name="testNextButtonWrongAnswerIsPresent" time="0.587" classname="testModules.quizzes.quizzesTypes.QuizPredetTests"/>
  <system-out/>
  <testcase name="testTapNextWrongAnswerButton" time="1.062" classname="testModules.quizzes.quizzesTypes.QuizPredetTests"/>
  <system-out/>
  <testcase name="testCompletingQuiz" time="3.154" classname="testModules.quizzes.quizzesTypes.QuizPredetTests"/>
  <system-out/>
  <testcase name="testCompletingQuiz" time="3.083" classname="testModules.quizzes.quizzesTypes.QuizPredetTests"/>
  <system-out/>
  <testcase name="testCompletingQuiz" time="3.950" classname="testModules.quizzes.quizzesTypes.QuizPredetTests"/>
  <system-out/>
  <testcase name="testCompletingQuiz" time="4.082" classname="testModules.quizzes.quizzesTypes.QuizPredetTests"/>
  <system-out/>
  <testcase name="testCompletingQuiz" time="3.233" classname="testModules.quizzes.quizzesTypes.QuizPredetTests"/>
  <system-out/>
  <testcase name="testCompletingQuiz" time="3.894" classname="testModules.quizzes.quizzesTypes.QuizPredetTests"/>
  <system-out/>
  <testcase name="testCompletingQuiz" time="4.401" classname="testModules.quizzes.quizzesTypes.QuizPredetTests"/>
  <system-out/>
  <testcase name="testCompletingQuiz" time="3.015" classname="testModules.quizzes.quizzesTypes.QuizPredetTests"/>
  <system-out/>
  <testcase name="testCompletingQuiz" time="3.351" classname="testModules.quizzes.quizzesTypes.QuizPredetTests"/>
  <system-out/>
  <testcase name="testCompletingQuiz" time="3.048" classname="testModules.quizzes.quizzesTypes.QuizPredetTests"/>
  <system-out/>
  <testcase name="testCompletingQuiz" time="3.000" classname="testModules.quizzes.quizzesTypes.QuizPredetTests"/>
  <system-out/>
  <testcase name="testCompletingQuiz" time="3.052" classname="testModules.quizzes.quizzesTypes.QuizPredetTests"/>
  <system-out/>
  <testcase name="testQuizTitleResultScreenIsPresent" time="3.743" classname="testModules.quizzes.quizzesTypes.QuizPredetTests"/>
  <system-out/>
</testsuite> <!-- testModules.quizzes.quizzesTypes.QuizPredetTests -->
