<?xml version="1.0" encoding="UTF-8"?>
<!-- Generated by org.testng.reporters.JUnitReportReporter -->
<testsuite skipped="0" hostname="Gabrielas-MBP.fibertel.com.ar" name="testModules.bpage.NatBpageAddYoursTests6" tests="8" failures="1" timestamp="2023-05-31T08:51:27 ART" time="28.890" errors="0">
  <testcase name="testSearchNativeBpageWAddYoursButton" time="19.386" classname="testModules.bpage.NatBpageAddYoursTests6"/>
  <system-out/>
  <testcase name="testAddYoursButtonIsPresent" time="3.125" classname="testModules.bpage.NatBpageAddYoursTests6"/>
  <system-out/>
  <testcase name="testChooseFromLibraryButtonIsPresent" time="1.909" classname="testModules.bpage.NatBpageAddYoursTests6"/>
  <system-out/>
  <testcase name="testPhotoOnLibraryIsPresent" time="0.162" classname="testModules.bpage.NatBpageAddYoursTests6"/>
  <system-out/>
  <testcase name="testDeletePhotoButtonIsPresent" time="0.827" classname="testModules.bpage.NatBpageAddYoursTests6"/>
  <system-out/>
  <testcase name="testDeletedPic" time="1.029" classname="testModules.bpage.NatBpageAddYoursTests6"/>
  <system-out/>
  <testcase name="testAddCommentWithPic" time="1.133" classname="testModules.bpage.NatBpageAddYoursTests6"/>
  <system-out/>
  <testcase name="verifyPicIsPresentOnComment" time="1.319" classname="testModules.bpage.NatBpageAddYoursTests6">
    <failure type="java.lang.AssertionError" message="expected [true] but found [false]">
      <![CDATA[java.lang.AssertionError: expected [true] but found [false]
at org.testng.Assert.fail(Assert.java:99)
at org.testng.Assert.failNotEquals(Assert.java:1037)
at org.testng.Assert.assertTrue(Assert.java:45)
at org.testng.Assert.assertTrue(Assert.java:55)
at testModules.bpage.NatBpageAddYoursTests6.verifyPicIsPresentOnComment(NatBpageAddYoursTests6.java:146)
at sun.reflect.NativeMethodAccessorImpl.invoke0(Native Method)
at sun.reflect.NativeMethodAccessorImpl.invoke(NativeMethodAccessorImpl.java:62)
at sun.reflect.DelegatingMethodAccessorImpl.invoke(DelegatingMethodAccessorImpl.java:43)
at java.lang.reflect.Method.invoke(Method.java:498)
at org.testng.internal.MethodInvocationHelper.invokeMethod(MethodInvocationHelper.java:133)
at org.testng.internal.TestInvoker.invokeMethod(TestInvoker.java:598)
at org.testng.internal.TestInvoker.invokeTestMethod(TestInvoker.java:173)
at org.testng.internal.MethodRunner.runInSequence(MethodRunner.java:46)
at org.testng.internal.TestInvoker$MethodInvocationAgent.invoke(TestInvoker.java:824)
at org.testng.internal.TestInvoker.invokeTestMethods(TestInvoker.java:146)
at org.testng.internal.TestMethodWorker.invokeTestMethods(TestMethodWorker.java:146)
at org.testng.internal.TestMethodWorker.run(TestMethodWorker.java:128)
at java.util.ArrayList.forEach(ArrayList.java:1259)
at org.testng.TestRunner.privateRun(TestRunner.java:794)
at org.testng.TestRunner.run(TestRunner.java:596)
at org.testng.SuiteRunner.runTest(SuiteRunner.java:377)
at org.testng.SuiteRunner.runSequentially(SuiteRunner.java:371)
at org.testng.SuiteRunner.privateRun(SuiteRunner.java:332)
at org.testng.SuiteRunner.run(SuiteRunner.java:276)
at org.testng.SuiteRunnerWorker.runSuite(SuiteRunnerWorker.java:53)
at org.testng.SuiteRunnerWorker.run(SuiteRunnerWorker.java:96)
at org.testng.TestNG.runSuitesSequentially(TestNG.java:1212)
at org.testng.TestNG.runSuitesSequentially(TestNG.java:1207)
at org.testng.TestNG.runSuitesLocally(TestNG.java:1134)
at org.testng.TestNG.runSuites(TestNG.java:1063)
at org.testng.TestNG.run(TestNG.java:1031)
at org.apache.maven.surefire.testng.TestNGExecutor.run(TestNGExecutor.java:283)
at org.apache.maven.surefire.testng.TestNGXmlTestSuite.execute(TestNGXmlTestSuite.java:75)
at org.apache.maven.surefire.testng.TestNGProvider.invoke(TestNGProvider.java:120)
at org.apache.maven.surefire.booter.ForkedBooter.invokeProviderInSameClassLoader(ForkedBooter.java:383)
at org.apache.maven.surefire.booter.ForkedBooter.runSuitesInProcess(ForkedBooter.java:344)
at org.apache.maven.surefire.booter.ForkedBooter.execute(ForkedBooter.java:125)
at org.apache.maven.surefire.booter.ForkedBooter.main(ForkedBooter.java:417)
]]>
    </failure>
  </testcase> <!-- verifyPicIsPresentOnComment -->
  <system-out/>
</testsuite> <!-- testModules.bpage.NatBpageAddYoursTests6 -->
