<?xml version="1.0" encoding="UTF-8"?>
<!-- Generated by org.testng.reporters.JUnitReportReporter -->
<testsuite skipped="0" hostname="Gabrielas-MBP.fibertel.com.ar" name="testModules.editions.AustraliaEditionTests" tests="30" failures="1" timestamp="2023-09-05T19:10:01 ART" time="154.573" errors="0">
  <testcase name="testAustraliaEditionIsPresent" time="28.616" classname="testModules.editions.AustraliaEditionTests"/>
  <system-out/>
  <testcase name="testLatestSubTab" time="2.717" classname="testModules.editions.AustraliaEditionTests"/>
  <system-out/>
  <testcase name="testTrendingSubTab" time="4.120" classname="testModules.editions.AustraliaEditionTests"/>
  <system-out/>
  <testcase name="testFunnyTweetsSubTab" time="2.127" classname="testModules.editions.AustraliaEditionTests"/>
  <system-out/>
  <testcase name="testGamesSubTab" time="2.478" classname="testModules.editions.AustraliaEditionTests"/>
  <system-out/>
  <testcase name="testLatestsSubTab" time="3.125" classname="testModules.editions.AustraliaEditionTests"/>
  <system-out/>
  <testcase name="testRandomSubTab" time="1.918" classname="testModules.editions.AustraliaEditionTests"/>
  <system-out/>
  <testcase name="testGossipSubTab" time="2.960" classname="testModules.editions.AustraliaEditionTests"/>
  <system-out/>
  <testcase name="testGayStuffpSubTab" time="3.217" classname="testModules.editions.AustraliaEditionTests"/>
  <system-out/>
  <testcase name="tapOnMore1" time="0.976" classname="testModules.editions.AustraliaEditionTests"/>
  <system-out/>
  <testcase name="testEntertainmentSubTab" time="6.671" classname="testModules.editions.AustraliaEditionTests"/>
  <system-out/>
  <testcase name="testAnimalsSubTab" time="6.946" classname="testModules.editions.AustraliaEditionTests"/>
  <system-out/>
  <testcase name="testBooksSubTab" time="5.753" classname="testModules.editions.AustraliaEditionTests"/>
  <system-out/>
  <testcase name="testFoodSubTab" time="2.832" classname="testModules.editions.AustraliaEditionTests"/>
  <system-out/>
  <testcase name="testCommunitySubTab" time="5.663" classname="testModules.editions.AustraliaEditionTests"/>
  <system-out/>
  <testcase name="testMusicSubTab" time="5.735" classname="testModules.editions.AustraliaEditionTests"/>
  <system-out/>
  <testcase name="testNiftySubTab" time="6.129" classname="testModules.editions.AustraliaEditionTests"/>
  <system-out/>
  <testcase name="testParentsSubTab" time="6.847" classname="testModules.editions.AustraliaEditionTests"/>
  <system-out/>
  <testcase name="testRewindSubTab" time="5.941" classname="testModules.editions.AustraliaEditionTests"/>
  <system-out/>
  <testcase name="testStyleSubTab" time="6.739" classname="testModules.editions.AustraliaEditionTests"/>
  <system-out/>
  <testcase name="testTravelHomeSubTab" time="6.720" classname="testModules.editions.AustraliaEditionTests"/>
  <system-out/>
  <testcase name="testGoingNewsTab" time="4.649" classname="testModules.editions.AustraliaEditionTests"/>
  <system-out/>
  <testcase name="tapFstNewsCell" time="2.931" classname="testModules.editions.AustraliaEditionTests"/>
  <system-out/>
  <testcase name="testGoingShoppingTab" time="5.350" classname="testModules.editions.AustraliaEditionTests"/>
  <system-out/>
  <testcase name="testGoingToQuizzesTab" time="4.427" classname="testModules.editions.AustraliaEditionTests"/>
  <system-out/>
  <testcase name="testTapOnTrendingCategory" time="5.498" classname="testModules.editions.AustraliaEditionTests"/>
  <system-out/>
  <testcase name="testTapOnTriviaCategory" time="5.768" classname="testModules.editions.AustraliaEditionTests"/>
  <system-out/>
  <testcase name="testCanWeGuess" time="5.041" classname="testModules.editions.AustraliaEditionTests"/>
  <system-out/>
  <testcase name="tapGamesTab" time="2.677" classname="testModules.editions.AustraliaEditionTests"/>
  <system-out/>
  <testcase name="failTest" time="0.002" classname="testModules.editions.AustraliaEditionTests">
    <failure type="java.lang.AssertionError" message="expected [true] but found [false]">
      <![CDATA[java.lang.AssertionError: expected [true] but found [false]
at org.testng.Assert.fail(Assert.java:99)
at org.testng.Assert.failNotEquals(Assert.java:1037)
at org.testng.Assert.assertTrue(Assert.java:45)
at org.testng.Assert.assertTrue(Assert.java:55)
at testModules.editions.AustraliaEditionTests.failTest(AustraliaEditionTests.java:353)
at sun.reflect.NativeMethodAccessorImpl.invoke0(Native Method)
at sun.reflect.NativeMethodAccessorImpl.invoke(NativeMethodAccessorImpl.java:62)
at sun.reflect.DelegatingMethodAccessorImpl.invoke(DelegatingMethodAccessorImpl.java:43)
at java.lang.reflect.Method.invoke(Method.java:498)
at org.testng.internal.MethodInvocationHelper.invokeMethod(MethodInvocationHelper.java:133)
at org.testng.internal.TestInvoker.invokeMethod(TestInvoker.java:598)
at org.testng.internal.TestInvoker.invokeTestMethod(TestInvoker.java:173)
at org.testng.internal.MethodRunner.runInSequence(MethodRunner.java:46)
at org.testng.internal.TestInvoker$MethodInvocationAgent.invoke(TestInvoker.java:824)
at org.testng.internal.TestInvoker.invokeTestMethods(TestInvoker.java:146)
at org.testng.internal.TestMethodWorker.invokeTestMethods(TestMethodWorker.java:146)
at org.testng.internal.TestMethodWorker.run(TestMethodWorker.java:128)
at java.util.ArrayList.forEach(ArrayList.java:1259)
at org.testng.TestRunner.privateRun(TestRunner.java:794)
at org.testng.TestRunner.run(TestRunner.java:596)
at org.testng.SuiteRunner.runTest(SuiteRunner.java:377)
at org.testng.SuiteRunner.runSequentially(SuiteRunner.java:371)
at org.testng.SuiteRunner.privateRun(SuiteRunner.java:332)
at org.testng.SuiteRunner.run(SuiteRunner.java:276)
at org.testng.SuiteRunnerWorker.runSuite(SuiteRunnerWorker.java:53)
at org.testng.SuiteRunnerWorker.run(SuiteRunnerWorker.java:96)
at org.testng.TestNG.runSuitesSequentially(TestNG.java:1212)
at org.testng.TestNG.runSuitesSequentially(TestNG.java:1207)
at org.testng.TestNG.runSuitesLocally(TestNG.java:1134)
at org.testng.TestNG.runSuites(TestNG.java:1063)
at org.testng.TestNG.run(TestNG.java:1031)
at org.apache.maven.surefire.testng.TestNGExecutor.run(TestNGExecutor.java:283)
at org.apache.maven.surefire.testng.TestNGXmlTestSuite.execute(TestNGXmlTestSuite.java:75)
at org.apache.maven.surefire.testng.TestNGProvider.invoke(TestNGProvider.java:120)
at org.apache.maven.surefire.booter.ForkedBooter.invokeProviderInSameClassLoader(ForkedBooter.java:383)
at org.apache.maven.surefire.booter.ForkedBooter.runSuitesInProcess(ForkedBooter.java:344)
at org.apache.maven.surefire.booter.ForkedBooter.execute(ForkedBooter.java:125)
at org.apache.maven.surefire.booter.ForkedBooter.main(ForkedBooter.java:417)
]]>
    </failure>
  </testcase> <!-- failTest -->
  <system-out/>
</testsuite> <!-- testModules.editions.AustraliaEditionTests -->
