<?xml version="1.0" encoding="UTF-8"?>
<!-- Generated by org.testng.reporters.JUnitReportReporter -->
<testsuite skipped="0" hostname="Gabrielas-MBP.fibertel.com.ar" name="testModules.bpage.NatBpageTests1" tests="25" failures="0" timestamp="2023-09-05T21:56:40 ART" time="308.190" errors="2">
  <testcase name="disableAdExp" time="38.954" classname="testModules.bpage.NatBpageTests1"/>
  <system-out/>
  <testcase name="testSearchNativeBpage" time="16.880" classname="testModules.bpage.NatBpageTests1"/>
  <system-out/>
  <testcase name="verifyDataCategoryArePresent" time="0.558" classname="testModules.bpage.NatBpageTests1"/>
  <system-out/>
  <testcase name="verifyTitleIsPresent" time="0.934" classname="testModules.bpage.NatBpageTests1"/>
  <system-out/>
  <testcase name="verifySubTitleIsPresent" time="0.218" classname="testModules.bpage.NatBpageTests1"/>
  <system-out/>
  <testcase name="verifyAuthorInfoIsPresentOnBpage" time="1.203" classname="testModules.bpage.NatBpageTests1"/>
  <system-out/>
  <testcase name="verifyImagePresentOnBpage" time="0.791" classname="testModules.bpage.NatBpageTests1"/>
  <system-out/>
  <testcase name="tapImage" time="1.450" classname="testModules.bpage.NatBpageTests1"/>
  <system-out/>
  <testcase name="verifyShareButtonIsPresentOnMV" time="0.263" classname="testModules.bpage.NatBpageTests1"/>
  <system-out/>
  <testcase name="tapShareButtonOnMV" time="2.700" classname="testModules.bpage.NatBpageTests1"/>
  <system-out/>
  <testcase name="verifyDismissMV" time="1.242" classname="testModules.bpage.NatBpageTests1"/>
  <system-out/>
  <testcase name="tapInternalLink" time="8.342" classname="testModules.bpage.NatBpageTests1"/>
  <system-out/>
  <testcase name="verifyInternalLinkLoadsFine" time="4.512" classname="testModules.bpage.NatBpageTests1"/>
  <system-out/>
  <testcase name="verifyShareButtonIsPresent" time="0.413" classname="testModules.bpage.NatBpageTests1"/>
  <system-out/>
  <testcase name="tapShareButtonOnBpage" time="6.781" classname="testModules.bpage.NatBpageTests1"/>
  <system-out/>
  <testcase name="verifyMoreOnThisHeaderIsPresent" time="10.543" classname="testModules.bpage.NatBpageTests1"/>
  <system-out/>
  <testcase name="verifyMoreOnThisBpageIsPresent" time="0.487" classname="testModules.bpage.NatBpageTests1"/>
  <system-out/>
  <testcase name="verifyMoreOnThisBpage" time="66.041" classname="testModules.bpage.NatBpageTests1">
    <error type="org.openqa.selenium.NoSuchElementException" message="An element could not be located on the page using the given search parameters.
For documentation on this error, please visit: https://www.seleniumhq.org/exceptions/no_such_element.html
Build info: version: &#039;3.141.59&#039;, revision: &#039;e82be7d358&#039;, time: &#039;2018-11-14T08:17:03&#039;
System info: host: &#039;Gabrielas-MBP.fibertel.com.ar&#039;, ip: &#039;fe80:0:0:0:c63:2f5c:70e7:fda1%en0&#039;, os.name: &#039;Mac OS X&#039;, os.arch: &#039;x86_64&#039;, os.version: &#039;13.5.1&#039;, java.version: &#039;1.8.0_322&#039;
Driver info: io.appium.java_client.ios.IOSDriver
Capabilities {app: /Users/gabrielaconde/Librar..., automationName: XCUITest, browserName: , databaseEnabled: false, deviceName: iPhone 14 Pro, fullReset: false, javascriptEnabled: true, locationContextEnabled: false, networkConnectionEnabled: false, noReset: true, platform: MAC, platformName: iOS, platformVersion: 16.4, shouldTerminateApp: true, takesScreenshot: true, udid: 06E2C02A-F2BA-45A6-8B24-98D..., webStorageEnabled: false}
Session ID: 9685d8a9-4f8c-400b-bded-f1546933ad45
*** Element info: {Using=xpath, value=//XCUIElementTypeCollectionView[@name=&quot;buzz-collectionview&quot;]/XCUIElementTypeCell[1]/XCUIElementTypeOther/XCUIElementTypeOther/XCUIElementTypeStaticText[2]}">
      <![CDATA[org.openqa.selenium.NoSuchElementException: An element could not be located on the page using the given search parameters.
For documentation on this error, please visit: https://www.seleniumhq.org/exceptions/no_such_element.html
Build info: version: '3.141.59', revision: 'e82be7d358', time: '2018-11-14T08:17:03'
System info: host: 'Gabrielas-MBP.fibertel.com.ar', ip: 'fe80:0:0:0:c63:2f5c:70e7:fda1%en0', os.name: 'Mac OS X', os.arch: 'x86_64', os.version: '13.5.1', java.version: '1.8.0_322'
Driver info: io.appium.java_client.ios.IOSDriver
Capabilities {app: /Users/gabrielaconde/Librar..., automationName: XCUITest, browserName: , databaseEnabled: false, deviceName: iPhone 14 Pro, fullReset: false, javascriptEnabled: true, locationContextEnabled: false, networkConnectionEnabled: false, noReset: true, platform: MAC, platformName: iOS, platformVersion: 16.4, shouldTerminateApp: true, takesScreenshot: true, udid: 06E2C02A-F2BA-45A6-8B24-98D..., webStorageEnabled: false}
Session ID: 9685d8a9-4f8c-400b-bded-f1546933ad45
*** Element info: {Using=xpath, value=//XCUIElementTypeCollectionView[@name="buzz-collectionview"]/XCUIElementTypeCell[1]/XCUIElementTypeOther/XCUIElementTypeOther/XCUIElementTypeStaticText[2]}
at sun.reflect.GeneratedConstructorAccessor12.newInstance(Unknown Source)
at sun.reflect.DelegatingConstructorAccessorImpl.newInstance(DelegatingConstructorAccessorImpl.java:45)
at java.lang.reflect.Constructor.newInstance(Constructor.java:423)
at org.openqa.selenium.remote.http.W3CHttpResponseCodec.createException(W3CHttpResponseCodec.java:187)
at org.openqa.selenium.remote.http.W3CHttpResponseCodec.decode(W3CHttpResponseCodec.java:122)
at org.openqa.selenium.remote.http.W3CHttpResponseCodec.decode(W3CHttpResponseCodec.java:49)
at org.openqa.selenium.remote.HttpCommandExecutor.execute(HttpCommandExecutor.java:158)
at io.appium.java_client.remote.AppiumCommandExecutor.execute(AppiumCommandExecutor.java:239)
at org.openqa.selenium.remote.RemoteWebDriver.execute(RemoteWebDriver.java:552)
at io.appium.java_client.DefaultGenericMobileDriver.execute(DefaultGenericMobileDriver.java:42)
at io.appium.java_client.AppiumDriver.execute(AppiumDriver.java:1)
at io.appium.java_client.ios.IOSDriver.execute(IOSDriver.java:1)
at org.openqa.selenium.remote.RemoteWebDriver.findElement(RemoteWebDriver.java:323)
at io.appium.java_client.DefaultGenericMobileDriver.findElement(DefaultGenericMobileDriver.java:62)
at io.appium.java_client.AppiumDriver.findElement(AppiumDriver.java:1)
at io.appium.java_client.ios.IOSDriver.findElement(IOSDriver.java:1)
at org.openqa.selenium.remote.RemoteWebDriver.findElementByXPath(RemoteWebDriver.java:428)
at io.appium.java_client.DefaultGenericMobileDriver.findElementByXPath(DefaultGenericMobileDriver.java:152)
at io.appium.java_client.AppiumDriver.findElementByXPath(AppiumDriver.java:1)
at io.appium.java_client.ios.IOSDriver.findElementByXPath(IOSDriver.java:1)
at org.openqa.selenium.By$ByXPath.findElement(By.java:353)
at org.openqa.selenium.remote.RemoteWebDriver.findElement(RemoteWebDriver.java:315)
at io.appium.java_client.DefaultGenericMobileDriver.findElement(DefaultGenericMobileDriver.java:58)
at io.appium.java_client.AppiumDriver.findElement(AppiumDriver.java:1)
at io.appium.java_client.ios.IOSDriver.findElement(IOSDriver.java:1)
at config.pages.bpage.BpagePage.bpageTitleIsPresent(BpagePage.java:93)
at testModules.bpage.NatBpageTests1.verifyMoreOnThisBpage(NatBpageTests1.java:181)
at sun.reflect.NativeMethodAccessorImpl.invoke0(Native Method)
at sun.reflect.NativeMethodAccessorImpl.invoke(NativeMethodAccessorImpl.java:62)
at sun.reflect.DelegatingMethodAccessorImpl.invoke(DelegatingMethodAccessorImpl.java:43)
at java.lang.reflect.Method.invoke(Method.java:498)
at org.testng.internal.MethodInvocationHelper.invokeMethod(MethodInvocationHelper.java:133)
at org.testng.internal.TestInvoker.invokeMethod(TestInvoker.java:598)
at org.testng.internal.TestInvoker.invokeTestMethod(TestInvoker.java:173)
at org.testng.internal.MethodRunner.runInSequence(MethodRunner.java:46)
at org.testng.internal.TestInvoker$MethodInvocationAgent.invoke(TestInvoker.java:824)
at org.testng.internal.TestInvoker.invokeTestMethods(TestInvoker.java:146)
at org.testng.internal.TestMethodWorker.invokeTestMethods(TestMethodWorker.java:146)
at org.testng.internal.TestMethodWorker.run(TestMethodWorker.java:128)
at java.util.ArrayList.forEach(ArrayList.java:1259)
at org.testng.TestRunner.privateRun(TestRunner.java:794)
at org.testng.TestRunner.run(TestRunner.java:596)
at org.testng.SuiteRunner.runTest(SuiteRunner.java:377)
at org.testng.SuiteRunner.runSequentially(SuiteRunner.java:371)
at org.testng.SuiteRunner.privateRun(SuiteRunner.java:332)
at org.testng.SuiteRunner.run(SuiteRunner.java:276)
at org.testng.SuiteRunnerWorker.runSuite(SuiteRunnerWorker.java:53)
at org.testng.SuiteRunnerWorker.run(SuiteRunnerWorker.java:96)
at org.testng.TestNG.runSuitesSequentially(TestNG.java:1212)
at org.testng.TestNG.runSuitesSequentially(TestNG.java:1207)
at org.testng.TestNG.runSuitesLocally(TestNG.java:1134)
at org.testng.TestNG.runSuites(TestNG.java:1063)
at org.testng.TestNG.run(TestNG.java:1031)
at org.apache.maven.surefire.testng.TestNGExecutor.run(TestNGExecutor.java:283)
at org.apache.maven.surefire.testng.TestNGXmlTestSuite.execute(TestNGXmlTestSuite.java:75)
at org.apache.maven.surefire.testng.TestNGProvider.invoke(TestNGProvider.java:120)
at org.apache.maven.surefire.booter.ForkedBooter.invokeProviderInSameClassLoader(ForkedBooter.java:383)
at org.apache.maven.surefire.booter.ForkedBooter.runSuitesInProcess(ForkedBooter.java:344)
at org.apache.maven.surefire.booter.ForkedBooter.execute(ForkedBooter.java:125)
at org.apache.maven.surefire.booter.ForkedBooter.main(ForkedBooter.java:417)
]]>
    </error>
  </testcase> <!-- verifyMoreOnThisBpage -->
  <system-out/>
  <testcase name="validateRelatedContentHeader" time="6.002" classname="testModules.bpage.NatBpageTests1"/>
  <system-out/>
  <testcase name="validateRelatedContentItemDisplays" time="10.872" classname="testModules.bpage.NatBpageTests1"/>
  <system-out/>
  <testcase name="verifyMoreLikeThisBpageIsPresent" time="46.894" classname="testModules.bpage.NatBpageTests1"/>
  <system-out/>
  <testcase name="tapFirstMoreLikeThisBpage" time="57.329" classname="testModules.bpage.NatBpageTests1">
    <error type="org.openqa.selenium.NoSuchElementException" message="An element could not be located on the page using the given search parameters.
For documentation on this error, please visit: https://www.seleniumhq.org/exceptions/no_such_element.html
Build info: version: &#039;3.141.59&#039;, revision: &#039;e82be7d358&#039;, time: &#039;2018-11-14T08:17:03&#039;
System info: host: &#039;Gabrielas-MBP.fibertel.com.ar&#039;, ip: &#039;fe80:0:0:0:c63:2f5c:70e7:fda1%en0&#039;, os.name: &#039;Mac OS X&#039;, os.arch: &#039;x86_64&#039;, os.version: &#039;13.5.1&#039;, java.version: &#039;1.8.0_322&#039;
Driver info: io.appium.java_client.ios.IOSDriver
Capabilities {app: /Users/gabrielaconde/Librar..., automationName: XCUITest, browserName: , databaseEnabled: false, deviceName: iPhone 14 Pro, fullReset: false, javascriptEnabled: true, locationContextEnabled: false, networkConnectionEnabled: false, noReset: true, platform: MAC, platformName: iOS, platformVersion: 16.4, shouldTerminateApp: true, takesScreenshot: true, udid: 06E2C02A-F2BA-45A6-8B24-98D..., webStorageEnabled: false}
Session ID: 9685d8a9-4f8c-400b-bded-f1546933ad45
*** Element info: {Using=xpath, value=//XCUIElementTypeCollectionView[@name=&quot;buzz-collectionview&quot;]/XCUIElementTypeCell[1]/XCUIElementTypeOther/XCUIElementTypeOther/XCUIElementTypeStaticText[2]}">
      <![CDATA[org.openqa.selenium.NoSuchElementException: An element could not be located on the page using the given search parameters.
For documentation on this error, please visit: https://www.seleniumhq.org/exceptions/no_such_element.html
Build info: version: '3.141.59', revision: 'e82be7d358', time: '2018-11-14T08:17:03'
System info: host: 'Gabrielas-MBP.fibertel.com.ar', ip: 'fe80:0:0:0:c63:2f5c:70e7:fda1%en0', os.name: 'Mac OS X', os.arch: 'x86_64', os.version: '13.5.1', java.version: '1.8.0_322'
Driver info: io.appium.java_client.ios.IOSDriver
Capabilities {app: /Users/gabrielaconde/Librar..., automationName: XCUITest, browserName: , databaseEnabled: false, deviceName: iPhone 14 Pro, fullReset: false, javascriptEnabled: true, locationContextEnabled: false, networkConnectionEnabled: false, noReset: true, platform: MAC, platformName: iOS, platformVersion: 16.4, shouldTerminateApp: true, takesScreenshot: true, udid: 06E2C02A-F2BA-45A6-8B24-98D..., webStorageEnabled: false}
Session ID: 9685d8a9-4f8c-400b-bded-f1546933ad45
*** Element info: {Using=xpath, value=//XCUIElementTypeCollectionView[@name="buzz-collectionview"]/XCUIElementTypeCell[1]/XCUIElementTypeOther/XCUIElementTypeOther/XCUIElementTypeStaticText[2]}
at sun.reflect.GeneratedConstructorAccessor12.newInstance(Unknown Source)
at sun.reflect.DelegatingConstructorAccessorImpl.newInstance(DelegatingConstructorAccessorImpl.java:45)
at java.lang.reflect.Constructor.newInstance(Constructor.java:423)
at org.openqa.selenium.remote.http.W3CHttpResponseCodec.createException(W3CHttpResponseCodec.java:187)
at org.openqa.selenium.remote.http.W3CHttpResponseCodec.decode(W3CHttpResponseCodec.java:122)
at org.openqa.selenium.remote.http.W3CHttpResponseCodec.decode(W3CHttpResponseCodec.java:49)
at org.openqa.selenium.remote.HttpCommandExecutor.execute(HttpCommandExecutor.java:158)
at io.appium.java_client.remote.AppiumCommandExecutor.execute(AppiumCommandExecutor.java:239)
at org.openqa.selenium.remote.RemoteWebDriver.execute(RemoteWebDriver.java:552)
at io.appium.java_client.DefaultGenericMobileDriver.execute(DefaultGenericMobileDriver.java:42)
at io.appium.java_client.AppiumDriver.execute(AppiumDriver.java:1)
at io.appium.java_client.ios.IOSDriver.execute(IOSDriver.java:1)
at org.openqa.selenium.remote.RemoteWebDriver.findElement(RemoteWebDriver.java:323)
at io.appium.java_client.DefaultGenericMobileDriver.findElement(DefaultGenericMobileDriver.java:62)
at io.appium.java_client.AppiumDriver.findElement(AppiumDriver.java:1)
at io.appium.java_client.ios.IOSDriver.findElement(IOSDriver.java:1)
at org.openqa.selenium.remote.RemoteWebDriver.findElementByXPath(RemoteWebDriver.java:428)
at io.appium.java_client.DefaultGenericMobileDriver.findElementByXPath(DefaultGenericMobileDriver.java:152)
at io.appium.java_client.AppiumDriver.findElementByXPath(AppiumDriver.java:1)
at io.appium.java_client.ios.IOSDriver.findElementByXPath(IOSDriver.java:1)
at org.openqa.selenium.By$ByXPath.findElement(By.java:353)
at org.openqa.selenium.remote.RemoteWebDriver.findElement(RemoteWebDriver.java:315)
at io.appium.java_client.DefaultGenericMobileDriver.findElement(DefaultGenericMobileDriver.java:58)
at io.appium.java_client.AppiumDriver.findElement(AppiumDriver.java:1)
at io.appium.java_client.ios.IOSDriver.findElement(IOSDriver.java:1)
at config.pages.bpage.BpagePage.bpageTitleIsPresent(BpagePage.java:93)
at testModules.bpage.NatBpageTests1.tapFirstMoreLikeThisBpage(NatBpageTests1.java:237)
at sun.reflect.NativeMethodAccessorImpl.invoke0(Native Method)
at sun.reflect.NativeMethodAccessorImpl.invoke(NativeMethodAccessorImpl.java:62)
at sun.reflect.DelegatingMethodAccessorImpl.invoke(DelegatingMethodAccessorImpl.java:43)
at java.lang.reflect.Method.invoke(Method.java:498)
at org.testng.internal.MethodInvocationHelper.invokeMethod(MethodInvocationHelper.java:133)
at org.testng.internal.TestInvoker.invokeMethod(TestInvoker.java:598)
at org.testng.internal.TestInvoker.invokeTestMethod(TestInvoker.java:173)
at org.testng.internal.MethodRunner.runInSequence(MethodRunner.java:46)
at org.testng.internal.TestInvoker$MethodInvocationAgent.invoke(TestInvoker.java:824)
at org.testng.internal.TestInvoker.invokeTestMethods(TestInvoker.java:146)
at org.testng.internal.TestMethodWorker.invokeTestMethods(TestMethodWorker.java:146)
at org.testng.internal.TestMethodWorker.run(TestMethodWorker.java:128)
at java.util.ArrayList.forEach(ArrayList.java:1259)
at org.testng.TestRunner.privateRun(TestRunner.java:794)
at org.testng.TestRunner.run(TestRunner.java:596)
at org.testng.SuiteRunner.runTest(SuiteRunner.java:377)
at org.testng.SuiteRunner.runSequentially(SuiteRunner.java:371)
at org.testng.SuiteRunner.privateRun(SuiteRunner.java:332)
at org.testng.SuiteRunner.run(SuiteRunner.java:276)
at org.testng.SuiteRunnerWorker.runSuite(SuiteRunnerWorker.java:53)
at org.testng.SuiteRunnerWorker.run(SuiteRunnerWorker.java:96)
at org.testng.TestNG.runSuitesSequentially(TestNG.java:1212)
at org.testng.TestNG.runSuitesSequentially(TestNG.java:1207)
at org.testng.TestNG.runSuitesLocally(TestNG.java:1134)
at org.testng.TestNG.runSuites(TestNG.java:1063)
at org.testng.TestNG.run(TestNG.java:1031)
at org.apache.maven.surefire.testng.TestNGExecutor.run(TestNGExecutor.java:283)
at org.apache.maven.surefire.testng.TestNGXmlTestSuite.execute(TestNGXmlTestSuite.java:75)
at org.apache.maven.surefire.testng.TestNGProvider.invoke(TestNGProvider.java:120)
at org.apache.maven.surefire.booter.ForkedBooter.invokeProviderInSameClassLoader(ForkedBooter.java:383)
at org.apache.maven.surefire.booter.ForkedBooter.runSuitesInProcess(ForkedBooter.java:344)
at org.apache.maven.surefire.booter.ForkedBooter.execute(ForkedBooter.java:125)
at org.apache.maven.surefire.booter.ForkedBooter.main(ForkedBooter.java:417)
]]>
    </error>
  </testcase> <!-- tapFirstMoreLikeThisBpage -->
  <system-out/>
  <testcase name="verifyTrendingHeader" time="17.416" classname="testModules.bpage.NatBpageTests1"/>
  <system-out/>
  <testcase name="verifyTrendingBpageIsPresent" time="0.533" classname="testModules.bpage.NatBpageTests1"/>
  <system-out/>
  <testcase name="tapTrendingBpage" time="6.832" classname="testModules.bpage.NatBpageTests1"/>
  <system-out/>
</testsuite> <!-- testModules.bpage.NatBpageTests1 -->
