<?xml version="1.0" encoding="UTF-8"?>
<!-- Generated by org.testng.reporters.JUnitReportReporter -->
<testsuite skipped="0" hostname="Gabrielas-MBP.fibertel.com.ar" name="testModules.home.HomeLatestNewNavTests" tests="34" failures="1" timestamp="2023-08-09T10:17:20 ART" time="259.209" errors="0">
  <testcase name="testAllowButton" time="17.316" classname="testModules.home.HomeLatestNewNavTests"/>
  <system-out/>
  <testcase name="enableVisualFeedExp" time="36.642" classname="testModules.home.HomeLatestNewNavTests"/>
  <system-out/>
  <testcase name="validateGamesTab" time="7.469" classname="testModules.home.HomeLatestNewNavTests"/>
  <system-out/>
  <testcase name="verifyBuzzFeedLogo" time="2.307" classname="testModules.home.HomeLatestNewNavTests"/>
  <system-out/>
  <testcase name="tapSplash" time="3.174" classname="testModules.home.HomeLatestNewNavTests"/>
  <system-out/>
  <testcase name="tapFirstBpage" time="9.511" classname="testModules.home.HomeLatestNewNavTests"/>
  <system-out/>
  <testcase name="tapItemsShoppingPackage" time="4.091" classname="testModules.home.HomeLatestNewNavTests"/>
  <system-out/>
  <testcase name="validateTrendingVideos" time="4.795" classname="testModules.home.HomeLatestNewNavTests"/>
  <system-out/>
  <testcase name="openTrendingModal" time="41.061" classname="testModules.home.HomeLatestNewNavTests"/>
  <system-out/>
  <testcase name="tapOnRecentlyViewed" time="8.978" classname="testModules.home.HomeLatestNewNavTests"/>
  <system-out/>
  <testcase name="tapOnTrending" time="2.863" classname="testModules.home.HomeLatestNewNavTests"/>
  <system-out/>
  <testcase name="tapOnAIQuizzes" time="3.082" classname="testModules.home.HomeLatestNewNavTests"/>
  <system-out/>
  <testcase name="tapOnVideos" time="2.787" classname="testModules.home.HomeLatestNewNavTests"/>
  <system-out/>
  <testcase name="tapOnShows" time="2.885" classname="testModules.home.HomeLatestNewNavTests"/>
  <system-out/>
  <testcase name="tapOnMore1" time="1.105" classname="testModules.home.HomeLatestNewNavTests"/>
  <system-out/>
  <testcase name="tapOnEntertainment" time="6.116" classname="testModules.home.HomeLatestNewNavTests"/>
  <system-out/>
  <testcase name="tapOnTVAndMovies" time="8.281" classname="testModules.home.HomeLatestNewNavTests"/>
  <system-out/>
  <testcase name="tapOnAnimals" time="5.948" classname="testModules.home.HomeLatestNewNavTests"/>
  <system-out/>
  <testcase name="tapOnCelebrity" time="5.812" classname="testModules.home.HomeLatestNewNavTests"/>
  <system-out/>
  <testcase name="tapOnBooks" time="6.340" classname="testModules.home.HomeLatestNewNavTests"/>
  <system-out/>
  <testcase name="tapOnComunity" time="6.132" classname="testModules.home.HomeLatestNewNavTests"/>
  <system-out/>
  <testcase name="tapOnFood" time="7.209" classname="testModules.home.HomeLatestNewNavTests"/>
  <system-out/>
  <testcase name="tapOnLGBTQ" time="6.468" classname="testModules.home.HomeLatestNewNavTests"/>
  <system-out/>
  <testcase name="tapOnMusic" time="9.234" classname="testModules.home.HomeLatestNewNavTests"/>
  <system-out/>
  <testcase name="tapOnNifty" time="6.534" classname="testModules.home.HomeLatestNewNavTests"/>
  <system-out/>
  <testcase name="tapOnParents" time="7.144" classname="testModules.home.HomeLatestNewNavTests"/>
  <system-out/>
  <testcase name="tapOnRewind" time="6.837" classname="testModules.home.HomeLatestNewNavTests"/>
  <system-out/>
  <testcase name="tapOnStyle" time="7.865" classname="testModules.home.HomeLatestNewNavTests"/>
  <system-out/>
  <testcase name="tapOnTravel" time="9.808" classname="testModules.home.HomeLatestNewNavTests"/>
  <system-out/>
  <testcase name="moveToNewsTab" time="0.908" classname="testModules.home.HomeLatestNewNavTests"/>
  <system-out/>
  <testcase name="tapNewsSplash" time="3.893" classname="testModules.home.HomeLatestNewNavTests"/>
  <system-out/>
  <testcase name="tapGamesTab" time="2.762" classname="testModules.home.HomeLatestNewNavTests"/>
  <system-out/>
  <testcase name="tapFstNewsCell" time="3.851" classname="testModules.home.HomeLatestNewNavTests"/>
  <system-out/>
  <testcase name="testFail" time="0.001" classname="testModules.home.HomeLatestNewNavTests">
    <failure type="java.lang.AssertionError" message="expected [true] but found [false]">
      <![CDATA[java.lang.AssertionError: expected [true] but found [false]
at org.testng.Assert.fail(Assert.java:99)
at org.testng.Assert.failNotEquals(Assert.java:1037)
at org.testng.Assert.assertTrue(Assert.java:45)
at org.testng.Assert.assertTrue(Assert.java:55)
at testModules.home.HomeLatestNewNavTests.testFail(HomeLatestNewNavTests.java:503)
at sun.reflect.NativeMethodAccessorImpl.invoke0(Native Method)
at sun.reflect.NativeMethodAccessorImpl.invoke(NativeMethodAccessorImpl.java:62)
at sun.reflect.DelegatingMethodAccessorImpl.invoke(DelegatingMethodAccessorImpl.java:43)
at java.lang.reflect.Method.invoke(Method.java:498)
at org.testng.internal.MethodInvocationHelper.invokeMethod(MethodInvocationHelper.java:133)
at org.testng.internal.TestInvoker.invokeMethod(TestInvoker.java:598)
at org.testng.internal.TestInvoker.invokeTestMethod(TestInvoker.java:173)
at org.testng.internal.MethodRunner.runInSequence(MethodRunner.java:46)
at org.testng.internal.TestInvoker$MethodInvocationAgent.invoke(TestInvoker.java:824)
at org.testng.internal.TestInvoker.invokeTestMethods(TestInvoker.java:146)
at org.testng.internal.TestMethodWorker.invokeTestMethods(TestMethodWorker.java:146)
at org.testng.internal.TestMethodWorker.run(TestMethodWorker.java:128)
at java.util.ArrayList.forEach(ArrayList.java:1259)
at org.testng.TestRunner.privateRun(TestRunner.java:794)
at org.testng.TestRunner.run(TestRunner.java:596)
at org.testng.SuiteRunner.runTest(SuiteRunner.java:377)
at org.testng.SuiteRunner.runSequentially(SuiteRunner.java:371)
at org.testng.SuiteRunner.privateRun(SuiteRunner.java:332)
at org.testng.SuiteRunner.run(SuiteRunner.java:276)
at org.testng.SuiteRunnerWorker.runSuite(SuiteRunnerWorker.java:53)
at org.testng.SuiteRunnerWorker.run(SuiteRunnerWorker.java:96)
at org.testng.TestNG.runSuitesSequentially(TestNG.java:1212)
at org.testng.TestNG.runSuitesSequentially(TestNG.java:1207)
at org.testng.TestNG.runSuitesLocally(TestNG.java:1134)
at org.testng.TestNG.runSuites(TestNG.java:1063)
at org.testng.TestNG.run(TestNG.java:1031)
at org.apache.maven.surefire.testng.TestNGExecutor.run(TestNGExecutor.java:283)
at org.apache.maven.surefire.testng.TestNGXmlTestSuite.execute(TestNGXmlTestSuite.java:75)
at org.apache.maven.surefire.testng.TestNGProvider.invoke(TestNGProvider.java:120)
at org.apache.maven.surefire.booter.ForkedBooter.invokeProviderInSameClassLoader(ForkedBooter.java:383)
at org.apache.maven.surefire.booter.ForkedBooter.runSuitesInProcess(ForkedBooter.java:344)
at org.apache.maven.surefire.booter.ForkedBooter.execute(ForkedBooter.java:125)
at org.apache.maven.surefire.booter.ForkedBooter.main(ForkedBooter.java:417)
]]>
    </failure>
  </testcase> <!-- testFail -->
  <system-out/>
</testsuite> <!-- testModules.home.HomeLatestNewNavTests -->
