<?xml version="1.0" encoding="UTF-8"?>
<!-- Generated by org.testng.reporters.JUnitReportReporter -->
<testsuite skipped="0" hostname="Gabrielas-MBP.fibertel.com.ar" name="testModules.shopping.ShoppingTests" tests="94" failures="1" timestamp="2023-09-05T19:26:35 ART" time="699.601" errors="2">
  <testcase name="testShoppingTab" time="12.070" classname="testModules.shopping.ShoppingTests"/>
  <system-out/>
  <testcase name="testShoppingHeaderIsPresent" time="7.429" classname="testModules.shopping.ShoppingTests"/>
  <system-out/>
  <testcase name="testFashionCategory" time="7.924" classname="testModules.shopping.ShoppingTests"/>
  <system-out/>
  <testcase name="testBeautyCategory" time="7.941" classname="testModules.shopping.ShoppingTests"/>
  <system-out/>
  <testcase name="testHomeCategory" time="8.344" classname="testModules.shopping.ShoppingTests"/>
  <system-out/>
  <testcase name="testKidsCategory" time="8.578" classname="testModules.shopping.ShoppingTests"/>
  <system-out/>
  <testcase name="testPetsCategory" time="8.093" classname="testModules.shopping.ShoppingTests"/>
  <system-out/>
  <testcase name="testSexToysCategory" time="11.795" classname="testModules.shopping.ShoppingTests"/>
  <system-out/>
  <testcase name="testMore" time="10.913" classname="testModules.shopping.ShoppingTests"/>
  <system-out/>
  <testcase name="validateBeautyAndCareMenu" time="6.933" classname="testModules.shopping.ShoppingTests"/>
  <system-out/>
  <testcase name="validateShopAllBeautyAndPersonalCareSubMenu" time="7.783" classname="testModules.shopping.ShoppingTests"/>
  <system-out/>
  <testcase name="validateHairSubMenu" time="7.731" classname="testModules.shopping.ShoppingTests"/>
  <system-out/>
  <testcase name="validateSMakeUpSubMenu" time="7.696" classname="testModules.shopping.ShoppingTests"/>
  <system-out/>
  <testcase name="validateOutDoorProductsSubMenu" time="7.380" classname="testModules.shopping.ShoppingTests"/>
  <system-out/>
  <testcase name="validatePersonalToolsSubMenu" time="7.670" classname="testModules.shopping.ShoppingTests"/>
  <system-out/>
  <testcase name="validateSkinCareSubMenu" time="6.285" classname="testModules.shopping.ShoppingTests"/>
  <system-out/>
  <testcase name="validateAcneSolutionsSubMenu" time="7.633" classname="testModules.shopping.ShoppingTests"/>
  <system-out/>
  <testcase name="validateBodySubMenu" time="7.654" classname="testModules.shopping.ShoppingTests"/>
  <system-out/>
  <testcase name="validateFaceSubMenu" time="10.050" classname="testModules.shopping.ShoppingTests"/>
  <system-out/>
  <testcase name="validateFashionMenu" time="6.713" classname="testModules.shopping.ShoppingTests"/>
  <system-out/>
  <testcase name="validateShopAllFashionSubMenu" time="8.013" classname="testModules.shopping.ShoppingTests"/>
  <system-out/>
  <testcase name="validateFashionAccesoriesSubMenu" time="6.639" classname="testModules.shopping.ShoppingTests"/>
  <system-out/>
  <testcase name="validateBagsSubMenu" time="7.729" classname="testModules.shopping.ShoppingTests"/>
  <system-out/>
  <testcase name="validateColdWeatherSubMenu" time="7.799" classname="testModules.shopping.ShoppingTests"/>
  <system-out/>
  <testcase name="validateGlassesAndSunglassesSubMenu" time="7.466" classname="testModules.shopping.ShoppingTests"/>
  <system-out/>
  <testcase name="validateDressesSubMenu" time="7.552" classname="testModules.shopping.ShoppingTests"/>
  <system-out/>
  <testcase name="validateJewerlySubMenu" time="8.921" classname="testModules.shopping.ShoppingTests"/>
  <system-out/>
  <testcase name="validateFootwareSubMenu" time="6.611" classname="testModules.shopping.ShoppingTests"/>
  <system-out/>
  <testcase name="validateBootsSubMenu" time="7.615" classname="testModules.shopping.ShoppingTests"/>
  <system-out/>
  <testcase name="validateDressSubMenu" time="7.596" classname="testModules.shopping.ShoppingTests"/>
  <system-out/>
  <testcase name="validateFlatsSubMenu" time="7.690" classname="testModules.shopping.ShoppingTests"/>
  <system-out/>
  <testcase name="validateHeelsSubMenu" time="7.696" classname="testModules.shopping.ShoppingTests"/>
  <system-out/>
  <testcase name="validateOutDoorSubMenu" time="7.545" classname="testModules.shopping.ShoppingTests"/>
  <system-out/>
  <testcase name="validateSandalsSubMenu" time="7.644" classname="testModules.shopping.ShoppingTests"/>
  <system-out/>
  <testcase name="validateSneakersSubMenu" time="9.160" classname="testModules.shopping.ShoppingTests"/>
  <system-out/>
  <testcase name="validateFormalWareSubMenu" time="7.841" classname="testModules.shopping.ShoppingTests"/>
  <system-out/>
  <testcase name="validateJacketsSubMenu" time="7.692" classname="testModules.shopping.ShoppingTests"/>
  <system-out/>
  <testcase name="validateJeansSubMenu" time="7.872" classname="testModules.shopping.ShoppingTests"/>
  <system-out/>
  <testcase name="validateLoungeWareSubMenu" time="7.998" classname="testModules.shopping.ShoppingTests"/>
  <system-out/>
  <testcase name="validatePantsSubMenu" time="7.880" classname="testModules.shopping.ShoppingTests"/>
  <system-out/>
  <testcase name="validateSweatersSubMenu" time="7.848" classname="testModules.shopping.ShoppingTests"/>
  <system-out/>
  <testcase name="validateSwimsuitsSubMenu" time="7.857" classname="testModules.shopping.ShoppingTests"/>
  <system-out/>
  <testcase name="validateTopsSubMenu" time="7.894" classname="testModules.shopping.ShoppingTests"/>
  <system-out/>
  <testcase name="validateUnderwareSubMenu" time="10.373" classname="testModules.shopping.ShoppingTests"/>
  <system-out/>
  <testcase name="validateHomeMenu" time="6.672" classname="testModules.shopping.ShoppingTests"/>
  <system-out/>
  <testcase name="validateBathroomSubMenu" time="7.752" classname="testModules.shopping.ShoppingTests"/>
  <system-out/>
  <testcase name="validateBeddingAndMatressSubMenu" time="7.751" classname="testModules.shopping.ShoppingTests"/>
  <system-out/>
  <testcase name="validateCleaningSubMenu" time="7.750" classname="testModules.shopping.ShoppingTests"/>
  <system-out/>
  <testcase name="validateKitchenSubMenu" time="6.269" classname="testModules.shopping.ShoppingTests"/>
  <system-out/>
  <testcase name="validateAppliancesSubMenu" time="7.373" classname="testModules.shopping.ShoppingTests"/>
  <system-out/>
  <testcase name="validatToolsSubMenu" time="9.264" classname="testModules.shopping.ShoppingTests"/>
  <system-out/>
  <testcase name="validateDecorSubMenu" time="7.783" classname="testModules.shopping.ShoppingTests"/>
  <system-out/>
  <testcase name="validateFurnitureSubMenu" time="6.266" classname="testModules.shopping.ShoppingTests"/>
  <system-out/>
  <testcase name="validateBedroomSubMenu" time="7.510" classname="testModules.shopping.ShoppingTests"/>
  <system-out/>
  <testcase name="validateKidsRoomSubMenu" time="7.439" classname="testModules.shopping.ShoppingTests"/>
  <system-out/>
  <testcase name="validateKitchenRoomSubMenu" time="7.862" classname="testModules.shopping.ShoppingTests"/>
  <system-out/>
  <testcase name="validateLivingRoomSubMenu" time="7.487" classname="testModules.shopping.ShoppingTests"/>
  <system-out/>
  <testcase name="validateSecondOfficeSubMenu" time="8.887" classname="testModules.shopping.ShoppingTests"/>
  <system-out/>
  <testcase name="validateOfficeSubMenu" time="7.634" classname="testModules.shopping.ShoppingTests"/>
  <system-out/>
  <testcase name="validateOrganizationSubMenu" time="7.702" classname="testModules.shopping.ShoppingTests"/>
  <system-out/>
  <testcase name="validateOutdoorSubMenu" time="6.290" classname="testModules.shopping.ShoppingTests"/>
  <system-out/>
  <testcase name="validateBackyardSubMenu" time="7.306" classname="testModules.shopping.ShoppingTests"/>
  <system-out/>
  <testcase name="validateGardenSubMenu" time="7.381" classname="testModules.shopping.ShoppingTests"/>
  <system-out/>
  <testcase name="validateRecreationSubMenu" time="10.300" classname="testModules.shopping.ShoppingTests"/>
  <system-out/>
  <testcase name="validateKidsMenu" time="7.663" classname="testModules.shopping.ShoppingTests"/>
  <system-out/>
  <testcase name="validatePetsMenu" time="7.763" classname="testModules.shopping.ShoppingTests"/>
  <system-out/>
  <testcase name="validateSexToysMenu" time="7.640" classname="testModules.shopping.ShoppingTests"/>
  <system-out/>
  <testcase name="validateSportsAndFitnessMenu" time="6.323" classname="testModules.shopping.ShoppingTests"/>
  <system-out/>
  <testcase name="validateShopAllSportsAndFitnessMenu" time="7.489" classname="testModules.shopping.ShoppingTests"/>
  <system-out/>
  <testcase name="validateFitnessAccesoriesMenu" time="7.396" classname="testModules.shopping.ShoppingTests"/>
  <system-out/>
  <testcase name="validateMachineryMenu" time="7.448" classname="testModules.shopping.ShoppingTests"/>
  <system-out/>
  <testcase name="validatePersonalCareMenu" time="8.664" classname="testModules.shopping.ShoppingTests"/>
  <system-out/>
  <testcase name="validateStoresMenu" time="6.515" classname="testModules.shopping.ShoppingTests"/>
  <system-out/>
  <testcase name="validateShopAllStoresMenu" time="7.685" classname="testModules.shopping.ShoppingTests"/>
  <system-out/>
  <testcase name="validateAmazonMenu" time="7.631" classname="testModules.shopping.ShoppingTests"/>
  <system-out/>
  <testcase name="validateEtsyMenu" time="7.697" classname="testModules.shopping.ShoppingTests"/>
  <system-out/>
  <testcase name="validateNordstromMenu" time="8.273" classname="testModules.shopping.ShoppingTests"/>
  <system-out/>
  <testcase name="validateSephoraMenu" time="7.698" classname="testModules.shopping.ShoppingTests"/>
  <system-out/>
  <testcase name="validateShopSmallMenu" time="7.696" classname="testModules.shopping.ShoppingTests"/>
  <system-out/>
  <testcase name="validateTargetMenu" time="7.579" classname="testModules.shopping.ShoppingTests"/>
  <system-out/>
  <testcase name="validateWalmartMenu" time="7.678" classname="testModules.shopping.ShoppingTests"/>
  <system-out/>
  <testcase name="validateWayfairMenu" time="9.165" classname="testModules.shopping.ShoppingTests"/>
  <system-out/>
  <testcase name="validateSubscriptionsMenu" time="7.998" classname="testModules.shopping.ShoppingTests"/>
  <system-out/>
  <testcase name="validateTechMenu" time="6.358" classname="testModules.shopping.ShoppingTests"/>
  <system-out/>
  <testcase name="validateShopAllTechMenu" time="7.554" classname="testModules.shopping.ShoppingTests"/>
  <system-out/>
  <testcase name="validateTechAccessoriesMenu" time="7.555" classname="testModules.shopping.ShoppingTests"/>
  <system-out/>
  <testcase name="validateGadgetsMenu" time="7.530" classname="testModules.shopping.ShoppingTests"/>
  <system-out/>
  <testcase name="validateHomeElectronicsMenu" time="10.346" classname="testModules.shopping.ShoppingTests"/>
  <system-out/>
  <testcase name="validateTrendingPackageTitleIsDisplayed" time="0.002" classname="testModules.shopping.ShoppingTests">
    <failure type="java.lang.AssertionError" message="expected [true] but found [false]">
      <![CDATA[java.lang.AssertionError: expected [true] but found [false]
at org.testng.Assert.fail(Assert.java:99)
at org.testng.Assert.failNotEquals(Assert.java:1037)
at org.testng.Assert.assertTrue(Assert.java:45)
at org.testng.Assert.assertTrue(Assert.java:55)
at testModules.shopping.ShoppingTests.validateTrendingPackageTitleIsDisplayed(ShoppingTests.java:868)
at sun.reflect.NativeMethodAccessorImpl.invoke0(Native Method)
at sun.reflect.NativeMethodAccessorImpl.invoke(NativeMethodAccessorImpl.java:62)
at sun.reflect.DelegatingMethodAccessorImpl.invoke(DelegatingMethodAccessorImpl.java:43)
at java.lang.reflect.Method.invoke(Method.java:498)
at org.testng.internal.MethodInvocationHelper.invokeMethod(MethodInvocationHelper.java:133)
at org.testng.internal.TestInvoker.invokeMethod(TestInvoker.java:598)
at org.testng.internal.TestInvoker.invokeTestMethod(TestInvoker.java:173)
at org.testng.internal.MethodRunner.runInSequence(MethodRunner.java:46)
at org.testng.internal.TestInvoker$MethodInvocationAgent.invoke(TestInvoker.java:824)
at org.testng.internal.TestInvoker.invokeTestMethods(TestInvoker.java:146)
at org.testng.internal.TestMethodWorker.invokeTestMethods(TestMethodWorker.java:146)
at org.testng.internal.TestMethodWorker.run(TestMethodWorker.java:128)
at java.util.ArrayList.forEach(ArrayList.java:1259)
at org.testng.TestRunner.privateRun(TestRunner.java:794)
at org.testng.TestRunner.run(TestRunner.java:596)
at org.testng.SuiteRunner.runTest(SuiteRunner.java:377)
at org.testng.SuiteRunner.runSequentially(SuiteRunner.java:371)
at org.testng.SuiteRunner.privateRun(SuiteRunner.java:332)
at org.testng.SuiteRunner.run(SuiteRunner.java:276)
at org.testng.SuiteRunnerWorker.runSuite(SuiteRunnerWorker.java:53)
at org.testng.SuiteRunnerWorker.run(SuiteRunnerWorker.java:96)
at org.testng.TestNG.runSuitesSequentially(TestNG.java:1212)
at org.testng.TestNG.runSuitesSequentially(TestNG.java:1207)
at org.testng.TestNG.runSuitesLocally(TestNG.java:1134)
at org.testng.TestNG.runSuites(TestNG.java:1063)
at org.testng.TestNG.run(TestNG.java:1031)
at org.apache.maven.surefire.testng.TestNGExecutor.run(TestNGExecutor.java:283)
at org.apache.maven.surefire.testng.TestNGXmlTestSuite.execute(TestNGXmlTestSuite.java:75)
at org.apache.maven.surefire.testng.TestNGProvider.invoke(TestNGProvider.java:120)
at org.apache.maven.surefire.booter.ForkedBooter.invokeProviderInSameClassLoader(ForkedBooter.java:383)
at org.apache.maven.surefire.booter.ForkedBooter.runSuitesInProcess(ForkedBooter.java:344)
at org.apache.maven.surefire.booter.ForkedBooter.execute(ForkedBooter.java:125)
at org.apache.maven.surefire.booter.ForkedBooter.main(ForkedBooter.java:417)
]]>
    </failure>
  </testcase> <!-- validateTrendingPackageTitleIsDisplayed -->
  <system-out/>
  <testcase name="tapItemsShoppingPackage" time="0.198" classname="testModules.shopping.ShoppingTests"/>
  <system-out/>
  <testcase name="openTrendingModal" time="0.525" classname="testModules.shopping.ShoppingTests">
    <error type="org.openqa.selenium.NoSuchElementException" message="An element could not be located on the page using the given search parameters.
For documentation on this error, please visit: https://www.seleniumhq.org/exceptions/no_such_element.html
Build info: version: &#039;3.141.59&#039;, revision: &#039;e82be7d358&#039;, time: &#039;2018-11-14T08:17:03&#039;
System info: host: &#039;Gabrielas-MBP.fibertel.com.ar&#039;, ip: &#039;fe80:0:0:0:c63:2f5c:70e7:fda1%en0&#039;, os.name: &#039;Mac OS X&#039;, os.arch: &#039;x86_64&#039;, os.version: &#039;13.5.1&#039;, java.version: &#039;1.8.0_322&#039;
Driver info: io.appium.java_client.ios.IOSDriver
Capabilities {app: /Users/gabrielaconde/Librar..., automationName: XCUITest, browserName: , databaseEnabled: false, deviceName: iPhone 14 Pro, fullReset: false, javascriptEnabled: true, locationContextEnabled: false, networkConnectionEnabled: false, noReset: true, platform: MAC, platformName: iOS, platformVersion: 16.4, shouldTerminateApp: true, takesScreenshot: true, udid: 06E2C02A-F2BA-45A6-8B24-98D..., webStorageEnabled: false}
Session ID: 63dd0176-4121-4930-bfd0-44498c5faab6
*** Element info: {Using=xpath, value=//XCUIElementTypeCell[@name=&quot;trending_products_package_cell&quot;]/XCUIElementTypeOther[2]/XCUIElementTypeOther/XCUIElementTypeScrollView/XCUIElementTypeOther[1]/XCUIElementTypeOther/XCUIElementTypeImage}">
      <![CDATA[org.openqa.selenium.NoSuchElementException: An element could not be located on the page using the given search parameters.
For documentation on this error, please visit: https://www.seleniumhq.org/exceptions/no_such_element.html
Build info: version: '3.141.59', revision: 'e82be7d358', time: '2018-11-14T08:17:03'
System info: host: 'Gabrielas-MBP.fibertel.com.ar', ip: 'fe80:0:0:0:c63:2f5c:70e7:fda1%en0', os.name: 'Mac OS X', os.arch: 'x86_64', os.version: '13.5.1', java.version: '1.8.0_322'
Driver info: io.appium.java_client.ios.IOSDriver
Capabilities {app: /Users/gabrielaconde/Librar..., automationName: XCUITest, browserName: , databaseEnabled: false, deviceName: iPhone 14 Pro, fullReset: false, javascriptEnabled: true, locationContextEnabled: false, networkConnectionEnabled: false, noReset: true, platform: MAC, platformName: iOS, platformVersion: 16.4, shouldTerminateApp: true, takesScreenshot: true, udid: 06E2C02A-F2BA-45A6-8B24-98D..., webStorageEnabled: false}
Session ID: 63dd0176-4121-4930-bfd0-44498c5faab6
*** Element info: {Using=xpath, value=//XCUIElementTypeCell[@name="trending_products_package_cell"]/XCUIElementTypeOther[2]/XCUIElementTypeOther/XCUIElementTypeScrollView/XCUIElementTypeOther[1]/XCUIElementTypeOther/XCUIElementTypeImage}
at sun.reflect.NativeConstructorAccessorImpl.newInstance0(Native Method)
at sun.reflect.NativeConstructorAccessorImpl.newInstance(NativeConstructorAccessorImpl.java:62)
at sun.reflect.DelegatingConstructorAccessorImpl.newInstance(DelegatingConstructorAccessorImpl.java:45)
at java.lang.reflect.Constructor.newInstance(Constructor.java:423)
at org.openqa.selenium.remote.http.W3CHttpResponseCodec.createException(W3CHttpResponseCodec.java:187)
at org.openqa.selenium.remote.http.W3CHttpResponseCodec.decode(W3CHttpResponseCodec.java:122)
at org.openqa.selenium.remote.http.W3CHttpResponseCodec.decode(W3CHttpResponseCodec.java:49)
at org.openqa.selenium.remote.HttpCommandExecutor.execute(HttpCommandExecutor.java:158)
at io.appium.java_client.remote.AppiumCommandExecutor.execute(AppiumCommandExecutor.java:239)
at org.openqa.selenium.remote.RemoteWebDriver.execute(RemoteWebDriver.java:552)
at io.appium.java_client.DefaultGenericMobileDriver.execute(DefaultGenericMobileDriver.java:42)
at io.appium.java_client.AppiumDriver.execute(AppiumDriver.java:1)
at io.appium.java_client.ios.IOSDriver.execute(IOSDriver.java:1)
at org.openqa.selenium.remote.RemoteWebDriver.findElement(RemoteWebDriver.java:323)
at io.appium.java_client.DefaultGenericMobileDriver.findElement(DefaultGenericMobileDriver.java:62)
at io.appium.java_client.AppiumDriver.findElement(AppiumDriver.java:1)
at io.appium.java_client.ios.IOSDriver.findElement(IOSDriver.java:1)
at org.openqa.selenium.remote.RemoteWebDriver.findElementByXPath(RemoteWebDriver.java:428)
at io.appium.java_client.DefaultGenericMobileDriver.findElementByXPath(DefaultGenericMobileDriver.java:152)
at io.appium.java_client.AppiumDriver.findElementByXPath(AppiumDriver.java:1)
at io.appium.java_client.ios.IOSDriver.findElementByXPath(IOSDriver.java:1)
at org.openqa.selenium.By$ByXPath.findElement(By.java:353)
at org.openqa.selenium.remote.RemoteWebDriver.findElement(RemoteWebDriver.java:315)
at io.appium.java_client.DefaultGenericMobileDriver.findElement(DefaultGenericMobileDriver.java:58)
at io.appium.java_client.AppiumDriver.findElement(AppiumDriver.java:1)
at io.appium.java_client.ios.IOSDriver.findElement(IOSDriver.java:1)
at config.pages.home.HomeLatestPage.tapFirstTrendingCell(HomeLatestPage.java:350)
at testModules.shopping.ShoppingTests.openTrendingModal(ShoppingTests.java:880)
at sun.reflect.NativeMethodAccessorImpl.invoke0(Native Method)
at sun.reflect.NativeMethodAccessorImpl.invoke(NativeMethodAccessorImpl.java:62)
at sun.reflect.DelegatingMethodAccessorImpl.invoke(DelegatingMethodAccessorImpl.java:43)
at java.lang.reflect.Method.invoke(Method.java:498)
at org.testng.internal.MethodInvocationHelper.invokeMethod(MethodInvocationHelper.java:133)
at org.testng.internal.TestInvoker.invokeMethod(TestInvoker.java:598)
at org.testng.internal.TestInvoker.invokeTestMethod(TestInvoker.java:173)
at org.testng.internal.MethodRunner.runInSequence(MethodRunner.java:46)
at org.testng.internal.TestInvoker$MethodInvocationAgent.invoke(TestInvoker.java:824)
at org.testng.internal.TestInvoker.invokeTestMethods(TestInvoker.java:146)
at org.testng.internal.TestMethodWorker.invokeTestMethods(TestMethodWorker.java:146)
at org.testng.internal.TestMethodWorker.run(TestMethodWorker.java:128)
at java.util.ArrayList.forEach(ArrayList.java:1259)
at org.testng.TestRunner.privateRun(TestRunner.java:794)
at org.testng.TestRunner.run(TestRunner.java:596)
at org.testng.SuiteRunner.runTest(SuiteRunner.java:377)
at org.testng.SuiteRunner.runSequentially(SuiteRunner.java:371)
at org.testng.SuiteRunner.privateRun(SuiteRunner.java:332)
at org.testng.SuiteRunner.run(SuiteRunner.java:276)
at org.testng.SuiteRunnerWorker.runSuite(SuiteRunnerWorker.java:53)
at org.testng.SuiteRunnerWorker.run(SuiteRunnerWorker.java:96)
at org.testng.TestNG.runSuitesSequentially(TestNG.java:1212)
at org.testng.TestNG.runSuitesSequentially(TestNG.java:1207)
at org.testng.TestNG.runSuitesLocally(TestNG.java:1134)
at org.testng.TestNG.runSuites(TestNG.java:1063)
at org.testng.TestNG.run(TestNG.java:1031)
at org.apache.maven.surefire.testng.TestNGExecutor.run(TestNGExecutor.java:283)
at org.apache.maven.surefire.testng.TestNGXmlTestSuite.execute(TestNGXmlTestSuite.java:75)
at org.apache.maven.surefire.testng.TestNGProvider.invoke(TestNGProvider.java:120)
at org.apache.maven.surefire.booter.ForkedBooter.invokeProviderInSameClassLoader(ForkedBooter.java:383)
at org.apache.maven.surefire.booter.ForkedBooter.runSuitesInProcess(ForkedBooter.java:344)
at org.apache.maven.surefire.booter.ForkedBooter.execute(ForkedBooter.java:125)
at org.apache.maven.surefire.booter.ForkedBooter.main(ForkedBooter.java:417)
]]>
    </error>
  </testcase> <!-- openTrendingModal -->
  <system-out/>
  <testcase name="testShopNowButton" time="0.120" classname="testModules.shopping.ShoppingTests">
    <error type="org.openqa.selenium.NoSuchElementException" message="An element could not be located on the page using the given search parameters.
For documentation on this error, please visit: https://www.seleniumhq.org/exceptions/no_such_element.html
Build info: version: &#039;3.141.59&#039;, revision: &#039;e82be7d358&#039;, time: &#039;2018-11-14T08:17:03&#039;
System info: host: &#039;Gabrielas-MBP.fibertel.com.ar&#039;, ip: &#039;fe80:0:0:0:c63:2f5c:70e7:fda1%en0&#039;, os.name: &#039;Mac OS X&#039;, os.arch: &#039;x86_64&#039;, os.version: &#039;13.5.1&#039;, java.version: &#039;1.8.0_322&#039;
Driver info: io.appium.java_client.ios.IOSDriver
Capabilities {app: /Users/gabrielaconde/Librar..., automationName: XCUITest, browserName: , databaseEnabled: false, deviceName: iPhone 14 Pro, fullReset: false, javascriptEnabled: true, locationContextEnabled: false, networkConnectionEnabled: false, noReset: true, platform: MAC, platformName: iOS, platformVersion: 16.4, shouldTerminateApp: true, takesScreenshot: true, udid: 06E2C02A-F2BA-45A6-8B24-98D..., webStorageEnabled: false}
Session ID: 63dd0176-4121-4930-bfd0-44498c5faab6
*** Element info: {Using=accessibility id, value=Shop Now}">
      <![CDATA[org.openqa.selenium.NoSuchElementException: An element could not be located on the page using the given search parameters.
For documentation on this error, please visit: https://www.seleniumhq.org/exceptions/no_such_element.html
Build info: version: '3.141.59', revision: 'e82be7d358', time: '2018-11-14T08:17:03'
System info: host: 'Gabrielas-MBP.fibertel.com.ar', ip: 'fe80:0:0:0:c63:2f5c:70e7:fda1%en0', os.name: 'Mac OS X', os.arch: 'x86_64', os.version: '13.5.1', java.version: '1.8.0_322'
Driver info: io.appium.java_client.ios.IOSDriver
Capabilities {app: /Users/gabrielaconde/Librar..., automationName: XCUITest, browserName: , databaseEnabled: false, deviceName: iPhone 14 Pro, fullReset: false, javascriptEnabled: true, locationContextEnabled: false, networkConnectionEnabled: false, noReset: true, platform: MAC, platformName: iOS, platformVersion: 16.4, shouldTerminateApp: true, takesScreenshot: true, udid: 06E2C02A-F2BA-45A6-8B24-98D..., webStorageEnabled: false}
Session ID: 63dd0176-4121-4930-bfd0-44498c5faab6
*** Element info: {Using=accessibility id, value=Shop Now}
at sun.reflect.NativeConstructorAccessorImpl.newInstance0(Native Method)
at sun.reflect.NativeConstructorAccessorImpl.newInstance(NativeConstructorAccessorImpl.java:62)
at sun.reflect.DelegatingConstructorAccessorImpl.newInstance(DelegatingConstructorAccessorImpl.java:45)
at java.lang.reflect.Constructor.newInstance(Constructor.java:423)
at org.openqa.selenium.remote.http.W3CHttpResponseCodec.createException(W3CHttpResponseCodec.java:187)
at org.openqa.selenium.remote.http.W3CHttpResponseCodec.decode(W3CHttpResponseCodec.java:122)
at org.openqa.selenium.remote.http.W3CHttpResponseCodec.decode(W3CHttpResponseCodec.java:49)
at org.openqa.selenium.remote.HttpCommandExecutor.execute(HttpCommandExecutor.java:158)
at io.appium.java_client.remote.AppiumCommandExecutor.execute(AppiumCommandExecutor.java:239)
at org.openqa.selenium.remote.RemoteWebDriver.execute(RemoteWebDriver.java:552)
at io.appium.java_client.DefaultGenericMobileDriver.execute(DefaultGenericMobileDriver.java:42)
at io.appium.java_client.AppiumDriver.execute(AppiumDriver.java:1)
at io.appium.java_client.ios.IOSDriver.execute(IOSDriver.java:1)
at org.openqa.selenium.remote.RemoteWebDriver.findElement(RemoteWebDriver.java:323)
at io.appium.java_client.DefaultGenericMobileDriver.findElement(DefaultGenericMobileDriver.java:62)
at io.appium.java_client.AppiumDriver.findElement(AppiumDriver.java:1)
at io.appium.java_client.ios.IOSDriver.findElement(IOSDriver.java:1)
at io.appium.java_client.FindsByAccessibilityId.findElementByAccessibilityId(FindsByAccessibilityId.java:37)
at io.appium.java_client.MobileBy$ByAccessibilityId.findElement(MobileBy.java:342)
at org.openqa.selenium.remote.RemoteWebDriver.findElement(RemoteWebDriver.java:315)
at io.appium.java_client.DefaultGenericMobileDriver.findElement(DefaultGenericMobileDriver.java:58)
at io.appium.java_client.AppiumDriver.findElement(AppiumDriver.java:1)
at io.appium.java_client.ios.IOSDriver.findElement(IOSDriver.java:1)
at config.pages.shopping.ShoppingPage.shopNowButtonIsPresent(ShoppingPage.java:435)
at testModules.shopping.ShoppingTests.testShopNowButton(ShoppingTests.java:891)
at sun.reflect.NativeMethodAccessorImpl.invoke0(Native Method)
at sun.reflect.NativeMethodAccessorImpl.invoke(NativeMethodAccessorImpl.java:62)
at sun.reflect.DelegatingMethodAccessorImpl.invoke(DelegatingMethodAccessorImpl.java:43)
at java.lang.reflect.Method.invoke(Method.java:498)
at org.testng.internal.MethodInvocationHelper.invokeMethod(MethodInvocationHelper.java:133)
at org.testng.internal.TestInvoker.invokeMethod(TestInvoker.java:598)
at org.testng.internal.TestInvoker.invokeTestMethod(TestInvoker.java:173)
at org.testng.internal.MethodRunner.runInSequence(MethodRunner.java:46)
at org.testng.internal.TestInvoker$MethodInvocationAgent.invoke(TestInvoker.java:824)
at org.testng.internal.TestInvoker.invokeTestMethods(TestInvoker.java:146)
at org.testng.internal.TestMethodWorker.invokeTestMethods(TestMethodWorker.java:146)
at org.testng.internal.TestMethodWorker.run(TestMethodWorker.java:128)
at java.util.ArrayList.forEach(ArrayList.java:1259)
at org.testng.TestRunner.privateRun(TestRunner.java:794)
at org.testng.TestRunner.run(TestRunner.java:596)
at org.testng.SuiteRunner.runTest(SuiteRunner.java:377)
at org.testng.SuiteRunner.runSequentially(SuiteRunner.java:371)
at org.testng.SuiteRunner.privateRun(SuiteRunner.java:332)
at org.testng.SuiteRunner.run(SuiteRunner.java:276)
at org.testng.SuiteRunnerWorker.runSuite(SuiteRunnerWorker.java:53)
at org.testng.SuiteRunnerWorker.run(SuiteRunnerWorker.java:96)
at org.testng.TestNG.runSuitesSequentially(TestNG.java:1212)
at org.testng.TestNG.runSuitesSequentially(TestNG.java:1207)
at org.testng.TestNG.runSuitesLocally(TestNG.java:1134)
at org.testng.TestNG.runSuites(TestNG.java:1063)
at org.testng.TestNG.run(TestNG.java:1031)
at org.apache.maven.surefire.testng.TestNGExecutor.run(TestNGExecutor.java:283)
at org.apache.maven.surefire.testng.TestNGXmlTestSuite.execute(TestNGXmlTestSuite.java:75)
at org.apache.maven.surefire.testng.TestNGProvider.invoke(TestNGProvider.java:120)
at org.apache.maven.surefire.booter.ForkedBooter.invokeProviderInSameClassLoader(ForkedBooter.java:383)
at org.apache.maven.surefire.booter.ForkedBooter.runSuitesInProcess(ForkedBooter.java:344)
at org.apache.maven.surefire.booter.ForkedBooter.execute(ForkedBooter.java:125)
at org.apache.maven.surefire.booter.ForkedBooter.main(ForkedBooter.java:417)
]]>
    </error>
  </testcase> <!-- testShopNowButton -->
  <system-out/>
  <testcase name="validateFeatureStoriesTitle" time="0.322" classname="testModules.shopping.ShoppingTests"/>
  <system-out/>
  <testcase name="validateFeatureStoriesDisplays" time="4.866" classname="testModules.shopping.ShoppingTests"/>
  <system-out/>
</testsuite> <!-- testModules.shopping.ShoppingTests -->
