<?xml version="1.0" encoding="UTF-8"?>
<!-- Generated by org.testng.reporters.JUnitReportReporter -->
<testsuite hostname="Gabrielas-MBP.fibertel.com.ar" failures="0" tests="4" name="testModules.bpage.NatBpageShoppingButtonsTests2" time="0.295" errors="1" timestamp="2024-06-27T22:24:08 ART" skipped="3">
  <testcase classname="testModules.bpage.NatBpageShoppingButtonsTests2" name="setUp" time="0.295">
    <error message="Could not start a new session. Response code 500. Message: Oops capability (deviceName:&#039;iPhone 14&#039;,platformVersion: &#039;16.4&#039;) not supported , refer to our documentation https://www.lambdatest.com/capabilities-generator 
Host info: host: &#039;Gabrielas-MBP.fibertel.com.ar&#039;, ip: &#039;fe80:0:0:0:109e:3e5f:aa0:41b7%en0&#039;
Build info: version: &#039;4.13.0&#039;, revision: &#039;ba948ece5b*&#039;
System info: os.name: &#039;Mac OS X&#039;, os.arch: &#039;x86_64&#039;, os.version: &#039;14.0&#039;, java.version: &#039;21.0.2&#039;
Driver info: io.appium.java_client.ios.IOSDriver
Command: [null, newSession {capabilities=[{appium:build=iOS Core June 25, appium:locale=US, appium:isRealMobile=true, appium:appiumVersion=2.2.1, appium:deviceName=iPhone 14, appium:maxTypingFrequency=7, platformName=IOS, appium:automationName=XCuiTest, appium:region=US, appium:app=lt://APP10160291931719244340214972, appium:platformVersion=16.4}], desiredCapabilities=Capabilities {appium:app: lt://APP1016029193171924434..., appium:appiumVersion: 2.2.1, appium:automationName: XCuiTest, appium:build: iOS Core June 25, appium:deviceName: iPhone 14, appium:isRealMobile: true, appium:locale: US, appium:maxTypingFrequency: 7, appium:platformVersion: 16.4, appium:region: US, platformName: IOS}}]
Capabilities {appium:app: lt://APP1016029193171924434..., appium:appiumVersion: 2.2.1, appium:automationName: XCuiTest, appium:build: iOS Core June 25, appium:deviceName: iPhone 14, appium:isRealMobile: true, appium:locale: US, appium:maxTypingFrequency: 7, appium:platformVersion: 16.4, appium:region: US, platformName: IOS}" type="org.openqa.selenium.SessionNotCreatedException">
      <![CDATA[org.openqa.selenium.SessionNotCreatedException: Could not start a new session. Response code 500. Message: Oops capability (deviceName:'iPhone 14',platformVersion: '16.4') not supported , refer to our documentation https://www.lambdatest.com/capabilities-generator 
Host info: host: 'Gabrielas-MBP.fibertel.com.ar', ip: 'fe80:0:0:0:109e:3e5f:aa0:41b7%en0'
Build info: version: '4.13.0', revision: 'ba948ece5b*'
System info: os.name: 'Mac OS X', os.arch: 'x86_64', os.version: '14.0', java.version: '21.0.2'
Driver info: io.appium.java_client.ios.IOSDriver
Command: [null, newSession {capabilities=[{appium:build=iOS Core June 25, appium:locale=US, appium:isRealMobile=true, appium:appiumVersion=2.2.1, appium:deviceName=iPhone 14, appium:maxTypingFrequency=7, platformName=IOS, appium:automationName=XCuiTest, appium:region=US, appium:app=lt://APP10160291931719244340214972, appium:platformVersion=16.4}], desiredCapabilities=Capabilities {appium:app: lt://APP1016029193171924434..., appium:appiumVersion: 2.2.1, appium:automationName: XCuiTest, appium:build: iOS Core June 25, appium:deviceName: iPhone 14, appium:isRealMobile: true, appium:locale: US, appium:maxTypingFrequency: 7, appium:platformVersion: 16.4, appium:region: US, platformName: IOS}}]
Capabilities {appium:app: lt://APP1016029193171924434..., appium:appiumVersion: 2.2.1, appium:automationName: XCuiTest, appium:build: iOS Core June 25, appium:deviceName: iPhone 14, appium:isRealMobile: true, appium:locale: US, appium:maxTypingFrequency: 7, appium:platformVersion: 16.4, appium:region: US, platformName: IOS}
at org.openqa.selenium.remote.ProtocolHandshake.createSession(ProtocolHandshake.java:140)
at java.base/jdk.internal.reflect.DirectMethodHandleAccessor.invoke(DirectMethodHandleAccessor.java:103)
at java.base/java.lang.reflect.Method.invoke(Method.java:580)
at io.appium.java_client.remote.AppiumProtocolHandshake.createSession(AppiumProtocolHandshake.java:133)
at io.appium.java_client.remote.AppiumProtocolHandshake.createSession(AppiumProtocolHandshake.java:102)
at io.appium.java_client.remote.AppiumCommandExecutor.createSession(AppiumCommandExecutor.java:182)
at io.appium.java_client.remote.AppiumCommandExecutor.execute(AppiumCommandExecutor.java:250)
at org.openqa.selenium.remote.RemoteWebDriver.execute(RemoteWebDriver.java:602)
at io.appium.java_client.AppiumDriver.startSession(AppiumDriver.java:274)
at org.openqa.selenium.remote.RemoteWebDriver.<init>(RemoteWebDriver.java:163)
at io.appium.java_client.AppiumDriver.<init>(AppiumDriver.java:89)
at io.appium.java_client.AppiumDriver.<init>(AppiumDriver.java:101)
at io.appium.java_client.ios.IOSDriver.<init>(IOSDriver.java:104)
at basePackage.Base.setUp(Base.java:65)
at java.base/jdk.internal.reflect.DirectMethodHandleAccessor.invoke(DirectMethodHandleAccessor.java:103)
at java.base/java.lang.reflect.Method.invoke(Method.java:580)
at org.testng.internal.invokers.MethodInvocationHelper.invokeMethod(MethodInvocationHelper.java:135)
at org.testng.internal.invokers.MethodInvocationHelper.invokeMethodConsideringTimeout(MethodInvocationHelper.java:65)
at org.testng.internal.invokers.ConfigInvoker.invokeConfigurationMethod(ConfigInvoker.java:381)
at org.testng.internal.invokers.ConfigInvoker.invokeConfigurations(ConfigInvoker.java:319)
at org.testng.internal.invokers.TestMethodWorker.invokeBeforeClassMethods(TestMethodWorker.java:178)
at org.testng.internal.invokers.TestMethodWorker.run(TestMethodWorker.java:122)
at java.base/java.util.ArrayList.forEach(ArrayList.java:1596)
at org.testng.TestRunner.privateRun(TestRunner.java:808)
at org.testng.TestRunner.run(TestRunner.java:603)
at org.testng.SuiteRunner.runTest(SuiteRunner.java:429)
at org.testng.SuiteRunner.runSequentially(SuiteRunner.java:423)
at org.testng.SuiteRunner.privateRun(SuiteRunner.java:383)
at org.testng.SuiteRunner.run(SuiteRunner.java:326)
at org.testng.SuiteRunnerWorker.runSuite(SuiteRunnerWorker.java:52)
at org.testng.SuiteRunnerWorker.run(SuiteRunnerWorker.java:95)
at org.testng.TestNG.runSuitesSequentially(TestNG.java:1249)
at org.testng.TestNG.runSuitesSequentially(TestNG.java:1244)
at org.testng.TestNG.runSuitesLocally(TestNG.java:1169)
at org.testng.TestNG.runSuites(TestNG.java:1092)
at org.testng.TestNG.run(TestNG.java:1060)
at org.apache.maven.surefire.testng.TestNGExecutor.run(TestNGExecutor.java:283)
at org.apache.maven.surefire.testng.TestNGXmlTestSuite.execute(TestNGXmlTestSuite.java:75)
at org.apache.maven.surefire.testng.TestNGProvider.invoke(TestNGProvider.java:120)
at org.apache.maven.surefire.booter.ForkedBooter.invokeProviderInSameClassLoader(ForkedBooter.java:383)
at org.apache.maven.surefire.booter.ForkedBooter.runSuitesInProcess(ForkedBooter.java:344)
at org.apache.maven.surefire.booter.ForkedBooter.execute(ForkedBooter.java:125)
at org.apache.maven.surefire.booter.ForkedBooter.main(ForkedBooter.java:417)
]]>
    </error>
  </testcase> <!-- setUp -->
  <system-out/>
  <testcase classname="testModules.bpage.NatBpageShoppingButtonsTests2" name="testSearchFallbackBpage" time="0.000">
    <skipped/>
  </testcase> <!-- testSearchFallbackBpage -->
  <system-out/>
  <testcase classname="testModules.bpage.NatBpageShoppingButtonsTests2" name="testBuyFromAmazonButtonIsPresent" time="0.000">
    <skipped/>
  </testcase> <!-- testBuyFromAmazonButtonIsPresent -->
  <system-out/>
  <testcase classname="testModules.bpage.NatBpageShoppingButtonsTests2" name="testBuyFromAmazonButton" time="0.000">
    <skipped/>
  </testcase> <!-- testBuyFromAmazonButton -->
  <system-out/>
</testsuite> <!-- testModules.bpage.NatBpageShoppingButtonsTests2 -->
