<?xml version="1.0" encoding="UTF-8"?>
<!-- Generated by org.testng.reporters.JUnitReportReporter -->
<testsuite skipped="0" hostname="Gabrielas-MBP.fibertel.com.ar" name="testModules.profile.WishlistTests3" tests="9" failures="0" timestamp="2022-08-30T22:25:45 ART" time="109.436" errors="1">
  <testcase name="testWishlistTab" time="0.392" classname="testModules.profile.WishlistTests3"/>
  <system-out/>
  <testcase name="testWishlistEmpty" time="1.539" classname="testModules.profile.WishlistTests3"/>
  <system-out/>
  <testcase name="testExploreButton" time="1.478" classname="testModules.profile.WishlistTests3"/>
  <system-out/>
  <testcase name="testAddToWishlist" time="9.137" classname="testModules.profile.WishlistTests3"/>
  <system-out/>
  <testcase name="testAddedToWishlist" time="3.560" classname="testModules.profile.WishlistTests3">
    <error type="org.openqa.selenium.StaleElementReferenceException" message="The previously found element &quot;&quot;Profile&quot; NavigationBar&quot; is not present in the current view anymore. Make sure the application UI has the expected state. You could also try to switch the binding strategy using the &#039;boundElementsByIndex&#039; setting for the element lookup. Original error: No matches found for Identity Binding from input {(
    Button, {{346.0, 55.0}, {24.0, 24.0}}, label: &#039;Profile&#039;
)}
For documentation on this error, please visit: https://www.seleniumhq.org/exceptions/stale_element_reference.html
Build info: version: &#039;3.141.59&#039;, revision: &#039;e82be7d358&#039;, time: &#039;2018-11-14T08:17:03&#039;
System info: host: &#039;Gabrielas-MBP.fibertel.com.ar&#039;, ip: &#039;fe80:0:0:0:4ef:4faa:e662:25aa%en0&#039;, os.name: &#039;Mac OS X&#039;, os.arch: &#039;x86_64&#039;, os.version: &#039;12.3&#039;, java.version: &#039;1.8.0_322&#039;
Driver info: io.appium.java_client.ios.IOSDriver
Capabilities {app: /Users/gabrielaconde/Librar..., automationName: XCUITest, browserName: , databaseEnabled: false, deviceName: iPhone 13, fullReset: false, javascriptEnabled: true, locationContextEnabled: false, networkConnectionEnabled: false, noReset: true, platform: MAC, platformName: iOS, shouldTerminateApp: true, takesScreenshot: true, udid: 5B0DB651-0C7D-4D1A-968B-297..., webStorageEnabled: false}
Session ID: 8a159d47-f8c8-4c0a-a14d-356891a74414">
      <![CDATA[org.openqa.selenium.StaleElementReferenceException: The previously found element ""Profile" NavigationBar" is not present in the current view anymore. Make sure the application UI has the expected state. You could also try to switch the binding strategy using the 'boundElementsByIndex' setting for the element lookup. Original error: No matches found for Identity Binding from input {(
    Button, {{346.0, 55.0}, {24.0, 24.0}}, label: 'Profile'
)}
For documentation on this error, please visit: https://www.seleniumhq.org/exceptions/stale_element_reference.html
Build info: version: '3.141.59', revision: 'e82be7d358', time: '2018-11-14T08:17:03'
System info: host: 'Gabrielas-MBP.fibertel.com.ar', ip: 'fe80:0:0:0:4ef:4faa:e662:25aa%en0', os.name: 'Mac OS X', os.arch: 'x86_64', os.version: '12.3', java.version: '1.8.0_322'
Driver info: io.appium.java_client.ios.IOSDriver
Capabilities {app: /Users/gabrielaconde/Librar..., automationName: XCUITest, browserName: , databaseEnabled: false, deviceName: iPhone 13, fullReset: false, javascriptEnabled: true, locationContextEnabled: false, networkConnectionEnabled: false, noReset: true, platform: MAC, platformName: iOS, shouldTerminateApp: true, takesScreenshot: true, udid: 5B0DB651-0C7D-4D1A-968B-297..., webStorageEnabled: false}
Session ID: 8a159d47-f8c8-4c0a-a14d-356891a74414
at sun.reflect.NativeConstructorAccessorImpl.newInstance0(Native Method)
at sun.reflect.NativeConstructorAccessorImpl.newInstance(NativeConstructorAccessorImpl.java:62)
at sun.reflect.DelegatingConstructorAccessorImpl.newInstance(DelegatingConstructorAccessorImpl.java:45)
at java.lang.reflect.Constructor.newInstance(Constructor.java:423)
at org.openqa.selenium.remote.http.W3CHttpResponseCodec.createException(W3CHttpResponseCodec.java:187)
at org.openqa.selenium.remote.http.W3CHttpResponseCodec.decode(W3CHttpResponseCodec.java:122)
at org.openqa.selenium.remote.http.W3CHttpResponseCodec.decode(W3CHttpResponseCodec.java:49)
at org.openqa.selenium.remote.HttpCommandExecutor.execute(HttpCommandExecutor.java:158)
at io.appium.java_client.remote.AppiumCommandExecutor.execute(AppiumCommandExecutor.java:239)
at org.openqa.selenium.remote.RemoteWebDriver.execute(RemoteWebDriver.java:552)
at io.appium.java_client.DefaultGenericMobileDriver.execute(DefaultGenericMobileDriver.java:42)
at io.appium.java_client.AppiumDriver.execute(AppiumDriver.java:1)
at io.appium.java_client.ios.IOSDriver.execute(IOSDriver.java:1)
at org.openqa.selenium.remote.RemoteWebElement.execute(RemoteWebElement.java:285)
at io.appium.java_client.DefaultGenericMobileElement.execute(DefaultGenericMobileElement.java:45)
at io.appium.java_client.MobileElement.execute(MobileElement.java:1)
at io.appium.java_client.ios.IOSElement.execute(IOSElement.java:1)
at org.openqa.selenium.remote.RemoteWebElement.click(RemoteWebElement.java:84)
at config.pages.CommonPage.tapProfileButton(CommonPage.java:375)
at testModules.profile.WishlistTests3.verifyItemsAreAddedToWishlist(WishlistTests3.java:90)
at testModules.profile.WishlistTests3.testAddedToWishlist(WishlistTests3.java:101)
at sun.reflect.NativeMethodAccessorImpl.invoke0(Native Method)
at sun.reflect.NativeMethodAccessorImpl.invoke(NativeMethodAccessorImpl.java:62)
at sun.reflect.DelegatingMethodAccessorImpl.invoke(DelegatingMethodAccessorImpl.java:43)
at java.lang.reflect.Method.invoke(Method.java:498)
at org.testng.internal.MethodInvocationHelper.invokeMethod(MethodInvocationHelper.java:133)
at org.testng.internal.TestInvoker.invokeMethod(TestInvoker.java:598)
at org.testng.internal.TestInvoker.invokeTestMethod(TestInvoker.java:173)
at org.testng.internal.MethodRunner.runInSequence(MethodRunner.java:46)
at org.testng.internal.TestInvoker$MethodInvocationAgent.invoke(TestInvoker.java:824)
at org.testng.internal.TestInvoker.invokeTestMethods(TestInvoker.java:146)
at org.testng.internal.TestMethodWorker.invokeTestMethods(TestMethodWorker.java:146)
at org.testng.internal.TestMethodWorker.run(TestMethodWorker.java:128)
at java.util.ArrayList.forEach(ArrayList.java:1259)
at org.testng.TestRunner.privateRun(TestRunner.java:794)
at org.testng.TestRunner.run(TestRunner.java:596)
at org.testng.SuiteRunner.runTest(SuiteRunner.java:377)
at org.testng.SuiteRunner.runSequentially(SuiteRunner.java:371)
at org.testng.SuiteRunner.privateRun(SuiteRunner.java:332)
at org.testng.SuiteRunner.run(SuiteRunner.java:276)
at org.testng.SuiteRunnerWorker.runSuite(SuiteRunnerWorker.java:53)
at org.testng.SuiteRunnerWorker.run(SuiteRunnerWorker.java:96)
at org.testng.TestNG.runSuitesSequentially(TestNG.java:1212)
at org.testng.TestNG.runSuitesSequentially(TestNG.java:1207)
at org.testng.TestNG.runSuitesLocally(TestNG.java:1134)
at org.testng.TestNG.runSuites(TestNG.java:1063)
at org.testng.TestNG.run(TestNG.java:1031)
at org.apache.maven.surefire.testng.TestNGExecutor.run(TestNGExecutor.java:283)
at org.apache.maven.surefire.testng.TestNGXmlTestSuite.execute(TestNGXmlTestSuite.java:75)
at org.apache.maven.surefire.testng.TestNGProvider.invoke(TestNGProvider.java:120)
at org.apache.maven.surefire.booter.ForkedBooter.invokeProviderInSameClassLoader(ForkedBooter.java:383)
at org.apache.maven.surefire.booter.ForkedBooter.runSuitesInProcess(ForkedBooter.java:344)
at org.apache.maven.surefire.booter.ForkedBooter.execute(ForkedBooter.java:125)
at org.apache.maven.surefire.booter.ForkedBooter.main(ForkedBooter.java:417)
]]>
    </error>
  </testcase> <!-- testAddedToWishlist -->
  <system-out/>
  <testcase name="testGetItButton" time="78.838" classname="testModules.profile.WishlistTests3"/>
  <system-out/>
  <testcase name="testCancelButton" time="1.571" classname="testModules.profile.WishlistTests3"/>
  <system-out/>
  <testcase name="testRemoveFromWishlist" time="9.013" classname="testModules.profile.WishlistTests3"/>
  <system-out/>
  <testcase name="testWishlistAfterRemoval" time="3.908" classname="testModules.profile.WishlistTests3"/>
  <system-out/>
</testsuite> <!-- testModules.profile.WishlistTests3 -->
